<?xml version="1.0" encoding="UTF-8"?>
<testsuite xmlns:xsi="http://www.w3.org/2001/XMLSchema-instance" xsi:noNamespaceSchemaLocation="https://maven.apache.org/surefire/maven-surefire-plugin/xsd/surefire-test-report.xsd" version="3.0.2" name="com.example.actividad_sumativa_semana8.ActividadSumativaSemana8ApplicationTests" time="17.418" tests="1" errors="0" skipped="0" failures="0">
  <properties>
    <property name="java.specification.version" value="23"/>
    <property name="sun.cpu.isalist" value="amd64"/>
    <property name="sun.jnu.encoding" value="Cp1252"/>
    <property name="java.class.path" value="C:\Users\rodri\OneDrive\Escritorio\Actividad_Sumativa_Semana8\target\test-classes;C:\Users\rodri\OneDrive\Escritorio\Actividad_Sumativa_Semana8\target\classes;C:\Users\rodri\.m2\repository\org\springframework\boot\spring-boot-starter-actuator\3.4.4\spring-boot-starter-actuator-3.4.4.jar;C:\Users\rodri\.m2\repository\org\springframework\boot\spring-boot-starter\3.4.4\spring-boot-starter-3.4.4.jar;C:\Users\rodri\.m2\repository\org\springframework\boot\spring-boot-starter-logging\3.4.4\spring-boot-starter-logging-3.4.4.jar;C:\Users\rodri\.m2\repository\ch\qos\logback\logback-classic\1.5.18\logback-classic-1.5.18.jar;C:\Users\rodri\.m2\repository\ch\qos\logback\logback-core\1.5.18\logback-core-1.5.18.jar;C:\Users\rodri\.m2\repository\org\apache\logging\log4j\log4j-to-slf4j\2.24.3\log4j-to-slf4j-2.24.3.jar;C:\Users\rodri\.m2\repository\org\apache\logging\log4j\log4j-api\2.24.3\log4j-api-2.24.3.jar;C:\Users\rodri\.m2\repository\org\slf4j\jul-to-slf4j\2.0.17\jul-to-slf4j-2.0.17.jar;C:\Users\rodri\.m2\repository\jakarta\annotation\jakarta.annotation-api\2.1.1\jakarta.annotation-api-2.1.1.jar;C:\Users\rodri\.m2\repository\org\yaml\snakeyaml\2.3\snakeyaml-2.3.jar;C:\Users\rodri\.m2\repository\org\springframework\boot\spring-boot-actuator-autoconfigure\3.4.4\spring-boot-actuator-autoconfigure-3.4.4.jar;C:\Users\rodri\.m2\repository\org\springframework\boot\spring-boot-actuator\3.4.4\spring-boot-actuator-3.4.4.jar;C:\Users\rodri\.m2\repository\com\fasterxml\jackson\datatype\jackson-datatype-jsr310\2.18.3\jackson-datatype-jsr310-2.18.3.jar;C:\Users\rodri\.m2\repository\io\micrometer\micrometer-observation\1.14.5\micrometer-observation-1.14.5.jar;C:\Users\rodri\.m2\repository\io\micrometer\micrometer-commons\1.14.5\micrometer-commons-1.14.5.jar;C:\Users\rodri\.m2\repository\io\micrometer\micrometer-jakarta9\1.14.5\micrometer-jakarta9-1.14.5.jar;C:\Users\rodri\.m2\repository\io\micrometer\micrometer-core\1.14.5\micrometer-core-1.14.5.jar;C:\Users\rodri\.m2\repository\org\hdrhistogram\HdrHistogram\2.2.2\HdrHistogram-2.2.2.jar;C:\Users\rodri\.m2\repository\org\latencyutils\LatencyUtils\2.0.3\LatencyUtils-2.0.3.jar;C:\Users\rodri\.m2\repository\org\springframework\boot\spring-boot-starter-web\3.4.4\spring-boot-starter-web-3.4.4.jar;C:\Users\rodri\.m2\repository\org\springframework\boot\spring-boot-starter-json\3.4.4\spring-boot-starter-json-3.4.4.jar;C:\Users\rodri\.m2\repository\com\fasterxml\jackson\datatype\jackson-datatype-jdk8\2.18.3\jackson-datatype-jdk8-2.18.3.jar;C:\Users\rodri\.m2\repository\com\fasterxml\jackson\module\jackson-module-parameter-names\2.18.3\jackson-module-parameter-names-2.18.3.jar;C:\Users\rodri\.m2\repository\org\springframework\boot\spring-boot-starter-tomcat\3.4.4\spring-boot-starter-tomcat-3.4.4.jar;C:\Users\rodri\.m2\repository\org\apache\tomcat\embed\tomcat-embed-core\10.1.39\tomcat-embed-core-10.1.39.jar;C:\Users\rodri\.m2\repository\org\apache\tomcat\embed\tomcat-embed-websocket\10.1.39\tomcat-embed-websocket-10.1.39.jar;C:\Users\rodri\.m2\repository\org\springframework\spring-web\6.2.5\spring-web-6.2.5.jar;C:\Users\rodri\.m2\repository\org\springframework\spring-webmvc\6.2.5\spring-webmvc-6.2.5.jar;C:\Users\rodri\.m2\repository\org\springframework\spring-expression\6.2.5\spring-expression-6.2.5.jar;C:\Users\rodri\.m2\repository\org\springframework\boot\spring-boot-devtools\3.4.4\spring-boot-devtools-3.4.4.jar;C:\Users\rodri\.m2\repository\org\springframework\boot\spring-boot\3.4.4\spring-boot-3.4.4.jar;C:\Users\rodri\.m2\repository\org\springframework\boot\spring-boot-autoconfigure\3.4.4\spring-boot-autoconfigure-3.4.4.jar;C:\Users\rodri\.m2\repository\org\springframework\boot\spring-boot-starter-data-jpa\3.4.4\spring-boot-starter-data-jpa-3.4.4.jar;C:\Users\rodri\.m2\repository\org\springframework\boot\spring-boot-starter-jdbc\3.4.4\spring-boot-starter-jdbc-3.4.4.jar;C:\Users\rodri\.m2\repository\com\zaxxer\HikariCP\5.1.0\HikariCP-5.1.0.jar;C:\Users\rodri\.m2\repository\org\springframework\spring-jdbc\6.2.5\spring-jdbc-6.2.5.jar;C:\Users\rodri\.m2\repository\org\hibernate\orm\hibernate-core\6.6.11.Final\hibernate-core-6.6.11.Final.jar;C:\Users\rodri\.m2\repository\jakarta\persistence\jakarta.persistence-api\3.1.0\jakarta.persistence-api-3.1.0.jar;C:\Users\rodri\.m2\repository\jakarta\transaction\jakarta.transaction-api\2.0.1\jakarta.transaction-api-2.0.1.jar;C:\Users\rodri\.m2\repository\org\jboss\logging\jboss-logging\3.6.1.Final\jboss-logging-3.6.1.Final.jar;C:\Users\rodri\.m2\repository\org\hibernate\common\hibernate-commons-annotations\7.0.3.Final\hibernate-commons-annotations-7.0.3.Final.jar;C:\Users\rodri\.m2\repository\io\smallrye\jandex\3.2.0\jandex-3.2.0.jar;C:\Users\rodri\.m2\repository\com\fasterxml\classmate\1.7.0\classmate-1.7.0.jar;C:\Users\rodri\.m2\repository\net\bytebuddy\byte-buddy\1.15.11\byte-buddy-1.15.11.jar;C:\Users\rodri\.m2\repository\org\glassfish\jaxb\jaxb-runtime\4.0.5\jaxb-runtime-4.0.5.jar;C:\Users\rodri\.m2\repository\org\glassfish\jaxb\jaxb-core\4.0.5\jaxb-core-4.0.5.jar;C:\Users\rodri\.m2\repository\org\eclipse\angus\angus-activation\2.0.2\angus-activation-2.0.2.jar;C:\Users\rodri\.m2\repository\org\glassfish\jaxb\txw2\4.0.5\txw2-4.0.5.jar;C:\Users\rodri\.m2\repository\com\sun\istack\istack-commons-runtime\4.1.2\istack-commons-runtime-4.1.2.jar;C:\Users\rodri\.m2\repository\jakarta\inject\jakarta.inject-api\2.0.1\jakarta.inject-api-2.0.1.jar;C:\Users\rodri\.m2\repository\org\antlr\antlr4-runtime\4.13.0\antlr4-runtime-4.13.0.jar;C:\Users\rodri\.m2\repository\org\springframework\data\spring-data-jpa\3.4.4\spring-data-jpa-3.4.4.jar;C:\Users\rodri\.m2\repository\org\springframework\data\spring-data-commons\3.4.4\spring-data-commons-3.4.4.jar;C:\Users\rodri\.m2\repository\org\springframework\spring-orm\6.2.5\spring-orm-6.2.5.jar;C:\Users\rodri\.m2\repository\org\springframework\spring-tx\6.2.5\spring-tx-6.2.5.jar;C:\Users\rodri\.m2\repository\org\springframework\spring-aspects\6.2.5\spring-aspects-6.2.5.jar;C:\Users\rodri\.m2\repository\org\aspectj\aspectjweaver\1.9.23\aspectjweaver-1.9.23.jar;C:\Users\rodri\.m2\repository\org\springframework\boot\spring-boot-starter-validation\3.4.4\spring-boot-starter-validation-3.4.4.jar;C:\Users\rodri\.m2\repository\org\apache\tomcat\embed\tomcat-embed-el\10.1.39\tomcat-embed-el-10.1.39.jar;C:\Users\rodri\.m2\repository\org\hibernate\validator\hibernate-validator\8.0.2.Final\hibernate-validator-8.0.2.Final.jar;C:\Users\rodri\.m2\repository\jakarta\validation\jakarta.validation-api\3.0.2\jakarta.validation-api-3.0.2.jar;C:\Users\rodri\.m2\repository\org\springframework\boot\spring-boot-starter-test\3.4.4\spring-boot-starter-test-3.4.4.jar;C:\Users\rodri\.m2\repository\org\springframework\boot\spring-boot-test\3.4.4\spring-boot-test-3.4.4.jar;C:\Users\rodri\.m2\repository\org\springframework\boot\spring-boot-test-autoconfigure\3.4.4\spring-boot-test-autoconfigure-3.4.4.jar;C:\Users\rodri\.m2\repository\com\jayway\jsonpath\json-path\2.9.0\json-path-2.9.0.jar;C:\Users\rodri\.m2\repository\jakarta\xml\bind\jakarta.xml.bind-api\4.0.2\jakarta.xml.bind-api-4.0.2.jar;C:\Users\rodri\.m2\repository\jakarta\activation\jakarta.activation-api\2.1.3\jakarta.activation-api-2.1.3.jar;C:\Users\rodri\.m2\repository\net\minidev\json-smart\2.5.2\json-smart-2.5.2.jar;C:\Users\rodri\.m2\repository\net\minidev\accessors-smart\2.5.2\accessors-smart-2.5.2.jar;C:\Users\rodri\.m2\repository\org\ow2\asm\asm\9.7.1\asm-9.7.1.jar;C:\Users\rodri\.m2\repository\org\assertj\assertj-core\3.26.3\assertj-core-3.26.3.jar;C:\Users\rodri\.m2\repository\org\awaitility\awaitility\4.2.2\awaitility-4.2.2.jar;C:\Users\rodri\.m2\repository\org\hamcrest\hamcrest\2.2\hamcrest-2.2.jar;C:\Users\rodri\.m2\repository\org\junit\jupiter\junit-jupiter\5.11.4\junit-jupiter-5.11.4.jar;C:\Users\rodri\.m2\repository\org\junit\jupiter\junit-jupiter-api\5.11.4\junit-jupiter-api-5.11.4.jar;C:\Users\rodri\.m2\repository\org\opentest4j\opentest4j\1.3.0\opentest4j-1.3.0.jar;C:\Users\rodri\.m2\repository\org\junit\platform\junit-platform-commons\1.11.4\junit-platform-commons-1.11.4.jar;C:\Users\rodri\.m2\repository\org\apiguardian\apiguardian-api\1.1.2\apiguardian-api-1.1.2.jar;C:\Users\rodri\.m2\repository\org\junit\jupiter\junit-jupiter-params\5.11.4\junit-jupiter-params-5.11.4.jar;C:\Users\rodri\.m2\repository\org\junit\jupiter\junit-jupiter-engine\5.11.4\junit-jupiter-engine-5.11.4.jar;C:\Users\rodri\.m2\repository\org\junit\platform\junit-platform-engine\1.11.4\junit-platform-engine-1.11.4.jar;C:\Users\rodri\.m2\repository\org\mockito\mockito-core\5.14.2\mockito-core-5.14.2.jar;C:\Users\rodri\.m2\repository\net\bytebuddy\byte-buddy-agent\1.15.11\byte-buddy-agent-1.15.11.jar;C:\Users\rodri\.m2\repository\org\objenesis\objenesis\3.3\objenesis-3.3.jar;C:\Users\rodri\.m2\repository\org\mockito\mockito-junit-jupiter\5.14.2\mockito-junit-jupiter-5.14.2.jar;C:\Users\rodri\.m2\repository\org\skyscreamer\jsonassert\1.5.3\jsonassert-1.5.3.jar;C:\Users\rodri\.m2\repository\com\vaadin\external\google\android-json\0.0.20131108.vaadin1\android-json-0.0.20131108.vaadin1.jar;C:\Users\rodri\.m2\repository\org\springframework\spring-core\6.2.5\spring-core-6.2.5.jar;C:\Users\rodri\.m2\repository\org\springframework\spring-jcl\6.2.5\spring-jcl-6.2.5.jar;C:\Users\rodri\.m2\repository\org\springframework\spring-test\6.2.5\spring-test-6.2.5.jar;C:\Users\rodri\.m2\repository\org\xmlunit\xmlunit-core\2.10.0\xmlunit-core-2.10.0.jar;C:\Users\rodri\.m2\repository\org\projectlombok\lombok\1.18.36\lombok-1.18.36.jar;C:\Users\rodri\.m2\repository\com\oracle\database\jdbc\ojdbc11\23.5.0.24.07\ojdbc11-23.5.0.24.07.jar;C:\Users\rodri\.m2\repository\com\oracle\database\security\oraclepki\23.5.0.24.07\oraclepki-23.5.0.24.07.jar;C:\Users\rodri\.m2\repository\org\springframework\hateoas\spring-hateoas\2.4.1\spring-hateoas-2.4.1.jar;C:\Users\rodri\.m2\repository\org\springframework\spring-aop\6.2.5\spring-aop-6.2.5.jar;C:\Users\rodri\.m2\repository\org\springframework\spring-beans\6.2.5\spring-beans-6.2.5.jar;C:\Users\rodri\.m2\repository\org\springframework\spring-context\6.2.5\spring-context-6.2.5.jar;C:\Users\rodri\.m2\repository\org\springframework\plugin\spring-plugin-core\3.0.0\spring-plugin-core-3.0.0.jar;C:\Users\rodri\.m2\repository\org\slf4j\slf4j-api\2.0.17\slf4j-api-2.0.17.jar;C:\Users\rodri\.m2\repository\com\fasterxml\jackson\core\jackson-databind\2.18.3\jackson-databind-2.18.3.jar;C:\Users\rodri\.m2\repository\com\fasterxml\jackson\core\jackson-annotations\2.18.3\jackson-annotations-2.18.3.jar;C:\Users\rodri\.m2\repository\com\fasterxml\jackson\core\jackson-core\2.18.3\jackson-core-2.18.3.jar;C:\Users\rodri\.m2\repository\javax\persistence\javax.persistence-api\2.2\javax.persistence-api-2.2.jar;"/>
    <property name="java.vm.vendor" value="Oracle Corporation"/>
    <property name="sun.arch.data.model" value="64"/>
    <property name="user.variant" value=""/>
    <property name="java.vendor.url" value="https://java.oracle.com/"/>
    <property name="user.timezone" value="America/Santiago"/>
    <property name="org.jboss.logging.provider" value="slf4j"/>
    <property name="os.name" value="Windows 11"/>
    <property name="java.vm.specification.version" value="23"/>
    <property name="APPLICATION_NAME" value="actividad_sumativa_semana8"/>
    <property name="sun.java.launcher" value="SUN_STANDARD"/>
    <property name="user.country" value="CL"/>
    <property name="sun.boot.library.path" value="C:\Program Files\Java\jdk-23\bin"/>
    <property name="sun.java.command" value="C:\Users\rodri\AppData\Local\Temp\surefire10848461457305134064\surefirebooter-20250429213640056_3.jar C:\Users\rodri\AppData\Local\Temp\surefire10848461457305134064 2025-04-29T21-36-39_768-jvmRun1 surefire-20250429213640056_1tmp surefire_0-20250429213640056_2tmp"/>
    <property name="jdk.debug" value="release"/>
    <property name="surefire.test.class.path" value="C:\Users\rodri\OneDrive\Escritorio\Actividad_Sumativa_Semana8\target\test-classes;C:\Users\rodri\OneDrive\Escritorio\Actividad_Sumativa_Semana8\target\classes;C:\Users\rodri\.m2\repository\org\springframework\boot\spring-boot-starter-actuator\3.4.4\spring-boot-starter-actuator-3.4.4.jar;C:\Users\rodri\.m2\repository\org\springframework\boot\spring-boot-starter\3.4.4\spring-boot-starter-3.4.4.jar;C:\Users\rodri\.m2\repository\org\springframework\boot\spring-boot-starter-logging\3.4.4\spring-boot-starter-logging-3.4.4.jar;C:\Users\rodri\.m2\repository\ch\qos\logback\logback-classic\1.5.18\logback-classic-1.5.18.jar;C:\Users\rodri\.m2\repository\ch\qos\logback\logback-core\1.5.18\logback-core-1.5.18.jar;C:\Users\rodri\.m2\repository\org\apache\logging\log4j\log4j-to-slf4j\2.24.3\log4j-to-slf4j-2.24.3.jar;C:\Users\rodri\.m2\repository\org\apache\logging\log4j\log4j-api\2.24.3\log4j-api-2.24.3.jar;C:\Users\rodri\.m2\repository\org\slf4j\jul-to-slf4j\2.0.17\jul-to-slf4j-2.0.17.jar;C:\Users\rodri\.m2\repository\jakarta\annotation\jakarta.annotation-api\2.1.1\jakarta.annotation-api-2.1.1.jar;C:\Users\rodri\.m2\repository\org\yaml\snakeyaml\2.3\snakeyaml-2.3.jar;C:\Users\rodri\.m2\repository\org\springframework\boot\spring-boot-actuator-autoconfigure\3.4.4\spring-boot-actuator-autoconfigure-3.4.4.jar;C:\Users\rodri\.m2\repository\org\springframework\boot\spring-boot-actuator\3.4.4\spring-boot-actuator-3.4.4.jar;C:\Users\rodri\.m2\repository\com\fasterxml\jackson\datatype\jackson-datatype-jsr310\2.18.3\jackson-datatype-jsr310-2.18.3.jar;C:\Users\rodri\.m2\repository\io\micrometer\micrometer-observation\1.14.5\micrometer-observation-1.14.5.jar;C:\Users\rodri\.m2\repository\io\micrometer\micrometer-commons\1.14.5\micrometer-commons-1.14.5.jar;C:\Users\rodri\.m2\repository\io\micrometer\micrometer-jakarta9\1.14.5\micrometer-jakarta9-1.14.5.jar;C:\Users\rodri\.m2\repository\io\micrometer\micrometer-core\1.14.5\micrometer-core-1.14.5.jar;C:\Users\rodri\.m2\repository\org\hdrhistogram\HdrHistogram\2.2.2\HdrHistogram-2.2.2.jar;C:\Users\rodri\.m2\repository\org\latencyutils\LatencyUtils\2.0.3\LatencyUtils-2.0.3.jar;C:\Users\rodri\.m2\repository\org\springframework\boot\spring-boot-starter-web\3.4.4\spring-boot-starter-web-3.4.4.jar;C:\Users\rodri\.m2\repository\org\springframework\boot\spring-boot-starter-json\3.4.4\spring-boot-starter-json-3.4.4.jar;C:\Users\rodri\.m2\repository\com\fasterxml\jackson\datatype\jackson-datatype-jdk8\2.18.3\jackson-datatype-jdk8-2.18.3.jar;C:\Users\rodri\.m2\repository\com\fasterxml\jackson\module\jackson-module-parameter-names\2.18.3\jackson-module-parameter-names-2.18.3.jar;C:\Users\rodri\.m2\repository\org\springframework\boot\spring-boot-starter-tomcat\3.4.4\spring-boot-starter-tomcat-3.4.4.jar;C:\Users\rodri\.m2\repository\org\apache\tomcat\embed\tomcat-embed-core\10.1.39\tomcat-embed-core-10.1.39.jar;C:\Users\rodri\.m2\repository\org\apache\tomcat\embed\tomcat-embed-websocket\10.1.39\tomcat-embed-websocket-10.1.39.jar;C:\Users\rodri\.m2\repository\org\springframework\spring-web\6.2.5\spring-web-6.2.5.jar;C:\Users\rodri\.m2\repository\org\springframework\spring-webmvc\6.2.5\spring-webmvc-6.2.5.jar;C:\Users\rodri\.m2\repository\org\springframework\spring-expression\6.2.5\spring-expression-6.2.5.jar;C:\Users\rodri\.m2\repository\org\springframework\boot\spring-boot-devtools\3.4.4\spring-boot-devtools-3.4.4.jar;C:\Users\rodri\.m2\repository\org\springframework\boot\spring-boot\3.4.4\spring-boot-3.4.4.jar;C:\Users\rodri\.m2\repository\org\springframework\boot\spring-boot-autoconfigure\3.4.4\spring-boot-autoconfigure-3.4.4.jar;C:\Users\rodri\.m2\repository\org\springframework\boot\spring-boot-starter-data-jpa\3.4.4\spring-boot-starter-data-jpa-3.4.4.jar;C:\Users\rodri\.m2\repository\org\springframework\boot\spring-boot-starter-jdbc\3.4.4\spring-boot-starter-jdbc-3.4.4.jar;C:\Users\rodri\.m2\repository\com\zaxxer\HikariCP\5.1.0\HikariCP-5.1.0.jar;C:\Users\rodri\.m2\repository\org\springframework\spring-jdbc\6.2.5\spring-jdbc-6.2.5.jar;C:\Users\rodri\.m2\repository\org\hibernate\orm\hibernate-core\6.6.11.Final\hibernate-core-6.6.11.Final.jar;C:\Users\rodri\.m2\repository\jakarta\persistence\jakarta.persistence-api\3.1.0\jakarta.persistence-api-3.1.0.jar;C:\Users\rodri\.m2\repository\jakarta\transaction\jakarta.transaction-api\2.0.1\jakarta.transaction-api-2.0.1.jar;C:\Users\rodri\.m2\repository\org\jboss\logging\jboss-logging\3.6.1.Final\jboss-logging-3.6.1.Final.jar;C:\Users\rodri\.m2\repository\org\hibernate\common\hibernate-commons-annotations\7.0.3.Final\hibernate-commons-annotations-7.0.3.Final.jar;C:\Users\rodri\.m2\repository\io\smallrye\jandex\3.2.0\jandex-3.2.0.jar;C:\Users\rodri\.m2\repository\com\fasterxml\classmate\1.7.0\classmate-1.7.0.jar;C:\Users\rodri\.m2\repository\net\bytebuddy\byte-buddy\1.15.11\byte-buddy-1.15.11.jar;C:\Users\rodri\.m2\repository\org\glassfish\jaxb\jaxb-runtime\4.0.5\jaxb-runtime-4.0.5.jar;C:\Users\rodri\.m2\repository\org\glassfish\jaxb\jaxb-core\4.0.5\jaxb-core-4.0.5.jar;C:\Users\rodri\.m2\repository\org\eclipse\angus\angus-activation\2.0.2\angus-activation-2.0.2.jar;C:\Users\rodri\.m2\repository\org\glassfish\jaxb\txw2\4.0.5\txw2-4.0.5.jar;C:\Users\rodri\.m2\repository\com\sun\istack\istack-commons-runtime\4.1.2\istack-commons-runtime-4.1.2.jar;C:\Users\rodri\.m2\repository\jakarta\inject\jakarta.inject-api\2.0.1\jakarta.inject-api-2.0.1.jar;C:\Users\rodri\.m2\repository\org\antlr\antlr4-runtime\4.13.0\antlr4-runtime-4.13.0.jar;C:\Users\rodri\.m2\repository\org\springframework\data\spring-data-jpa\3.4.4\spring-data-jpa-3.4.4.jar;C:\Users\rodri\.m2\repository\org\springframework\data\spring-data-commons\3.4.4\spring-data-commons-3.4.4.jar;C:\Users\rodri\.m2\repository\org\springframework\spring-orm\6.2.5\spring-orm-6.2.5.jar;C:\Users\rodri\.m2\repository\org\springframework\spring-tx\6.2.5\spring-tx-6.2.5.jar;C:\Users\rodri\.m2\repository\org\springframework\spring-aspects\6.2.5\spring-aspects-6.2.5.jar;C:\Users\rodri\.m2\repository\org\aspectj\aspectjweaver\1.9.23\aspectjweaver-1.9.23.jar;C:\Users\rodri\.m2\repository\org\springframework\boot\spring-boot-starter-validation\3.4.4\spring-boot-starter-validation-3.4.4.jar;C:\Users\rodri\.m2\repository\org\apache\tomcat\embed\tomcat-embed-el\10.1.39\tomcat-embed-el-10.1.39.jar;C:\Users\rodri\.m2\repository\org\hibernate\validator\hibernate-validator\8.0.2.Final\hibernate-validator-8.0.2.Final.jar;C:\Users\rodri\.m2\repository\jakarta\validation\jakarta.validation-api\3.0.2\jakarta.validation-api-3.0.2.jar;C:\Users\rodri\.m2\repository\org\springframework\boot\spring-boot-starter-test\3.4.4\spring-boot-starter-test-3.4.4.jar;C:\Users\rodri\.m2\repository\org\springframework\boot\spring-boot-test\3.4.4\spring-boot-test-3.4.4.jar;C:\Users\rodri\.m2\repository\org\springframework\boot\spring-boot-test-autoconfigure\3.4.4\spring-boot-test-autoconfigure-3.4.4.jar;C:\Users\rodri\.m2\repository\com\jayway\jsonpath\json-path\2.9.0\json-path-2.9.0.jar;C:\Users\rodri\.m2\repository\jakarta\xml\bind\jakarta.xml.bind-api\4.0.2\jakarta.xml.bind-api-4.0.2.jar;C:\Users\rodri\.m2\repository\jakarta\activation\jakarta.activation-api\2.1.3\jakarta.activation-api-2.1.3.jar;C:\Users\rodri\.m2\repository\net\minidev\json-smart\2.5.2\json-smart-2.5.2.jar;C:\Users\rodri\.m2\repository\net\minidev\accessors-smart\2.5.2\accessors-smart-2.5.2.jar;C:\Users\rodri\.m2\repository\org\ow2\asm\asm\9.7.1\asm-9.7.1.jar;C:\Users\rodri\.m2\repository\org\assertj\assertj-core\3.26.3\assertj-core-3.26.3.jar;C:\Users\rodri\.m2\repository\org\awaitility\awaitility\4.2.2\awaitility-4.2.2.jar;C:\Users\rodri\.m2\repository\org\hamcrest\hamcrest\2.2\hamcrest-2.2.jar;C:\Users\rodri\.m2\repository\org\junit\jupiter\junit-jupiter\5.11.4\junit-jupiter-5.11.4.jar;C:\Users\rodri\.m2\repository\org\junit\jupiter\junit-jupiter-api\5.11.4\junit-jupiter-api-5.11.4.jar;C:\Users\rodri\.m2\repository\org\opentest4j\opentest4j\1.3.0\opentest4j-1.3.0.jar;C:\Users\rodri\.m2\repository\org\junit\platform\junit-platform-commons\1.11.4\junit-platform-commons-1.11.4.jar;C:\Users\rodri\.m2\repository\org\apiguardian\apiguardian-api\1.1.2\apiguardian-api-1.1.2.jar;C:\Users\rodri\.m2\repository\org\junit\jupiter\junit-jupiter-params\5.11.4\junit-jupiter-params-5.11.4.jar;C:\Users\rodri\.m2\repository\org\junit\jupiter\junit-jupiter-engine\5.11.4\junit-jupiter-engine-5.11.4.jar;C:\Users\rodri\.m2\repository\org\junit\platform\junit-platform-engine\1.11.4\junit-platform-engine-1.11.4.jar;C:\Users\rodri\.m2\repository\org\mockito\mockito-core\5.14.2\mockito-core-5.14.2.jar;C:\Users\rodri\.m2\repository\net\bytebuddy\byte-buddy-agent\1.15.11\byte-buddy-agent-1.15.11.jar;C:\Users\rodri\.m2\repository\org\objenesis\objenesis\3.3\objenesis-3.3.jar;C:\Users\rodri\.m2\repository\org\mockito\mockito-junit-jupiter\5.14.2\mockito-junit-jupiter-5.14.2.jar;C:\Users\rodri\.m2\repository\org\skyscreamer\jsonassert\1.5.3\jsonassert-1.5.3.jar;C:\Users\rodri\.m2\repository\com\vaadin\external\google\android-json\0.0.20131108.vaadin1\android-json-0.0.20131108.vaadin1.jar;C:\Users\rodri\.m2\repository\org\springframework\spring-core\6.2.5\spring-core-6.2.5.jar;C:\Users\rodri\.m2\repository\org\springframework\spring-jcl\6.2.5\spring-jcl-6.2.5.jar;C:\Users\rodri\.m2\repository\org\springframework\spring-test\6.2.5\spring-test-6.2.5.jar;C:\Users\rodri\.m2\repository\org\xmlunit\xmlunit-core\2.10.0\xmlunit-core-2.10.0.jar;C:\Users\rodri\.m2\repository\org\projectlombok\lombok\1.18.36\lombok-1.18.36.jar;C:\Users\rodri\.m2\repository\com\oracle\database\jdbc\ojdbc11\23.5.0.24.07\ojdbc11-23.5.0.24.07.jar;C:\Users\rodri\.m2\repository\com\oracle\database\security\oraclepki\23.5.0.24.07\oraclepki-23.5.0.24.07.jar;C:\Users\rodri\.m2\repository\org\springframework\hateoas\spring-hateoas\2.4.1\spring-hateoas-2.4.1.jar;C:\Users\rodri\.m2\repository\org\springframework\spring-aop\6.2.5\spring-aop-6.2.5.jar;C:\Users\rodri\.m2\repository\org\springframework\spring-beans\6.2.5\spring-beans-6.2.5.jar;C:\Users\rodri\.m2\repository\org\springframework\spring-context\6.2.5\spring-context-6.2.5.jar;C:\Users\rodri\.m2\repository\org\springframework\plugin\spring-plugin-core\3.0.0\spring-plugin-core-3.0.0.jar;C:\Users\rodri\.m2\repository\org\slf4j\slf4j-api\2.0.17\slf4j-api-2.0.17.jar;C:\Users\rodri\.m2\repository\com\fasterxml\jackson\core\jackson-databind\2.18.3\jackson-databind-2.18.3.jar;C:\Users\rodri\.m2\repository\com\fasterxml\jackson\core\jackson-annotations\2.18.3\jackson-annotations-2.18.3.jar;C:\Users\rodri\.m2\repository\com\fasterxml\jackson\core\jackson-core\2.18.3\jackson-core-2.18.3.jar;C:\Users\rodri\.m2\repository\javax\persistence\javax.persistence-api\2.2\javax.persistence-api-2.2.jar;"/>
    <property name="sun.cpu.endian" value="little"/>
    <property name="user.home" value="C:\Users\rodri"/>
    <property name="user.language" value="es"/>
    <property name="java.specification.vendor" value="Oracle Corporation"/>
    <property name="java.version.date" value="2025-01-21"/>
    <property name="java.home" value="C:\Program Files\Java\jdk-23"/>
    <property name="file.separator" value="\"/>
    <property name="basedir" value="C:\Users\rodri\OneDrive\Escritorio\Actividad_Sumativa_Semana8"/>
    <property name="java.vm.compressedOopsMode" value="Zero based"/>
    <property name="line.separator" value="&#10;"/>
    <property name="java.vm.specification.vendor" value="Oracle Corporation"/>
    <property name="java.specification.name" value="Java Platform API Specification"/>
    <property name="FILE_LOG_CHARSET" value="UTF-8"/>
    <property name="java.awt.headless" value="true"/>
    <property name="surefire.real.class.path" value="C:\Users\rodri\AppData\Local\Temp\surefire10848461457305134064\surefirebooter-20250429213640056_3.jar"/>
    <property name="user.script" value=""/>
    <property name="sun.management.compiler" value="HotSpot 64-Bit Tiered Compilers"/>
    <property name="java.runtime.version" value="23.0.2+7-58"/>
    <property name="user.name" value="rodri"/>
    <property name="stdout.encoding" value="Cp1252"/>
    <property name="path.separator" value=";"/>
    <property name="os.version" value="10.0"/>
    <property name="java.runtime.name" value="Java(TM) SE Runtime Environment"/>
    <property name="skipTest" value="true"/>
    <property name="file.encoding" value="UTF-8"/>
    <property name="java.vm.name" value="Java HotSpot(TM) 64-Bit Server VM"/>
    <property name="localRepository" value="C:\Users\rodri\.m2\repository"/>
    <property name="java.vendor.url.bug" value="https://bugreport.java.com/bugreport/"/>
    <property name="java.io.tmpdir" value="C:\Users\rodri\AppData\Local\Temp\"/>
    <property name="com.zaxxer.hikari.pool_number" value="1"/>
    <property name="java.version" value="23.0.2"/>
    <property name="user.dir" value="C:\Users\rodri\OneDrive\Escritorio\Actividad_Sumativa_Semana8"/>
    <property name="os.arch" value="amd64"/>
    <property name="java.vm.specification.name" value="Java Virtual Machine Specification"/>
    <property name="PID" value="9012"/>
    <property name="sun.os.patch.level" value=""/>
    <property name="CONSOLE_LOG_CHARSET" value="UTF-8"/>
    <property name="native.encoding" value="Cp1252"/>
    <property name="java.library.path" value="C:\Program Files\Java\jdk-23\bin;C:\WINDOWS\Sun\Java\bin;C:\WINDOWS\system32;C:\WINDOWS;C:\Users\rodri\Downloads\WINDOWS.X64_193000_db_home\bin;C:\Program Files\Common Files\Oracle\Java\javapath;C:\windows\system32;C:\windows;C:\windows\System32\Wbem;C:\windows\System32\WindowsPowerShell\v1.0\;C:\windows\System32\OpenSSH\;C:\Program Files (x86)\NVIDIA Corporation\PhysX\Common;C:\Program Files\NVIDIA Corporation\NVIDIA NvDLISR;C:\WINDOWS\system32;C:\WINDOWS;C:\WINDOWS\System32\Wbem;C:\WINDOWS\System32\WindowsPowerShell\v1.0\;C:\WINDOWS\System32\OpenSSH\;C:\Program Files\Git\cmd;C:\Program Files\apache-maven-3.9.9-bin\apache-maven-3.9.9\bin;C:\Program Files\apache-maven-3.9.9-bin\apache-maven-3.9.9;;C:\Program Files\Docker\Docker\resources\bin;C:\Users\rodri\AppData\Local\Programs\Python\Python313\Scripts\;C:\Users\rodri\AppData\Local\Programs\Python\Python313\;C:\Users\rodri\AppData\Local\Programs\Python\Launcher\;C:\Users\rodri\AppData\Local\Microsoft\WindowsApps;C:\Users\rodri\AppData\Local\Programs\Microsoft VS Code\bin;C:\Users\rodri\AppData\Local\GitHubDesktop\bin;C:\apache-maven-3.9.9-bin;;c:\Users\rodri\AppData\Roaming\Code\User\globalStorage\github.copilot-chat\debugCommand;."/>
    <property name="java.vm.info" value="mixed mode, sharing"/>
    <property name="stderr.encoding" value="Cp1252"/>
    <property name="java.vendor" value="Oracle Corporation"/>
    <property name="java.vm.version" value="23.0.2+7-58"/>
    <property name="sun.io.unicode.encoding" value="UnicodeLittle"/>
    <property name="java.class.version" value="67.0"/>
    <property name="LOGGED_APPLICATION_NAME" value="[actividad_sumativa_semana8] "/>
  </properties>
  <testcase name="contextLoads" classname="com.example.actividad_sumativa_semana8.ActividadSumativaSemana8ApplicationTests" time="0.97">
    <system-out><![CDATA[21:36:42.337 [main] INFO org.springframework.test.context.support.AnnotationConfigContextLoaderUtils -- Could not detect default configuration classes for test class [com.example.actividad_sumativa_semana8.ActividadSumativaSemana8ApplicationTests]: ActividadSumativaSemana8ApplicationTests does not declare any static, non-private, non-final, nested classes annotated with @Configuration.
21:36:42.761 [main] INFO org.springframework.boot.test.context.SpringBootTestContextBootstrapper -- Found @SpringBootConfiguration com.example.actividad_sumativa_semana8.ActividadSumativaSemana8Application for test class com.example.actividad_sumativa_semana8.ActividadSumativaSemana8ApplicationTests
21:36:43.075 [main] INFO org.springframework.boot.devtools.restart.RestartApplicationListener -- Restart disabled due to context in which it is running

  .   ____          _            __ _ _
 /\\ / ___'_ __ _ _(_)_ __  __ _ \ \ \ \
( ( )\___ | '_ | '_| | '_ \/ _` | \ \ \ \
 \\/  ___)| |_)| | | | | || (_| |  ) ) ) )
  '  |____| .__|_| |_|_| |_\__, | / / / /
 =========|_|==============|___/=/_/_/_/

 :: Spring Boot ::                (v3.4.4)

2025-04-29T21:36:43.557-04:00 DEBUG 9012 --- [actividad_sumativa_semana8] [kground-preinit] o.h.v.i.xml.config.ValidationXmlParser   : Trying to load META-INF/validation.xml for XML based Validator configuration.
2025-04-29T21:36:43.563-04:00 DEBUG 9012 --- [actividad_sumativa_semana8] [kground-preinit] o.h.v.i.xml.config.ResourceLoaderHelper  : Trying to load META-INF/validation.xml via TCCL
2025-04-29T21:36:43.565-04:00 DEBUG 9012 --- [actividad_sumativa_semana8] [kground-preinit] o.h.v.i.xml.config.ResourceLoaderHelper  : Trying to load META-INF/validation.xml via Hibernate Validator's class loader
2025-04-29T21:36:43.565-04:00 DEBUG 9012 --- [actividad_sumativa_semana8] [kground-preinit] o.h.v.i.xml.config.ValidationXmlParser   : No META-INF/validation.xml found. Using annotation based configuration only.
2025-04-29T21:36:43.579-04:00 DEBUG 9012 --- [actividad_sumativa_semana8] [kground-preinit] o.h.v.i.e.resolver.TraversableResolvers  : Found jakarta.persistence.Persistence on classpath containing 'getPersistenceUtil'. Assuming JPA 2 environment. Trying to instantiate JPA aware TraversableResolver
2025-04-29T21:36:43.581-04:00 DEBUG 9012 --- [actividad_sumativa_semana8] [kground-preinit] o.h.v.i.e.resolver.TraversableResolvers  : Instantiated JPA aware TraversableResolver of type org.hibernate.validator.internal.engine.resolver.JPATraversableResolver.
2025-04-29T21:36:43.611-04:00  INFO 9012 --- [actividad_sumativa_semana8] [           main] ActividadSumativaSemana8ApplicationTests : Starting ActividadSumativaSemana8ApplicationTests using Java 23.0.2 with PID 9012 (started by rodri in C:\Users\rodri\OneDrive\Escritorio\Actividad_Sumativa_Semana8)
2025-04-29T21:36:43.612-04:00  INFO 9012 --- [actividad_sumativa_semana8] [           main] ActividadSumativaSemana8ApplicationTests : No active profile set, falling back to 1 default profile: "default"
2025-04-29T21:36:43.613-04:00 DEBUG 9012 --- [actividad_sumativa_semana8] [           main] o.s.boot.SpringApplication               : Loading source class com.example.actividad_sumativa_semana8.ActividadSumativaSemana8Application
2025-04-29T21:36:43.627-04:00 DEBUG 9012 --- [actividad_sumativa_semana8] [kground-preinit] .h.v.m.ResourceBundleMessageInterpolator : Loaded expression factory via original TCCL
2025-04-29T21:36:43.675-04:00 DEBUG 9012 --- [actividad_sumativa_semana8] [           main] o.s.w.c.s.GenericWebApplicationContext   : Refreshing org.springframework.web.context.support.GenericWebApplicationContext@2f6bbeb0
2025-04-29T21:36:43.717-04:00 DEBUG 9012 --- [actividad_sumativa_semana8] [           main] o.s.b.f.s.DefaultListableBeanFactory     : Creating shared instance of singleton bean 'org.springframework.context.annotation.internalConfigurationAnnotationProcessor'
2025-04-29T21:36:43.742-04:00 DEBUG 9012 --- [actividad_sumativa_semana8] [           main] o.s.b.f.s.DefaultListableBeanFactory     : Creating shared instance of singleton bean 'org.springframework.boot.autoconfigure.internalCachingMetadataReaderFactory'
2025-04-29T21:36:43.845-04:00 DEBUG 9012 --- [actividad_sumativa_semana8] [kground-preinit] .i.e.ValidatorFactoryConfigurationHelper : HV000252: Using org.hibernate.validator.internal.engine.DefaultPropertyNodeNameProvider as property node name provider.
2025-04-29T21:36:43.856-04:00 DEBUG 9012 --- [actividad_sumativa_semana8] [kground-preinit] .i.e.ValidatorFactoryConfigurationHelper : HV000234: Using org.hibernate.validator.messageinterpolation.ResourceBundleMessageInterpolator as ValidatorFactory-scoped message interpolator.
2025-04-29T21:36:43.856-04:00 DEBUG 9012 --- [actividad_sumativa_semana8] [kground-preinit] .i.e.ValidatorFactoryConfigurationHelper : HV000234: Using org.hibernate.validator.internal.engine.resolver.JPATraversableResolver as ValidatorFactory-scoped traversable resolver.
2025-04-29T21:36:43.856-04:00 DEBUG 9012 --- [actividad_sumativa_semana8] [kground-preinit] .i.e.ValidatorFactoryConfigurationHelper : HV000234: Using org.hibernate.validator.internal.util.ExecutableParameterNameProvider as ValidatorFactory-scoped parameter name provider.
2025-04-29T21:36:43.856-04:00 DEBUG 9012 --- [actividad_sumativa_semana8] [kground-preinit] .i.e.ValidatorFactoryConfigurationHelper : HV000234: Using org.hibernate.validator.internal.engine.DefaultClockProvider as ValidatorFactory-scoped clock provider.
2025-04-29T21:36:43.857-04:00 DEBUG 9012 --- [actividad_sumativa_semana8] [kground-preinit] .i.e.ValidatorFactoryConfigurationHelper : HV000234: Using org.hibernate.validator.internal.engine.scripting.DefaultScriptEvaluatorFactory as ValidatorFactory-scoped script evaluator factory.
2025-04-29T21:36:44.056-04:00 DEBUG 9012 --- [actividad_sumativa_semana8] [           main] o.s.c.a.ClassPathBeanDefinitionScanner   : Identified candidate component class: file [C:\Users\rodri\OneDrive\Escritorio\Actividad_Sumativa_Semana8\target\classes\com\example\actividad_sumativa_semana8\Controller\EventoController.class]
2025-04-29T21:36:44.246-04:00 DEBUG 9012 --- [actividad_sumativa_semana8] [           main] o.s.c.a.ClassPathBeanDefinitionScanner   : Identified candidate component class: file [C:\Users\rodri\OneDrive\Escritorio\Actividad_Sumativa_Semana8\target\classes\com\example\actividad_sumativa_semana8\Controller\FacturaController.class]
2025-04-29T21:36:44.430-04:00 DEBUG 9012 --- [actividad_sumativa_semana8] [           main] o.s.c.a.ClassPathBeanDefinitionScanner   : Ignored because not a concrete top-level class: file [C:\Users\rodri\OneDrive\Escritorio\Actividad_Sumativa_Semana8\target\classes\com\example\actividad_sumativa_semana8\Repository\EventoRepository.class]
2025-04-29T21:36:44.434-04:00 DEBUG 9012 --- [actividad_sumativa_semana8] [           main] o.s.c.a.ClassPathBeanDefinitionScanner   : Ignored because not a concrete top-level class: file [C:\Users\rodri\OneDrive\Escritorio\Actividad_Sumativa_Semana8\target\classes\com\example\actividad_sumativa_semana8\Repository\ParticipanteRepository.class]
2025-04-29T21:36:44.439-04:00 DEBUG 9012 --- [actividad_sumativa_semana8] [           main] o.s.c.a.ClassPathBeanDefinitionScanner   : Identified candidate component class: file [C:\Users\rodri\OneDrive\Escritorio\Actividad_Sumativa_Semana8\target\classes\com\example\actividad_sumativa_semana8\Service\EventoService.class]
2025-04-29T21:36:44.443-04:00 DEBUG 9012 --- [actividad_sumativa_semana8] [           main] o.s.c.a.ClassPathBeanDefinitionScanner   : Identified candidate component class: file [C:\Users\rodri\OneDrive\Escritorio\Actividad_Sumativa_Semana8\target\classes\com\example\actividad_sumativa_semana8\Service\FacturaService.class]
2025-04-29T21:36:46.170-04:00  INFO 9012 --- [actividad_sumativa_semana8] [           main] .s.d.r.c.RepositoryConfigurationDelegate : Bootstrapping Spring Data JPA repositories in DEFAULT mode.
2025-04-29T21:36:46.188-04:00 DEBUG 9012 --- [actividad_sumativa_semana8] [           main] o.s.b.f.s.DefaultListableBeanFactory     : Creating shared instance of singleton bean 'org.springframework.boot.autoconfigure.AutoConfigurationPackages'
2025-04-29T21:36:46.203-04:00 DEBUG 9012 --- [actividad_sumativa_semana8] [           main] o.s.b.a.AutoConfigurationPackages        : @EnableAutoConfiguration was declared on a class in the package 'com.example.actividad_sumativa_semana8'. Automatic @Repository and @Entity scanning is enabled.
2025-04-29T21:36:46.204-04:00 DEBUG 9012 --- [actividad_sumativa_semana8] [           main] .s.d.r.c.RepositoryConfigurationDelegate : Scanning for JPA repositories in packages com.example.actividad_sumativa_semana8.
2025-04-29T21:36:46.229-04:00 DEBUG 9012 --- [actividad_sumativa_semana8] [           main] o.s.d.r.c.RepositoryComponentProvider    : Identified candidate component class: file [C:\Users\rodri\OneDrive\Escritorio\Actividad_Sumativa_Semana8\target\classes\com\example\actividad_sumativa_semana8\Repository\EventoRepository.class]
2025-04-29T21:36:46.230-04:00 DEBUG 9012 --- [actividad_sumativa_semana8] [           main] o.s.d.r.c.RepositoryComponentProvider    : Identified candidate component class: file [C:\Users\rodri\OneDrive\Escritorio\Actividad_Sumativa_Semana8\target\classes\com\example\actividad_sumativa_semana8\Repository\FacturaRepository.class]
2025-04-29T21:36:46.230-04:00 DEBUG 9012 --- [actividad_sumativa_semana8] [           main] o.s.d.r.c.RepositoryComponentProvider    : Identified candidate component class: file [C:\Users\rodri\OneDrive\Escritorio\Actividad_Sumativa_Semana8\target\classes\com\example\actividad_sumativa_semana8\Repository\ParticipanteRepository.class]
2025-04-29T21:36:46.231-04:00 DEBUG 9012 --- [actividad_sumativa_semana8] [           main] o.s.d.r.c.RepositoryComponentProvider    : Identified candidate component class: file [C:\Users\rodri\OneDrive\Escritorio\Actividad_Sumativa_Semana8\target\classes\com\example\actividad_sumativa_semana8\Repository\ServicioRepository.class]
2025-04-29T21:36:46.450-04:00  INFO 9012 --- [actividad_sumativa_semana8] [           main] .s.d.r.c.RepositoryConfigurationDelegate : Finished Spring Data repository scanning in 242 ms. Found 4 JPA repository interfaces.
2025-04-29T21:36:46.653-04:00 DEBUG 9012 --- [actividad_sumativa_semana8] [           main] o.s.b.f.s.DefaultListableBeanFactory     : Creating shared instance of singleton bean 'propertySourcesPlaceholderConfigurer'
2025-04-29T21:36:46.671-04:00 DEBUG 9012 --- [actividad_sumativa_semana8] [           main] o.s.b.f.s.DefaultListableBeanFactory     : Creating shared instance of singleton bean 'org.springframework.boot.test.mock.mockito.MockitoPostProcessor'
2025-04-29T21:36:46.676-04:00 DEBUG 9012 --- [actividad_sumativa_semana8] [           main] o.s.b.f.s.DefaultListableBeanFactory     : Creating shared instance of singleton bean 'emBeanDefinitionRegistrarPostProcessor'
2025-04-29T21:36:46.678-04:00 DEBUG 9012 --- [actividad_sumativa_semana8] [           main] o.s.b.f.s.DefaultListableBeanFactory     : Creating shared instance of singleton bean 'org.springframework.boot.sql.init.dependency.DatabaseInitializationDependencyConfigurer$DependsOnDatabaseInitializationPostProcessor'
2025-04-29T21:36:46.855-04:00 DEBUG 9012 --- [actividad_sumativa_semana8] [           main] o.s.b.f.s.DefaultListableBeanFactory     : Creating shared instance of singleton bean 'org.springframework.context.event.internalEventListenerProcessor'
2025-04-29T21:36:46.860-04:00 DEBUG 9012 --- [actividad_sumativa_semana8] [           main] o.s.b.f.s.DefaultListableBeanFactory     : Creating shared instance of singleton bean 'preserveErrorControllerTargetClassPostProcessor'
2025-04-29T21:36:46.868-04:00 DEBUG 9012 --- [actividad_sumativa_semana8] [           main] o.s.b.f.s.DefaultListableBeanFactory     : Creating shared instance of singleton bean 'org.springframework.context.event.internalEventListenerFactory'
2025-04-29T21:36:46.868-04:00 DEBUG 9012 --- [actividad_sumativa_semana8] [           main] o.s.b.f.s.DefaultListableBeanFactory     : Creating shared instance of singleton bean 'org.springframework.transaction.config.internalTransactionalEventListenerFactory'
2025-04-29T21:36:46.874-04:00 DEBUG 9012 --- [actividad_sumativa_semana8] [           main] o.s.b.f.s.DefaultListableBeanFactory     : Creating shared instance of singleton bean 'org.springframework.boot.test.mock.mockito.MockitoPostProcessor$SpyPostProcessor'
2025-04-29T21:36:46.876-04:00 DEBUG 9012 --- [actividad_sumativa_semana8] [           main] o.s.b.f.s.DefaultListableBeanFactory     : Creating shared instance of singleton bean 'org.springframework.context.annotation.internalAutowiredAnnotationProcessor'
2025-04-29T21:36:46.880-04:00 DEBUG 9012 --- [actividad_sumativa_semana8] [           main] o.s.b.f.s.DefaultListableBeanFactory     : Creating shared instance of singleton bean 'org.springframework.context.annotation.internalCommonAnnotationProcessor'
2025-04-29T21:36:46.887-04:00 DEBUG 9012 --- [actividad_sumativa_semana8] [           main] o.s.b.f.s.DefaultListableBeanFactory     : Creating shared instance of singleton bean 'org.springframework.context.annotation.internalPersistenceAnnotationProcessor'
2025-04-29T21:36:46.888-04:00 DEBUG 9012 --- [actividad_sumativa_semana8] [           main] o.s.b.f.s.DefaultListableBeanFactory     : Creating shared instance of singleton bean 'org.springframework.boot.context.properties.ConfigurationPropertiesBindingPostProcessor'
2025-04-29T21:36:46.888-04:00 DEBUG 9012 --- [actividad_sumativa_semana8] [           main] o.s.b.f.s.DefaultListableBeanFactory     : Creating shared instance of singleton bean 'org.springframework.boot.context.internalConfigurationPropertiesBinder'
2025-04-29T21:36:46.893-04:00 DEBUG 9012 --- [actividad_sumativa_semana8] [           main] o.s.b.f.s.DefaultListableBeanFactory     : Creating shared instance of singleton bean 'jdbcConnectionDetailsHikariBeanPostProcessor'
2025-04-29T21:36:46.900-04:00 DEBUG 9012 --- [actividad_sumativa_semana8] [           main] o.s.b.f.s.DefaultListableBeanFactory     : Creating shared instance of singleton bean 'methodValidationPostProcessor'
2025-04-29T21:36:46.903-04:00 DEBUG 9012 --- [actividad_sumativa_semana8] [           main] o.s.b.f.s.DefaultListableBeanFactory     : Autowiring by type from bean name 'methodValidationPostProcessor' via factory method to bean named 'environment'
2025-04-29T21:36:46.934-04:00 DEBUG 9012 --- [actividad_sumativa_semana8] [           main] o.s.b.f.s.DefaultListableBeanFactory     : Creating shared instance of singleton bean 'org.springframework.boot.context.properties.EnableConfigurationPropertiesRegistrar.methodValidationExcludeFilter'
2025-04-29T21:36:46.978-04:00 DEBUG 9012 --- [actividad_sumativa_semana8] [           main] o.s.b.f.s.DefaultListableBeanFactory     : Creating shared instance of singleton bean 'org.springframework.aop.config.internalAutoProxyCreator'
2025-04-29T21:36:47.019-04:00 DEBUG 9012 --- [actividad_sumativa_semana8] [           main] o.s.b.f.s.DefaultListableBeanFactory     : Creating shared instance of singleton bean 'persistenceExceptionTranslationPostProcessor'
2025-04-29T21:36:47.020-04:00 DEBUG 9012 --- [actividad_sumativa_semana8] [           main] o.s.b.f.s.DefaultListableBeanFactory     : Autowiring by type from bean name 'persistenceExceptionTranslationPostProcessor' via factory method to bean named 'environment'
2025-04-29T21:36:47.028-04:00 DEBUG 9012 --- [actividad_sumativa_semana8] [           main] o.s.b.f.s.DefaultListableBeanFactory     : Creating shared instance of singleton bean 'webServerFactoryCustomizerBeanPostProcessor'
2025-04-29T21:36:47.031-04:00 DEBUG 9012 --- [actividad_sumativa_semana8] [           main] o.s.b.f.s.DefaultListableBeanFactory     : Creating shared instance of singleton bean 'errorPageRegistrarBeanPostProcessor'
2025-04-29T21:36:47.033-04:00 DEBUG 9012 --- [actividad_sumativa_semana8] [           main] o.s.b.f.s.DefaultListableBeanFactory     : Creating shared instance of singleton bean 'healthEndpointGroupsBeanPostProcessor'
2025-04-29T21:36:47.035-04:00 DEBUG 9012 --- [actividad_sumativa_semana8] [           main] o.s.b.f.s.DefaultListableBeanFactory     : Creating shared instance of singleton bean 'org.springframework.transaction.config.internalTransactionAdvisor'
2025-04-29T21:36:47.036-04:00 DEBUG 9012 --- [actividad_sumativa_semana8] [           main] o.s.b.f.s.DefaultListableBeanFactory     : Creating shared instance of singleton bean 'org.springframework.transaction.annotation.ProxyTransactionManagementConfiguration'
2025-04-29T21:36:47.074-04:00 DEBUG 9012 --- [actividad_sumativa_semana8] [           main] .s.a.a.a.ReflectiveAspectJAdvisorFactory : Found AspectJ method: public java.lang.Object io.micrometer.observation.aop.ObservedAspect.observeClass(org.aspectj.lang.ProceedingJoinPoint) throws java.lang.Throwable
2025-04-29T21:36:47.077-04:00 DEBUG 9012 --- [actividad_sumativa_semana8] [           main] .s.a.a.a.ReflectiveAspectJAdvisorFactory : Found AspectJ method: public java.lang.Object io.micrometer.observation.aop.ObservedAspect.observeMethod(org.aspectj.lang.ProceedingJoinPoint) throws java.lang.Throwable
2025-04-29T21:36:47.351-04:00 DEBUG 9012 --- [actividad_sumativa_semana8] [           main] o.s.b.f.s.DefaultListableBeanFactory     : Creating shared instance of singleton bean 'transactionAttributeSource'
2025-04-29T21:36:47.362-04:00 DEBUG 9012 --- [actividad_sumativa_semana8] [           main] o.s.b.f.s.DefaultListableBeanFactory     : Creating shared instance of singleton bean 'transactionInterceptor'
2025-04-29T21:36:47.366-04:00 DEBUG 9012 --- [actividad_sumativa_semana8] [           main] o.s.b.f.s.DefaultListableBeanFactory     : Autowiring by type from bean name 'transactionInterceptor' via factory method to bean named 'transactionAttributeSource'
2025-04-29T21:36:47.375-04:00 DEBUG 9012 --- [actividad_sumativa_semana8] [           main] o.s.b.f.s.DefaultListableBeanFactory     : Autowiring by type from bean name 'org.springframework.transaction.config.internalTransactionAdvisor' via factory method to bean named 'transactionAttributeSource'
2025-04-29T21:36:47.375-04:00 DEBUG 9012 --- [actividad_sumativa_semana8] [           main] o.s.b.f.s.DefaultListableBeanFactory     : Autowiring by type from bean name 'org.springframework.transaction.config.internalTransactionAdvisor' via factory method to bean named 'transactionInterceptor'
2025-04-29T21:36:47.398-04:00 DEBUG 9012 --- [actividad_sumativa_semana8] [           main] o.s.b.f.s.DefaultListableBeanFactory     : Creating shared instance of singleton bean 'meterRegistryPostProcessor'
2025-04-29T21:36:47.401-04:00 DEBUG 9012 --- [actividad_sumativa_semana8] [           main] o.s.b.f.s.DefaultListableBeanFactory     : Autowiring by type from bean name 'meterRegistryPostProcessor' via factory method to bean named 'org.springframework.web.context.support.GenericWebApplicationContext@2f6bbeb0'
2025-04-29T21:36:47.416-04:00 DEBUG 9012 --- [actividad_sumativa_semana8] [           main] o.s.b.f.s.DefaultListableBeanFactory     : Creating shared instance of singleton bean 'metricsRepositoryMethodInvocationListenerBeanPostProcessor'
2025-04-29T21:36:47.419-04:00 DEBUG 9012 --- [actividad_sumativa_semana8] [           main] o.s.b.f.s.DefaultListableBeanFactory     : Creating shared instance of singleton bean 'observationRegistryPostProcessor'
2025-04-29T21:36:47.432-04:00 DEBUG 9012 --- [actividad_sumativa_semana8] [           main] o.s.b.f.s.DefaultListableBeanFactory     : Creating shared instance of singleton bean 'projectingArgumentResolverBeanPostProcessor'
2025-04-29T21:36:47.496-04:00 DEBUG 9012 --- [actividad_sumativa_semana8] [           main] o.s.b.f.s.DefaultListableBeanFactory     : Creating shared instance of singleton bean 'hypermediaRepresentionModelProcessorConfigurator'
2025-04-29T21:36:47.501-04:00 DEBUG 9012 --- [actividad_sumativa_semana8] [           main] o.s.b.f.s.DefaultListableBeanFactory     : Creating shared instance of singleton bean 'hypermediaRestTemplateBeanPostProcessor'
2025-04-29T21:36:47.511-04:00 DEBUG 9012 --- [actividad_sumativa_semana8] [           main] o.s.u.c.s.UiApplicationContextUtils      : Unable to locate ThemeSource with name 'themeSource': using default [org.springframework.ui.context.support.ResourceBundleThemeSource@b1b471]
2025-04-29T21:36:47.512-04:00 DEBUG 9012 --- [actividad_sumativa_semana8] [           main] o.s.b.f.s.DefaultListableBeanFactory     : Creating shared instance of singleton bean 'org.springframework.test.context.support.internalDynamicPropertyRegistrarBeanInitializer'
2025-04-29T21:36:47.518-04:00 DEBUG 9012 --- [actividad_sumativa_semana8] [           main] o.s.b.f.s.DefaultListableBeanFactory     : Creating shared instance of singleton bean 'dataSourceScriptDatabaseInitializer'
2025-04-29T21:36:47.519-04:00 DEBUG 9012 --- [actividad_sumativa_semana8] [           main] o.s.b.f.s.DefaultListableBeanFactory     : Creating shared instance of singleton bean 'org.springframework.boot.autoconfigure.sql.init.DataSourceInitializationConfiguration'
2025-04-29T21:36:47.523-04:00 DEBUG 9012 --- [actividad_sumativa_semana8] [           main] o.s.b.f.s.DefaultListableBeanFactory     : Creating shared instance of singleton bean 'dataSource'
2025-04-29T21:36:47.523-04:00 DEBUG 9012 --- [actividad_sumativa_semana8] [           main] o.s.b.f.s.DefaultListableBeanFactory     : Creating shared instance of singleton bean 'org.springframework.boot.autoconfigure.jdbc.DataSourceConfiguration$Hikari'
2025-04-29T21:36:47.533-04:00 DEBUG 9012 --- [actividad_sumativa_semana8] [           main] o.s.b.f.s.DefaultListableBeanFactory     : Creating shared instance of singleton bean 'spring.datasource-org.springframework.boot.autoconfigure.jdbc.DataSourceProperties'
2025-04-29T21:36:47.534-04:00 DEBUG 9012 --- [actividad_sumativa_semana8] [           main] o.s.b.f.s.DefaultListableBeanFactory     : Creating shared instance of singleton bean 'org.springframework.boot.context.properties.BoundConfigurationProperties'
2025-04-29T21:36:47.590-04:00 DEBUG 9012 --- [actividad_sumativa_semana8] [           main] o.s.b.f.s.DefaultListableBeanFactory     : Creating shared instance of singleton bean 'jdbcConnectionDetails'
2025-04-29T21:36:47.590-04:00 DEBUG 9012 --- [actividad_sumativa_semana8] [           main] o.s.b.f.s.DefaultListableBeanFactory     : Creating shared instance of singleton bean 'org.springframework.boot.autoconfigure.jdbc.DataSourceAutoConfiguration$PooledDataSourceConfiguration'
2025-04-29T21:36:47.593-04:00 DEBUG 9012 --- [actividad_sumativa_semana8] [           main] o.s.b.f.s.DefaultListableBeanFactory     : Autowiring by type from bean name 'jdbcConnectionDetails' via factory method to bean named 'spring.datasource-org.springframework.boot.autoconfigure.jdbc.DataSourceProperties'
2025-04-29T21:36:47.601-04:00 DEBUG 9012 --- [actividad_sumativa_semana8] [           main] o.s.b.f.s.DefaultListableBeanFactory     : Autowiring by type from bean name 'dataSource' via factory method to bean named 'spring.datasource-org.springframework.boot.autoconfigure.jdbc.DataSourceProperties'
2025-04-29T21:36:47.622-04:00 DEBUG 9012 --- [actividad_sumativa_semana8] [           main] o.s.b.f.s.DefaultListableBeanFactory     : Autowiring by type from bean name 'dataSource' via factory method to bean named 'jdbcConnectionDetails'
2025-04-29T21:36:48.066-04:00 DEBUG 9012 --- [actividad_sumativa_semana8] [           main] o.s.b.f.s.DefaultListableBeanFactory     : Creating shared instance of singleton bean 'spring.sql.init-org.springframework.boot.autoconfigure.sql.init.SqlInitializationProperties'
2025-04-29T21:36:48.073-04:00 DEBUG 9012 --- [actividad_sumativa_semana8] [           main] o.s.b.f.s.DefaultListableBeanFactory     : Autowiring by type from bean name 'dataSourceScriptDatabaseInitializer' via factory method to bean named 'dataSource'
2025-04-29T21:36:48.073-04:00 DEBUG 9012 --- [actividad_sumativa_semana8] [           main] o.s.b.f.s.DefaultListableBeanFactory     : Autowiring by type from bean name 'dataSourceScriptDatabaseInitializer' via factory method to bean named 'spring.sql.init-org.springframework.boot.autoconfigure.sql.init.SqlInitializationProperties'
2025-04-29T21:36:48.086-04:00 DEBUG 9012 --- [actividad_sumativa_semana8] [           main] o.s.b.f.s.DefaultListableBeanFactory     : Creating shared instance of singleton bean 'entityManagerFactory'
2025-04-29T21:36:48.086-04:00 DEBUG 9012 --- [actividad_sumativa_semana8] [           main] o.s.b.f.s.DefaultListableBeanFactory     : Creating shared instance of singleton bean 'org.springframework.boot.autoconfigure.orm.jpa.HibernateJpaConfiguration'
2025-04-29T21:36:48.088-04:00 DEBUG 9012 --- [actividad_sumativa_semana8] [           main] o.s.b.f.s.DefaultListableBeanFactory     : Creating shared instance of singleton bean 'spring.jpa-org.springframework.boot.autoconfigure.orm.jpa.JpaProperties'
2025-04-29T21:36:48.113-04:00 DEBUG 9012 --- [actividad_sumativa_semana8] [           main] o.s.b.f.s.DefaultListableBeanFactory     : Creating shared instance of singleton bean 'spring.jpa.hibernate-org.springframework.boot.autoconfigure.orm.jpa.HibernateProperties'
2025-04-29T21:36:48.123-04:00 DEBUG 9012 --- [actividad_sumativa_semana8] [           main] o.s.b.f.s.DefaultListableBeanFactory     : Autowiring by type from bean name 'org.springframework.boot.autoconfigure.orm.jpa.HibernateJpaConfiguration' via constructor to bean named 'dataSource'
2025-04-29T21:36:48.123-04:00 DEBUG 9012 --- [actividad_sumativa_semana8] [           main] o.s.b.f.s.DefaultListableBeanFactory     : Autowiring by type from bean name 'org.springframework.boot.autoconfigure.orm.jpa.HibernateJpaConfiguration' via constructor to bean named 'spring.jpa-org.springframework.boot.autoconfigure.orm.jpa.JpaProperties'
2025-04-29T21:36:48.123-04:00 DEBUG 9012 --- [actividad_sumativa_semana8] [           main] o.s.b.f.s.DefaultListableBeanFactory     : Autowiring by type from bean name 'org.springframework.boot.autoconfigure.orm.jpa.HibernateJpaConfiguration' via constructor to bean named 'org.springframework.beans.factory.support.DefaultListableBeanFactory@715fb77'
2025-04-29T21:36:48.123-04:00 DEBUG 9012 --- [actividad_sumativa_semana8] [           main] o.s.b.f.s.DefaultListableBeanFactory     : Autowiring by type from bean name 'org.springframework.boot.autoconfigure.orm.jpa.HibernateJpaConfiguration' via constructor to bean named 'spring.jpa.hibernate-org.springframework.boot.autoconfigure.orm.jpa.HibernateProperties'
2025-04-29T21:36:48.138-04:00 DEBUG 9012 --- [actividad_sumativa_semana8] [           main] o.s.b.f.s.DefaultListableBeanFactory     : Creating shared instance of singleton bean 'hikariPoolDataSourceMetadataProvider'
2025-04-29T21:36:48.139-04:00 DEBUG 9012 --- [actividad_sumativa_semana8] [           main] o.s.b.f.s.DefaultListableBeanFactory     : Creating shared instance of singleton bean 'org.springframework.boot.autoconfigure.jdbc.metadata.DataSourcePoolMetadataProvidersConfiguration$HikariPoolDataSourceMetadataProviderConfiguration'
2025-04-29T21:36:48.184-04:00 DEBUG 9012 --- [actividad_sumativa_semana8] [           main] o.s.b.f.s.DefaultListableBeanFactory     : Creating shared instance of singleton bean 'entityManagerFactoryBuilder'
2025-04-29T21:36:48.186-04:00 DEBUG 9012 --- [actividad_sumativa_semana8] [           main] o.s.b.f.s.DefaultListableBeanFactory     : Creating shared instance of singleton bean 'jpaVendorAdapter'
2025-04-29T21:36:48.284-04:00 DEBUG 9012 --- [actividad_sumativa_semana8] [           main] o.s.b.f.s.DefaultListableBeanFactory     : Autowiring by type from bean name 'entityManagerFactoryBuilder' via factory method to bean named 'jpaVendorAdapter'
2025-04-29T21:36:48.298-04:00 DEBUG 9012 --- [actividad_sumativa_semana8] [           main] o.s.b.f.s.DefaultListableBeanFactory     : Creating shared instance of singleton bean 'persistenceManagedTypes'
2025-04-29T21:36:48.301-04:00 DEBUG 9012 --- [actividad_sumativa_semana8] [           main] o.s.b.f.s.DefaultListableBeanFactory     : Autowiring by type from bean name 'persistenceManagedTypes' via factory method to bean named 'org.springframework.beans.factory.support.DefaultListableBeanFactory@715fb77'
2025-04-29T21:36:48.301-04:00 DEBUG 9012 --- [actividad_sumativa_semana8] [           main] o.s.b.f.s.DefaultListableBeanFactory     : Autowiring by type from bean name 'persistenceManagedTypes' via factory method to bean named 'org.springframework.web.context.support.GenericWebApplicationContext@2f6bbeb0'
2025-04-29T21:36:48.328-04:00 DEBUG 9012 --- [actividad_sumativa_semana8] [           main] o.s.b.f.s.DefaultListableBeanFactory     : Autowiring by type from bean name 'entityManagerFactory' via factory method to bean named 'entityManagerFactoryBuilder'
2025-04-29T21:36:48.328-04:00 DEBUG 9012 --- [actividad_sumativa_semana8] [           main] o.s.b.f.s.DefaultListableBeanFactory     : Autowiring by type from bean name 'entityManagerFactory' via factory method to bean named 'persistenceManagedTypes'
2025-04-29T21:36:48.365-04:00 DEBUG 9012 --- [actividad_sumativa_semana8] [           main] j.LocalContainerEntityManagerFactoryBean : Building JPA container EntityManagerFactory for persistence unit 'default'
2025-04-29T21:36:48.413-04:00 DEBUG 9012 --- [actividad_sumativa_semana8] [           main] o.hibernate.jpa.internal.util.LogHelper  : PersistenceUnitInfo [
	name: default
	persistence provider classname: null
	classloader: jdk.internal.loader.ClassLoaders$AppClassLoader@70dea4e
	excludeUnlistedClasses: true
	JTA datasource: null
	Non JTA datasource: HikariDataSource (null)
	Transaction type: RESOURCE_LOCAL
	PU root URL: file:/C:/Users/rodri/OneDrive/Escritorio/Actividad_Sumativa_Semana8/target/test-classes/
	Shared Cache Mode: UNSPECIFIED
	Validation Mode: AUTO
	Jar files URLs []
	Managed classes names [
		com.example.actividad_sumativa_semana8.Model.Evento
		com.example.actividad_sumativa_semana8.Model.Factura
		com.example.actividad_sumativa_semana8.Model.Participante
		com.example.actividad_sumativa_semana8.Model.Servicio]
	Mapping files names []
	Properties []
2025-04-29T21:36:48.428-04:00 DEBUG 9012 --- [actividad_sumativa_semana8] [           main] o.h.i.internal.IntegratorServiceImpl     : Adding Integrator [org.hibernate.boot.beanvalidation.BeanValidationIntegrator].
2025-04-29T21:36:48.432-04:00 DEBUG 9012 --- [actividad_sumativa_semana8] [           main] o.h.i.internal.IntegratorServiceImpl     : Adding Integrator [org.hibernate.cache.internal.CollectionCacheInvalidator].
2025-04-29T21:36:48.572-04:00  INFO 9012 --- [actividad_sumativa_semana8] [           main] org.hibernate.Version                    : HHH000412: Hibernate ORM core version 6.6.11.Final
2025-04-29T21:36:48.578-04:00 DEBUG 9012 --- [actividad_sumativa_semana8] [           main] org.hibernate.cfg.Environment            : HHH000206: 'hibernate.properties' not found
2025-04-29T21:36:48.629-04:00 DEBUG 9012 --- [actividad_sumativa_semana8] [           main] org.hibernate.orm.idgen.factory          : Registering IdentifierGenerator strategy [uuid2] -> [org.hibernate.id.UUIDGenerator]
2025-04-29T21:36:48.630-04:00 DEBUG 9012 --- [actividad_sumativa_semana8] [           main] org.hibernate.orm.idgen.factory          : Registering IdentifierGenerator strategy [guid] -> [org.hibernate.id.GUIDGenerator]
2025-04-29T21:36:48.632-04:00 DEBUG 9012 --- [actividad_sumativa_semana8] [           main] org.hibernate.orm.idgen.factory          : Registering IdentifierGenerator strategy [uuid] -> [org.hibernate.id.UUIDHexGenerator]
2025-04-29T21:36:48.632-04:00 DEBUG 9012 --- [actividad_sumativa_semana8] [           main] org.hibernate.orm.idgen.factory          : Registering IdentifierGenerator strategy [uuid.hex] -> [org.hibernate.id.UUIDHexGenerator]
2025-04-29T21:36:48.633-04:00 DEBUG 9012 --- [actividad_sumativa_semana8] [           main] org.hibernate.orm.idgen.factory          : Registering IdentifierGenerator strategy [assigned] -> [org.hibernate.id.Assigned]
2025-04-29T21:36:48.635-04:00 DEBUG 9012 --- [actividad_sumativa_semana8] [           main] org.hibernate.orm.idgen.factory          : Registering IdentifierGenerator strategy [identity] -> [org.hibernate.id.IdentityGenerator]
2025-04-29T21:36:48.636-04:00 DEBUG 9012 --- [actividad_sumativa_semana8] [           main] org.hibernate.orm.idgen.factory          : Registering IdentifierGenerator strategy [select] -> [org.hibernate.id.SelectGenerator]
2025-04-29T21:36:48.638-04:00 DEBUG 9012 --- [actividad_sumativa_semana8] [           main] org.hibernate.orm.idgen.factory          : Registering IdentifierGenerator strategy [sequence] -> [org.hibernate.id.enhanced.SequenceStyleGenerator]
2025-04-29T21:36:48.639-04:00 DEBUG 9012 --- [actividad_sumativa_semana8] [           main] org.hibernate.orm.idgen.factory          : Registering IdentifierGenerator strategy [increment] -> [org.hibernate.id.IncrementGenerator]
2025-04-29T21:36:48.640-04:00 DEBUG 9012 --- [actividad_sumativa_semana8] [           main] org.hibernate.orm.idgen.factory          : Registering IdentifierGenerator strategy [foreign] -> [org.hibernate.id.ForeignGenerator]
2025-04-29T21:36:48.640-04:00 DEBUG 9012 --- [actividad_sumativa_semana8] [           main] org.hibernate.orm.idgen.factory          : Registering IdentifierGenerator strategy [enhanced-sequence] -> [org.hibernate.id.enhanced.SequenceStyleGenerator]
2025-04-29T21:36:48.642-04:00 DEBUG 9012 --- [actividad_sumativa_semana8] [           main] org.hibernate.orm.idgen.factory          : Registering IdentifierGenerator strategy [enhanced-table] -> [org.hibernate.id.enhanced.TableGenerator]
2025-04-29T21:36:48.658-04:00 DEBUG 9012 --- [actividad_sumativa_semana8] [           main] o.h.c.internal.RegionFactoryInitiator    : Cannot default RegionFactory based on registered strategies as `[]` RegionFactory strategies were registered
2025-04-29T21:36:48.661-04:00  INFO 9012 --- [actividad_sumativa_semana8] [           main] o.h.c.internal.RegionFactoryInitiator    : HHH000026: Second-level cache disabled
2025-04-29T21:36:48.940-04:00 DEBUG 9012 --- [actividad_sumativa_semana8] [           main] org.hibernate.type.BasicTypeRegistry     : Adding type registration boolean -> org.hibernate.type.BasicTypeReference@165d1d54
2025-04-29T21:36:48.940-04:00 DEBUG 9012 --- [actividad_sumativa_semana8] [           main] org.hibernate.type.BasicTypeRegistry     : Adding type registration boolean -> org.hibernate.type.BasicTypeReference@165d1d54
2025-04-29T21:36:48.940-04:00 DEBUG 9012 --- [actividad_sumativa_semana8] [           main] org.hibernate.type.BasicTypeRegistry     : Adding type registration java.lang.Boolean -> org.hibernate.type.BasicTypeReference@165d1d54
2025-04-29T21:36:48.941-04:00 DEBUG 9012 --- [actividad_sumativa_semana8] [           main] org.hibernate.type.BasicTypeRegistry     : Adding type registration numeric_boolean -> org.hibernate.type.BasicTypeReference@4be12f6c
2025-04-29T21:36:48.941-04:00 DEBUG 9012 --- [actividad_sumativa_semana8] [           main] org.hibernate.type.BasicTypeRegistry     : Adding type registration org.hibernate.type.NumericBooleanConverter -> org.hibernate.type.BasicTypeReference@4be12f6c
2025-04-29T21:36:48.941-04:00 DEBUG 9012 --- [actividad_sumativa_semana8] [           main] org.hibernate.type.BasicTypeRegistry     : Adding type registration true_false -> org.hibernate.type.BasicTypeReference@52cb52bd
2025-04-29T21:36:48.941-04:00 DEBUG 9012 --- [actividad_sumativa_semana8] [           main] org.hibernate.type.BasicTypeRegistry     : Adding type registration org.hibernate.type.TrueFalseConverter -> org.hibernate.type.BasicTypeReference@52cb52bd
2025-04-29T21:36:48.941-04:00 DEBUG 9012 --- [actividad_sumativa_semana8] [           main] org.hibernate.type.BasicTypeRegistry     : Adding type registration yes_no -> org.hibernate.type.BasicTypeReference@1d1c37d5
2025-04-29T21:36:48.941-04:00 DEBUG 9012 --- [actividad_sumativa_semana8] [           main] org.hibernate.type.BasicTypeRegistry     : Adding type registration org.hibernate.type.YesNoConverter -> org.hibernate.type.BasicTypeReference@1d1c37d5
2025-04-29T21:36:48.941-04:00 DEBUG 9012 --- [actividad_sumativa_semana8] [           main] org.hibernate.type.BasicTypeRegistry     : Adding type registration byte -> org.hibernate.type.BasicTypeReference@63553e9f
2025-04-29T21:36:48.941-04:00 DEBUG 9012 --- [actividad_sumativa_semana8] [           main] org.hibernate.type.BasicTypeRegistry     : Adding type registration byte -> org.hibernate.type.BasicTypeReference@63553e9f
2025-04-29T21:36:48.941-04:00 DEBUG 9012 --- [actividad_sumativa_semana8] [           main] org.hibernate.type.BasicTypeRegistry     : Adding type registration java.lang.Byte -> org.hibernate.type.BasicTypeReference@63553e9f
2025-04-29T21:36:48.941-04:00 DEBUG 9012 --- [actividad_sumativa_semana8] [           main] org.hibernate.type.BasicTypeRegistry     : Adding type registration binary -> org.hibernate.type.BasicTypeReference@218df7d6
2025-04-29T21:36:48.941-04:00 DEBUG 9012 --- [actividad_sumativa_semana8] [           main] org.hibernate.type.BasicTypeRegistry     : Adding type registration byte[] -> org.hibernate.type.BasicTypeReference@218df7d6
2025-04-29T21:36:48.941-04:00 DEBUG 9012 --- [actividad_sumativa_semana8] [           main] org.hibernate.type.BasicTypeRegistry     : Adding type registration [B -> org.hibernate.type.BasicTypeReference@218df7d6
2025-04-29T21:36:48.941-04:00 DEBUG 9012 --- [actividad_sumativa_semana8] [           main] org.hibernate.type.BasicTypeRegistry     : Adding type registration binary_wrapper -> org.hibernate.type.BasicTypeReference@295b07e0
2025-04-29T21:36:48.941-04:00 DEBUG 9012 --- [actividad_sumativa_semana8] [           main] org.hibernate.type.BasicTypeRegistry     : Adding type registration wrapper-binary -> org.hibernate.type.BasicTypeReference@295b07e0
2025-04-29T21:36:48.941-04:00 DEBUG 9012 --- [actividad_sumativa_semana8] [           main] org.hibernate.type.BasicTypeRegistry     : Adding type registration image -> org.hibernate.type.BasicTypeReference@55053f81
2025-04-29T21:36:48.942-04:00 DEBUG 9012 --- [actividad_sumativa_semana8] [           main] org.hibernate.type.BasicTypeRegistry     : Adding type registration blob -> org.hibernate.type.BasicTypeReference@1fee4278
2025-04-29T21:36:48.942-04:00 DEBUG 9012 --- [actividad_sumativa_semana8] [           main] org.hibernate.type.BasicTypeRegistry     : Adding type registration java.sql.Blob -> org.hibernate.type.BasicTypeReference@1fee4278
2025-04-29T21:36:48.942-04:00 DEBUG 9012 --- [actividad_sumativa_semana8] [           main] org.hibernate.type.BasicTypeRegistry     : Adding type registration materialized_blob -> org.hibernate.type.BasicTypeReference@51132514
2025-04-29T21:36:48.942-04:00 DEBUG 9012 --- [actividad_sumativa_semana8] [           main] org.hibernate.type.BasicTypeRegistry     : Adding type registration materialized_blob_wrapper -> org.hibernate.type.BasicTypeReference@20864cd1
2025-04-29T21:36:48.942-04:00 DEBUG 9012 --- [actividad_sumativa_semana8] [           main] org.hibernate.type.BasicTypeRegistry     : Adding type registration short -> org.hibernate.type.BasicTypeReference@5c839677
2025-04-29T21:36:48.942-04:00 DEBUG 9012 --- [actividad_sumativa_semana8] [           main] org.hibernate.type.BasicTypeRegistry     : Adding type registration short -> org.hibernate.type.BasicTypeReference@5c839677
2025-04-29T21:36:48.942-04:00 DEBUG 9012 --- [actividad_sumativa_semana8] [           main] org.hibernate.type.BasicTypeRegistry     : Adding type registration java.lang.Short -> org.hibernate.type.BasicTypeReference@5c839677
2025-04-29T21:36:48.943-04:00 DEBUG 9012 --- [actividad_sumativa_semana8] [           main] org.hibernate.type.BasicTypeRegistry     : Adding type registration integer -> org.hibernate.type.BasicTypeReference@3193e21d
2025-04-29T21:36:48.943-04:00 DEBUG 9012 --- [actividad_sumativa_semana8] [           main] org.hibernate.type.BasicTypeRegistry     : Adding type registration int -> org.hibernate.type.BasicTypeReference@3193e21d
2025-04-29T21:36:48.943-04:00 DEBUG 9012 --- [actividad_sumativa_semana8] [           main] org.hibernate.type.BasicTypeRegistry     : Adding type registration java.lang.Integer -> org.hibernate.type.BasicTypeReference@3193e21d
2025-04-29T21:36:48.943-04:00 DEBUG 9012 --- [actividad_sumativa_semana8] [           main] org.hibernate.type.BasicTypeRegistry     : Adding type registration long -> org.hibernate.type.BasicTypeReference@79604abe
2025-04-29T21:36:48.943-04:00 DEBUG 9012 --- [actividad_sumativa_semana8] [           main] org.hibernate.type.BasicTypeRegistry     : Adding type registration long -> org.hibernate.type.BasicTypeReference@79604abe
2025-04-29T21:36:48.943-04:00 DEBUG 9012 --- [actividad_sumativa_semana8] [           main] org.hibernate.type.BasicTypeRegistry     : Adding type registration java.lang.Long -> org.hibernate.type.BasicTypeReference@79604abe
2025-04-29T21:36:48.943-04:00 DEBUG 9012 --- [actividad_sumativa_semana8] [           main] org.hibernate.type.BasicTypeRegistry     : Adding type registration float -> org.hibernate.type.BasicTypeReference@6b126187
2025-04-29T21:36:48.943-04:00 DEBUG 9012 --- [actividad_sumativa_semana8] [           main] org.hibernate.type.BasicTypeRegistry     : Adding type registration float -> org.hibernate.type.BasicTypeReference@6b126187
2025-04-29T21:36:48.943-04:00 DEBUG 9012 --- [actividad_sumativa_semana8] [           main] org.hibernate.type.BasicTypeRegistry     : Adding type registration java.lang.Float -> org.hibernate.type.BasicTypeReference@6b126187
2025-04-29T21:36:48.943-04:00 DEBUG 9012 --- [actividad_sumativa_semana8] [           main] org.hibernate.type.BasicTypeRegistry     : Adding type registration double -> org.hibernate.type.BasicTypeReference@2b6262bc
2025-04-29T21:36:48.943-04:00 DEBUG 9012 --- [actividad_sumativa_semana8] [           main] org.hibernate.type.BasicTypeRegistry     : Adding type registration double -> org.hibernate.type.BasicTypeReference@2b6262bc
2025-04-29T21:36:48.944-04:00 DEBUG 9012 --- [actividad_sumativa_semana8] [           main] org.hibernate.type.BasicTypeRegistry     : Adding type registration java.lang.Double -> org.hibernate.type.BasicTypeReference@2b6262bc
2025-04-29T21:36:48.944-04:00 DEBUG 9012 --- [actividad_sumativa_semana8] [           main] org.hibernate.type.BasicTypeRegistry     : Adding type registration big_integer -> org.hibernate.type.BasicTypeReference@5cffec7
2025-04-29T21:36:48.944-04:00 DEBUG 9012 --- [actividad_sumativa_semana8] [           main] org.hibernate.type.BasicTypeRegistry     : Adding type registration java.math.BigInteger -> org.hibernate.type.BasicTypeReference@5cffec7
2025-04-29T21:36:48.944-04:00 DEBUG 9012 --- [actividad_sumativa_semana8] [           main] org.hibernate.type.BasicTypeRegistry     : Adding type registration big_decimal -> org.hibernate.type.BasicTypeReference@7e81617a
2025-04-29T21:36:48.944-04:00 DEBUG 9012 --- [actividad_sumativa_semana8] [           main] org.hibernate.type.BasicTypeRegistry     : Adding type registration java.math.BigDecimal -> org.hibernate.type.BasicTypeReference@7e81617a
2025-04-29T21:36:48.944-04:00 DEBUG 9012 --- [actividad_sumativa_semana8] [           main] org.hibernate.type.BasicTypeRegistry     : Adding type registration character -> org.hibernate.type.BasicTypeReference@6e73974
2025-04-29T21:36:48.944-04:00 DEBUG 9012 --- [actividad_sumativa_semana8] [           main] org.hibernate.type.BasicTypeRegistry     : Adding type registration char -> org.hibernate.type.BasicTypeReference@6e73974
2025-04-29T21:36:48.944-04:00 DEBUG 9012 --- [actividad_sumativa_semana8] [           main] org.hibernate.type.BasicTypeRegistry     : Adding type registration java.lang.Character -> org.hibernate.type.BasicTypeReference@6e73974
2025-04-29T21:36:48.944-04:00 DEBUG 9012 --- [actividad_sumativa_semana8] [           main] org.hibernate.type.BasicTypeRegistry     : Adding type registration character_nchar -> org.hibernate.type.BasicTypeReference@3e28dc96
2025-04-29T21:36:48.944-04:00 DEBUG 9012 --- [actividad_sumativa_semana8] [           main] org.hibernate.type.BasicTypeRegistry     : Adding type registration string -> org.hibernate.type.BasicTypeReference@44eb2452
2025-04-29T21:36:48.944-04:00 DEBUG 9012 --- [actividad_sumativa_semana8] [           main] org.hibernate.type.BasicTypeRegistry     : Adding type registration java.lang.String -> org.hibernate.type.BasicTypeReference@44eb2452
2025-04-29T21:36:48.944-04:00 DEBUG 9012 --- [actividad_sumativa_semana8] [           main] org.hibernate.type.BasicTypeRegistry     : Adding type registration nstring -> org.hibernate.type.BasicTypeReference@31940704
2025-04-29T21:36:48.944-04:00 DEBUG 9012 --- [actividad_sumativa_semana8] [           main] org.hibernate.type.BasicTypeRegistry     : Adding type registration characters -> org.hibernate.type.BasicTypeReference@e07b4db
2025-04-29T21:36:48.944-04:00 DEBUG 9012 --- [actividad_sumativa_semana8] [           main] org.hibernate.type.BasicTypeRegistry     : Adding type registration char[] -> org.hibernate.type.BasicTypeReference@e07b4db
2025-04-29T21:36:48.944-04:00 DEBUG 9012 --- [actividad_sumativa_semana8] [           main] org.hibernate.type.BasicTypeRegistry     : Adding type registration [C -> org.hibernate.type.BasicTypeReference@e07b4db
2025-04-29T21:36:48.945-04:00 DEBUG 9012 --- [actividad_sumativa_semana8] [           main] org.hibernate.type.BasicTypeRegistry     : Adding type registration wrapper-characters -> org.hibernate.type.BasicTypeReference@76b305e1
2025-04-29T21:36:48.945-04:00 DEBUG 9012 --- [actividad_sumativa_semana8] [           main] org.hibernate.type.BasicTypeRegistry     : Adding type registration text -> org.hibernate.type.BasicTypeReference@6be766d1
2025-04-29T21:36:48.945-04:00 DEBUG 9012 --- [actividad_sumativa_semana8] [           main] org.hibernate.type.BasicTypeRegistry     : Adding type registration ntext -> org.hibernate.type.BasicTypeReference@7adae08e
2025-04-29T21:36:48.945-04:00 DEBUG 9012 --- [actividad_sumativa_semana8] [           main] org.hibernate.type.BasicTypeRegistry     : Adding type registration clob -> org.hibernate.type.BasicTypeReference@49c83262
2025-04-29T21:36:48.945-04:00 DEBUG 9012 --- [actividad_sumativa_semana8] [           main] org.hibernate.type.BasicTypeRegistry     : Adding type registration java.sql.Clob -> org.hibernate.type.BasicTypeReference@49c83262
2025-04-29T21:36:48.945-04:00 DEBUG 9012 --- [actividad_sumativa_semana8] [           main] org.hibernate.type.BasicTypeRegistry     : Adding type registration nclob -> org.hibernate.type.BasicTypeReference@273aaab7
2025-04-29T21:36:48.945-04:00 DEBUG 9012 --- [actividad_sumativa_semana8] [           main] org.hibernate.type.BasicTypeRegistry     : Adding type registration java.sql.NClob -> org.hibernate.type.BasicTypeReference@273aaab7
2025-04-29T21:36:48.945-04:00 DEBUG 9012 --- [actividad_sumativa_semana8] [           main] org.hibernate.type.BasicTypeRegistry     : Adding type registration materialized_clob -> org.hibernate.type.BasicTypeReference@77bb916f
2025-04-29T21:36:48.945-04:00 DEBUG 9012 --- [actividad_sumativa_semana8] [           main] org.hibernate.type.BasicTypeRegistry     : Adding type registration materialized_clob_char_array -> org.hibernate.type.BasicTypeReference@5a48d186
2025-04-29T21:36:48.945-04:00 DEBUG 9012 --- [actividad_sumativa_semana8] [           main] org.hibernate.type.BasicTypeRegistry     : Adding type registration materialized_clob_character_array -> org.hibernate.type.BasicTypeReference@521ba38f
2025-04-29T21:36:48.945-04:00 DEBUG 9012 --- [actividad_sumativa_semana8] [           main] org.hibernate.type.BasicTypeRegistry     : Adding type registration materialized_nclob -> org.hibernate.type.BasicTypeReference@2086d469
2025-04-29T21:36:48.945-04:00 DEBUG 9012 --- [actividad_sumativa_semana8] [           main] org.hibernate.type.BasicTypeRegistry     : Adding type registration materialized_nclob_character_array -> org.hibernate.type.BasicTypeReference@b1d19ff
2025-04-29T21:36:48.945-04:00 DEBUG 9012 --- [actividad_sumativa_semana8] [           main] org.hibernate.type.BasicTypeRegistry     : Adding type registration materialized_nclob_char_array -> org.hibernate.type.BasicTypeReference@17c53dfb
2025-04-29T21:36:48.945-04:00 DEBUG 9012 --- [actividad_sumativa_semana8] [           main] org.hibernate.type.BasicTypeRegistry     : Adding type registration Duration -> org.hibernate.type.BasicTypeReference@184de357
2025-04-29T21:36:48.946-04:00 DEBUG 9012 --- [actividad_sumativa_semana8] [           main] org.hibernate.type.BasicTypeRegistry     : Adding type registration java.time.Duration -> org.hibernate.type.BasicTypeReference@184de357
2025-04-29T21:36:48.946-04:00 DEBUG 9012 --- [actividad_sumativa_semana8] [           main] org.hibernate.type.BasicTypeRegistry     : Adding type registration LocalDateTime -> org.hibernate.type.BasicTypeReference@efe49ab
2025-04-29T21:36:48.946-04:00 DEBUG 9012 --- [actividad_sumativa_semana8] [           main] org.hibernate.type.BasicTypeRegistry     : Adding type registration java.time.LocalDateTime -> org.hibernate.type.BasicTypeReference@efe49ab
2025-04-29T21:36:48.946-04:00 DEBUG 9012 --- [actividad_sumativa_semana8] [           main] org.hibernate.type.BasicTypeRegistry     : Adding type registration LocalDate -> org.hibernate.type.BasicTypeReference@6dcf7b6a
2025-04-29T21:36:48.946-04:00 DEBUG 9012 --- [actividad_sumativa_semana8] [           main] org.hibernate.type.BasicTypeRegistry     : Adding type registration java.time.LocalDate -> org.hibernate.type.BasicTypeReference@6dcf7b6a
2025-04-29T21:36:48.946-04:00 DEBUG 9012 --- [actividad_sumativa_semana8] [           main] org.hibernate.type.BasicTypeRegistry     : Adding type registration LocalTime -> org.hibernate.type.BasicTypeReference@53dba9cd
2025-04-29T21:36:48.946-04:00 DEBUG 9012 --- [actividad_sumativa_semana8] [           main] org.hibernate.type.BasicTypeRegistry     : Adding type registration java.time.LocalTime -> org.hibernate.type.BasicTypeReference@53dba9cd
2025-04-29T21:36:48.946-04:00 DEBUG 9012 --- [actividad_sumativa_semana8] [           main] org.hibernate.type.BasicTypeRegistry     : Adding type registration OffsetDateTime -> org.hibernate.type.BasicTypeReference@247bbfba
2025-04-29T21:36:48.946-04:00 DEBUG 9012 --- [actividad_sumativa_semana8] [           main] org.hibernate.type.BasicTypeRegistry     : Adding type registration java.time.OffsetDateTime -> org.hibernate.type.BasicTypeReference@247bbfba
2025-04-29T21:36:48.946-04:00 DEBUG 9012 --- [actividad_sumativa_semana8] [           main] org.hibernate.type.BasicTypeRegistry     : Adding type registration OffsetDateTimeWithTimezone -> org.hibernate.type.BasicTypeReference@5834198f
2025-04-29T21:36:48.946-04:00 DEBUG 9012 --- [actividad_sumativa_semana8] [           main] org.hibernate.type.BasicTypeRegistry     : Adding type registration OffsetDateTimeWithoutTimezone -> org.hibernate.type.BasicTypeReference@4eb63dc8
2025-04-29T21:36:48.946-04:00 DEBUG 9012 --- [actividad_sumativa_semana8] [           main] org.hibernate.type.BasicTypeRegistry     : Adding type registration OffsetTime -> org.hibernate.type.BasicTypeReference@402d6012
2025-04-29T21:36:48.946-04:00 DEBUG 9012 --- [actividad_sumativa_semana8] [           main] org.hibernate.type.BasicTypeRegistry     : Adding type registration java.time.OffsetTime -> org.hibernate.type.BasicTypeReference@402d6012
2025-04-29T21:36:48.946-04:00 DEBUG 9012 --- [actividad_sumativa_semana8] [           main] org.hibernate.type.BasicTypeRegistry     : Adding type registration OffsetTimeUtc -> org.hibernate.type.BasicTypeReference@395281c2
2025-04-29T21:36:48.946-04:00 DEBUG 9012 --- [actividad_sumativa_semana8] [           main] org.hibernate.type.BasicTypeRegistry     : Adding type registration OffsetTimeWithTimezone -> org.hibernate.type.BasicTypeReference@41d20f06
2025-04-29T21:36:48.946-04:00 DEBUG 9012 --- [actividad_sumativa_semana8] [           main] org.hibernate.type.BasicTypeRegistry     : Adding type registration OffsetTimeWithoutTimezone -> org.hibernate.type.BasicTypeReference@3e753289
2025-04-29T21:36:48.946-04:00 DEBUG 9012 --- [actividad_sumativa_semana8] [           main] org.hibernate.type.BasicTypeRegistry     : Adding type registration ZonedDateTime -> org.hibernate.type.BasicTypeReference@1573e8a5
2025-04-29T21:36:48.946-04:00 DEBUG 9012 --- [actividad_sumativa_semana8] [           main] org.hibernate.type.BasicTypeRegistry     : Adding type registration java.time.ZonedDateTime -> org.hibernate.type.BasicTypeReference@1573e8a5
2025-04-29T21:36:48.946-04:00 DEBUG 9012 --- [actividad_sumativa_semana8] [           main] org.hibernate.type.BasicTypeRegistry     : Adding type registration ZonedDateTimeWithTimezone -> org.hibernate.type.BasicTypeReference@38022758
2025-04-29T21:36:48.946-04:00 DEBUG 9012 --- [actividad_sumativa_semana8] [           main] org.hibernate.type.BasicTypeRegistry     : Adding type registration ZonedDateTimeWithoutTimezone -> org.hibernate.type.BasicTypeReference@69f9b561
2025-04-29T21:36:48.946-04:00 DEBUG 9012 --- [actividad_sumativa_semana8] [           main] org.hibernate.type.BasicTypeRegistry     : Adding type registration date -> org.hibernate.type.BasicTypeReference@7e8f23ad
2025-04-29T21:36:48.946-04:00 DEBUG 9012 --- [actividad_sumativa_semana8] [           main] org.hibernate.type.BasicTypeRegistry     : Adding type registration java.sql.Date -> org.hibernate.type.BasicTypeReference@7e8f23ad
2025-04-29T21:36:48.948-04:00 DEBUG 9012 --- [actividad_sumativa_semana8] [           main] org.hibernate.type.BasicTypeRegistry     : Adding type registration time -> org.hibernate.type.BasicTypeReference@7433ca19
2025-04-29T21:36:48.948-04:00 DEBUG 9012 --- [actividad_sumativa_semana8] [           main] org.hibernate.type.BasicTypeRegistry     : Adding type registration java.sql.Time -> org.hibernate.type.BasicTypeReference@7433ca19
2025-04-29T21:36:48.948-04:00 DEBUG 9012 --- [actividad_sumativa_semana8] [           main] org.hibernate.type.BasicTypeRegistry     : Adding type registration timestamp -> org.hibernate.type.BasicTypeReference@5d221b20
2025-04-29T21:36:48.948-04:00 DEBUG 9012 --- [actividad_sumativa_semana8] [           main] org.hibernate.type.BasicTypeRegistry     : Adding type registration java.sql.Timestamp -> org.hibernate.type.BasicTypeReference@5d221b20
2025-04-29T21:36:48.948-04:00 DEBUG 9012 --- [actividad_sumativa_semana8] [           main] org.hibernate.type.BasicTypeRegistry     : Adding type registration java.util.Date -> org.hibernate.type.BasicTypeReference@5d221b20
2025-04-29T21:36:48.948-04:00 DEBUG 9012 --- [actividad_sumativa_semana8] [           main] org.hibernate.type.BasicTypeRegistry     : Adding type registration calendar -> org.hibernate.type.BasicTypeReference@79d4ff58
2025-04-29T21:36:48.948-04:00 DEBUG 9012 --- [actividad_sumativa_semana8] [           main] org.hibernate.type.BasicTypeRegistry     : Adding type registration java.util.Calendar -> org.hibernate.type.BasicTypeReference@79d4ff58
2025-04-29T21:36:48.948-04:00 DEBUG 9012 --- [actividad_sumativa_semana8] [           main] org.hibernate.type.BasicTypeRegistry     : Adding type registration java.util.GregorianCalendar -> org.hibernate.type.BasicTypeReference@79d4ff58
2025-04-29T21:36:48.949-04:00 DEBUG 9012 --- [actividad_sumativa_semana8] [           main] org.hibernate.type.BasicTypeRegistry     : Adding type registration calendar_date -> org.hibernate.type.BasicTypeReference@7ec13984
2025-04-29T21:36:48.949-04:00 DEBUG 9012 --- [actividad_sumativa_semana8] [           main] org.hibernate.type.BasicTypeRegistry     : Adding type registration calendar_time -> org.hibernate.type.BasicTypeReference@59fea5f5
2025-04-29T21:36:48.949-04:00 DEBUG 9012 --- [actividad_sumativa_semana8] [           main] org.hibernate.type.BasicTypeRegistry     : Adding type registration instant -> org.hibernate.type.BasicTypeReference@78eafad
2025-04-29T21:36:48.949-04:00 DEBUG 9012 --- [actividad_sumativa_semana8] [           main] org.hibernate.type.BasicTypeRegistry     : Adding type registration java.time.Instant -> org.hibernate.type.BasicTypeReference@78eafad
2025-04-29T21:36:48.949-04:00 DEBUG 9012 --- [actividad_sumativa_semana8] [           main] org.hibernate.type.BasicTypeRegistry     : Adding type registration uuid -> org.hibernate.type.BasicTypeReference@70f4abc1
2025-04-29T21:36:48.949-04:00 DEBUG 9012 --- [actividad_sumativa_semana8] [           main] org.hibernate.type.BasicTypeRegistry     : Adding type registration java.util.UUID -> org.hibernate.type.BasicTypeReference@70f4abc1
2025-04-29T21:36:48.949-04:00 DEBUG 9012 --- [actividad_sumativa_semana8] [           main] org.hibernate.type.BasicTypeRegistry     : Adding type registration pg-uuid -> org.hibernate.type.BasicTypeReference@70f4abc1
2025-04-29T21:36:48.949-04:00 DEBUG 9012 --- [actividad_sumativa_semana8] [           main] org.hibernate.type.BasicTypeRegistry     : Adding type registration uuid-binary -> org.hibernate.type.BasicTypeReference@26d028f7
2025-04-29T21:36:48.949-04:00 DEBUG 9012 --- [actividad_sumativa_semana8] [           main] org.hibernate.type.BasicTypeRegistry     : Adding type registration uuid-char -> org.hibernate.type.BasicTypeReference@a2df0d5
2025-04-29T21:36:48.949-04:00 DEBUG 9012 --- [actividad_sumativa_semana8] [           main] org.hibernate.type.BasicTypeRegistry     : Adding type registration class -> org.hibernate.type.BasicTypeReference@782cc5fa
2025-04-29T21:36:48.949-04:00 DEBUG 9012 --- [actividad_sumativa_semana8] [           main] org.hibernate.type.BasicTypeRegistry     : Adding type registration java.lang.Class -> org.hibernate.type.BasicTypeReference@782cc5fa
2025-04-29T21:36:48.949-04:00 DEBUG 9012 --- [actividad_sumativa_semana8] [           main] org.hibernate.type.BasicTypeRegistry     : Adding type registration currency -> org.hibernate.type.BasicTypeReference@2dd3d39d
2025-04-29T21:36:48.950-04:00 DEBUG 9012 --- [actividad_sumativa_semana8] [           main] org.hibernate.type.BasicTypeRegistry     : Adding type registration Currency -> org.hibernate.type.BasicTypeReference@2dd3d39d
2025-04-29T21:36:48.950-04:00 DEBUG 9012 --- [actividad_sumativa_semana8] [           main] org.hibernate.type.BasicTypeRegistry     : Adding type registration java.util.Currency -> org.hibernate.type.BasicTypeReference@2dd3d39d
2025-04-29T21:36:48.950-04:00 DEBUG 9012 --- [actividad_sumativa_semana8] [           main] org.hibernate.type.BasicTypeRegistry     : Adding type registration locale -> org.hibernate.type.BasicTypeReference@ae3c140
2025-04-29T21:36:48.950-04:00 DEBUG 9012 --- [actividad_sumativa_semana8] [           main] org.hibernate.type.BasicTypeRegistry     : Adding type registration java.util.Locale -> org.hibernate.type.BasicTypeReference@ae3c140
2025-04-29T21:36:48.950-04:00 DEBUG 9012 --- [actividad_sumativa_semana8] [           main] org.hibernate.type.BasicTypeRegistry     : Adding type registration serializable -> org.hibernate.type.BasicTypeReference@6f2d3391
2025-04-29T21:36:48.950-04:00 DEBUG 9012 --- [actividad_sumativa_semana8] [           main] org.hibernate.type.BasicTypeRegistry     : Adding type registration java.io.Serializable -> org.hibernate.type.BasicTypeReference@6f2d3391
2025-04-29T21:36:48.950-04:00 DEBUG 9012 --- [actividad_sumativa_semana8] [           main] org.hibernate.type.BasicTypeRegistry     : Adding type registration timezone -> org.hibernate.type.BasicTypeReference@71b0289b
2025-04-29T21:36:48.950-04:00 DEBUG 9012 --- [actividad_sumativa_semana8] [           main] org.hibernate.type.BasicTypeRegistry     : Adding type registration java.util.TimeZone -> org.hibernate.type.BasicTypeReference@71b0289b
2025-04-29T21:36:48.950-04:00 DEBUG 9012 --- [actividad_sumativa_semana8] [           main] org.hibernate.type.BasicTypeRegistry     : Adding type registration ZoneOffset -> org.hibernate.type.BasicTypeReference@42cc420b
2025-04-29T21:36:48.950-04:00 DEBUG 9012 --- [actividad_sumativa_semana8] [           main] org.hibernate.type.BasicTypeRegistry     : Adding type registration java.time.ZoneOffset -> org.hibernate.type.BasicTypeReference@42cc420b
2025-04-29T21:36:48.950-04:00 DEBUG 9012 --- [actividad_sumativa_semana8] [           main] org.hibernate.type.BasicTypeRegistry     : Adding type registration url -> org.hibernate.type.BasicTypeReference@563172d3
2025-04-29T21:36:48.950-04:00 DEBUG 9012 --- [actividad_sumativa_semana8] [           main] org.hibernate.type.BasicTypeRegistry     : Adding type registration java.net.URL -> org.hibernate.type.BasicTypeReference@563172d3
2025-04-29T21:36:48.950-04:00 DEBUG 9012 --- [actividad_sumativa_semana8] [           main] org.hibernate.type.BasicTypeRegistry     : Adding type registration vector -> org.hibernate.type.BasicTypeReference@5086623f
2025-04-29T21:36:48.950-04:00 DEBUG 9012 --- [actividad_sumativa_semana8] [           main] org.hibernate.type.BasicTypeRegistry     : Adding type registration float_vector -> org.hibernate.type.BasicTypeReference@20027c44
2025-04-29T21:36:48.951-04:00 DEBUG 9012 --- [actividad_sumativa_semana8] [           main] org.hibernate.type.BasicTypeRegistry     : Adding type registration double_vector -> org.hibernate.type.BasicTypeReference@7eae55
2025-04-29T21:36:48.951-04:00 DEBUG 9012 --- [actividad_sumativa_semana8] [           main] org.hibernate.type.BasicTypeRegistry     : Adding type registration byte_vector -> org.hibernate.type.BasicTypeReference@5d84e363
2025-04-29T21:36:48.951-04:00 DEBUG 9012 --- [actividad_sumativa_semana8] [           main] org.hibernate.type.BasicTypeRegistry     : Adding type registration row_version -> org.hibernate.type.BasicTypeReference@3ef0e576
2025-04-29T21:36:48.956-04:00 DEBUG 9012 --- [actividad_sumativa_semana8] [           main] org.hibernate.type.BasicTypeRegistry     : Adding type registration object -> org.hibernate.type.JavaObjectType@194b9783
2025-04-29T21:36:48.956-04:00 DEBUG 9012 --- [actividad_sumativa_semana8] [           main] org.hibernate.type.BasicTypeRegistry     : Adding type registration java.lang.Object -> org.hibernate.type.JavaObjectType@194b9783
2025-04-29T21:36:48.958-04:00 DEBUG 9012 --- [actividad_sumativa_semana8] [           main] org.hibernate.type.BasicTypeRegistry     : Adding type registration null -> org.hibernate.type.NullType@60652518
2025-04-29T21:36:48.959-04:00 DEBUG 9012 --- [actividad_sumativa_semana8] [           main] org.hibernate.type.BasicTypeRegistry     : Adding type registration imm_date -> org.hibernate.type.BasicTypeReference@438aaa9f
2025-04-29T21:36:48.960-04:00 DEBUG 9012 --- [actividad_sumativa_semana8] [           main] org.hibernate.type.BasicTypeRegistry     : Adding type registration imm_time -> org.hibernate.type.BasicTypeReference@3f06ebe0
2025-04-29T21:36:48.960-04:00 DEBUG 9012 --- [actividad_sumativa_semana8] [           main] org.hibernate.type.BasicTypeRegistry     : Adding type registration imm_timestamp -> org.hibernate.type.BasicTypeReference@1752e45c
2025-04-29T21:36:48.960-04:00 DEBUG 9012 --- [actividad_sumativa_semana8] [           main] org.hibernate.type.BasicTypeRegistry     : Adding type registration imm_calendar -> org.hibernate.type.BasicTypeReference@5ed65e4b
2025-04-29T21:36:48.960-04:00 DEBUG 9012 --- [actividad_sumativa_semana8] [           main] org.hibernate.type.BasicTypeRegistry     : Adding type registration imm_calendar_date -> org.hibernate.type.BasicTypeReference@481ed95c
2025-04-29T21:36:48.960-04:00 DEBUG 9012 --- [actividad_sumativa_semana8] [           main] org.hibernate.type.BasicTypeRegistry     : Adding type registration imm_calendar_time -> org.hibernate.type.BasicTypeReference@40cf6254
2025-04-29T21:36:48.960-04:00 DEBUG 9012 --- [actividad_sumativa_semana8] [           main] org.hibernate.type.BasicTypeRegistry     : Adding type registration imm_binary -> org.hibernate.type.BasicTypeReference@40bf0e15
2025-04-29T21:36:48.961-04:00 DEBUG 9012 --- [actividad_sumativa_semana8] [           main] org.hibernate.type.BasicTypeRegistry     : Adding type registration imm_serializable -> org.hibernate.type.BasicTypeReference@2c77344f
2025-04-29T21:36:48.968-04:00 DEBUG 9012 --- [actividad_sumativa_semana8] [           main] o.h.boot.internal.BootstrapContextImpl   : Injecting JPA temp ClassLoader [org.springframework.instrument.classloading.SimpleThrowawayClassLoader@2913ca3e] into BootstrapContext; was [null]
2025-04-29T21:36:48.968-04:00 DEBUG 9012 --- [actividad_sumativa_semana8] [           main] o.h.boot.internal.ClassLoaderAccessImpl  : ClassLoaderAccessImpl#injectTempClassLoader(org.springframework.instrument.classloading.SimpleThrowawayClassLoader@2913ca3e) [was null]
2025-04-29T21:36:48.968-04:00 DEBUG 9012 --- [actividad_sumativa_semana8] [           main] o.h.boot.internal.BootstrapContextImpl   : Injecting ScanEnvironment [org.hibernate.jpa.boot.internal.StandardJpaScanEnvironmentImpl@7dd3981e] into BootstrapContext; was [null]
2025-04-29T21:36:48.968-04:00 DEBUG 9012 --- [actividad_sumativa_semana8] [           main] o.h.boot.internal.BootstrapContextImpl   : Injecting ScanOptions [org.hibernate.boot.archive.scan.internal.StandardScanOptions@59313495] into BootstrapContext; was [org.hibernate.boot.archive.scan.internal.StandardScanOptions@4a04ca74]
2025-04-29T21:36:48.994-04:00 DEBUG 9012 --- [actividad_sumativa_semana8] [           main] o.h.j.b.i.PersistenceUnitInfoDescriptor  : Pushing class transformers for PU named 'default' on loading classloader jdk.internal.loader.ClassLoaders$AppClassLoader@70dea4e
2025-04-29T21:36:49.348-04:00  INFO 9012 --- [actividad_sumativa_semana8] [           main] o.s.o.j.p.SpringPersistenceUnitInfo      : No LoadTimeWeaver setup: ignoring JPA class transformer
2025-04-29T21:36:49.349-04:00 DEBUG 9012 --- [actividad_sumativa_semana8] [           main] o.h.boot.internal.BootstrapContextImpl   : Injecting JPA temp ClassLoader [null] into BootstrapContext; was [org.springframework.instrument.classloading.SimpleThrowawayClassLoader@2913ca3e]
2025-04-29T21:36:49.349-04:00 DEBUG 9012 --- [actividad_sumativa_semana8] [           main] o.h.boot.internal.ClassLoaderAccessImpl  : ClassLoaderAccessImpl#injectTempClassLoader(null) [was org.springframework.instrument.classloading.SimpleThrowawayClassLoader@2913ca3e]
2025-04-29T21:36:49.403-04:00  INFO 9012 --- [actividad_sumativa_semana8] [           main] com.zaxxer.hikari.HikariDataSource       : HikariPool-1 - Starting...
2025-04-29T21:36:50.852-04:00  INFO 9012 --- [actividad_sumativa_semana8] [           main] com.zaxxer.hikari.pool.HikariPool        : HikariPool-1 - Added connection oracle.jdbc.driver.T4CConnection@26d7cb0d
2025-04-29T21:36:50.855-04:00  INFO 9012 --- [actividad_sumativa_semana8] [           main] com.zaxxer.hikari.HikariDataSource       : HikariPool-1 - Start completed.
2025-04-29T21:36:50.873-04:00 DEBUG 9012 --- [actividad_sumativa_semana8] [           main] o.h.e.j.e.i.JdbcEnvironmentInitiator     : Database ->
	   name : Oracle
	version : Oracle Database 19c Enterprise Edition Release 19.0.0.0.0 - Production
Version 19.27.0.1.0
	  major : 19
	  minor : 27
2025-04-29T21:36:50.873-04:00 DEBUG 9012 --- [actividad_sumativa_semana8] [           main] o.h.e.j.e.i.JdbcEnvironmentInitiator     : Driver ->
	   name : Oracle JDBC driver
	version : 23.5.0.24.07
	  major : 23
	  minor : 5
2025-04-29T21:36:50.873-04:00 DEBUG 9012 --- [actividad_sumativa_semana8] [           main] o.h.e.j.e.i.JdbcEnvironmentInitiator     : JDBC version : 4.3
2025-04-29T21:36:51.421-04:00  WARN 9012 --- [actividad_sumativa_semana8] [           main] org.hibernate.orm.deprecation            : HHH90000025: OracleDialect does not need to be specified explicitly using 'hibernate.dialect' (remove the property setting and it will be selected by default)
2025-04-29T21:36:51.423-04:00 DEBUG 9012 --- [actividad_sumativa_semana8] [           main] org.hibernate.orm.dialect                : HHH035001: Using dialect: org.hibernate.dialect.OracleDialect, version: 19.27
2025-04-29T21:36:51.525-04:00  INFO 9012 --- [actividad_sumativa_semana8] [           main] org.hibernate.orm.connections.pooling    : HHH10001005: Database info:
	Database JDBC URL [Connecting through datasource 'HikariDataSource (HikariPool-1)']
	Database driver: undefined/unknown
	Database version: 19.27
	Autocommit mode: undefined/unknown
	Isolation level: undefined/unknown
	Minimum pool size: undefined/unknown
	Maximum pool size: undefined/unknown
2025-04-29T21:36:51.548-04:00 DEBUG 9012 --- [actividad_sumativa_semana8] [           main] o.h.t.d.jdbc.spi.JdbcTypeRegistry        : addDescriptor(NCharTypeDescriptor) replaced previous registration(CharTypeDescriptor)
2025-04-29T21:36:51.548-04:00 DEBUG 9012 --- [actividad_sumativa_semana8] [           main] o.h.t.d.jdbc.spi.JdbcTypeRegistry        : addDescriptor(NVarcharTypeDescriptor) replaced previous registration(VarcharTypeDescriptor)
2025-04-29T21:36:51.550-04:00 DEBUG 9012 --- [actividad_sumativa_semana8] [           main] o.h.t.d.jdbc.spi.JdbcTypeRegistry        : addDescriptor(LongNVarcharTypeDescriptor) replaced previous registration(LongVarcharTypeDescriptor)
2025-04-29T21:36:51.560-04:00 DEBUG 9012 --- [actividad_sumativa_semana8] [           main] o.h.t.d.jdbc.spi.JdbcTypeRegistry        : addDescriptor(NClobTypeDescriptor(DEFAULT)) replaced previous registration(ClobTypeDescriptor(DEFAULT))
2025-04-29T21:36:51.563-04:00 DEBUG 9012 --- [actividad_sumativa_semana8] [           main] o.h.t.d.jdbc.spi.JdbcTypeRegistry        : addDescriptor(BooleanTypeDescriptor) replaced previous registration(BooleanTypeDescriptor)
2025-04-29T21:36:51.595-04:00 DEBUG 9012 --- [actividad_sumativa_semana8] [           main] org.hibernate.type.BasicTypeRegistry     : Adding type registration null -> org.hibernate.type.NullType@988c126
2025-04-29T21:36:51.597-04:00 DEBUG 9012 --- [actividad_sumativa_semana8] [           main] org.hibernate.type.BasicTypeRegistry     : Type registration key [null] overrode previous entry : `org.hibernate.type.NullType@60652518`
2025-04-29T21:36:51.598-04:00 DEBUG 9012 --- [actividad_sumativa_semana8] [           main] org.hibernate.type.BasicTypeRegistry     : Adding type registration JAVA_OBJECT -> org.hibernate.type.JavaObjectType@483fe83a
2025-04-29T21:36:51.598-04:00 DEBUG 9012 --- [actividad_sumativa_semana8] [           main] org.hibernate.type.BasicTypeRegistry     : Adding type registration java.lang.Object -> org.hibernate.type.JavaObjectType@483fe83a
2025-04-29T21:36:51.598-04:00 DEBUG 9012 --- [actividad_sumativa_semana8] [           main] org.hibernate.type.BasicTypeRegistry     : Type registration key [java.lang.Object] overrode previous entry : `org.hibernate.type.JavaObjectType@194b9783`
2025-04-29T21:36:51.604-04:00 DEBUG 9012 --- [actividad_sumativa_semana8] [           main] org.hibernate.type.BasicTypeRegistry     : Adding type registration org.hibernate.type.DurationType -> basicType@1(java.time.Duration,3015)
2025-04-29T21:36:51.605-04:00 DEBUG 9012 --- [actividad_sumativa_semana8] [           main] org.hibernate.type.BasicTypeRegistry     : Adding type registration Duration -> basicType@1(java.time.Duration,3015)
2025-04-29T21:36:51.605-04:00 DEBUG 9012 --- [actividad_sumativa_semana8] [           main] org.hibernate.type.BasicTypeRegistry     : Adding type registration java.time.Duration -> basicType@1(java.time.Duration,3015)
2025-04-29T21:36:51.611-04:00 DEBUG 9012 --- [actividad_sumativa_semana8] [           main] o.h.type.spi.TypeConfiguration$Scope     : Scoping TypeConfiguration [org.hibernate.type.spi.TypeConfiguration@510e6b93] to MetadataBuildingContext [org.hibernate.boot.internal.MetadataBuildingContextRootImpl@129e45eb]
2025-04-29T21:36:51.740-04:00 DEBUG 9012 --- [actividad_sumativa_semana8] [           main] o.h.boot.model.relational.Namespace      : Created database namespace [logicalName=Name{catalog=null, schema=null}, physicalName=Name{catalog=null, schema=null}]
2025-04-29T21:36:51.797-04:00 DEBUG 9012 --- [actividad_sumativa_semana8] [           main] o.h.boot.model.internal.EntityBinder     : Binding entity from annotated class: com.example.actividad_sumativa_semana8.Model.Evento
2025-04-29T21:36:51.813-04:00 DEBUG 9012 --- [actividad_sumativa_semana8] [           main] o.h.boot.model.internal.EntityBinder     : Import with entity name Evento
2025-04-29T21:36:51.828-04:00 DEBUG 9012 --- [actividad_sumativa_semana8] [           main] o.h.boot.model.internal.EntityBinder     : Bind entity com.example.actividad_sumativa_semana8.Model.Evento on table evento
2025-04-29T21:36:51.856-04:00 DEBUG 9012 --- [actividad_sumativa_semana8] [           main] o.h.boot.model.internal.AnnotatedColumn  : Binding column: AnnotatedDiscriminatorColumn(column='DTYPE')
2025-04-29T21:36:51.898-04:00 DEBUG 9012 --- [actividad_sumativa_semana8] [           main] o.h.boot.model.internal.AnnotatedColumn  : Binding column: AnnotatedColumn()
2025-04-29T21:36:51.899-04:00 DEBUG 9012 --- [actividad_sumativa_semana8] [           main] o.h.boot.internal.ClassLoaderAccessImpl  : Not known whether passed class name [com.example.actividad_sumativa_semana8.Model.Evento] is safe
2025-04-29T21:36:51.900-04:00 DEBUG 9012 --- [actividad_sumativa_semana8] [           main] o.h.boot.internal.ClassLoaderAccessImpl  : No temp ClassLoader provided; using live ClassLoader for loading potentially unsafe class : com.example.actividad_sumativa_semana8.Model.Evento
2025-04-29T21:36:51.907-04:00 DEBUG 9012 --- [actividad_sumativa_semana8] [           main] o.h.boot.model.internal.PropertyBinder   : MetadataSourceProcessor property id with lazy=false
2025-04-29T21:36:51.923-04:00 DEBUG 9012 --- [actividad_sumativa_semana8] [           main] o.h.b.m.internal.AbstractPropertyHolder  : Attempting to locate auto-apply AttributeConverter for property [com.example.actividad_sumativa_semana8.Model.Evento:id]
2025-04-29T21:36:51.931-04:00 DEBUG 9012 --- [actividad_sumativa_semana8] [           main] o.h.b.model.internal.BasicValueBinder    : building BasicValue for id
2025-04-29T21:36:51.936-04:00 DEBUG 9012 --- [actividad_sumativa_semana8] [           main] org.hibernate.mapping.BasicValue         : Skipping column re-registration: evento.id
2025-04-29T21:36:51.939-04:00 DEBUG 9012 --- [actividad_sumativa_semana8] [           main] o.h.boot.model.internal.PropertyBinder   : Building property id
2025-04-29T21:36:51.948-04:00 DEBUG 9012 --- [actividad_sumativa_semana8] [           main] o.h.boot.model.internal.BinderHelper     : #makeIdGenerator(BasicValue([Column(id)]), id, identity, , ...)
2025-04-29T21:36:51.950-04:00 DEBUG 9012 --- [actividad_sumativa_semana8] [           main] o.h.boot.model.internal.AnnotatedColumn  : Binding column: AnnotatedColumn()
2025-04-29T21:36:51.951-04:00 DEBUG 9012 --- [actividad_sumativa_semana8] [           main] o.h.boot.model.internal.PropertyBinder   : MetadataSourceProcessor property descripcion with lazy=false
2025-04-29T21:36:51.951-04:00 DEBUG 9012 --- [actividad_sumativa_semana8] [           main] o.h.b.m.internal.AbstractPropertyHolder  : Attempting to locate auto-apply AttributeConverter for property [com.example.actividad_sumativa_semana8.Model.Evento:descripcion]
2025-04-29T21:36:51.951-04:00 DEBUG 9012 --- [actividad_sumativa_semana8] [           main] o.h.b.model.internal.BasicValueBinder    : building BasicValue for descripcion
2025-04-29T21:36:51.951-04:00 DEBUG 9012 --- [actividad_sumativa_semana8] [           main] org.hibernate.mapping.BasicValue         : Skipping column re-registration: evento.descripcion
2025-04-29T21:36:51.951-04:00 DEBUG 9012 --- [actividad_sumativa_semana8] [           main] o.h.boot.model.internal.PropertyBinder   : Building property descripcion
2025-04-29T21:36:51.952-04:00 DEBUG 9012 --- [actividad_sumativa_semana8] [           main] o.h.boot.model.internal.AnnotatedColumn  : Binding column: AnnotatedColumn()
2025-04-29T21:36:51.952-04:00 DEBUG 9012 --- [actividad_sumativa_semana8] [           main] o.h.boot.model.internal.PropertyBinder   : MetadataSourceProcessor property fecha with lazy=false
2025-04-29T21:36:51.952-04:00 DEBUG 9012 --- [actividad_sumativa_semana8] [           main] o.h.b.m.internal.AbstractPropertyHolder  : Attempting to locate auto-apply AttributeConverter for property [com.example.actividad_sumativa_semana8.Model.Evento:fecha]
2025-04-29T21:36:51.952-04:00 DEBUG 9012 --- [actividad_sumativa_semana8] [           main] o.h.b.model.internal.BasicValueBinder    : building BasicValue for fecha
2025-04-29T21:36:51.952-04:00 DEBUG 9012 --- [actividad_sumativa_semana8] [           main] org.hibernate.mapping.BasicValue         : Skipping column re-registration: evento.fecha
2025-04-29T21:36:51.952-04:00 DEBUG 9012 --- [actividad_sumativa_semana8] [           main] o.h.boot.model.internal.PropertyBinder   : Building property fecha
2025-04-29T21:36:51.953-04:00 DEBUG 9012 --- [actividad_sumativa_semana8] [           main] o.h.boot.model.internal.AnnotatedColumn  : Binding column: AnnotatedColumn()
2025-04-29T21:36:51.953-04:00 DEBUG 9012 --- [actividad_sumativa_semana8] [           main] o.h.boot.model.internal.PropertyBinder   : MetadataSourceProcessor property lugar with lazy=false
2025-04-29T21:36:51.953-04:00 DEBUG 9012 --- [actividad_sumativa_semana8] [           main] o.h.b.m.internal.AbstractPropertyHolder  : Attempting to locate auto-apply AttributeConverter for property [com.example.actividad_sumativa_semana8.Model.Evento:lugar]
2025-04-29T21:36:51.953-04:00 DEBUG 9012 --- [actividad_sumativa_semana8] [           main] o.h.b.model.internal.BasicValueBinder    : building BasicValue for lugar
2025-04-29T21:36:51.953-04:00 DEBUG 9012 --- [actividad_sumativa_semana8] [           main] org.hibernate.mapping.BasicValue         : Skipping column re-registration: evento.lugar
2025-04-29T21:36:51.953-04:00 DEBUG 9012 --- [actividad_sumativa_semana8] [           main] o.h.boot.model.internal.PropertyBinder   : Building property lugar
2025-04-29T21:36:51.954-04:00 DEBUG 9012 --- [actividad_sumativa_semana8] [           main] o.h.boot.model.internal.AnnotatedColumn  : Binding column: AnnotatedColumn()
2025-04-29T21:36:51.954-04:00 DEBUG 9012 --- [actividad_sumativa_semana8] [           main] o.h.boot.model.internal.PropertyBinder   : MetadataSourceProcessor property nombre with lazy=false
2025-04-29T21:36:51.954-04:00 DEBUG 9012 --- [actividad_sumativa_semana8] [           main] o.h.b.m.internal.AbstractPropertyHolder  : Attempting to locate auto-apply AttributeConverter for property [com.example.actividad_sumativa_semana8.Model.Evento:nombre]
2025-04-29T21:36:51.954-04:00 DEBUG 9012 --- [actividad_sumativa_semana8] [           main] o.h.b.model.internal.BasicValueBinder    : building BasicValue for nombre
2025-04-29T21:36:51.954-04:00 DEBUG 9012 --- [actividad_sumativa_semana8] [           main] org.hibernate.mapping.BasicValue         : Skipping column re-registration: evento.nombre
2025-04-29T21:36:51.954-04:00 DEBUG 9012 --- [actividad_sumativa_semana8] [           main] o.h.boot.model.internal.PropertyBinder   : Building property nombre
2025-04-29T21:36:51.959-04:00 DEBUG 9012 --- [actividad_sumativa_semana8] [           main] o.h.boot.model.internal.AnnotatedColumn  : Binding column: AnnotatedJoinColumn()
2025-04-29T21:36:51.960-04:00 DEBUG 9012 --- [actividad_sumativa_semana8] [           main] o.h.boot.model.internal.AnnotatedColumn  : Binding column: AnnotatedColumn()
2025-04-29T21:36:51.981-04:00 DEBUG 9012 --- [actividad_sumativa_semana8] [           main] o.h.boot.model.internal.AnnotatedColumn  : Binding column: IndexColumn(column='participantes_ORDER')
2025-04-29T21:36:52.001-04:00 DEBUG 9012 --- [actividad_sumativa_semana8] [           main] o.h.boot.model.internal.AnnotatedColumn  : Binding column: AnnotatedColumn()
2025-04-29T21:36:52.002-04:00 DEBUG 9012 --- [actividad_sumativa_semana8] [           main] o.h.boot.model.internal.AnnotatedColumn  : Binding column: AnnotatedColumn(column='participantes_KEY')
2025-04-29T21:36:52.003-04:00 DEBUG 9012 --- [actividad_sumativa_semana8] [           main] o.h.boot.model.internal.AnnotatedColumn  : Binding column: AnnotatedJoinColumn(column='participantes_KEY')
2025-04-29T21:36:52.006-04:00 DEBUG 9012 --- [actividad_sumativa_semana8] [           main] o.h.boot.model.internal.AnnotatedColumn  : Binding column: AnnotatedJoinColumn()
2025-04-29T21:36:52.006-04:00 DEBUG 9012 --- [actividad_sumativa_semana8] [           main] o.h.boot.model.internal.AnnotatedColumn  : Binding column: AnnotatedJoinColumn()
2025-04-29T21:36:52.011-04:00 DEBUG 9012 --- [actividad_sumativa_semana8] [           main] o.h.b.model.internal.CollectionBinder    : Collection role: com.example.actividad_sumativa_semana8.Model.Evento.participantes
2025-04-29T21:36:52.017-04:00 DEBUG 9012 --- [actividad_sumativa_semana8] [           main] o.h.boot.model.internal.PropertyBinder   : Building property participantes
2025-04-29T21:36:52.017-04:00 DEBUG 9012 --- [actividad_sumativa_semana8] [           main] o.h.boot.model.internal.AnnotatedColumn  : Binding column: AnnotatedColumn()
2025-04-29T21:36:52.017-04:00 DEBUG 9012 --- [actividad_sumativa_semana8] [           main] o.h.boot.model.internal.PropertyBinder   : MetadataSourceProcessor property tipo with lazy=false
2025-04-29T21:36:52.018-04:00 DEBUG 9012 --- [actividad_sumativa_semana8] [           main] o.h.b.m.internal.AbstractPropertyHolder  : Attempting to locate auto-apply AttributeConverter for property [com.example.actividad_sumativa_semana8.Model.Evento:tipo]
2025-04-29T21:36:52.018-04:00 DEBUG 9012 --- [actividad_sumativa_semana8] [           main] o.h.b.model.internal.BasicValueBinder    : building BasicValue for tipo
2025-04-29T21:36:52.018-04:00 DEBUG 9012 --- [actividad_sumativa_semana8] [           main] org.hibernate.mapping.BasicValue         : Skipping column re-registration: evento.tipo
2025-04-29T21:36:52.018-04:00 DEBUG 9012 --- [actividad_sumativa_semana8] [           main] o.h.boot.model.internal.PropertyBinder   : Building property tipo
2025-04-29T21:36:52.019-04:00 DEBUG 9012 --- [actividad_sumativa_semana8] [           main] o.h.b.r.c.i.ClassLoaderServiceImpl       : HHH000194: Package not found or no package-info.java: com.example.actividad_sumativa_semana8.Model
2025-04-29T21:36:52.031-04:00 DEBUG 9012 --- [actividad_sumativa_semana8] [           main] o.h.boot.model.internal.EntityBinder     : Binding entity from annotated class: com.example.actividad_sumativa_semana8.Model.Factura
2025-04-29T21:36:52.031-04:00 DEBUG 9012 --- [actividad_sumativa_semana8] [           main] o.h.boot.model.internal.EntityBinder     : Import with entity name Factura
2025-04-29T21:36:52.032-04:00 DEBUG 9012 --- [actividad_sumativa_semana8] [           main] o.h.boot.model.internal.EntityBinder     : Bind entity com.example.actividad_sumativa_semana8.Model.Factura on table factura
2025-04-29T21:36:52.034-04:00 DEBUG 9012 --- [actividad_sumativa_semana8] [           main] o.h.boot.model.internal.AnnotatedColumn  : Binding column: AnnotatedDiscriminatorColumn(column='DTYPE')
2025-04-29T21:36:52.121-04:00 DEBUG 9012 --- [actividad_sumativa_semana8] [           main] o.h.boot.model.internal.AnnotatedColumn  : Binding column: AnnotatedColumn()
2025-04-29T21:36:52.122-04:00 DEBUG 9012 --- [actividad_sumativa_semana8] [           main] o.h.boot.internal.ClassLoaderAccessImpl  : Not known whether passed class name [com.example.actividad_sumativa_semana8.Model.Factura] is safe
2025-04-29T21:36:52.122-04:00 DEBUG 9012 --- [actividad_sumativa_semana8] [           main] o.h.boot.internal.ClassLoaderAccessImpl  : No temp ClassLoader provided; using live ClassLoader for loading potentially unsafe class : com.example.actividad_sumativa_semana8.Model.Factura
2025-04-29T21:36:52.123-04:00 DEBUG 9012 --- [actividad_sumativa_semana8] [           main] o.h.boot.model.internal.PropertyBinder   : MetadataSourceProcessor property id with lazy=false
2025-04-29T21:36:52.124-04:00 DEBUG 9012 --- [actividad_sumativa_semana8] [           main] o.h.b.m.internal.AbstractPropertyHolder  : Attempting to locate auto-apply AttributeConverter for property [com.example.actividad_sumativa_semana8.Model.Factura:id]
2025-04-29T21:36:52.124-04:00 DEBUG 9012 --- [actividad_sumativa_semana8] [           main] o.h.b.model.internal.BasicValueBinder    : building BasicValue for id
2025-04-29T21:36:52.124-04:00 DEBUG 9012 --- [actividad_sumativa_semana8] [           main] org.hibernate.mapping.BasicValue         : Skipping column re-registration: factura.id
2025-04-29T21:36:52.125-04:00 DEBUG 9012 --- [actividad_sumativa_semana8] [           main] o.h.boot.model.internal.PropertyBinder   : Building property id
2025-04-29T21:36:52.126-04:00 DEBUG 9012 --- [actividad_sumativa_semana8] [           main] o.h.boot.model.internal.BinderHelper     : #makeIdGenerator(BasicValue([Column(id)]), id, identity, , ...)
2025-04-29T21:36:52.126-04:00 DEBUG 9012 --- [actividad_sumativa_semana8] [           main] o.h.boot.model.internal.AnnotatedColumn  : Binding column: AnnotatedColumn()
2025-04-29T21:36:52.126-04:00 DEBUG 9012 --- [actividad_sumativa_semana8] [           main] o.h.boot.model.internal.PropertyBinder   : MetadataSourceProcessor property estado with lazy=false
2025-04-29T21:36:52.126-04:00 DEBUG 9012 --- [actividad_sumativa_semana8] [           main] o.h.b.m.internal.AbstractPropertyHolder  : Attempting to locate auto-apply AttributeConverter for property [com.example.actividad_sumativa_semana8.Model.Factura:estado]
2025-04-29T21:36:52.126-04:00 DEBUG 9012 --- [actividad_sumativa_semana8] [           main] o.h.b.model.internal.BasicValueBinder    : building BasicValue for estado
2025-04-29T21:36:52.126-04:00 DEBUG 9012 --- [actividad_sumativa_semana8] [           main] org.hibernate.mapping.BasicValue         : Skipping column re-registration: factura.estado
2025-04-29T21:36:52.128-04:00 DEBUG 9012 --- [actividad_sumativa_semana8] [           main] o.h.boot.model.internal.PropertyBinder   : Building property estado
2025-04-29T21:36:52.128-04:00 DEBUG 9012 --- [actividad_sumativa_semana8] [           main] o.h.boot.model.internal.AnnotatedColumn  : Binding column: AnnotatedColumn()
2025-04-29T21:36:52.131-04:00 DEBUG 9012 --- [actividad_sumativa_semana8] [           main] o.h.boot.model.internal.PropertyBinder   : MetadataSourceProcessor property fechaEmision with lazy=false
2025-04-29T21:36:52.132-04:00 DEBUG 9012 --- [actividad_sumativa_semana8] [           main] o.h.b.m.internal.AbstractPropertyHolder  : Attempting to locate auto-apply AttributeConverter for property [com.example.actividad_sumativa_semana8.Model.Factura:fechaEmision]
2025-04-29T21:36:52.133-04:00 DEBUG 9012 --- [actividad_sumativa_semana8] [           main] o.h.b.model.internal.BasicValueBinder    : building BasicValue for fechaEmision
2025-04-29T21:36:52.134-04:00 DEBUG 9012 --- [actividad_sumativa_semana8] [           main] org.hibernate.mapping.BasicValue         : Skipping column re-registration: factura.fecha_emision
2025-04-29T21:36:52.134-04:00 DEBUG 9012 --- [actividad_sumativa_semana8] [           main] o.h.boot.model.internal.PropertyBinder   : Building property fechaEmision
2025-04-29T21:36:52.135-04:00 DEBUG 9012 --- [actividad_sumativa_semana8] [           main] o.h.boot.model.internal.AnnotatedColumn  : Binding column: IndexColumn(column='servicios_ORDER')
2025-04-29T21:36:52.136-04:00 DEBUG 9012 --- [actividad_sumativa_semana8] [           main] o.h.boot.model.internal.AnnotatedColumn  : Binding column: AnnotatedColumn()
2025-04-29T21:36:52.142-04:00 DEBUG 9012 --- [actividad_sumativa_semana8] [           main] o.h.boot.model.internal.AnnotatedColumn  : Binding column: AnnotatedColumn(column='servicios_KEY')
2025-04-29T21:36:52.143-04:00 DEBUG 9012 --- [actividad_sumativa_semana8] [           main] o.h.boot.model.internal.AnnotatedColumn  : Binding column: AnnotatedJoinColumn(column='servicios_KEY')
2025-04-29T21:36:52.143-04:00 DEBUG 9012 --- [actividad_sumativa_semana8] [           main] o.h.boot.model.internal.AnnotatedColumn  : Binding column: AnnotatedJoinColumn(column='factura_id')
2025-04-29T21:36:52.143-04:00 DEBUG 9012 --- [actividad_sumativa_semana8] [           main] o.h.boot.model.internal.AnnotatedColumn  : Binding column: AnnotatedJoinColumn(column='servicio_id')
2025-04-29T21:36:52.143-04:00 DEBUG 9012 --- [actividad_sumativa_semana8] [           main] o.h.b.model.internal.CollectionBinder    : Collection role: com.example.actividad_sumativa_semana8.Model.Factura.servicios
2025-04-29T21:36:52.148-04:00 DEBUG 9012 --- [actividad_sumativa_semana8] [           main] o.h.boot.model.internal.PropertyBinder   : Building property servicios
2025-04-29T21:36:52.149-04:00 DEBUG 9012 --- [actividad_sumativa_semana8] [           main] o.h.boot.model.internal.AnnotatedColumn  : Binding column: AnnotatedColumn()
2025-04-29T21:36:52.150-04:00 DEBUG 9012 --- [actividad_sumativa_semana8] [           main] o.h.boot.model.internal.PropertyBinder   : MetadataSourceProcessor property total with lazy=false
2025-04-29T21:36:52.150-04:00 DEBUG 9012 --- [actividad_sumativa_semana8] [           main] o.h.b.m.internal.AbstractPropertyHolder  : Attempting to locate auto-apply AttributeConverter for property [com.example.actividad_sumativa_semana8.Model.Factura:total]
2025-04-29T21:36:52.150-04:00 DEBUG 9012 --- [actividad_sumativa_semana8] [           main] o.h.b.model.internal.BasicValueBinder    : building BasicValue for total
2025-04-29T21:36:52.150-04:00 DEBUG 9012 --- [actividad_sumativa_semana8] [           main] org.hibernate.mapping.BasicValue         : Skipping column re-registration: factura.total
2025-04-29T21:36:52.150-04:00 DEBUG 9012 --- [actividad_sumativa_semana8] [           main] o.h.boot.model.internal.PropertyBinder   : Building property total
2025-04-29T21:36:52.151-04:00 DEBUG 9012 --- [actividad_sumativa_semana8] [           main] o.h.b.r.c.i.ClassLoaderServiceImpl       : HHH000194: Package not found or no package-info.java: com.example.actividad_sumativa_semana8.Model
2025-04-29T21:36:52.152-04:00 DEBUG 9012 --- [actividad_sumativa_semana8] [           main] o.h.boot.model.internal.EntityBinder     : Binding entity from annotated class: com.example.actividad_sumativa_semana8.Model.Participante
2025-04-29T21:36:52.153-04:00 DEBUG 9012 --- [actividad_sumativa_semana8] [           main] o.h.boot.model.internal.EntityBinder     : Import with entity name Participante
2025-04-29T21:36:52.153-04:00 DEBUG 9012 --- [actividad_sumativa_semana8] [           main] o.h.boot.model.internal.EntityBinder     : Bind entity com.example.actividad_sumativa_semana8.Model.Participante on table participante
2025-04-29T21:36:52.153-04:00 DEBUG 9012 --- [actividad_sumativa_semana8] [           main] o.h.boot.model.internal.AnnotatedColumn  : Binding column: AnnotatedDiscriminatorColumn(column='DTYPE')
2025-04-29T21:36:52.160-04:00 DEBUG 9012 --- [actividad_sumativa_semana8] [           main] o.h.boot.model.internal.AnnotatedColumn  : Binding column: AnnotatedColumn()
2025-04-29T21:36:52.161-04:00 DEBUG 9012 --- [actividad_sumativa_semana8] [           main] o.h.boot.internal.ClassLoaderAccessImpl  : Not known whether passed class name [com.example.actividad_sumativa_semana8.Model.Participante] is safe
2025-04-29T21:36:52.161-04:00 DEBUG 9012 --- [actividad_sumativa_semana8] [           main] o.h.boot.internal.ClassLoaderAccessImpl  : No temp ClassLoader provided; using live ClassLoader for loading potentially unsafe class : com.example.actividad_sumativa_semana8.Model.Participante
2025-04-29T21:36:52.161-04:00 DEBUG 9012 --- [actividad_sumativa_semana8] [           main] o.h.boot.model.internal.PropertyBinder   : MetadataSourceProcessor property id with lazy=false
2025-04-29T21:36:52.161-04:00 DEBUG 9012 --- [actividad_sumativa_semana8] [           main] o.h.b.m.internal.AbstractPropertyHolder  : Attempting to locate auto-apply AttributeConverter for property [com.example.actividad_sumativa_semana8.Model.Participante:id]
2025-04-29T21:36:52.161-04:00 DEBUG 9012 --- [actividad_sumativa_semana8] [           main] o.h.b.model.internal.BasicValueBinder    : building BasicValue for id
2025-04-29T21:36:52.162-04:00 DEBUG 9012 --- [actividad_sumativa_semana8] [           main] org.hibernate.mapping.BasicValue         : Skipping column re-registration: participante.id
2025-04-29T21:36:52.162-04:00 DEBUG 9012 --- [actividad_sumativa_semana8] [           main] o.h.boot.model.internal.PropertyBinder   : Building property id
2025-04-29T21:36:52.162-04:00 DEBUG 9012 --- [actividad_sumativa_semana8] [           main] o.h.boot.model.internal.BinderHelper     : #makeIdGenerator(BasicValue([Column(id)]), id, identity, , ...)
2025-04-29T21:36:52.164-04:00 DEBUG 9012 --- [actividad_sumativa_semana8] [           main] o.h.boot.model.internal.AnnotatedColumn  : Binding column: AnnotatedJoinColumn(column='evento_id')
2025-04-29T21:36:52.164-04:00 DEBUG 9012 --- [actividad_sumativa_semana8] [           main] o.h.boot.model.internal.AnnotatedColumn  : Binding column: AnnotatedColumn()
2025-04-29T21:36:52.173-04:00 DEBUG 9012 --- [actividad_sumativa_semana8] [           main] o.h.boot.model.internal.PropertyBinder   : Building property evento
2025-04-29T21:36:52.174-04:00 DEBUG 9012 --- [actividad_sumativa_semana8] [           main] o.h.boot.model.internal.AnnotatedColumn  : Binding column: AnnotatedColumn()
2025-04-29T21:36:52.174-04:00 DEBUG 9012 --- [actividad_sumativa_semana8] [           main] o.h.boot.model.internal.PropertyBinder   : MetadataSourceProcessor property nombre with lazy=false
2025-04-29T21:36:52.174-04:00 DEBUG 9012 --- [actividad_sumativa_semana8] [           main] o.h.b.m.internal.AbstractPropertyHolder  : Attempting to locate auto-apply AttributeConverter for property [com.example.actividad_sumativa_semana8.Model.Participante:nombre]
2025-04-29T21:36:52.174-04:00 DEBUG 9012 --- [actividad_sumativa_semana8] [           main] o.h.b.model.internal.BasicValueBinder    : building BasicValue for nombre
2025-04-29T21:36:52.174-04:00 DEBUG 9012 --- [actividad_sumativa_semana8] [           main] org.hibernate.mapping.BasicValue         : Skipping column re-registration: participante.nombre
2025-04-29T21:36:52.175-04:00 DEBUG 9012 --- [actividad_sumativa_semana8] [           main] o.h.boot.model.internal.PropertyBinder   : Building property nombre
2025-04-29T21:36:52.175-04:00 DEBUG 9012 --- [actividad_sumativa_semana8] [           main] o.h.boot.model.internal.AnnotatedColumn  : Binding column: AnnotatedColumn()
2025-04-29T21:36:52.175-04:00 DEBUG 9012 --- [actividad_sumativa_semana8] [           main] o.h.boot.model.internal.PropertyBinder   : MetadataSourceProcessor property nombreMascota with lazy=false
2025-04-29T21:36:52.175-04:00 DEBUG 9012 --- [actividad_sumativa_semana8] [           main] o.h.b.m.internal.AbstractPropertyHolder  : Attempting to locate auto-apply AttributeConverter for property [com.example.actividad_sumativa_semana8.Model.Participante:nombreMascota]
2025-04-29T21:36:52.175-04:00 DEBUG 9012 --- [actividad_sumativa_semana8] [           main] o.h.b.model.internal.BasicValueBinder    : building BasicValue for nombreMascota
2025-04-29T21:36:52.175-04:00 DEBUG 9012 --- [actividad_sumativa_semana8] [           main] org.hibernate.mapping.BasicValue         : Skipping column re-registration: participante.nombre_mascota
2025-04-29T21:36:52.175-04:00 DEBUG 9012 --- [actividad_sumativa_semana8] [           main] o.h.boot.model.internal.PropertyBinder   : Building property nombreMascota
2025-04-29T21:36:52.176-04:00 DEBUG 9012 --- [actividad_sumativa_semana8] [           main] o.h.boot.model.internal.AnnotatedColumn  : Binding column: AnnotatedColumn()
2025-04-29T21:36:52.176-04:00 DEBUG 9012 --- [actividad_sumativa_semana8] [           main] o.h.boot.model.internal.PropertyBinder   : MetadataSourceProcessor property tipoMascota with lazy=false
2025-04-29T21:36:52.176-04:00 DEBUG 9012 --- [actividad_sumativa_semana8] [           main] o.h.b.m.internal.AbstractPropertyHolder  : Attempting to locate auto-apply AttributeConverter for property [com.example.actividad_sumativa_semana8.Model.Participante:tipoMascota]
2025-04-29T21:36:52.176-04:00 DEBUG 9012 --- [actividad_sumativa_semana8] [           main] o.h.b.model.internal.BasicValueBinder    : building BasicValue for tipoMascota
2025-04-29T21:36:52.176-04:00 DEBUG 9012 --- [actividad_sumativa_semana8] [           main] org.hibernate.mapping.BasicValue         : Skipping column re-registration: participante.tipo_mascota
2025-04-29T21:36:52.176-04:00 DEBUG 9012 --- [actividad_sumativa_semana8] [           main] o.h.boot.model.internal.PropertyBinder   : Building property tipoMascota
2025-04-29T21:36:52.178-04:00 DEBUG 9012 --- [actividad_sumativa_semana8] [           main] o.h.b.r.c.i.ClassLoaderServiceImpl       : HHH000194: Package not found or no package-info.java: com.example.actividad_sumativa_semana8.Model
2025-04-29T21:36:52.183-04:00 DEBUG 9012 --- [actividad_sumativa_semana8] [           main] o.h.boot.model.internal.EntityBinder     : Binding entity from annotated class: com.example.actividad_sumativa_semana8.Model.Servicio
2025-04-29T21:36:52.184-04:00 DEBUG 9012 --- [actividad_sumativa_semana8] [           main] o.h.boot.model.internal.EntityBinder     : Import with entity name Servicio
2025-04-29T21:36:52.184-04:00 DEBUG 9012 --- [actividad_sumativa_semana8] [           main] o.h.boot.model.internal.EntityBinder     : Bind entity com.example.actividad_sumativa_semana8.Model.Servicio on table servicio
2025-04-29T21:36:52.184-04:00 DEBUG 9012 --- [actividad_sumativa_semana8] [           main] o.h.boot.model.internal.AnnotatedColumn  : Binding column: AnnotatedDiscriminatorColumn(column='DTYPE')
2025-04-29T21:36:52.192-04:00 DEBUG 9012 --- [actividad_sumativa_semana8] [           main] o.h.boot.model.internal.AnnotatedColumn  : Binding column: AnnotatedColumn()
2025-04-29T21:36:52.192-04:00 DEBUG 9012 --- [actividad_sumativa_semana8] [           main] o.h.boot.internal.ClassLoaderAccessImpl  : Not known whether passed class name [com.example.actividad_sumativa_semana8.Model.Servicio] is safe
2025-04-29T21:36:52.193-04:00 DEBUG 9012 --- [actividad_sumativa_semana8] [           main] o.h.boot.internal.ClassLoaderAccessImpl  : No temp ClassLoader provided; using live ClassLoader for loading potentially unsafe class : com.example.actividad_sumativa_semana8.Model.Servicio
2025-04-29T21:36:52.194-04:00 DEBUG 9012 --- [actividad_sumativa_semana8] [           main] o.h.boot.model.internal.PropertyBinder   : MetadataSourceProcessor property id with lazy=false
2025-04-29T21:36:52.194-04:00 DEBUG 9012 --- [actividad_sumativa_semana8] [           main] o.h.b.m.internal.AbstractPropertyHolder  : Attempting to locate auto-apply AttributeConverter for property [com.example.actividad_sumativa_semana8.Model.Servicio:id]
2025-04-29T21:36:52.194-04:00 DEBUG 9012 --- [actividad_sumativa_semana8] [           main] o.h.b.model.internal.BasicValueBinder    : building BasicValue for id
2025-04-29T21:36:52.194-04:00 DEBUG 9012 --- [actividad_sumativa_semana8] [           main] org.hibernate.mapping.BasicValue         : Skipping column re-registration: servicio.id
2025-04-29T21:36:52.196-04:00 DEBUG 9012 --- [actividad_sumativa_semana8] [           main] o.h.boot.model.internal.PropertyBinder   : Building property id
2025-04-29T21:36:52.198-04:00 DEBUG 9012 --- [actividad_sumativa_semana8] [           main] o.h.boot.model.internal.BinderHelper     : #makeIdGenerator(BasicValue([Column(id)]), id, identity, , ...)
2025-04-29T21:36:52.199-04:00 DEBUG 9012 --- [actividad_sumativa_semana8] [           main] o.h.boot.model.internal.AnnotatedColumn  : Binding column: AnnotatedColumn()
2025-04-29T21:36:52.199-04:00 DEBUG 9012 --- [actividad_sumativa_semana8] [           main] o.h.boot.model.internal.PropertyBinder   : MetadataSourceProcessor property descripcion with lazy=false
2025-04-29T21:36:52.199-04:00 DEBUG 9012 --- [actividad_sumativa_semana8] [           main] o.h.b.m.internal.AbstractPropertyHolder  : Attempting to locate auto-apply AttributeConverter for property [com.example.actividad_sumativa_semana8.Model.Servicio:descripcion]
2025-04-29T21:36:52.199-04:00 DEBUG 9012 --- [actividad_sumativa_semana8] [           main] o.h.b.model.internal.BasicValueBinder    : building BasicValue for descripcion
2025-04-29T21:36:52.199-04:00 DEBUG 9012 --- [actividad_sumativa_semana8] [           main] org.hibernate.mapping.BasicValue         : Skipping column re-registration: servicio.descripcion
2025-04-29T21:36:52.200-04:00 DEBUG 9012 --- [actividad_sumativa_semana8] [           main] o.h.boot.model.internal.PropertyBinder   : Building property descripcion
2025-04-29T21:36:52.200-04:00 DEBUG 9012 --- [actividad_sumativa_semana8] [           main] o.h.boot.model.internal.AnnotatedColumn  : Binding column: IndexColumn(column='facturas_ORDER')
2025-04-29T21:36:52.201-04:00 DEBUG 9012 --- [actividad_sumativa_semana8] [           main] o.h.boot.model.internal.AnnotatedColumn  : Binding column: AnnotatedColumn()
2025-04-29T21:36:52.202-04:00 DEBUG 9012 --- [actividad_sumativa_semana8] [           main] o.h.boot.model.internal.AnnotatedColumn  : Binding column: AnnotatedColumn(column='facturas_KEY')
2025-04-29T21:36:52.203-04:00 DEBUG 9012 --- [actividad_sumativa_semana8] [           main] o.h.boot.model.internal.AnnotatedColumn  : Binding column: AnnotatedJoinColumn(column='facturas_KEY')
2025-04-29T21:36:52.203-04:00 DEBUG 9012 --- [actividad_sumativa_semana8] [           main] o.h.boot.model.internal.AnnotatedColumn  : Binding column: AnnotatedJoinColumn()
2025-04-29T21:36:52.203-04:00 DEBUG 9012 --- [actividad_sumativa_semana8] [           main] o.h.boot.model.internal.AnnotatedColumn  : Binding column: AnnotatedJoinColumn()
2025-04-29T21:36:52.203-04:00 DEBUG 9012 --- [actividad_sumativa_semana8] [           main] o.h.b.model.internal.CollectionBinder    : Collection role: com.example.actividad_sumativa_semana8.Model.Servicio.facturas
2025-04-29T21:36:52.203-04:00 DEBUG 9012 --- [actividad_sumativa_semana8] [           main] o.h.boot.model.internal.PropertyBinder   : Building property facturas
2025-04-29T21:36:52.204-04:00 DEBUG 9012 --- [actividad_sumativa_semana8] [           main] o.h.boot.model.internal.AnnotatedColumn  : Binding column: AnnotatedColumn()
2025-04-29T21:36:52.204-04:00 DEBUG 9012 --- [actividad_sumativa_semana8] [           main] o.h.boot.model.internal.PropertyBinder   : MetadataSourceProcessor property nombre with lazy=false
2025-04-29T21:36:52.205-04:00 DEBUG 9012 --- [actividad_sumativa_semana8] [           main] o.h.b.m.internal.AbstractPropertyHolder  : Attempting to locate auto-apply AttributeConverter for property [com.example.actividad_sumativa_semana8.Model.Servicio:nombre]
2025-04-29T21:36:52.205-04:00 DEBUG 9012 --- [actividad_sumativa_semana8] [           main] o.h.b.model.internal.BasicValueBinder    : building BasicValue for nombre
2025-04-29T21:36:52.205-04:00 DEBUG 9012 --- [actividad_sumativa_semana8] [           main] org.hibernate.mapping.BasicValue         : Skipping column re-registration: servicio.nombre
2025-04-29T21:36:52.206-04:00 DEBUG 9012 --- [actividad_sumativa_semana8] [           main] o.h.boot.model.internal.PropertyBinder   : Building property nombre
2025-04-29T21:36:52.206-04:00 DEBUG 9012 --- [actividad_sumativa_semana8] [           main] o.h.boot.model.internal.AnnotatedColumn  : Binding column: AnnotatedColumn()
2025-04-29T21:36:52.208-04:00 DEBUG 9012 --- [actividad_sumativa_semana8] [           main] o.h.boot.model.internal.PropertyBinder   : MetadataSourceProcessor property precio with lazy=false
2025-04-29T21:36:52.209-04:00 DEBUG 9012 --- [actividad_sumativa_semana8] [           main] o.h.b.m.internal.AbstractPropertyHolder  : Attempting to locate auto-apply AttributeConverter for property [com.example.actividad_sumativa_semana8.Model.Servicio:precio]
2025-04-29T21:36:52.209-04:00 DEBUG 9012 --- [actividad_sumativa_semana8] [           main] o.h.b.model.internal.BasicValueBinder    : building BasicValue for precio
2025-04-29T21:36:52.210-04:00 DEBUG 9012 --- [actividad_sumativa_semana8] [           main] org.hibernate.mapping.BasicValue         : Skipping column re-registration: servicio.precio
2025-04-29T21:36:52.210-04:00 DEBUG 9012 --- [actividad_sumativa_semana8] [           main] o.h.boot.model.internal.PropertyBinder   : Building property precio
2025-04-29T21:36:52.211-04:00 DEBUG 9012 --- [actividad_sumativa_semana8] [           main] o.h.b.r.c.i.ClassLoaderServiceImpl       : HHH000194: Package not found or no package-info.java: com.example.actividad_sumativa_semana8.Model
2025-04-29T21:36:52.217-04:00 DEBUG 9012 --- [actividad_sumativa_semana8] [           main] o.h.b.model.internal.BasicValueBinder    : Starting `BasicValueBinder#fillSimpleValue` for id
2025-04-29T21:36:52.235-04:00 DEBUG 9012 --- [actividad_sumativa_semana8] [           main] o.h.b.model.internal.BasicValueBinder    : Starting `BasicValueBinder#fillSimpleValue` for descripcion
2025-04-29T21:36:52.236-04:00 DEBUG 9012 --- [actividad_sumativa_semana8] [           main] o.h.b.model.internal.BasicValueBinder    : Starting `BasicValueBinder#fillSimpleValue` for fecha
2025-04-29T21:36:52.236-04:00 DEBUG 9012 --- [actividad_sumativa_semana8] [           main] o.h.b.model.internal.BasicValueBinder    : Starting `BasicValueBinder#fillSimpleValue` for lugar
2025-04-29T21:36:52.236-04:00 DEBUG 9012 --- [actividad_sumativa_semana8] [           main] o.h.b.model.internal.BasicValueBinder    : Starting `BasicValueBinder#fillSimpleValue` for nombre
2025-04-29T21:36:52.236-04:00 DEBUG 9012 --- [actividad_sumativa_semana8] [           main] o.h.b.model.internal.BasicValueBinder    : Starting `BasicValueBinder#fillSimpleValue` for tipo
2025-04-29T21:36:52.238-04:00 DEBUG 9012 --- [actividad_sumativa_semana8] [           main] o.h.b.model.internal.BasicValueBinder    : Starting `BasicValueBinder#fillSimpleValue` for id
2025-04-29T21:36:52.238-04:00 DEBUG 9012 --- [actividad_sumativa_semana8] [           main] o.h.b.model.internal.BasicValueBinder    : Starting `BasicValueBinder#fillSimpleValue` for estado
2025-04-29T21:36:52.241-04:00 DEBUG 9012 --- [actividad_sumativa_semana8] [           main] o.h.b.model.internal.BasicValueBinder    : Starting `BasicValueBinder#fillSimpleValue` for fechaEmision
2025-04-29T21:36:52.241-04:00 DEBUG 9012 --- [actividad_sumativa_semana8] [           main] o.h.b.model.internal.BasicValueBinder    : Starting `BasicValueBinder#fillSimpleValue` for total
2025-04-29T21:36:52.241-04:00 DEBUG 9012 --- [actividad_sumativa_semana8] [           main] o.h.b.model.internal.BasicValueBinder    : Starting `BasicValueBinder#fillSimpleValue` for id
2025-04-29T21:36:52.241-04:00 DEBUG 9012 --- [actividad_sumativa_semana8] [           main] o.h.b.model.internal.BasicValueBinder    : Starting `BasicValueBinder#fillSimpleValue` for nombre
2025-04-29T21:36:52.244-04:00 DEBUG 9012 --- [actividad_sumativa_semana8] [           main] o.h.b.model.internal.BasicValueBinder    : Starting `BasicValueBinder#fillSimpleValue` for nombreMascota
2025-04-29T21:36:52.244-04:00 DEBUG 9012 --- [actividad_sumativa_semana8] [           main] o.h.b.model.internal.BasicValueBinder    : Starting `BasicValueBinder#fillSimpleValue` for tipoMascota
2025-04-29T21:36:52.244-04:00 DEBUG 9012 --- [actividad_sumativa_semana8] [           main] o.h.b.model.internal.BasicValueBinder    : Starting `BasicValueBinder#fillSimpleValue` for id
2025-04-29T21:36:52.244-04:00 DEBUG 9012 --- [actividad_sumativa_semana8] [           main] o.h.b.model.internal.BasicValueBinder    : Starting `BasicValueBinder#fillSimpleValue` for descripcion
2025-04-29T21:36:52.247-04:00 DEBUG 9012 --- [actividad_sumativa_semana8] [           main] o.h.b.model.internal.BasicValueBinder    : Starting `BasicValueBinder#fillSimpleValue` for nombre
2025-04-29T21:36:52.252-04:00 DEBUG 9012 --- [actividad_sumativa_semana8] [           main] o.h.b.model.internal.BasicValueBinder    : Starting `BasicValueBinder#fillSimpleValue` for precio
2025-04-29T21:36:52.290-04:00 DEBUG 9012 --- [actividad_sumativa_semana8] [           main] org.hibernate.mapping.PrimaryKey         : Forcing column [id] to be non-null as it is part of the primary key for table [evento]
2025-04-29T21:36:52.290-04:00 DEBUG 9012 --- [actividad_sumativa_semana8] [           main] org.hibernate.mapping.PrimaryKey         : Forcing column [id] to be non-null as it is part of the primary key for table [factura]
2025-04-29T21:36:52.290-04:00 DEBUG 9012 --- [actividad_sumativa_semana8] [           main] org.hibernate.mapping.PrimaryKey         : Forcing column [id] to be non-null as it is part of the primary key for table [participante]
2025-04-29T21:36:52.291-04:00 DEBUG 9012 --- [actividad_sumativa_semana8] [           main] org.hibernate.mapping.PrimaryKey         : Forcing column [id] to be non-null as it is part of the primary key for table [servicio]
2025-04-29T21:36:52.291-04:00 DEBUG 9012 --- [actividad_sumativa_semana8] [           main] o.h.b.m.internal.CollectionSecondPass    : Second pass for collection: com.example.actividad_sumativa_semana8.Model.Factura.servicios
2025-04-29T21:36:52.291-04:00 DEBUG 9012 --- [actividad_sumativa_semana8] [           main] o.h.b.model.internal.CollectionBinder    : Binding a ManyToMany: com.example.actividad_sumativa_semana8.Model.Factura.servicios
2025-04-29T21:36:52.306-04:00 DEBUG 9012 --- [actividad_sumativa_semana8] [           main] o.h.b.r.c.i.ClassLoaderServiceImpl       : HHH000194: Package not found or no package-info.java: com.example.actividad_sumativa_semana8.Model
2025-04-29T21:36:52.332-04:00 DEBUG 9012 --- [actividad_sumativa_semana8] [           main] o.h.b.m.internal.CollectionSecondPass    : Mapped collection key: factura_id, element: servicio_id
2025-04-29T21:36:52.333-04:00 DEBUG 9012 --- [actividad_sumativa_semana8] [           main] o.h.b.m.internal.CollectionSecondPass    : Second pass for collection: com.example.actividad_sumativa_semana8.Model.Evento.participantes
2025-04-29T21:36:52.337-04:00 DEBUG 9012 --- [actividad_sumativa_semana8] [           main] o.h.b.model.internal.CollectionBinder    : Binding a OneToMany: com.example.actividad_sumativa_semana8.Model.Evento.participantes through a foreign key
2025-04-29T21:36:52.338-04:00 DEBUG 9012 --- [actividad_sumativa_semana8] [           main] o.h.b.model.internal.CollectionBinder    : Mapping collection: com.example.actividad_sumativa_semana8.Model.Evento.participantes -> participante
2025-04-29T21:36:52.339-04:00 DEBUG 9012 --- [actividad_sumativa_semana8] [           main] o.h.boot.model.internal.TableBinder      : Retrieving property com.example.actividad_sumativa_semana8.Model.Participante.evento
2025-04-29T21:36:52.342-04:00 DEBUG 9012 --- [actividad_sumativa_semana8] [           main] o.h.b.m.internal.CollectionSecondPass    : Mapped collection key: evento_id, one-to-many: com.example.actividad_sumativa_semana8.Model.Participante
2025-04-29T21:36:52.343-04:00 DEBUG 9012 --- [actividad_sumativa_semana8] [           main] o.h.b.m.internal.CollectionSecondPass    : Second pass for collection: com.example.actividad_sumativa_semana8.Model.Servicio.facturas
2025-04-29T21:36:52.345-04:00 DEBUG 9012 --- [actividad_sumativa_semana8] [           main] o.h.b.model.internal.CollectionBinder    : Binding a ManyToMany: com.example.actividad_sumativa_semana8.Model.Servicio.facturas
2025-04-29T21:36:52.350-04:00 DEBUG 9012 --- [actividad_sumativa_semana8] [           main] o.h.b.r.c.i.ClassLoaderServiceImpl       : HHH000194: Package not found or no package-info.java: com.example.actividad_sumativa_semana8.Model
2025-04-29T21:36:52.352-04:00 DEBUG 9012 --- [actividad_sumativa_semana8] [           main] o.h.boot.model.internal.TableBinder      : Retrieving property com.example.actividad_sumativa_semana8.Model.Factura.servicios
2025-04-29T21:36:52.354-04:00 DEBUG 9012 --- [actividad_sumativa_semana8] [           main] o.h.b.m.internal.CollectionSecondPass    : Mapped collection key: servicio_id, element: factura_id
2025-04-29T21:36:52.594-04:00 DEBUG 9012 --- [actividad_sumativa_semana8] [           main] o.hibernate.internal.SessionFactoryImpl  : Building session factory
2025-04-29T21:36:52.703-04:00 DEBUG 9012 --- [actividad_sumativa_semana8] [           main] .h.s.i.SessionFactoryServiceRegistryImpl : EventListenerRegistry access via ServiceRegistry is deprecated.  Use `sessionFactory.getEventEngine().getListenerRegistry()` instead
2025-04-29T21:36:52.703-04:00 DEBUG 9012 --- [actividad_sumativa_semana8] [           main] o.hibernate.internal.SessionFactoryImpl  : Instantiating SessionFactory with settings: {java.specification.version=23, sun.cpu.isalist=amd64, hibernate.resource.beans.container=org.springframework.orm.hibernate5.SpringBeanContainer@7fba492e, hibernate.connection.handling_mode=DELAYED_ACQUISITION_AND_HOLD, sun.jnu.encoding=Cp1252, hibernate.dialect=org.hibernate.dialect.OracleDialect, hibernate.implicit_naming_strategy=org.springframework.boot.orm.jpa.hibernate.SpringImplicitNamingStrategy, java.class.path=C:\Users\rodri\OneDrive\Escritorio\Actividad_Sumativa_Semana8\target\test-classes;C:\Users\rodri\OneDrive\Escritorio\Actividad_Sumativa_Semana8\target\classes;C:\Users\rodri\.m2\repository\org\springframework\boot\spring-boot-starter-actuator\3.4.4\spring-boot-starter-actuator-3.4.4.jar;C:\Users\rodri\.m2\repository\org\springframework\boot\spring-boot-starter\3.4.4\spring-boot-starter-3.4.4.jar;C:\Users\rodri\.m2\repository\org\springframework\boot\spring-boot-starter-logging\3.4.4\spring-boot-starter-logging-3.4.4.jar;C:\Users\rodri\.m2\repository\ch\qos\logback\logback-classic\1.5.18\logback-classic-1.5.18.jar;C:\Users\rodri\.m2\repository\ch\qos\logback\logback-core\1.5.18\logback-core-1.5.18.jar;C:\Users\rodri\.m2\repository\org\apache\logging\log4j\log4j-to-slf4j\2.24.3\log4j-to-slf4j-2.24.3.jar;C:\Users\rodri\.m2\repository\org\apache\logging\log4j\log4j-api\2.24.3\log4j-api-2.24.3.jar;C:\Users\rodri\.m2\repository\org\slf4j\jul-to-slf4j\2.0.17\jul-to-slf4j-2.0.17.jar;C:\Users\rodri\.m2\repository\jakarta\annotation\jakarta.annotation-api\2.1.1\jakarta.annotation-api-2.1.1.jar;C:\Users\rodri\.m2\repository\org\yaml\snakeyaml\2.3\snakeyaml-2.3.jar;C:\Users\rodri\.m2\repository\org\springframework\boot\spring-boot-actuator-autoconfigure\3.4.4\spring-boot-actuator-autoconfigure-3.4.4.jar;C:\Users\rodri\.m2\repository\org\springframework\boot\spring-boot-actuator\3.4.4\spring-boot-actuator-3.4.4.jar;C:\Users\rodri\.m2\repository\com\fasterxml\jackson\datatype\jackson-datatype-jsr310\2.18.3\jackson-datatype-jsr310-2.18.3.jar;C:\Users\rodri\.m2\repository\io\micrometer\micrometer-observation\1.14.5\micrometer-observation-1.14.5.jar;C:\Users\rodri\.m2\repository\io\micrometer\micrometer-commons\1.14.5\micrometer-commons-1.14.5.jar;C:\Users\rodri\.m2\repository\io\micrometer\micrometer-jakarta9\1.14.5\micrometer-jakarta9-1.14.5.jar;C:\Users\rodri\.m2\repository\io\micrometer\micrometer-core\1.14.5\micrometer-core-1.14.5.jar;C:\Users\rodri\.m2\repository\org\hdrhistogram\HdrHistogram\2.2.2\HdrHistogram-2.2.2.jar;C:\Users\rodri\.m2\repository\org\latencyutils\LatencyUtils\2.0.3\LatencyUtils-2.0.3.jar;C:\Users\rodri\.m2\repository\org\springframework\boot\spring-boot-starter-web\3.4.4\spring-boot-starter-web-3.4.4.jar;C:\Users\rodri\.m2\repository\org\springframework\boot\spring-boot-starter-json\3.4.4\spring-boot-starter-json-3.4.4.jar;C:\Users\rodri\.m2\repository\com\fasterxml\jackson\datatype\jackson-datatype-jdk8\2.18.3\jackson-datatype-jdk8-2.18.3.jar;C:\Users\rodri\.m2\repository\com\fasterxml\jackson\module\jackson-module-parameter-names\2.18.3\jackson-module-parameter-names-2.18.3.jar;C:\Users\rodri\.m2\repository\org\springframework\boot\spring-boot-starter-tomcat\3.4.4\spring-boot-starter-tomcat-3.4.4.jar;C:\Users\rodri\.m2\repository\org\apache\tomcat\embed\tomcat-embed-core\10.1.39\tomcat-embed-core-10.1.39.jar;C:\Users\rodri\.m2\repository\org\apache\tomcat\embed\tomcat-embed-websocket\10.1.39\tomcat-embed-websocket-10.1.39.jar;C:\Users\rodri\.m2\repository\org\springframework\spring-web\6.2.5\spring-web-6.2.5.jar;C:\Users\rodri\.m2\repository\org\springframework\spring-webmvc\6.2.5\spring-webmvc-6.2.5.jar;C:\Users\rodri\.m2\repository\org\springframework\spring-expression\6.2.5\spring-expression-6.2.5.jar;C:\Users\rodri\.m2\repository\org\springframework\boot\spring-boot-devtools\3.4.4\spring-boot-devtools-3.4.4.jar;C:\Users\rodri\.m2\repository\org\springframework\boot\spring-boot\3.4.4\spring-boot-3.4.4.jar;C:\Users\rodri\.m2\repository\org\springframework\boot\spring-boot-autoconfigure\3.4.4\spring-boot-autoconfigure-3.4.4.jar;C:\Users\rodri\.m2\repository\org\springframework\boot\spring-boot-starter-data-jpa\3.4.4\spring-boot-starter-data-jpa-3.4.4.jar;C:\Users\rodri\.m2\repository\org\springframework\boot\spring-boot-starter-jdbc\3.4.4\spring-boot-starter-jdbc-3.4.4.jar;C:\Users\rodri\.m2\repository\com\zaxxer\HikariCP\5.1.0\HikariCP-5.1.0.jar;C:\Users\rodri\.m2\repository\org\springframework\spring-jdbc\6.2.5\spring-jdbc-6.2.5.jar;C:\Users\rodri\.m2\repository\org\hibernate\orm\hibernate-core\6.6.11.Final\hibernate-core-6.6.11.Final.jar;C:\Users\rodri\.m2\repository\jakarta\persistence\jakarta.persistence-api\3.1.0\jakarta.persistence-api-3.1.0.jar;C:\Users\rodri\.m2\repository\jakarta\transaction\jakarta.transaction-api\2.0.1\jakarta.transaction-api-2.0.1.jar;C:\Users\rodri\.m2\repository\org\jboss\logging\jboss-logging\3.6.1.Final\jboss-logging-3.6.1.Final.jar;C:\Users\rodri\.m2\repository\org\hibernate\common\hibernate-commons-annotations\7.0.3.Final\hibernate-commons-annotations-7.0.3.Final.jar;C:\Users\rodri\.m2\repository\io\smallrye\jandex\3.2.0\jandex-3.2.0.jar;C:\Users\rodri\.m2\repository\com\fasterxml\classmate\1.7.0\classmate-1.7.0.jar;C:\Users\rodri\.m2\repository\net\bytebuddy\byte-buddy\1.15.11\byte-buddy-1.15.11.jar;C:\Users\rodri\.m2\repository\org\glassfish\jaxb\jaxb-runtime\4.0.5\jaxb-runtime-4.0.5.jar;C:\Users\rodri\.m2\repository\org\glassfish\jaxb\jaxb-core\4.0.5\jaxb-core-4.0.5.jar;C:\Users\rodri\.m2\repository\org\eclipse\angus\angus-activation\2.0.2\angus-activation-2.0.2.jar;C:\Users\rodri\.m2\repository\org\glassfish\jaxb\txw2\4.0.5\txw2-4.0.5.jar;C:\Users\rodri\.m2\repository\com\sun\istack\istack-commons-runtime\4.1.2\istack-commons-runtime-4.1.2.jar;C:\Users\rodri\.m2\repository\jakarta\inject\jakarta.inject-api\2.0.1\jakarta.inject-api-2.0.1.jar;C:\Users\rodri\.m2\repository\org\antlr\antlr4-runtime\4.13.0\antlr4-runtime-4.13.0.jar;C:\Users\rodri\.m2\repository\org\springframework\data\spring-data-jpa\3.4.4\spring-data-jpa-3.4.4.jar;C:\Users\rodri\.m2\repository\org\springframework\data\spring-data-commons\3.4.4\spring-data-commons-3.4.4.jar;C:\Users\rodri\.m2\repository\org\springframework\spring-orm\6.2.5\spring-orm-6.2.5.jar;C:\Users\rodri\.m2\repository\org\springframework\spring-tx\6.2.5\spring-tx-6.2.5.jar;C:\Users\rodri\.m2\repository\org\springframework\spring-aspects\6.2.5\spring-aspects-6.2.5.jar;C:\Users\rodri\.m2\repository\org\aspectj\aspectjweaver\1.9.23\aspectjweaver-1.9.23.jar;C:\Users\rodri\.m2\repository\org\springframework\boot\spring-boot-starter-validation\3.4.4\spring-boot-starter-validation-3.4.4.jar;C:\Users\rodri\.m2\repository\org\apache\tomcat\embed\tomcat-embed-el\10.1.39\tomcat-embed-el-10.1.39.jar;C:\Users\rodri\.m2\repository\org\hibernate\validator\hibernate-validator\8.0.2.Final\hibernate-validator-8.0.2.Final.jar;C:\Users\rodri\.m2\repository\jakarta\validation\jakarta.validation-api\3.0.2\jakarta.validation-api-3.0.2.jar;C:\Users\rodri\.m2\repository\org\springframework\boot\spring-boot-starter-test\3.4.4\spring-boot-starter-test-3.4.4.jar;C:\Users\rodri\.m2\repository\org\springframework\boot\spring-boot-test\3.4.4\spring-boot-test-3.4.4.jar;C:\Users\rodri\.m2\repository\org\springframework\boot\spring-boot-test-autoconfigure\3.4.4\spring-boot-test-autoconfigure-3.4.4.jar;C:\Users\rodri\.m2\repository\com\jayway\jsonpath\json-path\2.9.0\json-path-2.9.0.jar;C:\Users\rodri\.m2\repository\jakarta\xml\bind\jakarta.xml.bind-api\4.0.2\jakarta.xml.bind-api-4.0.2.jar;C:\Users\rodri\.m2\repository\jakarta\activation\jakarta.activation-api\2.1.3\jakarta.activation-api-2.1.3.jar;C:\Users\rodri\.m2\repository\net\minidev\json-smart\2.5.2\json-smart-2.5.2.jar;C:\Users\rodri\.m2\repository\net\minidev\accessors-smart\2.5.2\accessors-smart-2.5.2.jar;C:\Users\rodri\.m2\repository\org\ow2\asm\asm\9.7.1\asm-9.7.1.jar;C:\Users\rodri\.m2\repository\org\assertj\assertj-core\3.26.3\assertj-core-3.26.3.jar;C:\Users\rodri\.m2\repository\org\awaitility\awaitility\4.2.2\awaitility-4.2.2.jar;C:\Users\rodri\.m2\repository\org\hamcrest\hamcrest\2.2\hamcrest-2.2.jar;C:\Users\rodri\.m2\repository\org\junit\jupiter\junit-jupiter\5.11.4\junit-jupiter-5.11.4.jar;C:\Users\rodri\.m2\repository\org\junit\jupiter\junit-jupiter-api\5.11.4\junit-jupiter-api-5.11.4.jar;C:\Users\rodri\.m2\repository\org\opentest4j\opentest4j\1.3.0\opentest4j-1.3.0.jar;C:\Users\rodri\.m2\repository\org\junit\platform\junit-platform-commons\1.11.4\junit-platform-commons-1.11.4.jar;C:\Users\rodri\.m2\repository\org\apiguardian\apiguardian-api\1.1.2\apiguardian-api-1.1.2.jar;C:\Users\rodri\.m2\repository\org\junit\jupiter\junit-jupiter-params\5.11.4\junit-jupiter-params-5.11.4.jar;C:\Users\rodri\.m2\repository\org\junit\jupiter\junit-jupiter-engine\5.11.4\junit-jupiter-engine-5.11.4.jar;C:\Users\rodri\.m2\repository\org\junit\platform\junit-platform-engine\1.11.4\junit-platform-engine-1.11.4.jar;C:\Users\rodri\.m2\repository\org\mockito\mockito-core\5.14.2\mockito-core-5.14.2.jar;C:\Users\rodri\.m2\repository\net\bytebuddy\byte-buddy-agent\1.15.11\byte-buddy-agent-1.15.11.jar;C:\Users\rodri\.m2\repository\org\objenesis\objenesis\3.3\objenesis-3.3.jar;C:\Users\rodri\.m2\repository\org\mockito\mockito-junit-jupiter\5.14.2\mockito-junit-jupiter-5.14.2.jar;C:\Users\rodri\.m2\repository\org\skyscreamer\jsonassert\1.5.3\jsonassert-1.5.3.jar;C:\Users\rodri\.m2\repository\com\vaadin\external\google\android-json\0.0.20131108.vaadin1\android-json-0.0.20131108.vaadin1.jar;C:\Users\rodri\.m2\repository\org\springframework\spring-core\6.2.5\spring-core-6.2.5.jar;C:\Users\rodri\.m2\repository\org\springframework\spring-jcl\6.2.5\spring-jcl-6.2.5.jar;C:\Users\rodri\.m2\repository\org\springframework\spring-test\6.2.5\spring-test-6.2.5.jar;C:\Users\rodri\.m2\repository\org\xmlunit\xmlunit-core\2.10.0\xmlunit-core-2.10.0.jar;C:\Users\rodri\.m2\repository\org\projectlombok\lombok\1.18.36\lombok-1.18.36.jar;C:\Users\rodri\.m2\repository\com\oracle\database\jdbc\ojdbc11\23.5.0.24.07\ojdbc11-23.5.0.24.07.jar;C:\Users\rodri\.m2\repository\com\oracle\database\security\oraclepki\23.5.0.24.07\oraclepki-23.5.0.24.07.jar;C:\Users\rodri\.m2\repository\org\springframework\hateoas\spring-hateoas\2.4.1\spring-hateoas-2.4.1.jar;C:\Users\rodri\.m2\repository\org\springframework\spring-aop\6.2.5\spring-aop-6.2.5.jar;C:\Users\rodri\.m2\repository\org\springframework\spring-beans\6.2.5\spring-beans-6.2.5.jar;C:\Users\rodri\.m2\repository\org\springframework\spring-context\6.2.5\spring-context-6.2.5.jar;C:\Users\rodri\.m2\repository\org\springframework\plugin\spring-plugin-core\3.0.0\spring-plugin-core-3.0.0.jar;C:\Users\rodri\.m2\repository\org\slf4j\slf4j-api\2.0.17\slf4j-api-2.0.17.jar;C:\Users\rodri\.m2\repository\com\fasterxml\jackson\core\jackson-databind\2.18.3\jackson-databind-2.18.3.jar;C:\Users\rodri\.m2\repository\com\fasterxml\jackson\core\jackson-annotations\2.18.3\jackson-annotations-2.18.3.jar;C:\Users\rodri\.m2\repository\com\fasterxml\jackson\core\jackson-core\2.18.3\jackson-core-2.18.3.jar;C:\Users\rodri\.m2\repository\javax\persistence\javax.persistence-api\2.2\javax.persistence-api-2.2.jar;, java.vm.vendor=Oracle Corporation, sun.arch.data.model=64, user.variant=, java.vendor.url=https://java.oracle.com/, user.timezone=America/Santiago, jakarta.persistence.sharedCache.mode=UNSPECIFIED, org.jboss.logging.provider=slf4j, os.name=Windows 11, java.vm.specification.version=23, APPLICATION_NAME=actividad_sumativa_semana8, jakarta.persistence.nonJtaDataSource=HikariDataSource (HikariPool-1), sun.java.launcher=SUN_STANDARD, user.country=CL, sun.boot.library.path=C:\Program Files\Java\jdk-23\bin, sun.java.command=C:\Users\rodri\AppData\Local\Temp\surefire10848461457305134064\surefirebooter-20250429213640056_3.jar C:\Users\rodri\AppData\Local\Temp\surefire10848461457305134064 2025-04-29T21-36-39_768-jvmRun1 surefire-20250429213640056_1tmp surefire_0-20250429213640056_2tmp, javax.persistence.nonJtaDataSource=HikariDataSource (HikariPool-1), hibernate.transaction.jta.platform=org.hibernate.engine.transaction.jta.platform.internal.NoJtaPlatform@6eeeb9da, jdk.debug=release, surefire.test.class.path=C:\Users\rodri\OneDrive\Escritorio\Actividad_Sumativa_Semana8\target\test-classes;C:\Users\rodri\OneDrive\Escritorio\Actividad_Sumativa_Semana8\target\classes;C:\Users\rodri\.m2\repository\org\springframework\boot\spring-boot-starter-actuator\3.4.4\spring-boot-starter-actuator-3.4.4.jar;C:\Users\rodri\.m2\repository\org\springframework\boot\spring-boot-starter\3.4.4\spring-boot-starter-3.4.4.jar;C:\Users\rodri\.m2\repository\org\springframework\boot\spring-boot-starter-logging\3.4.4\spring-boot-starter-logging-3.4.4.jar;C:\Users\rodri\.m2\repository\ch\qos\logback\logback-classic\1.5.18\logback-classic-1.5.18.jar;C:\Users\rodri\.m2\repository\ch\qos\logback\logback-core\1.5.18\logback-core-1.5.18.jar;C:\Users\rodri\.m2\repository\org\apache\logging\log4j\log4j-to-slf4j\2.24.3\log4j-to-slf4j-2.24.3.jar;C:\Users\rodri\.m2\repository\org\apache\logging\log4j\log4j-api\2.24.3\log4j-api-2.24.3.jar;C:\Users\rodri\.m2\repository\org\slf4j\jul-to-slf4j\2.0.17\jul-to-slf4j-2.0.17.jar;C:\Users\rodri\.m2\repository\jakarta\annotation\jakarta.annotation-api\2.1.1\jakarta.annotation-api-2.1.1.jar;C:\Users\rodri\.m2\repository\org\yaml\snakeyaml\2.3\snakeyaml-2.3.jar;C:\Users\rodri\.m2\repository\org\springframework\boot\spring-boot-actuator-autoconfigure\3.4.4\spring-boot-actuator-autoconfigure-3.4.4.jar;C:\Users\rodri\.m2\repository\org\springframework\boot\spring-boot-actuator\3.4.4\spring-boot-actuator-3.4.4.jar;C:\Users\rodri\.m2\repository\com\fasterxml\jackson\datatype\jackson-datatype-jsr310\2.18.3\jackson-datatype-jsr310-2.18.3.jar;C:\Users\rodri\.m2\repository\io\micrometer\micrometer-observation\1.14.5\micrometer-observation-1.14.5.jar;C:\Users\rodri\.m2\repository\io\micrometer\micrometer-commons\1.14.5\micrometer-commons-1.14.5.jar;C:\Users\rodri\.m2\repository\io\micrometer\micrometer-jakarta9\1.14.5\micrometer-jakarta9-1.14.5.jar;C:\Users\rodri\.m2\repository\io\micrometer\micrometer-core\1.14.5\micrometer-core-1.14.5.jar;C:\Users\rodri\.m2\repository\org\hdrhistogram\HdrHistogram\2.2.2\HdrHistogram-2.2.2.jar;C:\Users\rodri\.m2\repository\org\latencyutils\LatencyUtils\2.0.3\LatencyUtils-2.0.3.jar;C:\Users\rodri\.m2\repository\org\springframework\boot\spring-boot-starter-web\3.4.4\spring-boot-starter-web-3.4.4.jar;C:\Users\rodri\.m2\repository\org\springframework\boot\spring-boot-starter-json\3.4.4\spring-boot-starter-json-3.4.4.jar;C:\Users\rodri\.m2\repository\com\fasterxml\jackson\datatype\jackson-datatype-jdk8\2.18.3\jackson-datatype-jdk8-2.18.3.jar;C:\Users\rodri\.m2\repository\com\fasterxml\jackson\module\jackson-module-parameter-names\2.18.3\jackson-module-parameter-names-2.18.3.jar;C:\Users\rodri\.m2\repository\org\springframework\boot\spring-boot-starter-tomcat\3.4.4\spring-boot-starter-tomcat-3.4.4.jar;C:\Users\rodri\.m2\repository\org\apache\tomcat\embed\tomcat-embed-core\10.1.39\tomcat-embed-core-10.1.39.jar;C:\Users\rodri\.m2\repository\org\apache\tomcat\embed\tomcat-embed-websocket\10.1.39\tomcat-embed-websocket-10.1.39.jar;C:\Users\rodri\.m2\repository\org\springframework\spring-web\6.2.5\spring-web-6.2.5.jar;C:\Users\rodri\.m2\repository\org\springframework\spring-webmvc\6.2.5\spring-webmvc-6.2.5.jar;C:\Users\rodri\.m2\repository\org\springframework\spring-expression\6.2.5\spring-expression-6.2.5.jar;C:\Users\rodri\.m2\repository\org\springframework\boot\spring-boot-devtools\3.4.4\spring-boot-devtools-3.4.4.jar;C:\Users\rodri\.m2\repository\org\springframework\boot\spring-boot\3.4.4\spring-boot-3.4.4.jar;C:\Users\rodri\.m2\repository\org\springframework\boot\spring-boot-autoconfigure\3.4.4\spring-boot-autoconfigure-3.4.4.jar;C:\Users\rodri\.m2\repository\org\springframework\boot\spring-boot-starter-data-jpa\3.4.4\spring-boot-starter-data-jpa-3.4.4.jar;C:\Users\rodri\.m2\repository\org\springframework\boot\spring-boot-starter-jdbc\3.4.4\spring-boot-starter-jdbc-3.4.4.jar;C:\Users\rodri\.m2\repository\com\zaxxer\HikariCP\5.1.0\HikariCP-5.1.0.jar;C:\Users\rodri\.m2\repository\org\springframework\spring-jdbc\6.2.5\spring-jdbc-6.2.5.jar;C:\Users\rodri\.m2\repository\org\hibernate\orm\hibernate-core\6.6.11.Final\hibernate-core-6.6.11.Final.jar;C:\Users\rodri\.m2\repository\jakarta\persistence\jakarta.persistence-api\3.1.0\jakarta.persistence-api-3.1.0.jar;C:\Users\rodri\.m2\repository\jakarta\transaction\jakarta.transaction-api\2.0.1\jakarta.transaction-api-2.0.1.jar;C:\Users\rodri\.m2\repository\org\jboss\logging\jboss-logging\3.6.1.Final\jboss-logging-3.6.1.Final.jar;C:\Users\rodri\.m2\repository\org\hibernate\common\hibernate-commons-annotations\7.0.3.Final\hibernate-commons-annotations-7.0.3.Final.jar;C:\Users\rodri\.m2\repository\io\smallrye\jandex\3.2.0\jandex-3.2.0.jar;C:\Users\rodri\.m2\repository\com\fasterxml\classmate\1.7.0\classmate-1.7.0.jar;C:\Users\rodri\.m2\repository\net\bytebuddy\byte-buddy\1.15.11\byte-buddy-1.15.11.jar;C:\Users\rodri\.m2\repository\org\glassfish\jaxb\jaxb-runtime\4.0.5\jaxb-runtime-4.0.5.jar;C:\Users\rodri\.m2\repository\org\glassfish\jaxb\jaxb-core\4.0.5\jaxb-core-4.0.5.jar;C:\Users\rodri\.m2\repository\org\eclipse\angus\angus-activation\2.0.2\angus-activation-2.0.2.jar;C:\Users\rodri\.m2\repository\org\glassfish\jaxb\txw2\4.0.5\txw2-4.0.5.jar;C:\Users\rodri\.m2\repository\com\sun\istack\istack-commons-runtime\4.1.2\istack-commons-runtime-4.1.2.jar;C:\Users\rodri\.m2\repository\jakarta\inject\jakarta.inject-api\2.0.1\jakarta.inject-api-2.0.1.jar;C:\Users\rodri\.m2\repository\org\antlr\antlr4-runtime\4.13.0\antlr4-runtime-4.13.0.jar;C:\Users\rodri\.m2\repository\org\springframework\data\spring-data-jpa\3.4.4\spring-data-jpa-3.4.4.jar;C:\Users\rodri\.m2\repository\org\springframework\data\spring-data-commons\3.4.4\spring-data-commons-3.4.4.jar;C:\Users\rodri\.m2\repository\org\springframework\spring-orm\6.2.5\spring-orm-6.2.5.jar;C:\Users\rodri\.m2\repository\org\springframework\spring-tx\6.2.5\spring-tx-6.2.5.jar;C:\Users\rodri\.m2\repository\org\springframework\spring-aspects\6.2.5\spring-aspects-6.2.5.jar;C:\Users\rodri\.m2\repository\org\aspectj\aspectjweaver\1.9.23\aspectjweaver-1.9.23.jar;C:\Users\rodri\.m2\repository\org\springframework\boot\spring-boot-starter-validation\3.4.4\spring-boot-starter-validation-3.4.4.jar;C:\Users\rodri\.m2\repository\org\apache\tomcat\embed\tomcat-embed-el\10.1.39\tomcat-embed-el-10.1.39.jar;C:\Users\rodri\.m2\repository\org\hibernate\validator\hibernate-validator\8.0.2.Final\hibernate-validator-8.0.2.Final.jar;C:\Users\rodri\.m2\repository\jakarta\validation\jakarta.validation-api\3.0.2\jakarta.validation-api-3.0.2.jar;C:\Users\rodri\.m2\repository\org\springframework\boot\spring-boot-starter-test\3.4.4\spring-boot-starter-test-3.4.4.jar;C:\Users\rodri\.m2\repository\org\springframework\boot\spring-boot-test\3.4.4\spring-boot-test-3.4.4.jar;C:\Users\rodri\.m2\repository\org\springframework\boot\spring-boot-test-autoconfigure\3.4.4\spring-boot-test-autoconfigure-3.4.4.jar;C:\Users\rodri\.m2\repository\com\jayway\jsonpath\json-path\2.9.0\json-path-2.9.0.jar;C:\Users\rodri\.m2\repository\jakarta\xml\bind\jakarta.xml.bind-api\4.0.2\jakarta.xml.bind-api-4.0.2.jar;C:\Users\rodri\.m2\repository\jakarta\activation\jakarta.activation-api\2.1.3\jakarta.activation-api-2.1.3.jar;C:\Users\rodri\.m2\repository\net\minidev\json-smart\2.5.2\json-smart-2.5.2.jar;C:\Users\rodri\.m2\repository\net\minidev\accessors-smart\2.5.2\accessors-smart-2.5.2.jar;C:\Users\rodri\.m2\repository\org\ow2\asm\asm\9.7.1\asm-9.7.1.jar;C:\Users\rodri\.m2\repository\org\assertj\assertj-core\3.26.3\assertj-core-3.26.3.jar;C:\Users\rodri\.m2\repository\org\awaitility\awaitility\4.2.2\awaitility-4.2.2.jar;C:\Users\rodri\.m2\repository\org\hamcrest\hamcrest\2.2\hamcrest-2.2.jar;C:\Users\rodri\.m2\repository\org\junit\jupiter\junit-jupiter\5.11.4\junit-jupiter-5.11.4.jar;C:\Users\rodri\.m2\repository\org\junit\jupiter\junit-jupiter-api\5.11.4\junit-jupiter-api-5.11.4.jar;C:\Users\rodri\.m2\repository\org\opentest4j\opentest4j\1.3.0\opentest4j-1.3.0.jar;C:\Users\rodri\.m2\repository\org\junit\platform\junit-platform-commons\1.11.4\junit-platform-commons-1.11.4.jar;C:\Users\rodri\.m2\repository\org\apiguardian\apiguardian-api\1.1.2\apiguardian-api-1.1.2.jar;C:\Users\rodri\.m2\repository\org\junit\jupiter\junit-jupiter-params\5.11.4\junit-jupiter-params-5.11.4.jar;C:\Users\rodri\.m2\repository\org\junit\jupiter\junit-jupiter-engine\5.11.4\junit-jupiter-engine-5.11.4.jar;C:\Users\rodri\.m2\repository\org\junit\platform\junit-platform-engine\1.11.4\junit-platform-engine-1.11.4.jar;C:\Users\rodri\.m2\repository\org\mockito\mockito-core\5.14.2\mockito-core-5.14.2.jar;C:\Users\rodri\.m2\repository\net\bytebuddy\byte-buddy-agent\1.15.11\byte-buddy-agent-1.15.11.jar;C:\Users\rodri\.m2\repository\org\objenesis\objenesis\3.3\objenesis-3.3.jar;C:\Users\rodri\.m2\repository\org\mockito\mockito-junit-jupiter\5.14.2\mockito-junit-jupiter-5.14.2.jar;C:\Users\rodri\.m2\repository\org\skyscreamer\jsonassert\1.5.3\jsonassert-1.5.3.jar;C:\Users\rodri\.m2\repository\com\vaadin\external\google\android-json\0.0.20131108.vaadin1\android-json-0.0.20131108.vaadin1.jar;C:\Users\rodri\.m2\repository\org\springframework\spring-core\6.2.5\spring-core-6.2.5.jar;C:\Users\rodri\.m2\repository\org\springframework\spring-jcl\6.2.5\spring-jcl-6.2.5.jar;C:\Users\rodri\.m2\repository\org\springframework\spring-test\6.2.5\spring-test-6.2.5.jar;C:\Users\rodri\.m2\repository\org\xmlunit\xmlunit-core\2.10.0\xmlunit-core-2.10.0.jar;C:\Users\rodri\.m2\repository\org\projectlombok\lombok\1.18.36\lombok-1.18.36.jar;C:\Users\rodri\.m2\repository\com\oracle\database\jdbc\ojdbc11\23.5.0.24.07\ojdbc11-23.5.0.24.07.jar;C:\Users\rodri\.m2\repository\com\oracle\database\security\oraclepki\23.5.0.24.07\oraclepki-23.5.0.24.07.jar;C:\Users\rodri\.m2\repository\org\springframework\hateoas\spring-hateoas\2.4.1\spring-hateoas-2.4.1.jar;C:\Users\rodri\.m2\repository\org\springframework\spring-aop\6.2.5\spring-aop-6.2.5.jar;C:\Users\rodri\.m2\repository\org\springframework\spring-beans\6.2.5\spring-beans-6.2.5.jar;C:\Users\rodri\.m2\repository\org\springframework\spring-context\6.2.5\spring-context-6.2.5.jar;C:\Users\rodri\.m2\repository\org\springframework\plugin\spring-plugin-core\3.0.0\spring-plugin-core-3.0.0.jar;C:\Users\rodri\.m2\repository\org\slf4j\slf4j-api\2.0.17\slf4j-api-2.0.17.jar;C:\Users\rodri\.m2\repository\com\fasterxml\jackson\core\jackson-databind\2.18.3\jackson-databind-2.18.3.jar;C:\Users\rodri\.m2\repository\com\fasterxml\jackson\core\jackson-annotations\2.18.3\jackson-annotations-2.18.3.jar;C:\Users\rodri\.m2\repository\com\fasterxml\jackson\core\jackson-core\2.18.3\jackson-core-2.18.3.jar;C:\Users\rodri\.m2\repository\javax\persistence\javax.persistence-api\2.2\javax.persistence-api-2.2.jar;, sun.cpu.endian=little, hibernate.cdi.extensions=true, user.home=C:\Users\rodri, user.language=es, java.specification.vendor=Oracle Corporation, java.version.date=2025-01-21, java.home=C:\Program Files\Java\jdk-23, file.separator=\, basedir=C:\Users\rodri\OneDrive\Escritorio\Actividad_Sumativa_Semana8, java.vm.compressedOopsMode=Zero based, line.separator=
, hibernate.persistenceUnitName=default, java.vm.specification.vendor=Oracle Corporation, java.specification.name=Java Platform API Specification, FILE_LOG_CHARSET=UTF-8, hibernate.transaction.coordinator_class=class org.hibernate.resource.transaction.backend.jdbc.internal.JdbcResourceLocalTransactionCoordinatorBuilderImpl, java.awt.headless=true, surefire.real.class.path=C:\Users\rodri\AppData\Local\Temp\surefire10848461457305134064\surefirebooter-20250429213640056_3.jar, jakarta.persistence.validation.mode=AUTO, hibernate.hbm2ddl.auto=create, user.script=, sun.management.compiler=HotSpot 64-Bit Tiered Compilers, java.runtime.version=23.0.2+7-58, user.name=rodri, stdout.encoding=Cp1252, path.separator=;, os.version=10.0, skipTest=true, java.runtime.name=Java(TM) SE Runtime Environment, file.encoding=UTF-8, java.vm.name=Java HotSpot(TM) 64-Bit Server VM, localRepository=C:\Users\rodri\.m2\repository, java.vendor.url.bug=https://bugreport.java.com/bugreport/, java.io.tmpdir=C:\Users\rodri\AppData\Local\Temp\, java.version=23.0.2, hibernate.physical_naming_strategy=org.hibernate.boot.model.naming.CamelCaseToUnderscoresNamingStrategy, user.dir=C:\Users\rodri\OneDrive\Escritorio\Actividad_Sumativa_Semana8, os.arch=amd64, java.vm.specification.name=Java Virtual Machine Specification, PID=9012, sun.os.patch.level=, CONSOLE_LOG_CHARSET=UTF-8, hibernate.boot.CfgXmlAccessService.key=org.hibernate.boot.registry.StandardServiceRegistryBuilder$1@17635531, native.encoding=Cp1252, java.library.path=C:\Program Files\Java\jdk-23\bin;C:\WINDOWS\Sun\Java\bin;C:\WINDOWS\system32;C:\WINDOWS;C:\Users\rodri\Downloads\WINDOWS.X64_193000_db_home\bin;C:\Program Files\Common Files\Oracle\Java\javapath;C:\windows\system32;C:\windows;C:\windows\System32\Wbem;C:\windows\System32\WindowsPowerShell\v1.0\;C:\windows\System32\OpenSSH\;C:\Program Files (x86)\NVIDIA Corporation\PhysX\Common;C:\Program Files\NVIDIA Corporation\NVIDIA NvDLISR;C:\WINDOWS\system32;C:\WINDOWS;C:\WINDOWS\System32\Wbem;C:\WINDOWS\System32\WindowsPowerShell\v1.0\;C:\WINDOWS\System32\OpenSSH\;C:\Program Files\Git\cmd;C:\Program Files\apache-maven-3.9.9-bin\apache-maven-3.9.9\bin;C:\Program Files\apache-maven-3.9.9-bin\apache-maven-3.9.9;;C:\Program Files\Docker\Docker\resources\bin;C:\Users\rodri\AppData\Local\Programs\Python\Python313\Scripts\;C:\Users\rodri\AppData\Local\Programs\Python\Python313\;C:\Users\rodri\AppData\Local\Programs\Python\Launcher\;C:\Users\rodri\AppData\Local\Microsoft\WindowsApps;C:\Users\rodri\AppData\Local\Programs\Microsoft VS Code\bin;C:\Users\rodri\AppData\Local\GitHubDesktop\bin;C:\apache-maven-3.9.9-bin;;c:\Users\rodri\AppData\Roaming\Code\User\globalStorage\github.copilot-chat\debugCommand;., stderr.encoding=Cp1252, java.vendor=Oracle Corporation, java.vm.info=mixed mode, sharing, java.vm.version=23.0.2+7-58, sun.io.unicode.encoding=UnicodeLittle, hibernate.archive.scanner=org.hibernate.boot.archive.scan.internal.DisabledScanner, hibernate.connection.datasource=HikariDataSource (HikariPool-1), java.class.version=67.0, LOGGED_APPLICATION_NAME=[actividad_sumativa_semana8] }
2025-04-29T21:36:52.709-04:00 DEBUG 9012 --- [actividad_sumativa_semana8] [           main] o.hibernate.internal.SessionFactoryImpl  : Session factory constructed with filter configurations : {}
2025-04-29T21:36:52.717-04:00 DEBUG 9012 --- [actividad_sumativa_semana8] [           main] o.h.v.i.xml.config.ValidationXmlParser   : Trying to load META-INF/validation.xml for XML based Validator configuration.
2025-04-29T21:36:52.718-04:00 DEBUG 9012 --- [actividad_sumativa_semana8] [           main] o.h.v.i.xml.config.ResourceLoaderHelper  : Trying to load META-INF/validation.xml via TCCL
2025-04-29T21:36:52.718-04:00 DEBUG 9012 --- [actividad_sumativa_semana8] [           main] o.h.v.i.xml.config.ResourceLoaderHelper  : Trying to load META-INF/validation.xml via Hibernate Validator's class loader
2025-04-29T21:36:52.718-04:00 DEBUG 9012 --- [actividad_sumativa_semana8] [           main] o.h.v.i.xml.config.ValidationXmlParser   : No META-INF/validation.xml found. Using annotation based configuration only.
2025-04-29T21:36:52.718-04:00 DEBUG 9012 --- [actividad_sumativa_semana8] [           main] o.h.v.i.e.resolver.TraversableResolvers  : Found jakarta.persistence.Persistence on classpath containing 'getPersistenceUtil'. Assuming JPA 2 environment. Trying to instantiate JPA aware TraversableResolver
2025-04-29T21:36:52.719-04:00 DEBUG 9012 --- [actividad_sumativa_semana8] [           main] o.h.v.i.e.resolver.TraversableResolvers  : Instantiated JPA aware TraversableResolver of type org.hibernate.validator.internal.engine.resolver.JPATraversableResolver.
2025-04-29T21:36:52.721-04:00 DEBUG 9012 --- [actividad_sumativa_semana8] [           main] .h.v.m.ResourceBundleMessageInterpolator : Loaded expression factory via original TCCL
2025-04-29T21:36:52.723-04:00 DEBUG 9012 --- [actividad_sumativa_semana8] [           main] .i.e.ValidatorFactoryConfigurationHelper : HV000252: Using org.hibernate.validator.internal.engine.DefaultPropertyNodeNameProvider as property node name provider.
2025-04-29T21:36:52.723-04:00 DEBUG 9012 --- [actividad_sumativa_semana8] [           main] .i.e.ValidatorFactoryConfigurationHelper : HV000234: Using org.hibernate.validator.messageinterpolation.ResourceBundleMessageInterpolator as ValidatorFactory-scoped message interpolator.
2025-04-29T21:36:52.723-04:00 DEBUG 9012 --- [actividad_sumativa_semana8] [           main] .i.e.ValidatorFactoryConfigurationHelper : HV000234: Using org.hibernate.validator.internal.engine.resolver.JPATraversableResolver as ValidatorFactory-scoped traversable resolver.
2025-04-29T21:36:52.723-04:00 DEBUG 9012 --- [actividad_sumativa_semana8] [           main] .i.e.ValidatorFactoryConfigurationHelper : HV000234: Using org.hibernate.validator.internal.util.ExecutableParameterNameProvider as ValidatorFactory-scoped parameter name provider.
2025-04-29T21:36:52.723-04:00 DEBUG 9012 --- [actividad_sumativa_semana8] [           main] .i.e.ValidatorFactoryConfigurationHelper : HV000234: Using org.hibernate.validator.internal.engine.DefaultClockProvider as ValidatorFactory-scoped clock provider.
2025-04-29T21:36:52.723-04:00 DEBUG 9012 --- [actividad_sumativa_semana8] [           main] .i.e.ValidatorFactoryConfigurationHelper : HV000234: Using org.hibernate.validator.internal.engine.scripting.DefaultScriptEvaluatorFactory as ValidatorFactory-scoped script evaluator factory.
2025-04-29T21:36:52.725-04:00 DEBUG 9012 --- [actividad_sumativa_semana8] [           main] o.h.boot.internal.ClassLoaderAccessImpl  : Not known whether passed class name [com.example.actividad_sumativa_semana8.Model.Evento] is safe
2025-04-29T21:36:52.725-04:00 DEBUG 9012 --- [actividad_sumativa_semana8] [           main] o.h.boot.internal.ClassLoaderAccessImpl  : No temp ClassLoader provided; using live ClassLoader for loading potentially unsafe class : com.example.actividad_sumativa_semana8.Model.Evento
2025-04-29T21:36:52.776-04:00 DEBUG 9012 --- [actividad_sumativa_semana8] [           main] o.h.boot.internal.ClassLoaderAccessImpl  : Not known whether passed class name [com.example.actividad_sumativa_semana8.Model.Servicio] is safe
2025-04-29T21:36:52.776-04:00 DEBUG 9012 --- [actividad_sumativa_semana8] [           main] o.h.boot.internal.ClassLoaderAccessImpl  : No temp ClassLoader provided; using live ClassLoader for loading potentially unsafe class : com.example.actividad_sumativa_semana8.Model.Servicio
2025-04-29T21:36:52.780-04:00 DEBUG 9012 --- [actividad_sumativa_semana8] [           main] o.h.boot.internal.ClassLoaderAccessImpl  : Not known whether passed class name [com.example.actividad_sumativa_semana8.Model.Factura] is safe
2025-04-29T21:36:52.780-04:00 DEBUG 9012 --- [actividad_sumativa_semana8] [           main] o.h.boot.internal.ClassLoaderAccessImpl  : No temp ClassLoader provided; using live ClassLoader for loading potentially unsafe class : com.example.actividad_sumativa_semana8.Model.Factura
2025-04-29T21:36:52.784-04:00 DEBUG 9012 --- [actividad_sumativa_semana8] [           main] o.h.boot.internal.ClassLoaderAccessImpl  : Not known whether passed class name [com.example.actividad_sumativa_semana8.Model.Participante] is safe
2025-04-29T21:36:52.784-04:00 DEBUG 9012 --- [actividad_sumativa_semana8] [           main] o.h.boot.internal.ClassLoaderAccessImpl  : No temp ClassLoader provided; using live ClassLoader for loading potentially unsafe class : com.example.actividad_sumativa_semana8.Model.Participante
2025-04-29T21:36:52.788-04:00 DEBUG 9012 --- [actividad_sumativa_semana8] [           main] .h.s.i.SessionFactoryServiceRegistryImpl : EventListenerRegistry access via ServiceRegistry is deprecated.  Use `sessionFactory.getEventEngine().getListenerRegistry()` instead
2025-04-29T21:36:52.856-04:00 DEBUG 9012 --- [actividad_sumativa_semana8] [           main] o.h.q.sqm.function.SqmFunctionRegistry   : Registered SqmFunctionTemplate [NamedSqmFunctionTemplate(max)] under max; prior registration was null
2025-04-29T21:36:52.858-04:00 DEBUG 9012 --- [actividad_sumativa_semana8] [           main] o.h.q.sqm.function.SqmFunctionRegistry   : Registered SqmFunctionTemplate [NamedSqmFunctionTemplate(min)] under min; prior registration was null
2025-04-29T21:36:52.858-04:00 DEBUG 9012 --- [actividad_sumativa_semana8] [           main] o.h.q.sqm.function.SqmFunctionRegistry   : Registered SqmFunctionTemplate [NamedSqmFunctionTemplate(sum)] under sum; prior registration was null
2025-04-29T21:36:52.860-04:00 DEBUG 9012 --- [actividad_sumativa_semana8] [           main] o.h.q.sqm.function.SqmFunctionRegistry   : Registered SqmFunctionTemplate [NamedSqmFunctionTemplate(avg)] under avg; prior registration was null
2025-04-29T21:36:52.862-04:00 DEBUG 9012 --- [actividad_sumativa_semana8] [           main] o.h.q.sqm.function.SqmFunctionRegistry   : Registered SqmFunctionTemplate [org.hibernate.dialect.function.CountFunction@7d836c4a] under count; prior registration was null
2025-04-29T21:36:52.864-04:00 DEBUG 9012 --- [actividad_sumativa_semana8] [           main] o.h.q.sqm.function.SqmFunctionRegistry   : Registered SqmFunctionTemplate [org.hibernate.dialect.function.EveryAnyEmulation@3a36da5e] under every; prior registration was null
2025-04-29T21:36:52.864-04:00 DEBUG 9012 --- [actividad_sumativa_semana8] [           main] o.h.q.sqm.function.SqmFunctionRegistry   : Registered SqmFunctionTemplate [org.hibernate.dialect.function.EveryAnyEmulation@b1f36e5] under any; prior registration was null
2025-04-29T21:36:52.864-04:00 DEBUG 9012 --- [actividad_sumativa_semana8] [           main] o.h.q.sqm.function.SqmFunctionRegistry   : Registered SqmFunctionTemplate [NamedSqmFunctionTemplate(floor)] under floor; prior registration was null
2025-04-29T21:36:52.865-04:00 DEBUG 9012 --- [actividad_sumativa_semana8] [           main] o.h.q.sqm.function.SqmFunctionRegistry   : Registered SqmFunctionTemplate [NamedSqmFunctionTemplate(ceiling)] under ceiling; prior registration was null
2025-04-29T21:36:52.865-04:00 DEBUG 9012 --- [actividad_sumativa_semana8] [           main] o.h.q.sqm.function.SqmFunctionRegistry   : Registered SqmFunctionTemplate [NamedSqmFunctionTemplate(mod)] under mod; prior registration was null
2025-04-29T21:36:52.865-04:00 DEBUG 9012 --- [actividad_sumativa_semana8] [           main] o.h.q.sqm.function.SqmFunctionRegistry   : Registered SqmFunctionTemplate [NamedSqmFunctionTemplate(abs)] under abs; prior registration was null
2025-04-29T21:36:52.865-04:00 DEBUG 9012 --- [actividad_sumativa_semana8] [           main] o.h.q.sqm.function.SqmFunctionRegistry   : Registered SqmFunctionTemplate [NamedSqmFunctionTemplate(sign)] under sign; prior registration was null
2025-04-29T21:36:52.865-04:00 DEBUG 9012 --- [actividad_sumativa_semana8] [           main] o.h.q.sqm.function.SqmFunctionRegistry   : Registered SqmFunctionTemplate [NamedSqmFunctionTemplate(sqrt)] under sqrt; prior registration was null
2025-04-29T21:36:52.865-04:00 DEBUG 9012 --- [actividad_sumativa_semana8] [           main] o.h.q.sqm.function.SqmFunctionRegistry   : Registered SqmFunctionTemplate [NamedSqmFunctionTemplate(ln)] under ln; prior registration was null
2025-04-29T21:36:52.866-04:00 DEBUG 9012 --- [actividad_sumativa_semana8] [           main] o.h.q.sqm.function.SqmFunctionRegistry   : Registered SqmFunctionTemplate [NamedSqmFunctionTemplate(exp)] under exp; prior registration was null
2025-04-29T21:36:52.866-04:00 DEBUG 9012 --- [actividad_sumativa_semana8] [           main] o.h.q.sqm.function.SqmFunctionRegistry   : Registered SqmFunctionTemplate [NamedSqmFunctionTemplate(power)] under power; prior registration was null
2025-04-29T21:36:52.867-04:00 DEBUG 9012 --- [actividad_sumativa_semana8] [           main] o.h.q.sqm.function.SqmFunctionRegistry   : Registered SqmFunctionTemplate [NamedSqmFunctionTemplate(round)] under round; prior registration was null
2025-04-29T21:36:52.867-04:00 DEBUG 9012 --- [actividad_sumativa_semana8] [           main] o.h.q.sqm.function.SqmFunctionRegistry   : Registered SqmFunctionTemplate [NamedSqmFunctionTemplate(sin)] under sin; prior registration was null
2025-04-29T21:36:52.867-04:00 DEBUG 9012 --- [actividad_sumativa_semana8] [           main] o.h.q.sqm.function.SqmFunctionRegistry   : Registered SqmFunctionTemplate [NamedSqmFunctionTemplate(cos)] under cos; prior registration was null
2025-04-29T21:36:52.867-04:00 DEBUG 9012 --- [actividad_sumativa_semana8] [           main] o.h.q.sqm.function.SqmFunctionRegistry   : Registered SqmFunctionTemplate [NamedSqmFunctionTemplate(tan)] under tan; prior registration was null
2025-04-29T21:36:52.867-04:00 DEBUG 9012 --- [actividad_sumativa_semana8] [           main] o.h.q.sqm.function.SqmFunctionRegistry   : Registered SqmFunctionTemplate [NamedSqmFunctionTemplate(asin)] under asin; prior registration was null
2025-04-29T21:36:52.867-04:00 DEBUG 9012 --- [actividad_sumativa_semana8] [           main] o.h.q.sqm.function.SqmFunctionRegistry   : Registered SqmFunctionTemplate [NamedSqmFunctionTemplate(acos)] under acos; prior registration was null
2025-04-29T21:36:52.867-04:00 DEBUG 9012 --- [actividad_sumativa_semana8] [           main] o.h.q.sqm.function.SqmFunctionRegistry   : Registered SqmFunctionTemplate [NamedSqmFunctionTemplate(atan)] under atan; prior registration was null
2025-04-29T21:36:52.867-04:00 DEBUG 9012 --- [actividad_sumativa_semana8] [           main] o.h.q.sqm.function.SqmFunctionRegistry   : Registered SqmFunctionTemplate [NamedSqmFunctionTemplate(atan2)] under atan2; prior registration was null
2025-04-29T21:36:52.872-04:00 DEBUG 9012 --- [actividad_sumativa_semana8] [           main] o.h.q.sqm.function.SqmFunctionRegistry   : Registered SqmFunctionTemplate [org.hibernate.query.sqm.function.PatternBasedSqmFunctionDescriptor@7a023e34] under sinh; prior registration was null
2025-04-29T21:36:52.872-04:00 DEBUG 9012 --- [actividad_sumativa_semana8] [           main] o.h.q.sqm.function.SqmFunctionRegistry   : Registered SqmFunctionTemplate [org.hibernate.query.sqm.function.PatternBasedSqmFunctionDescriptor@260f05ee] under cosh; prior registration was null
2025-04-29T21:36:52.872-04:00 DEBUG 9012 --- [actividad_sumativa_semana8] [           main] o.h.q.sqm.function.SqmFunctionRegistry   : Registered SqmFunctionTemplate [org.hibernate.query.sqm.function.PatternBasedSqmFunctionDescriptor@65fe1f47] under tanh; prior registration was null
2025-04-29T21:36:52.872-04:00 DEBUG 9012 --- [actividad_sumativa_semana8] [           main] o.h.q.sqm.function.SqmFunctionRegistry   : Registered SqmFunctionTemplate [org.hibernate.query.sqm.function.PatternBasedSqmFunctionDescriptor@4afdb05e] under pi; prior registration was null
2025-04-29T21:36:52.872-04:00 DEBUG 9012 --- [actividad_sumativa_semana8] [           main] o.h.q.sqm.function.SqmFunctionRegistry   : Registered SqmFunctionTemplate [org.hibernate.query.sqm.function.PatternBasedSqmFunctionDescriptor@2165d4ab] under log; prior registration was null
2025-04-29T21:36:52.873-04:00 DEBUG 9012 --- [actividad_sumativa_semana8] [           main] o.h.q.sqm.function.SqmFunctionRegistry   : Registered SqmFunctionTemplate [NamedSqmFunctionTemplate(coalesce)] under coalesce; prior registration was null
2025-04-29T21:36:52.873-04:00 DEBUG 9012 --- [actividad_sumativa_semana8] [           main] o.h.q.sqm.function.SqmFunctionRegistry   : Registered SqmFunctionTemplate [NamedSqmFunctionTemplate(nullif)] under nullif; prior registration was null
2025-04-29T21:36:52.873-04:00 DEBUG 9012 --- [actividad_sumativa_semana8] [           main] o.h.q.sqm.function.SqmFunctionRegistry   : Registered SqmFunctionTemplate [NamedSqmFunctionTemplate(left)] under left; prior registration was null
2025-04-29T21:36:52.873-04:00 DEBUG 9012 --- [actividad_sumativa_semana8] [           main] o.h.q.sqm.function.SqmFunctionRegistry   : Registered SqmFunctionTemplate [NamedSqmFunctionTemplate(right)] under right; prior registration was null
2025-04-29T21:36:52.873-04:00 DEBUG 9012 --- [actividad_sumativa_semana8] [           main] o.h.q.sqm.function.SqmFunctionRegistry   : Registered SqmFunctionTemplate [NamedSqmFunctionTemplate(replace)] under replace; prior registration was null
2025-04-29T21:36:52.873-04:00 DEBUG 9012 --- [actividad_sumativa_semana8] [           main] o.h.q.sqm.function.SqmFunctionRegistry   : Registered SqmFunctionTemplate [NamedSqmFunctionTemplate(concat)] under concat; prior registration was null
2025-04-29T21:36:52.873-04:00 DEBUG 9012 --- [actividad_sumativa_semana8] [           main] o.h.q.sqm.function.SqmFunctionRegistry   : Registered SqmFunctionTemplate [NamedSqmFunctionTemplate(lower)] under lower; prior registration was null
2025-04-29T21:36:52.873-04:00 DEBUG 9012 --- [actividad_sumativa_semana8] [           main] o.h.q.sqm.function.SqmFunctionRegistry   : Registered SqmFunctionTemplate [NamedSqmFunctionTemplate(upper)] under upper; prior registration was null
2025-04-29T21:36:52.873-04:00 DEBUG 9012 --- [actividad_sumativa_semana8] [           main] o.h.q.sqm.function.SqmFunctionRegistry   : Registered SqmFunctionTemplate [NamedSqmFunctionTemplate(substring)] under substring; prior registration was null
2025-04-29T21:36:52.873-04:00 DEBUG 9012 --- [actividad_sumativa_semana8] [           main] o.h.q.sqm.function.SqmFunctionRegistry   : Registered SqmFunctionTemplate [NamedSqmFunctionTemplate(locate)] under locate; prior registration was null
2025-04-29T21:36:52.873-04:00 DEBUG 9012 --- [actividad_sumativa_semana8] [           main] o.h.q.sqm.function.SqmFunctionRegistry   : Registered SqmFunctionTemplate [NamedSqmFunctionTemplate(character_length)] under character_length; prior registration was null
2025-04-29T21:36:52.873-04:00 DEBUG 9012 --- [actividad_sumativa_semana8] [           main] o.h.q.sqm.function.SqmFunctionRegistry   : Registering alternate key : length -> character_length
2025-04-29T21:36:52.874-04:00 DEBUG 9012 --- [actividad_sumativa_semana8] [           main] o.h.q.sqm.function.SqmFunctionRegistry   : Registered SqmFunctionTemplate [org.hibernate.dialect.function.LocatePositionEmulation@58b30e3e] under position; prior registration was null
2025-04-29T21:36:52.877-04:00 DEBUG 9012 --- [actividad_sumativa_semana8] [           main] o.h.q.sqm.function.SqmFunctionRegistry   : Registered SqmFunctionTemplate [org.hibernate.dialect.function.InsertSubstringOverlayEmulation@5e8a678a] under overlay; prior registration was null
2025-04-29T21:36:52.878-04:00 DEBUG 9012 --- [actividad_sumativa_semana8] [           main] o.h.q.sqm.function.SqmFunctionRegistry   : Registered SqmFunctionTemplate [org.hibernate.dialect.function.TrimFunction@260ccf0] under trim; prior registration was null
2025-04-29T21:36:52.881-04:00 DEBUG 9012 --- [actividad_sumativa_semana8] [           main] o.h.q.sqm.function.SqmFunctionRegistry   : Registered SqmFunctionTemplate [org.hibernate.dialect.function.CastFunction@7cc7e441] under cast; prior registration was null
2025-04-29T21:36:52.881-04:00 DEBUG 9012 --- [actividad_sumativa_semana8] [           main] o.h.q.sqm.function.SqmFunctionRegistry   : Registered SqmFunctionTemplate [org.hibernate.query.sqm.function.PatternBasedSqmFunctionDescriptor@bb1b872] under collate; prior registration was null
2025-04-29T21:36:52.882-04:00 DEBUG 9012 --- [actividad_sumativa_semana8] [           main] o.h.q.sqm.function.SqmFunctionRegistry   : Registered SqmFunctionTemplate [org.hibernate.dialect.function.ExtractFunction@2319c1e0] under extract; prior registration was null
2025-04-29T21:36:52.882-04:00 DEBUG 9012 --- [actividad_sumativa_semana8] [           main] o.h.q.sqm.function.SqmFunctionRegistry   : Registered SqmFunctionTemplate [NamedSqmFunctionTemplate(least)] under least; prior registration was null
2025-04-29T21:36:52.882-04:00 DEBUG 9012 --- [actividad_sumativa_semana8] [           main] o.h.q.sqm.function.SqmFunctionRegistry   : Registered SqmFunctionTemplate [NamedSqmFunctionTemplate(greatest)] under greatest; prior registration was null
2025-04-29T21:36:52.883-04:00 DEBUG 9012 --- [actividad_sumativa_semana8] [           main] o.h.q.sqm.function.SqmFunctionRegistry   : Registered SqmFunctionTemplate [org.hibernate.dialect.function.CoalesceIfnullEmulation@7b9b6a56] under ifnull; prior registration was null
2025-04-29T21:36:52.883-04:00 DEBUG 9012 --- [actividad_sumativa_semana8] [           main] o.h.q.sqm.function.SqmFunctionRegistry   : Registered SqmFunctionTemplate [NamedSqmFunctionTemplate(lpad)] under lpad; prior registration was null
2025-04-29T21:36:52.883-04:00 DEBUG 9012 --- [actividad_sumativa_semana8] [           main] o.h.q.sqm.function.SqmFunctionRegistry   : Registered SqmFunctionTemplate [NamedSqmFunctionTemplate(rpad)] under rpad; prior registration was null
2025-04-29T21:36:52.884-04:00 DEBUG 9012 --- [actividad_sumativa_semana8] [           main] o.h.q.sqm.function.SqmFunctionRegistry   : Registered SqmFunctionTemplate [org.hibernate.dialect.function.LpadRpadPadEmulation@66428512] under pad; prior registration was null
2025-04-29T21:36:52.885-04:00 DEBUG 9012 --- [actividad_sumativa_semana8] [           main] o.h.q.sqm.function.SqmFunctionRegistry   : Registered SqmFunctionTemplate [org.hibernate.dialect.function.CastStrEmulation@129348e8] under str; prior registration was null
2025-04-29T21:36:52.891-04:00 DEBUG 9012 --- [actividad_sumativa_semana8] [           main] o.h.q.sqm.function.SqmFunctionRegistry   : Registered SqmFunctionTemplate [org.hibernate.dialect.function.FormatFunction@74691677] under format; prior registration was null
2025-04-29T21:36:52.892-04:00 DEBUG 9012 --- [actividad_sumativa_semana8] [           main] o.h.q.sqm.function.SqmFunctionRegistry   : Registered SqmFunctionTemplate [org.hibernate.dialect.function.TimestampaddFunction@39a1e1e6] under timestampadd; prior registration was null
2025-04-29T21:36:52.893-04:00 DEBUG 9012 --- [actividad_sumativa_semana8] [           main] o.h.q.sqm.function.SqmFunctionRegistry   : Registered SqmFunctionTemplate [org.hibernate.dialect.function.TimestampdiffFunction@43c3354] under timestampdiff; prior registration was null
2025-04-29T21:36:52.893-04:00 DEBUG 9012 --- [actividad_sumativa_semana8] [           main] o.h.q.sqm.function.SqmFunctionRegistry   : Registering alternate key : dateadd -> timestampadd
2025-04-29T21:36:52.893-04:00 DEBUG 9012 --- [actividad_sumativa_semana8] [           main] o.h.q.sqm.function.SqmFunctionRegistry   : Registering alternate key : datediff -> timestampdiff
2025-04-29T21:36:52.894-04:00 DEBUG 9012 --- [actividad_sumativa_semana8] [           main] o.h.q.sqm.function.SqmFunctionRegistry   : Registered SqmFunctionTemplate [org.hibernate.dialect.function.CurrentFunction@28f6a008] under current_date; prior registration was null
2025-04-29T21:36:52.894-04:00 DEBUG 9012 --- [actividad_sumativa_semana8] [           main] o.h.q.sqm.function.SqmFunctionRegistry   : Registered SqmFunctionTemplate [org.hibernate.dialect.function.CurrentFunction@71dfca65] under current_time; prior registration was null
2025-04-29T21:36:52.894-04:00 DEBUG 9012 --- [actividad_sumativa_semana8] [           main] o.h.q.sqm.function.SqmFunctionRegistry   : Registered SqmFunctionTemplate [org.hibernate.dialect.function.CurrentFunction@7fa86ddd] under current_timestamp; prior registration was null
2025-04-29T21:36:52.894-04:00 DEBUG 9012 --- [actividad_sumativa_semana8] [           main] o.h.q.sqm.function.SqmFunctionRegistry   : Registering alternate key : current date -> current_date
2025-04-29T21:36:52.894-04:00 DEBUG 9012 --- [actividad_sumativa_semana8] [           main] o.h.q.sqm.function.SqmFunctionRegistry   : Registering alternate key : current time -> current_time
2025-04-29T21:36:52.894-04:00 DEBUG 9012 --- [actividad_sumativa_semana8] [           main] o.h.q.sqm.function.SqmFunctionRegistry   : Registering alternate key : current timestamp -> current_timestamp
2025-04-29T21:36:52.894-04:00 DEBUG 9012 --- [actividad_sumativa_semana8] [           main] o.h.q.sqm.function.SqmFunctionRegistry   : Registered SqmFunctionTemplate [org.hibernate.dialect.function.CurrentFunction@1e9f6095] under local_date; prior registration was null
2025-04-29T21:36:52.894-04:00 DEBUG 9012 --- [actividad_sumativa_semana8] [           main] o.h.q.sqm.function.SqmFunctionRegistry   : Registered SqmFunctionTemplate [org.hibernate.dialect.function.CurrentFunction@3f465ae] under local_time; prior registration was null
2025-04-29T21:36:52.894-04:00 DEBUG 9012 --- [actividad_sumativa_semana8] [           main] o.h.q.sqm.function.SqmFunctionRegistry   : Registered SqmFunctionTemplate [org.hibernate.dialect.function.CurrentFunction@c770b57] under local_datetime; prior registration was null
2025-04-29T21:36:52.894-04:00 DEBUG 9012 --- [actividad_sumativa_semana8] [           main] o.h.q.sqm.function.SqmFunctionRegistry   : Registered SqmFunctionTemplate [org.hibernate.dialect.function.CurrentFunction@308d4981] under offset_datetime; prior registration was null
2025-04-29T21:36:52.894-04:00 DEBUG 9012 --- [actividad_sumativa_semana8] [           main] o.h.q.sqm.function.SqmFunctionRegistry   : Registering alternate key : local date -> local_date
2025-04-29T21:36:52.894-04:00 DEBUG 9012 --- [actividad_sumativa_semana8] [           main] o.h.q.sqm.function.SqmFunctionRegistry   : Registering alternate key : local time -> local_time
2025-04-29T21:36:52.894-04:00 DEBUG 9012 --- [actividad_sumativa_semana8] [           main] o.h.q.sqm.function.SqmFunctionRegistry   : Registering alternate key : local datetime -> local_datetime
2025-04-29T21:36:52.894-04:00 DEBUG 9012 --- [actividad_sumativa_semana8] [           main] o.h.q.sqm.function.SqmFunctionRegistry   : Registering alternate key : offset datetime -> offset_datetime
2025-04-29T21:36:52.894-04:00 DEBUG 9012 --- [actividad_sumativa_semana8] [           main] o.h.q.sqm.function.SqmFunctionRegistry   : Registered SqmFunctionTemplate [org.hibernate.dialect.function.CurrentFunction@55731ccd] under instant; prior registration was null
2025-04-29T21:36:52.894-04:00 DEBUG 9012 --- [actividad_sumativa_semana8] [           main] o.h.q.sqm.function.SqmFunctionRegistry   : Registering alternate key : current_instant -> instant
2025-04-29T21:36:52.895-04:00 DEBUG 9012 --- [actividad_sumativa_semana8] [           main] o.h.q.sqm.function.SqmFunctionRegistry   : Registered SqmFunctionTemplate [org.hibernate.dialect.function.SqlFunction@565030b7] under sql; prior registration was null
2025-04-29T21:36:52.895-04:00 DEBUG 9012 --- [actividad_sumativa_semana8] [           main] o.h.q.sqm.function.SqmFunctionRegistry   : Registered SqmFunctionTemplate [NamedSqmFunctionTemplate(ascii)] under ascii; prior registration was null
2025-04-29T21:36:52.895-04:00 DEBUG 9012 --- [actividad_sumativa_semana8] [           main] o.h.q.sqm.function.SqmFunctionRegistry   : Registered SqmFunctionTemplate [NamedSqmFunctionTemplate(chr)] under chr; prior registration was null
2025-04-29T21:36:52.895-04:00 DEBUG 9012 --- [actividad_sumativa_semana8] [           main] o.h.q.sqm.function.SqmFunctionRegistry   : Registering alternate key : char -> chr
2025-04-29T21:36:52.895-04:00 DEBUG 9012 --- [actividad_sumativa_semana8] [           main] o.h.q.sqm.function.SqmFunctionRegistry   : Registered SqmFunctionTemplate [NamedSqmFunctionTemplate(cosh)] under cosh; prior registration was org.hibernate.query.sqm.function.PatternBasedSqmFunctionDescriptor@260f05ee
2025-04-29T21:36:52.895-04:00 DEBUG 9012 --- [actividad_sumativa_semana8] [           main] o.h.q.sqm.function.SqmFunctionRegistry   : Registered SqmFunctionTemplate [NamedSqmFunctionTemplate(sinh)] under sinh; prior registration was org.hibernate.query.sqm.function.PatternBasedSqmFunctionDescriptor@7a023e34
2025-04-29T21:36:52.896-04:00 DEBUG 9012 --- [actividad_sumativa_semana8] [           main] o.h.q.sqm.function.SqmFunctionRegistry   : Registered SqmFunctionTemplate [NamedSqmFunctionTemplate(tanh)] under tanh; prior registration was org.hibernate.query.sqm.function.PatternBasedSqmFunctionDescriptor@65fe1f47
2025-04-29T21:36:52.896-04:00 DEBUG 9012 --- [actividad_sumativa_semana8] [           main] o.h.q.sqm.function.SqmFunctionRegistry   : Registered SqmFunctionTemplate [NamedSqmFunctionTemplate(log)] under log; prior registration was org.hibernate.query.sqm.function.PatternBasedSqmFunctionDescriptor@2165d4ab
2025-04-29T21:36:52.896-04:00 DEBUG 9012 --- [actividad_sumativa_semana8] [           main] o.h.q.sqm.function.SqmFunctionRegistry   : Registered SqmFunctionTemplate [org.hibernate.query.sqm.function.PatternBasedSqmFunctionDescriptor@752fecbf] under log10; prior registration was null
2025-04-29T21:36:52.896-04:00 DEBUG 9012 --- [actividad_sumativa_semana8] [           main] o.h.q.sqm.function.SqmFunctionRegistry   : Registered SqmFunctionTemplate [NamedSqmFunctionTemplate(soundex)] under soundex; prior registration was null
2025-04-29T21:36:52.896-04:00 DEBUG 9012 --- [actividad_sumativa_semana8] [           main] o.h.q.sqm.function.SqmFunctionRegistry   : Registered SqmFunctionTemplate [NamedSqmFunctionTemplate(ltrim)] under ltrim; prior registration was null
2025-04-29T21:36:52.896-04:00 DEBUG 9012 --- [actividad_sumativa_semana8] [           main] o.h.q.sqm.function.SqmFunctionRegistry   : Registered SqmFunctionTemplate [NamedSqmFunctionTemplate(rtrim)] under rtrim; prior registration was null
2025-04-29T21:36:52.896-04:00 DEBUG 9012 --- [actividad_sumativa_semana8] [           main] o.h.q.sqm.function.SqmFunctionRegistry   : Registered SqmFunctionTemplate [NamedSqmFunctionTemplate(initcap)] under initcap; prior registration was null
2025-04-29T21:36:52.896-04:00 DEBUG 9012 --- [actividad_sumativa_semana8] [           main] o.h.q.sqm.function.SqmFunctionRegistry   : Registered SqmFunctionTemplate [NamedSqmFunctionTemplate(instr)] under instr; prior registration was null
2025-04-29T21:36:52.896-04:00 DEBUG 9012 --- [actividad_sumativa_semana8] [           main] o.h.q.sqm.function.SqmFunctionRegistry   : Registered SqmFunctionTemplate [NamedSqmFunctionTemplate(substr)] under substr; prior registration was null
2025-04-29T21:36:52.896-04:00 DEBUG 9012 --- [actividad_sumativa_semana8] [           main] o.h.q.sqm.function.SqmFunctionRegistry   : Registered SqmFunctionTemplate [NamedSqmFunctionTemplate(substr)] under substring; prior registration was NamedSqmFunctionTemplate(substring)
2025-04-29T21:36:52.896-04:00 DEBUG 9012 --- [actividad_sumativa_semana8] [           main] o.h.q.sqm.function.SqmFunctionRegistry   : Registered SqmFunctionTemplate [org.hibernate.query.sqm.function.PatternBasedSqmFunctionDescriptor@2eb31735] under left; prior registration was NamedSqmFunctionTemplate(left)
2025-04-29T21:36:52.896-04:00 DEBUG 9012 --- [actividad_sumativa_semana8] [           main] o.h.q.sqm.function.SqmFunctionRegistry   : Registered SqmFunctionTemplate [org.hibernate.query.sqm.function.PatternBasedSqmFunctionDescriptor@73753326] under right; prior registration was NamedSqmFunctionTemplate(right)
2025-04-29T21:36:52.896-04:00 DEBUG 9012 --- [actividad_sumativa_semana8] [           main] o.h.q.sqm.function.SqmFunctionRegistry   : Registered SqmFunctionTemplate [NamedSqmFunctionTemplate(translate)] under translate; prior registration was null
2025-04-29T21:36:52.896-04:00 DEBUG 9012 --- [actividad_sumativa_semana8] [           main] o.h.q.sqm.function.SqmFunctionRegistry   : Registered SqmFunctionTemplate [NamedSqmFunctionTemplate(bitand)] under bitand; prior registration was null
2025-04-29T21:36:52.896-04:00 DEBUG 9012 --- [actividad_sumativa_semana8] [           main] o.h.q.sqm.function.SqmFunctionRegistry   : Registered SqmFunctionTemplate [NamedSqmFunctionTemplate(last_day)] under last_day; prior registration was null
2025-04-29T21:36:52.896-04:00 DEBUG 9012 --- [actividad_sumativa_semana8] [           main] o.h.q.sqm.function.SqmFunctionRegistry   : Registered SqmFunctionTemplate [NamedSqmFunctionTemplate(to_number)] under to_number; prior registration was null
2025-04-29T21:36:52.896-04:00 DEBUG 9012 --- [actividad_sumativa_semana8] [           main] o.h.q.sqm.function.SqmFunctionRegistry   : Registered SqmFunctionTemplate [NamedSqmFunctionTemplate(to_char)] under to_char; prior registration was null
2025-04-29T21:36:52.896-04:00 DEBUG 9012 --- [actividad_sumativa_semana8] [           main] o.h.q.sqm.function.SqmFunctionRegistry   : Registered SqmFunctionTemplate [NamedSqmFunctionTemplate(to_date)] under to_date; prior registration was null
2025-04-29T21:36:52.896-04:00 DEBUG 9012 --- [actividad_sumativa_semana8] [           main] o.h.q.sqm.function.SqmFunctionRegistry   : Registered SqmFunctionTemplate [NamedSqmFunctionTemplate(to_timestamp)] under to_timestamp; prior registration was null
2025-04-29T21:36:52.896-04:00 DEBUG 9012 --- [actividad_sumativa_semana8] [           main] o.h.q.sqm.function.SqmFunctionRegistry   : Registered SqmFunctionTemplate [NamedSqmFunctionTemplate(ceil)] under ceil; prior registration was null
2025-04-29T21:36:52.896-04:00 DEBUG 9012 --- [actividad_sumativa_semana8] [           main] o.h.q.sqm.function.SqmFunctionRegistry   : Registering alternate key : ceiling -> ceil
2025-04-29T21:36:52.896-04:00 DEBUG 9012 --- [actividad_sumativa_semana8] [           main] o.h.q.sqm.function.SqmFunctionRegistry   : Registered SqmFunctionTemplate [org.hibernate.query.sqm.function.PatternBasedSqmFunctionDescriptor@24f77077] under concat; prior registration was NamedSqmFunctionTemplate(concat)
2025-04-29T21:36:52.896-04:00 DEBUG 9012 --- [actividad_sumativa_semana8] [           main] o.h.q.sqm.function.SqmFunctionRegistry   : Registered SqmFunctionTemplate [NamedSqmFunctionTemplate(rowid)] under rowid; prior registration was null
2025-04-29T21:36:52.896-04:00 DEBUG 9012 --- [actividad_sumativa_semana8] [           main] o.h.q.sqm.function.SqmFunctionRegistry   : Registered SqmFunctionTemplate [NamedSqmFunctionTemplate(rownum)] under rownum; prior registration was null
2025-04-29T21:36:52.897-04:00 DEBUG 9012 --- [actividad_sumativa_semana8] [           main] o.h.q.sqm.function.SqmFunctionRegistry   : Registered SqmFunctionTemplate [NamedSqmFunctionTemplate(sysdate)] under sysdate; prior registration was null
2025-04-29T21:36:52.897-04:00 DEBUG 9012 --- [actividad_sumativa_semana8] [           main] o.h.q.sqm.function.SqmFunctionRegistry   : Registered SqmFunctionTemplate [NamedSqmFunctionTemplate(systimestamp)] under systimestamp; prior registration was null
2025-04-29T21:36:52.897-04:00 DEBUG 9012 --- [actividad_sumativa_semana8] [           main] o.h.q.sqm.function.SqmFunctionRegistry   : Registered SqmFunctionTemplate [NamedSqmFunctionTemplate(add_months)] under add_months; prior registration was null
2025-04-29T21:36:52.897-04:00 DEBUG 9012 --- [actividad_sumativa_semana8] [           main] o.h.q.sqm.function.SqmFunctionRegistry   : Registered SqmFunctionTemplate [NamedSqmFunctionTemplate(months_between)] under months_between; prior registration was null
2025-04-29T21:36:52.898-04:00 DEBUG 9012 --- [actividad_sumativa_semana8] [           main] o.h.q.sqm.function.SqmFunctionRegistry   : Registered SqmFunctionTemplate [org.hibernate.dialect.function.MinMaxCaseEveryAnyEmulation@5d56c2d2] under every; prior registration was org.hibernate.dialect.function.EveryAnyEmulation@3a36da5e
2025-04-29T21:36:52.898-04:00 DEBUG 9012 --- [actividad_sumativa_semana8] [           main] o.h.q.sqm.function.SqmFunctionRegistry   : Registered SqmFunctionTemplate [org.hibernate.dialect.function.MinMaxCaseEveryAnyEmulation@4a249610] under any; prior registration was org.hibernate.dialect.function.EveryAnyEmulation@b1f36e5
2025-04-29T21:36:52.899-04:00 DEBUG 9012 --- [actividad_sumativa_semana8] [           main] o.h.q.sqm.function.SqmFunctionRegistry   : Registered SqmFunctionTemplate [org.hibernate.query.sqm.function.PatternBasedSqmFunctionDescriptor@ebbbe20] under repeat; prior registration was null
2025-04-29T21:36:52.900-04:00 DEBUG 9012 --- [actividad_sumativa_semana8] [           main] o.h.q.sqm.function.SqmFunctionRegistry   : Registered SqmFunctionTemplate [org.hibernate.query.sqm.function.PatternBasedSqmFunctionDescriptor@279e85eb] under radians; prior registration was null
2025-04-29T21:36:52.900-04:00 DEBUG 9012 --- [actividad_sumativa_semana8] [           main] o.h.q.sqm.function.SqmFunctionRegistry   : Registered SqmFunctionTemplate [org.hibernate.query.sqm.function.PatternBasedSqmFunctionDescriptor@4cb59398] under degrees; prior registration was null
2025-04-29T21:36:52.900-04:00 DEBUG 9012 --- [actividad_sumativa_semana8] [           main] o.h.q.sqm.function.SqmFunctionRegistry   : Registered SqmFunctionTemplate [NamedSqmFunctionTemplate(median)] under median; prior registration was null
2025-04-29T21:36:52.900-04:00 DEBUG 9012 --- [actividad_sumativa_semana8] [           main] o.h.q.sqm.function.SqmFunctionRegistry   : Registered SqmFunctionTemplate [NamedSqmFunctionTemplate(stddev)] under stddev; prior registration was null
2025-04-29T21:36:52.900-04:00 DEBUG 9012 --- [actividad_sumativa_semana8] [           main] o.h.q.sqm.function.SqmFunctionRegistry   : Registered SqmFunctionTemplate [NamedSqmFunctionTemplate(stddev_pop)] under stddev_pop; prior registration was null
2025-04-29T21:36:52.900-04:00 DEBUG 9012 --- [actividad_sumativa_semana8] [           main] o.h.q.sqm.function.SqmFunctionRegistry   : Registered SqmFunctionTemplate [NamedSqmFunctionTemplate(stddev_samp)] under stddev_samp; prior registration was null
2025-04-29T21:36:52.901-04:00 DEBUG 9012 --- [actividad_sumativa_semana8] [           main] o.h.q.sqm.function.SqmFunctionRegistry   : Registered SqmFunctionTemplate [NamedSqmFunctionTemplate(variance)] under variance; prior registration was null
2025-04-29T21:36:52.901-04:00 DEBUG 9012 --- [actividad_sumativa_semana8] [           main] o.h.q.sqm.function.SqmFunctionRegistry   : Registered SqmFunctionTemplate [NamedSqmFunctionTemplate(var_pop)] under var_pop; prior registration was null
2025-04-29T21:36:52.901-04:00 DEBUG 9012 --- [actividad_sumativa_semana8] [           main] o.h.q.sqm.function.SqmFunctionRegistry   : Registered SqmFunctionTemplate [NamedSqmFunctionTemplate(var_samp)] under var_samp; prior registration was null
2025-04-29T21:36:52.901-04:00 DEBUG 9012 --- [actividad_sumativa_semana8] [           main] o.h.q.sqm.function.SqmFunctionRegistry   : Registered SqmFunctionTemplate [NamedSqmFunctionTemplate(covar_pop)] under covar_pop; prior registration was null
2025-04-29T21:36:52.901-04:00 DEBUG 9012 --- [actividad_sumativa_semana8] [           main] o.h.q.sqm.function.SqmFunctionRegistry   : Registered SqmFunctionTemplate [NamedSqmFunctionTemplate(covar_samp)] under covar_samp; prior registration was null
2025-04-29T21:36:52.901-04:00 DEBUG 9012 --- [actividad_sumativa_semana8] [           main] o.h.q.sqm.function.SqmFunctionRegistry   : Registered SqmFunctionTemplate [NamedSqmFunctionTemplate(corr)] under corr; prior registration was null
2025-04-29T21:36:52.902-04:00 DEBUG 9012 --- [actividad_sumativa_semana8] [           main] o.h.q.sqm.function.SqmFunctionRegistry   : Registered SqmFunctionTemplate [NamedSqmFunctionTemplate(regr_avgx)] under regr_avgx; prior registration was null
2025-04-29T21:36:52.902-04:00 DEBUG 9012 --- [actividad_sumativa_semana8] [           main] o.h.q.sqm.function.SqmFunctionRegistry   : Registered SqmFunctionTemplate [NamedSqmFunctionTemplate(regr_avgy)] under regr_avgy; prior registration was null
2025-04-29T21:36:52.902-04:00 DEBUG 9012 --- [actividad_sumativa_semana8] [           main] o.h.q.sqm.function.SqmFunctionRegistry   : Registered SqmFunctionTemplate [NamedSqmFunctionTemplate(regr_count)] under regr_count; prior registration was null
2025-04-29T21:36:52.902-04:00 DEBUG 9012 --- [actividad_sumativa_semana8] [           main] o.h.q.sqm.function.SqmFunctionRegistry   : Registered SqmFunctionTemplate [NamedSqmFunctionTemplate(regr_intercept)] under regr_intercept; prior registration was null
2025-04-29T21:36:52.902-04:00 DEBUG 9012 --- [actividad_sumativa_semana8] [           main] o.h.q.sqm.function.SqmFunctionRegistry   : Registered SqmFunctionTemplate [NamedSqmFunctionTemplate(regr_r2)] under regr_r2; prior registration was null
2025-04-29T21:36:52.902-04:00 DEBUG 9012 --- [actividad_sumativa_semana8] [           main] o.h.q.sqm.function.SqmFunctionRegistry   : Registered SqmFunctionTemplate [NamedSqmFunctionTemplate(regr_slope)] under regr_slope; prior registration was null
2025-04-29T21:36:52.902-04:00 DEBUG 9012 --- [actividad_sumativa_semana8] [           main] o.h.q.sqm.function.SqmFunctionRegistry   : Registered SqmFunctionTemplate [NamedSqmFunctionTemplate(regr_sxx)] under regr_sxx; prior registration was null
2025-04-29T21:36:52.902-04:00 DEBUG 9012 --- [actividad_sumativa_semana8] [           main] o.h.q.sqm.function.SqmFunctionRegistry   : Registered SqmFunctionTemplate [NamedSqmFunctionTemplate(regr_sxy)] under regr_sxy; prior registration was null
2025-04-29T21:36:52.902-04:00 DEBUG 9012 --- [actividad_sumativa_semana8] [           main] o.h.q.sqm.function.SqmFunctionRegistry   : Registered SqmFunctionTemplate [NamedSqmFunctionTemplate(regr_syy)] under regr_syy; prior registration was null
2025-04-29T21:36:52.903-04:00 DEBUG 9012 --- [actividad_sumativa_semana8] [           main] o.h.q.sqm.function.SqmFunctionRegistry   : Registered SqmFunctionTemplate [org.hibernate.dialect.function.LengthFunction@1828ab51] under character_length; prior registration was NamedSqmFunctionTemplate(character_length)
2025-04-29T21:36:52.903-04:00 DEBUG 9012 --- [actividad_sumativa_semana8] [           main] o.h.q.sqm.function.SqmFunctionRegistry   : Registering alternate key : length -> character_length
2025-04-29T21:36:52.903-04:00 DEBUG 9012 --- [actividad_sumativa_semana8] [           main] o.h.q.sqm.function.SqmFunctionRegistry   : Registered SqmFunctionTemplate [org.hibernate.dialect.function.LengthFunction@5e7ea81b] under octet_length; prior registration was null
2025-04-29T21:36:52.903-04:00 DEBUG 9012 --- [actividad_sumativa_semana8] [           main] o.h.q.sqm.function.SqmFunctionRegistry   : Registered SqmFunctionTemplate [org.hibernate.dialect.function.LengthFunction@589a4305] under bit_length; prior registration was null
2025-04-29T21:36:52.903-04:00 DEBUG 9012 --- [actividad_sumativa_semana8] [           main] o.h.q.sqm.function.SqmFunctionRegistry   : Registered SqmFunctionTemplate [NamedSqmFunctionTemplate(coalesce)] under coalesce; prior registration was NamedSqmFunctionTemplate(coalesce)
2025-04-29T21:36:52.903-04:00 DEBUG 9012 --- [actividad_sumativa_semana8] [           main] o.h.q.sqm.function.SqmFunctionRegistry   : Registered SqmFunctionTemplate [org.hibernate.query.sqm.function.PatternBasedSqmFunctionDescriptor@7568134c] under bitor; prior registration was null
2025-04-29T21:36:52.903-04:00 DEBUG 9012 --- [actividad_sumativa_semana8] [           main] o.h.q.sqm.function.SqmFunctionRegistry   : Registered SqmFunctionTemplate [org.hibernate.query.sqm.function.PatternBasedSqmFunctionDescriptor@28c75c93] under bitxor; prior registration was null
2025-04-29T21:36:52.904-04:00 DEBUG 9012 --- [actividad_sumativa_semana8] [           main] o.h.q.sqm.function.SqmFunctionRegistry   : Registered SqmFunctionTemplate [org.hibernate.query.sqm.function.MultipatternSqmFunctionDescriptor@2e2c9e24] under locate; prior registration was NamedSqmFunctionTemplate(locate)
2025-04-29T21:36:52.905-04:00 DEBUG 9012 --- [actividad_sumativa_semana8] [           main] o.h.q.sqm.function.SqmFunctionRegistry   : Registered SqmFunctionTemplate [org.hibernate.dialect.function.ListaggFunction@7e0b68e5] under listagg; prior registration was null
2025-04-29T21:36:52.905-04:00 DEBUG 9012 --- [actividad_sumativa_semana8] [           main] o.h.q.sqm.function.SqmFunctionRegistry   : Registered SqmFunctionTemplate [NamedSqmFunctionTemplate(row_number)] under row_number; prior registration was null
2025-04-29T21:36:52.905-04:00 DEBUG 9012 --- [actividad_sumativa_semana8] [           main] o.h.q.sqm.function.SqmFunctionRegistry   : Registered SqmFunctionTemplate [NamedSqmFunctionTemplate(lag)] under lag; prior registration was null
2025-04-29T21:36:52.905-04:00 DEBUG 9012 --- [actividad_sumativa_semana8] [           main] o.h.q.sqm.function.SqmFunctionRegistry   : Registered SqmFunctionTemplate [NamedSqmFunctionTemplate(lead)] under lead; prior registration was null
2025-04-29T21:36:52.905-04:00 DEBUG 9012 --- [actividad_sumativa_semana8] [           main] o.h.q.sqm.function.SqmFunctionRegistry   : Registered SqmFunctionTemplate [NamedSqmFunctionTemplate(first_value)] under first_value; prior registration was null
2025-04-29T21:36:52.905-04:00 DEBUG 9012 --- [actividad_sumativa_semana8] [           main] o.h.q.sqm.function.SqmFunctionRegistry   : Registered SqmFunctionTemplate [NamedSqmFunctionTemplate(last_value)] under last_value; prior registration was null
2025-04-29T21:36:52.906-04:00 DEBUG 9012 --- [actividad_sumativa_semana8] [           main] o.h.q.sqm.function.SqmFunctionRegistry   : Registered SqmFunctionTemplate [NamedSqmFunctionTemplate(nth_value)] under nth_value; prior registration was null
2025-04-29T21:36:52.906-04:00 DEBUG 9012 --- [actividad_sumativa_semana8] [           main] o.h.q.sqm.function.SqmFunctionRegistry   : Registered SqmFunctionTemplate [org.hibernate.dialect.function.HypotheticalSetFunction@96448ee] under rank; prior registration was null
2025-04-29T21:36:52.906-04:00 DEBUG 9012 --- [actividad_sumativa_semana8] [           main] o.h.q.sqm.function.SqmFunctionRegistry   : Registered SqmFunctionTemplate [org.hibernate.dialect.function.HypotheticalSetFunction@59509393] under dense_rank; prior registration was null
2025-04-29T21:36:52.906-04:00 DEBUG 9012 --- [actividad_sumativa_semana8] [           main] o.h.q.sqm.function.SqmFunctionRegistry   : Registered SqmFunctionTemplate [org.hibernate.dialect.function.HypotheticalSetFunction@1d6dc2b8] under percent_rank; prior registration was null
2025-04-29T21:36:52.906-04:00 DEBUG 9012 --- [actividad_sumativa_semana8] [           main] o.h.q.sqm.function.SqmFunctionRegistry   : Registered SqmFunctionTemplate [org.hibernate.dialect.function.HypotheticalSetFunction@7ec75228] under cume_dist; prior registration was null
2025-04-29T21:36:52.908-04:00 DEBUG 9012 --- [actividad_sumativa_semana8] [           main] o.h.q.sqm.function.SqmFunctionRegistry   : Registered SqmFunctionTemplate [org.hibernate.dialect.function.InverseDistributionFunction@6c6c93f8] under mode; prior registration was null
2025-04-29T21:36:52.909-04:00 DEBUG 9012 --- [actividad_sumativa_semana8] [           main] o.h.q.sqm.function.SqmFunctionRegistry   : Registered SqmFunctionTemplate [org.hibernate.dialect.function.InverseDistributionFunction@38e88e13] under percentile_cont; prior registration was null
2025-04-29T21:36:52.909-04:00 DEBUG 9012 --- [actividad_sumativa_semana8] [           main] o.h.q.sqm.function.SqmFunctionRegistry   : Registered SqmFunctionTemplate [org.hibernate.dialect.function.InverseDistributionFunction@3a720ae3] under percentile_disc; prior registration was null
2025-04-29T21:36:52.909-04:00 DEBUG 9012 --- [actividad_sumativa_semana8] [           main] o.h.q.sqm.function.SqmFunctionRegistry   : Registered SqmFunctionTemplate [org.hibernate.dialect.function.ModeStatsModeEmulation@41736818] under mode; prior registration was org.hibernate.dialect.function.InverseDistributionFunction@6c6c93f8
2025-04-29T21:36:52.914-04:00 DEBUG 9012 --- [actividad_sumativa_semana8] [           main] o.h.q.sqm.function.SqmFunctionRegistry   : Registered SqmFunctionTemplate [org.hibernate.dialect.function.OracleTruncFunction@543a7605] under trunc; prior registration was null
2025-04-29T21:36:52.914-04:00 DEBUG 9012 --- [actividad_sumativa_semana8] [           main] o.h.q.sqm.function.SqmFunctionRegistry   : Registering alternate key : truncate -> trunc
2025-04-29T21:36:52.916-04:00 DEBUG 9012 --- [actividad_sumativa_semana8] [           main] o.h.q.sqm.function.SqmFunctionRegistry   : Registered SqmFunctionTemplate [org.hibernate.dialect.function.array.OracleArrayConstructorFunction@22cce199] under array; prior registration was null
2025-04-29T21:36:52.916-04:00 DEBUG 9012 --- [actividad_sumativa_semana8] [           main] o.h.q.sqm.function.SqmFunctionRegistry   : Registered SqmFunctionTemplate [org.hibernate.dialect.function.array.OracleArrayConstructorFunction@14b4b25e] under array_list; prior registration was null
2025-04-29T21:36:52.917-04:00 DEBUG 9012 --- [actividad_sumativa_semana8] [           main] o.h.q.sqm.function.SqmFunctionRegistry   : Registered SqmFunctionTemplate [org.hibernate.dialect.function.array.OracleArrayAggEmulation@563bd6a4] under array_agg; prior registration was null
2025-04-29T21:36:52.921-04:00 DEBUG 9012 --- [actividad_sumativa_semana8] [           main] o.h.q.sqm.function.SqmFunctionRegistry   : Registered SqmFunctionTemplate [org.hibernate.dialect.function.array.OracleArrayPositionFunction@4a45ff31] under array_position; prior registration was null
2025-04-29T21:36:52.927-04:00 DEBUG 9012 --- [actividad_sumativa_semana8] [           main] o.h.q.sqm.function.SqmFunctionRegistry   : Registered SqmFunctionTemplate [org.hibernate.dialect.function.array.OracleArrayPositionsFunction@13fad0c7] under array_positions; prior registration was null
2025-04-29T21:36:52.930-04:00 DEBUG 9012 --- [actividad_sumativa_semana8] [           main] o.h.q.sqm.function.SqmFunctionRegistry   : Registered SqmFunctionTemplate [org.hibernate.dialect.function.array.OracleArrayPositionsFunction@4e9d203e] under array_positions_list; prior registration was null
2025-04-29T21:36:52.931-04:00 DEBUG 9012 --- [actividad_sumativa_semana8] [           main] o.h.q.sqm.function.SqmFunctionRegistry   : Registered SqmFunctionTemplate [org.hibernate.dialect.function.array.OracleArrayLengthFunction@519a81dd] under array_length; prior registration was null
2025-04-29T21:36:52.932-04:00 DEBUG 9012 --- [actividad_sumativa_semana8] [           main] o.h.q.sqm.function.SqmFunctionRegistry   : Registered SqmFunctionTemplate [org.hibernate.dialect.function.DynamicDispatchFunction@40dc2ade] under length; prior registration was null
2025-04-29T21:36:52.933-04:00 DEBUG 9012 --- [actividad_sumativa_semana8] [           main] o.h.q.sqm.function.SqmFunctionRegistry   : Registered SqmFunctionTemplate [org.hibernate.dialect.function.array.OracleArrayConcatFunction@7ec176da] under array_concat; prior registration was null
2025-04-29T21:36:52.935-04:00 DEBUG 9012 --- [actividad_sumativa_semana8] [           main] o.h.q.sqm.function.SqmFunctionRegistry   : Registered SqmFunctionTemplate [org.hibernate.dialect.function.array.OracleArrayConcatElementFunction@5f7c1de0] under array_prepend; prior registration was null
2025-04-29T21:36:52.935-04:00 DEBUG 9012 --- [actividad_sumativa_semana8] [           main] o.h.q.sqm.function.SqmFunctionRegistry   : Registered SqmFunctionTemplate [org.hibernate.dialect.function.array.OracleArrayConcatElementFunction@5cf6ba1c] under array_append; prior registration was null
2025-04-29T21:36:52.938-04:00 DEBUG 9012 --- [actividad_sumativa_semana8] [           main] o.h.q.sqm.function.SqmFunctionRegistry   : Registered SqmFunctionTemplate [org.hibernate.dialect.function.array.OracleArrayContainsFunction@57063e08] under array_contains; prior registration was null
2025-04-29T21:36:52.938-04:00 DEBUG 9012 --- [actividad_sumativa_semana8] [           main] o.h.q.sqm.function.SqmFunctionRegistry   : Registered SqmFunctionTemplate [org.hibernate.dialect.function.array.OracleArrayContainsFunction@6afb240d] under array_contains_nullable; prior registration was null
2025-04-29T21:36:52.940-04:00 DEBUG 9012 --- [actividad_sumativa_semana8] [           main] o.h.q.sqm.function.SqmFunctionRegistry   : Registered SqmFunctionTemplate [org.hibernate.dialect.function.array.OracleArrayIncludesFunction@451f3f66] under array_includes; prior registration was null
2025-04-29T21:36:52.941-04:00 DEBUG 9012 --- [actividad_sumativa_semana8] [           main] o.h.q.sqm.function.SqmFunctionRegistry   : Registered SqmFunctionTemplate [org.hibernate.dialect.function.array.OracleArrayIncludesFunction@5d1eb214] under array_includes_nullable; prior registration was null
2025-04-29T21:36:52.942-04:00 DEBUG 9012 --- [actividad_sumativa_semana8] [           main] o.h.q.sqm.function.SqmFunctionRegistry   : Registered SqmFunctionTemplate [org.hibernate.dialect.function.array.OracleArrayIntersectsFunction@233d2b76] under array_intersects; prior registration was null
2025-04-29T21:36:52.942-04:00 DEBUG 9012 --- [actividad_sumativa_semana8] [           main] o.h.q.sqm.function.SqmFunctionRegistry   : Registered SqmFunctionTemplate [org.hibernate.dialect.function.array.OracleArrayIntersectsFunction@2370c90] under array_intersects_nullable; prior registration was null
2025-04-29T21:36:52.942-04:00 DEBUG 9012 --- [actividad_sumativa_semana8] [           main] o.h.q.sqm.function.SqmFunctionRegistry   : Registering alternate key : array_overlaps -> array_intersects
2025-04-29T21:36:52.942-04:00 DEBUG 9012 --- [actividad_sumativa_semana8] [           main] o.h.q.sqm.function.SqmFunctionRegistry   : Registering alternate key : array_overlaps_nullable -> array_intersects_nullable
2025-04-29T21:36:52.943-04:00 DEBUG 9012 --- [actividad_sumativa_semana8] [           main] o.h.q.sqm.function.SqmFunctionRegistry   : Registered SqmFunctionTemplate [org.hibernate.dialect.function.array.OracleArrayGetFunction@1be4f05c] under array_get; prior registration was null
2025-04-29T21:36:52.945-04:00 DEBUG 9012 --- [actividad_sumativa_semana8] [           main] o.h.q.sqm.function.SqmFunctionRegistry   : Registered SqmFunctionTemplate [org.hibernate.dialect.function.array.OracleArraySetFunction@2512155e] under array_set; prior registration was null
2025-04-29T21:36:52.946-04:00 DEBUG 9012 --- [actividad_sumativa_semana8] [           main] o.h.q.sqm.function.SqmFunctionRegistry   : Registered SqmFunctionTemplate [org.hibernate.dialect.function.array.OracleArrayRemoveFunction@27adb90f] under array_remove; prior registration was null
2025-04-29T21:36:52.948-04:00 DEBUG 9012 --- [actividad_sumativa_semana8] [           main] o.h.q.sqm.function.SqmFunctionRegistry   : Registered SqmFunctionTemplate [org.hibernate.dialect.function.array.OracleArrayRemoveIndexFunction@6bf70600] under array_remove_index; prior registration was null
2025-04-29T21:36:52.950-04:00 DEBUG 9012 --- [actividad_sumativa_semana8] [           main] o.h.q.sqm.function.SqmFunctionRegistry   : Registered SqmFunctionTemplate [org.hibernate.dialect.function.array.OracleArraySliceFunction@2bf0bb93] under array_slice; prior registration was null
2025-04-29T21:36:52.950-04:00 DEBUG 9012 --- [actividad_sumativa_semana8] [           main] o.h.q.sqm.function.SqmFunctionRegistry   : Registered SqmFunctionTemplate [org.hibernate.dialect.function.array.OracleArrayReplaceFunction@be9bf2e] under array_replace; prior registration was null
2025-04-29T21:36:52.952-04:00 DEBUG 9012 --- [actividad_sumativa_semana8] [           main] o.h.q.sqm.function.SqmFunctionRegistry   : Registered SqmFunctionTemplate [org.hibernate.dialect.function.array.OracleArrayTrimFunction@f73a7cf] under array_trim; prior registration was null
2025-04-29T21:36:52.953-04:00 DEBUG 9012 --- [actividad_sumativa_semana8] [           main] o.h.q.sqm.function.SqmFunctionRegistry   : Registered SqmFunctionTemplate [org.hibernate.dialect.function.array.OracleArrayFillFunction@6c056020] under array_fill; prior registration was null
2025-04-29T21:36:52.954-04:00 DEBUG 9012 --- [actividad_sumativa_semana8] [           main] o.h.q.sqm.function.SqmFunctionRegistry   : Registered SqmFunctionTemplate [org.hibernate.dialect.function.array.OracleArrayFillFunction@7cc842b0] under array_fill_list; prior registration was null
2025-04-29T21:36:52.955-04:00 DEBUG 9012 --- [actividad_sumativa_semana8] [           main] o.h.q.sqm.function.SqmFunctionRegistry   : Registered SqmFunctionTemplate [org.hibernate.dialect.function.array.OracleArrayToStringFunction@28b16193] under array_to_string; prior registration was null
2025-04-29T21:36:52.957-04:00 DEBUG 9012 --- [actividad_sumativa_semana8] [           main] org.hibernate.HQL_FUNCTIONS              : abs(NUMERIC arg)
2025-04-29T21:36:52.957-04:00 DEBUG 9012 --- [actividad_sumativa_semana8] [           main] org.hibernate.HQL_FUNCTIONS              : Double acos(NUMERIC arg)
2025-04-29T21:36:52.957-04:00 DEBUG 9012 --- [actividad_sumativa_semana8] [           main] org.hibernate.HQL_FUNCTIONS              : add_months(DATE datetime, INTEGER months)
2025-04-29T21:36:52.957-04:00 DEBUG 9012 --- [actividad_sumativa_semana8] [           main] org.hibernate.HQL_FUNCTIONS              : Boolean any(BOOLEAN arg)
2025-04-29T21:36:52.957-04:00 DEBUG 9012 --- [actividad_sumativa_semana8] [           main] org.hibernate.HQL_FUNCTIONS              : array( ... )
2025-04-29T21:36:52.957-04:00 DEBUG 9012 --- [actividad_sumativa_semana8] [           main] org.hibernate.HQL_FUNCTIONS              : array_agg(arg)
2025-04-29T21:36:52.957-04:00 DEBUG 9012 --- [actividad_sumativa_semana8] [           main] org.hibernate.HQL_FUNCTIONS              : array_append( ... )
2025-04-29T21:36:52.957-04:00 DEBUG 9012 --- [actividad_sumativa_semana8] [           main] org.hibernate.HQL_FUNCTIONS              : array_concat( ... )
2025-04-29T21:36:52.957-04:00 DEBUG 9012 --- [actividad_sumativa_semana8] [           main] org.hibernate.HQL_FUNCTIONS              : Boolean array_contains(ARRAY haystackArray, OBJECT needleElementOrArray)
2025-04-29T21:36:52.957-04:00 DEBUG 9012 --- [actividad_sumativa_semana8] [           main] org.hibernate.HQL_FUNCTIONS              : Boolean array_contains_nullable(ARRAY haystackArray, OBJECT needleElementOrArray)
2025-04-29T21:36:52.957-04:00 DEBUG 9012 --- [actividad_sumativa_semana8] [           main] org.hibernate.HQL_FUNCTIONS              : array_fill(OBJECT element, INTEGER elementCount)
2025-04-29T21:36:52.957-04:00 DEBUG 9012 --- [actividad_sumativa_semana8] [           main] org.hibernate.HQL_FUNCTIONS              : array_fill_list(OBJECT element, INTEGER elementCount)
2025-04-29T21:36:52.957-04:00 DEBUG 9012 --- [actividad_sumativa_semana8] [           main] org.hibernate.HQL_FUNCTIONS              : array_get( ... )
2025-04-29T21:36:52.957-04:00 DEBUG 9012 --- [actividad_sumativa_semana8] [           main] org.hibernate.HQL_FUNCTIONS              : Boolean array_includes(ARRAY haystackArray, OBJECT needleArray)
2025-04-29T21:36:52.957-04:00 DEBUG 9012 --- [actividad_sumativa_semana8] [           main] org.hibernate.HQL_FUNCTIONS              : Boolean array_includes_nullable(ARRAY haystackArray, OBJECT needleArray)
2025-04-29T21:36:52.957-04:00 DEBUG 9012 --- [actividad_sumativa_semana8] [           main] org.hibernate.HQL_FUNCTIONS              : Boolean array_intersects(ARRAY array0, OBJECT array1)
2025-04-29T21:36:52.957-04:00 DEBUG 9012 --- [actividad_sumativa_semana8] [           main] org.hibernate.HQL_FUNCTIONS              : Boolean array_intersects_nullable(ARRAY array0, OBJECT array1)
2025-04-29T21:36:52.957-04:00 DEBUG 9012 --- [actividad_sumativa_semana8] [           main] org.hibernate.HQL_FUNCTIONS              : Integer array_length(ARRAY array)
2025-04-29T21:36:52.957-04:00 DEBUG 9012 --- [actividad_sumativa_semana8] [           main] org.hibernate.HQL_FUNCTIONS              : array_list( ... )
2025-04-29T21:36:52.960-04:00 DEBUG 9012 --- [actividad_sumativa_semana8] [           main] org.hibernate.HQL_FUNCTIONS              : Boolean array_overlaps(ARRAY array0, OBJECT array1)
2025-04-29T21:36:52.960-04:00 DEBUG 9012 --- [actividad_sumativa_semana8] [           main] org.hibernate.HQL_FUNCTIONS              : Boolean array_overlaps_nullable(ARRAY array0, OBJECT array1)
2025-04-29T21:36:52.960-04:00 DEBUG 9012 --- [actividad_sumativa_semana8] [           main] org.hibernate.HQL_FUNCTIONS              : Integer array_position(ARRAY array, OBJECT element[, INTEGER startPosition])
2025-04-29T21:36:52.960-04:00 DEBUG 9012 --- [actividad_sumativa_semana8] [           main] org.hibernate.HQL_FUNCTIONS              : int[] array_positions(ARRAY array, OBJECT element)
2025-04-29T21:36:52.960-04:00 DEBUG 9012 --- [actividad_sumativa_semana8] [           main] org.hibernate.HQL_FUNCTIONS              : List array_positions_list(ARRAY array, OBJECT element)
2025-04-29T21:36:52.960-04:00 DEBUG 9012 --- [actividad_sumativa_semana8] [           main] org.hibernate.HQL_FUNCTIONS              : array_prepend( ... )
2025-04-29T21:36:52.960-04:00 DEBUG 9012 --- [actividad_sumativa_semana8] [           main] org.hibernate.HQL_FUNCTIONS              : array_remove( ... )
2025-04-29T21:36:52.960-04:00 DEBUG 9012 --- [actividad_sumativa_semana8] [           main] org.hibernate.HQL_FUNCTIONS              : array_remove_index( ... )
2025-04-29T21:36:52.961-04:00 DEBUG 9012 --- [actividad_sumativa_semana8] [           main] org.hibernate.HQL_FUNCTIONS              : array_replace( ... )
2025-04-29T21:36:52.961-04:00 DEBUG 9012 --- [actividad_sumativa_semana8] [           main] org.hibernate.HQL_FUNCTIONS              : array_set( ... )
2025-04-29T21:36:52.961-04:00 DEBUG 9012 --- [actividad_sumativa_semana8] [           main] org.hibernate.HQL_FUNCTIONS              : array_slice( ... )
2025-04-29T21:36:52.961-04:00 DEBUG 9012 --- [actividad_sumativa_semana8] [           main] org.hibernate.HQL_FUNCTIONS              : String array_to_string( ... )
2025-04-29T21:36:52.961-04:00 DEBUG 9012 --- [actividad_sumativa_semana8] [           main] org.hibernate.HQL_FUNCTIONS              : array_trim( ... )
2025-04-29T21:36:52.961-04:00 DEBUG 9012 --- [actividad_sumativa_semana8] [           main] org.hibernate.HQL_FUNCTIONS              : Integer ascii(STRING arg)
2025-04-29T21:36:52.961-04:00 DEBUG 9012 --- [actividad_sumativa_semana8] [           main] org.hibernate.HQL_FUNCTIONS              : Double asin(NUMERIC arg)
2025-04-29T21:36:52.961-04:00 DEBUG 9012 --- [actividad_sumativa_semana8] [           main] org.hibernate.HQL_FUNCTIONS              : Double atan(NUMERIC arg)
2025-04-29T21:36:52.961-04:00 DEBUG 9012 --- [actividad_sumativa_semana8] [           main] org.hibernate.HQL_FUNCTIONS              : Double atan2(NUMERIC arg0, NUMERIC arg1)
2025-04-29T21:36:52.962-04:00 DEBUG 9012 --- [actividad_sumativa_semana8] [           main] org.hibernate.HQL_FUNCTIONS              : avg(arg)
2025-04-29T21:36:52.962-04:00 DEBUG 9012 --- [actividad_sumativa_semana8] [           main] org.hibernate.HQL_FUNCTIONS              : Integer bit_length(STRING_OR_CLOB arg)
2025-04-29T21:36:52.962-04:00 DEBUG 9012 --- [actividad_sumativa_semana8] [           main] org.hibernate.HQL_FUNCTIONS              : bitand(arg0, arg1)
2025-04-29T21:36:52.962-04:00 DEBUG 9012 --- [actividad_sumativa_semana8] [           main] org.hibernate.HQL_FUNCTIONS              : bitor(arg0, arg1)
2025-04-29T21:36:52.962-04:00 DEBUG 9012 --- [actividad_sumativa_semana8] [           main] org.hibernate.HQL_FUNCTIONS              : bitxor(arg0, arg1)
2025-04-29T21:36:52.962-04:00 DEBUG 9012 --- [actividad_sumativa_semana8] [           main] org.hibernate.HQL_FUNCTIONS              : cast(arg as Type)
2025-04-29T21:36:52.962-04:00 DEBUG 9012 --- [actividad_sumativa_semana8] [           main] org.hibernate.HQL_FUNCTIONS              : ceil(NUMERIC arg)
2025-04-29T21:36:52.962-04:00 DEBUG 9012 --- [actividad_sumativa_semana8] [           main] org.hibernate.HQL_FUNCTIONS              : ceiling(NUMERIC arg)
2025-04-29T21:36:52.962-04:00 DEBUG 9012 --- [actividad_sumativa_semana8] [           main] org.hibernate.HQL_FUNCTIONS              : Character char(INTEGER arg)
2025-04-29T21:36:52.962-04:00 DEBUG 9012 --- [actividad_sumativa_semana8] [           main] org.hibernate.HQL_FUNCTIONS              : Integer character_length(STRING_OR_CLOB arg)
2025-04-29T21:36:52.962-04:00 DEBUG 9012 --- [actividad_sumativa_semana8] [           main] org.hibernate.HQL_FUNCTIONS              : Character chr(INTEGER arg)
2025-04-29T21:36:52.962-04:00 DEBUG 9012 --- [actividad_sumativa_semana8] [           main] org.hibernate.HQL_FUNCTIONS              : coalesce(arg0[, arg1[, ...]])
2025-04-29T21:36:52.962-04:00 DEBUG 9012 --- [actividad_sumativa_semana8] [           main] org.hibernate.HQL_FUNCTIONS              : String collate(STRING string as COLLATION collation)
2025-04-29T21:36:52.962-04:00 DEBUG 9012 --- [actividad_sumativa_semana8] [           main] org.hibernate.HQL_FUNCTIONS              : String concat(STRING string0[, STRING string1[, ...]])
2025-04-29T21:36:52.962-04:00 DEBUG 9012 --- [actividad_sumativa_semana8] [           main] org.hibernate.HQL_FUNCTIONS              : Double corr(NUMERIC arg0, NUMERIC arg1)
2025-04-29T21:36:52.962-04:00 DEBUG 9012 --- [actividad_sumativa_semana8] [           main] org.hibernate.HQL_FUNCTIONS              : Double cos(NUMERIC arg)
2025-04-29T21:36:52.962-04:00 DEBUG 9012 --- [actividad_sumativa_semana8] [           main] org.hibernate.HQL_FUNCTIONS              : Double cosh(NUMERIC arg)
2025-04-29T21:36:52.962-04:00 DEBUG 9012 --- [actividad_sumativa_semana8] [           main] org.hibernate.HQL_FUNCTIONS              : Long count([distinct ]{arg|*})
2025-04-29T21:36:52.962-04:00 DEBUG 9012 --- [actividad_sumativa_semana8] [           main] org.hibernate.HQL_FUNCTIONS              : Double covar_pop(NUMERIC arg0, NUMERIC arg1)
2025-04-29T21:36:52.962-04:00 DEBUG 9012 --- [actividad_sumativa_semana8] [           main] org.hibernate.HQL_FUNCTIONS              : Double covar_samp(NUMERIC arg0, NUMERIC arg1)
2025-04-29T21:36:52.962-04:00 DEBUG 9012 --- [actividad_sumativa_semana8] [           main] org.hibernate.HQL_FUNCTIONS              : Double cume_dist([arg0[, ...]])
2025-04-29T21:36:52.962-04:00 DEBUG 9012 --- [actividad_sumativa_semana8] [           main] org.hibernate.HQL_FUNCTIONS              : Date current date
2025-04-29T21:36:52.962-04:00 DEBUG 9012 --- [actividad_sumativa_semana8] [           main] org.hibernate.HQL_FUNCTIONS              : Time current time
2025-04-29T21:36:52.962-04:00 DEBUG 9012 --- [actividad_sumativa_semana8] [           main] org.hibernate.HQL_FUNCTIONS              : Timestamp current timestamp
2025-04-29T21:36:52.962-04:00 DEBUG 9012 --- [actividad_sumativa_semana8] [           main] org.hibernate.HQL_FUNCTIONS              : Date current_date
2025-04-29T21:36:52.962-04:00 DEBUG 9012 --- [actividad_sumativa_semana8] [           main] org.hibernate.HQL_FUNCTIONS              : Instant current_instant
2025-04-29T21:36:52.962-04:00 DEBUG 9012 --- [actividad_sumativa_semana8] [           main] org.hibernate.HQL_FUNCTIONS              : Time current_time
2025-04-29T21:36:52.962-04:00 DEBUG 9012 --- [actividad_sumativa_semana8] [           main] org.hibernate.HQL_FUNCTIONS              : Timestamp current_timestamp
2025-04-29T21:36:52.962-04:00 DEBUG 9012 --- [actividad_sumativa_semana8] [           main] org.hibernate.HQL_FUNCTIONS              : dateadd(TEMPORAL_UNIT field, INTEGER magnitude, TEMPORAL datetime)
2025-04-29T21:36:52.963-04:00 DEBUG 9012 --- [actividad_sumativa_semana8] [           main] org.hibernate.HQL_FUNCTIONS              : Long|Double datediff(TEMPORAL_UNIT field, TEMPORAL start, TEMPORAL end)
2025-04-29T21:36:52.963-04:00 DEBUG 9012 --- [actividad_sumativa_semana8] [           main] org.hibernate.HQL_FUNCTIONS              : Double degrees(NUMERIC arg)
2025-04-29T21:36:52.963-04:00 DEBUG 9012 --- [actividad_sumativa_semana8] [           main] org.hibernate.HQL_FUNCTIONS              : Long dense_rank([arg0[, ...]])
2025-04-29T21:36:52.965-04:00 DEBUG 9012 --- [actividad_sumativa_semana8] [           main] org.hibernate.HQL_FUNCTIONS              : Boolean every(BOOLEAN arg)
2025-04-29T21:36:52.965-04:00 DEBUG 9012 --- [actividad_sumativa_semana8] [           main] org.hibernate.HQL_FUNCTIONS              : Double exp(NUMERIC arg)
2025-04-29T21:36:52.965-04:00 DEBUG 9012 --- [actividad_sumativa_semana8] [           main] org.hibernate.HQL_FUNCTIONS              : extract(TEMPORAL_UNIT field from TEMPORAL arg)
2025-04-29T21:36:52.965-04:00 DEBUG 9012 --- [actividad_sumativa_semana8] [           main] org.hibernate.HQL_FUNCTIONS              : first_valueANY value
2025-04-29T21:36:52.965-04:00 DEBUG 9012 --- [actividad_sumativa_semana8] [           main] org.hibernate.HQL_FUNCTIONS              : floor(NUMERIC arg)
2025-04-29T21:36:52.965-04:00 DEBUG 9012 --- [actividad_sumativa_semana8] [           main] org.hibernate.HQL_FUNCTIONS              : String format(TEMPORAL datetime as STRING pattern)
2025-04-29T21:36:52.965-04:00 DEBUG 9012 --- [actividad_sumativa_semana8] [           main] org.hibernate.HQL_FUNCTIONS              : greatest(COMPARABLE arg0, COMPARABLE arg1[, arg2[, ...]])
2025-04-29T21:36:52.965-04:00 DEBUG 9012 --- [actividad_sumativa_semana8] [           main] org.hibernate.HQL_FUNCTIONS              : ifnull(arg0, arg1)
2025-04-29T21:36:52.965-04:00 DEBUG 9012 --- [actividad_sumativa_semana8] [           main] org.hibernate.HQL_FUNCTIONS              : String initcap(arg)
2025-04-29T21:36:52.965-04:00 DEBUG 9012 --- [actividad_sumativa_semana8] [           main] org.hibernate.HQL_FUNCTIONS              : Instant instant
2025-04-29T21:36:52.965-04:00 DEBUG 9012 --- [actividad_sumativa_semana8] [           main] org.hibernate.HQL_FUNCTIONS              : Integer instr(STRING string, STRING pattern[, INTEGER start[, INTEGER occurrence]])
2025-04-29T21:36:52.965-04:00 DEBUG 9012 --- [actividad_sumativa_semana8] [           main] org.hibernate.HQL_FUNCTIONS              : lagANY value[, INTEGER offset[, ANY default]]
2025-04-29T21:36:52.966-04:00 DEBUG 9012 --- [actividad_sumativa_semana8] [           main] org.hibernate.HQL_FUNCTIONS              : Date last_day(DATE arg)
2025-04-29T21:36:52.966-04:00 DEBUG 9012 --- [actividad_sumativa_semana8] [           main] org.hibernate.HQL_FUNCTIONS              : last_valueANY value
2025-04-29T21:36:52.966-04:00 DEBUG 9012 --- [actividad_sumativa_semana8] [           main] org.hibernate.HQL_FUNCTIONS              : leadANY value[, INTEGER offset[, ANY default]]
2025-04-29T21:36:52.966-04:00 DEBUG 9012 --- [actividad_sumativa_semana8] [           main] org.hibernate.HQL_FUNCTIONS              : least(COMPARABLE arg0, COMPARABLE arg1[, arg2[, ...]])
2025-04-29T21:36:52.966-04:00 DEBUG 9012 --- [actividad_sumativa_semana8] [           main] org.hibernate.HQL_FUNCTIONS              : String left(STRING string, INTEGER length)
2025-04-29T21:36:52.966-04:00 DEBUG 9012 --- [actividad_sumativa_semana8] [           main] org.hibernate.HQL_FUNCTIONS              : length
2025-04-29T21:36:52.966-04:00 DEBUG 9012 --- [actividad_sumativa_semana8] [           main] org.hibernate.HQL_FUNCTIONS              : String listagg(STRING arg0, STRING arg1)
2025-04-29T21:36:52.966-04:00 DEBUG 9012 --- [actividad_sumativa_semana8] [           main] org.hibernate.HQL_FUNCTIONS              : Double ln(NUMERIC arg)
2025-04-29T21:36:52.966-04:00 DEBUG 9012 --- [actividad_sumativa_semana8] [           main] org.hibernate.HQL_FUNCTIONS              : LocalDate local date
2025-04-29T21:36:52.966-04:00 DEBUG 9012 --- [actividad_sumativa_semana8] [           main] org.hibernate.HQL_FUNCTIONS              : LocalDateTime local datetime
2025-04-29T21:36:52.966-04:00 DEBUG 9012 --- [actividad_sumativa_semana8] [           main] org.hibernate.HQL_FUNCTIONS              : LocalTime local time
2025-04-29T21:36:52.966-04:00 DEBUG 9012 --- [actividad_sumativa_semana8] [           main] org.hibernate.HQL_FUNCTIONS              : LocalDate local_date
2025-04-29T21:36:52.966-04:00 DEBUG 9012 --- [actividad_sumativa_semana8] [           main] org.hibernate.HQL_FUNCTIONS              : LocalDateTime local_datetime
2025-04-29T21:36:52.966-04:00 DEBUG 9012 --- [actividad_sumativa_semana8] [           main] org.hibernate.HQL_FUNCTIONS              : LocalTime local_time
2025-04-29T21:36:52.966-04:00 DEBUG 9012 --- [actividad_sumativa_semana8] [           main] org.hibernate.HQL_FUNCTIONS              : Integer locate(pattern, string[, start])
2025-04-29T21:36:52.966-04:00 DEBUG 9012 --- [actividad_sumativa_semana8] [           main] org.hibernate.HQL_FUNCTIONS              : Double log(NUMERIC arg0[, NUMERIC arg1])
2025-04-29T21:36:52.966-04:00 DEBUG 9012 --- [actividad_sumativa_semana8] [           main] org.hibernate.HQL_FUNCTIONS              : Double log10(NUMERIC arg)
2025-04-29T21:36:52.966-04:00 DEBUG 9012 --- [actividad_sumativa_semana8] [           main] org.hibernate.HQL_FUNCTIONS              : String lower(STRING string)
2025-04-29T21:36:52.966-04:00 DEBUG 9012 --- [actividad_sumativa_semana8] [           main] org.hibernate.HQL_FUNCTIONS              : String lpad(STRING string, INTEGER length[, STRING padding])
2025-04-29T21:36:52.966-04:00 DEBUG 9012 --- [actividad_sumativa_semana8] [           main] org.hibernate.HQL_FUNCTIONS              : String ltrim(STRING string[, STRING characters])
2025-04-29T21:36:52.966-04:00 DEBUG 9012 --- [actividad_sumativa_semana8] [           main] org.hibernate.HQL_FUNCTIONS              : max(COMPARABLE arg)
2025-04-29T21:36:52.966-04:00 DEBUG 9012 --- [actividad_sumativa_semana8] [           main] org.hibernate.HQL_FUNCTIONS              : Double median(NUMERIC arg)
2025-04-29T21:36:52.966-04:00 DEBUG 9012 --- [actividad_sumativa_semana8] [           main] org.hibernate.HQL_FUNCTIONS              : min(COMPARABLE arg)
2025-04-29T21:36:52.966-04:00 DEBUG 9012 --- [actividad_sumativa_semana8] [           main] org.hibernate.HQL_FUNCTIONS              : Integer mod(INTEGER arg0, INTEGER arg1)
2025-04-29T21:36:52.966-04:00 DEBUG 9012 --- [actividad_sumativa_semana8] [           main] org.hibernate.HQL_FUNCTIONS              : mode()
2025-04-29T21:36:52.966-04:00 DEBUG 9012 --- [actividad_sumativa_semana8] [           main] org.hibernate.HQL_FUNCTIONS              : Integer months_between(DATE end, DATE start)
2025-04-29T21:36:52.966-04:00 DEBUG 9012 --- [actividad_sumativa_semana8] [           main] org.hibernate.HQL_FUNCTIONS              : nth_valueANY value, INTEGER nth
2025-04-29T21:36:52.966-04:00 DEBUG 9012 --- [actividad_sumativa_semana8] [           main] org.hibernate.HQL_FUNCTIONS              : nullif(arg0, arg1)
2025-04-29T21:36:52.966-04:00 DEBUG 9012 --- [actividad_sumativa_semana8] [           main] org.hibernate.HQL_FUNCTIONS              : Integer octet_length(STRING_OR_CLOB arg)
2025-04-29T21:36:52.966-04:00 DEBUG 9012 --- [actividad_sumativa_semana8] [           main] org.hibernate.HQL_FUNCTIONS              : OffsetDateTime offset datetime
2025-04-29T21:36:52.966-04:00 DEBUG 9012 --- [actividad_sumativa_semana8] [           main] org.hibernate.HQL_FUNCTIONS              : OffsetDateTime offset_datetime
2025-04-29T21:36:52.966-04:00 DEBUG 9012 --- [actividad_sumativa_semana8] [           main] org.hibernate.HQL_FUNCTIONS              : String overlay(STRING string placing STRING replacement from INTEGER start[ for INTEGER length])
2025-04-29T21:36:52.966-04:00 DEBUG 9012 --- [actividad_sumativa_semana8] [           main] org.hibernate.HQL_FUNCTIONS              : String pad(STRING string with INTEGER length {leading|trailing}[ STRING character])
2025-04-29T21:36:52.966-04:00 DEBUG 9012 --- [actividad_sumativa_semana8] [           main] org.hibernate.HQL_FUNCTIONS              : Double percent_rank([arg0[, ...]])
2025-04-29T21:36:52.966-04:00 DEBUG 9012 --- [actividad_sumativa_semana8] [           main] org.hibernate.HQL_FUNCTIONS              : percentile_cont(NUMERIC arg)
2025-04-29T21:36:52.967-04:00 DEBUG 9012 --- [actividad_sumativa_semana8] [           main] org.hibernate.HQL_FUNCTIONS              : percentile_disc(NUMERIC arg)
2025-04-29T21:36:52.967-04:00 DEBUG 9012 --- [actividad_sumativa_semana8] [           main] org.hibernate.HQL_FUNCTIONS              : Double pi
2025-04-29T21:36:52.967-04:00 DEBUG 9012 --- [actividad_sumativa_semana8] [           main] org.hibernate.HQL_FUNCTIONS              : Integer position(STRING pattern in STRING string)
2025-04-29T21:36:52.967-04:00 DEBUG 9012 --- [actividad_sumativa_semana8] [           main] org.hibernate.HQL_FUNCTIONS              : Double power(NUMERIC arg0, NUMERIC arg1)
2025-04-29T21:36:52.967-04:00 DEBUG 9012 --- [actividad_sumativa_semana8] [           main] org.hibernate.HQL_FUNCTIONS              : Double radians(NUMERIC arg)
2025-04-29T21:36:52.967-04:00 DEBUG 9012 --- [actividad_sumativa_semana8] [           main] org.hibernate.HQL_FUNCTIONS              : Long rank([arg0[, ...]])
2025-04-29T21:36:52.967-04:00 DEBUG 9012 --- [actividad_sumativa_semana8] [           main] org.hibernate.HQL_FUNCTIONS              : Double regr_avgx(NUMERIC arg0, NUMERIC arg1)
2025-04-29T21:36:52.967-04:00 DEBUG 9012 --- [actividad_sumativa_semana8] [           main] org.hibernate.HQL_FUNCTIONS              : Double regr_avgy(NUMERIC arg0, NUMERIC arg1)
2025-04-29T21:36:52.967-04:00 DEBUG 9012 --- [actividad_sumativa_semana8] [           main] org.hibernate.HQL_FUNCTIONS              : Double regr_count(NUMERIC arg0, NUMERIC arg1)
2025-04-29T21:36:52.967-04:00 DEBUG 9012 --- [actividad_sumativa_semana8] [           main] org.hibernate.HQL_FUNCTIONS              : Double regr_intercept(NUMERIC arg0, NUMERIC arg1)
2025-04-29T21:36:52.967-04:00 DEBUG 9012 --- [actividad_sumativa_semana8] [           main] org.hibernate.HQL_FUNCTIONS              : Double regr_r2(NUMERIC arg0, NUMERIC arg1)
2025-04-29T21:36:52.967-04:00 DEBUG 9012 --- [actividad_sumativa_semana8] [           main] org.hibernate.HQL_FUNCTIONS              : Double regr_slope(NUMERIC arg0, NUMERIC arg1)
2025-04-29T21:36:52.967-04:00 DEBUG 9012 --- [actividad_sumativa_semana8] [           main] org.hibernate.HQL_FUNCTIONS              : Double regr_sxx(NUMERIC arg0, NUMERIC arg1)
2025-04-29T21:36:52.967-04:00 DEBUG 9012 --- [actividad_sumativa_semana8] [           main] org.hibernate.HQL_FUNCTIONS              : Double regr_sxy(NUMERIC arg0, NUMERIC arg1)
2025-04-29T21:36:52.967-04:00 DEBUG 9012 --- [actividad_sumativa_semana8] [           main] org.hibernate.HQL_FUNCTIONS              : Double regr_syy(NUMERIC arg0, NUMERIC arg1)
2025-04-29T21:36:52.967-04:00 DEBUG 9012 --- [actividad_sumativa_semana8] [           main] org.hibernate.HQL_FUNCTIONS              : String repeat(STRING string, INTEGER times)
2025-04-29T21:36:52.967-04:00 DEBUG 9012 --- [actividad_sumativa_semana8] [           main] org.hibernate.HQL_FUNCTIONS              : String replace(STRING string, STRING pattern, STRING replacement)
2025-04-29T21:36:52.967-04:00 DEBUG 9012 --- [actividad_sumativa_semana8] [           main] org.hibernate.HQL_FUNCTIONS              : String right(STRING string, INTEGER length)
2025-04-29T21:36:52.967-04:00 DEBUG 9012 --- [actividad_sumativa_semana8] [           main] org.hibernate.HQL_FUNCTIONS              : round(NUMERIC number[, INTEGER places])
2025-04-29T21:36:52.967-04:00 DEBUG 9012 --- [actividad_sumativa_semana8] [           main] org.hibernate.HQL_FUNCTIONS              : Long row_number()
2025-04-29T21:36:52.967-04:00 DEBUG 9012 --- [actividad_sumativa_semana8] [           main] org.hibernate.HQL_FUNCTIONS              : Long rowid
2025-04-29T21:36:52.967-04:00 DEBUG 9012 --- [actividad_sumativa_semana8] [           main] org.hibernate.HQL_FUNCTIONS              : Long rownum
2025-04-29T21:36:52.967-04:00 DEBUG 9012 --- [actividad_sumativa_semana8] [           main] org.hibernate.HQL_FUNCTIONS              : String rpad(STRING string, INTEGER length[, STRING padding])
2025-04-29T21:36:52.967-04:00 DEBUG 9012 --- [actividad_sumativa_semana8] [           main] org.hibernate.HQL_FUNCTIONS              : String rtrim(STRING string[, STRING characters])
2025-04-29T21:36:52.967-04:00 DEBUG 9012 --- [actividad_sumativa_semana8] [           main] org.hibernate.HQL_FUNCTIONS              : Integer sign(NUMERIC arg)
2025-04-29T21:36:52.967-04:00 DEBUG 9012 --- [actividad_sumativa_semana8] [           main] org.hibernate.HQL_FUNCTIONS              : Double sin(NUMERIC arg)
2025-04-29T21:36:52.968-04:00 DEBUG 9012 --- [actividad_sumativa_semana8] [           main] org.hibernate.HQL_FUNCTIONS              : Double sinh(NUMERIC arg)
2025-04-29T21:36:52.968-04:00 DEBUG 9012 --- [actividad_sumativa_semana8] [           main] org.hibernate.HQL_FUNCTIONS              : String soundex(arg)
2025-04-29T21:36:52.968-04:00 DEBUG 9012 --- [actividad_sumativa_semana8] [           main] org.hibernate.HQL_FUNCTIONS              : Object sql
2025-04-29T21:36:52.968-04:00 DEBUG 9012 --- [actividad_sumativa_semana8] [           main] org.hibernate.HQL_FUNCTIONS              : Double sqrt(NUMERIC arg)
2025-04-29T21:36:52.968-04:00 DEBUG 9012 --- [actividad_sumativa_semana8] [           main] org.hibernate.HQL_FUNCTIONS              : Double stddev(NUMERIC arg)
2025-04-29T21:36:52.968-04:00 DEBUG 9012 --- [actividad_sumativa_semana8] [           main] org.hibernate.HQL_FUNCTIONS              : Double stddev_pop(NUMERIC arg)
2025-04-29T21:36:52.968-04:00 DEBUG 9012 --- [actividad_sumativa_semana8] [           main] org.hibernate.HQL_FUNCTIONS              : Double stddev_samp(NUMERIC arg)
2025-04-29T21:36:52.968-04:00 DEBUG 9012 --- [actividad_sumativa_semana8] [           main] org.hibernate.HQL_FUNCTIONS              : String str(arg)
2025-04-29T21:36:52.968-04:00 DEBUG 9012 --- [actividad_sumativa_semana8] [           main] org.hibernate.HQL_FUNCTIONS              : String substr(STRING string, INTEGER start[, INTEGER length])
2025-04-29T21:36:52.968-04:00 DEBUG 9012 --- [actividad_sumativa_semana8] [           main] org.hibernate.HQL_FUNCTIONS              : String substring(STRING string{ from|,} INTEGER start[{ for|,} INTEGER length])
2025-04-29T21:36:52.968-04:00 DEBUG 9012 --- [actividad_sumativa_semana8] [           main] org.hibernate.HQL_FUNCTIONS              : sum(arg)
2025-04-29T21:36:52.968-04:00 DEBUG 9012 --- [actividad_sumativa_semana8] [           main] org.hibernate.HQL_FUNCTIONS              : Timestamp sysdate
2025-04-29T21:36:52.968-04:00 DEBUG 9012 --- [actividad_sumativa_semana8] [           main] org.hibernate.HQL_FUNCTIONS              : Timestamp systimestamp
2025-04-29T21:36:52.968-04:00 DEBUG 9012 --- [actividad_sumativa_semana8] [           main] org.hibernate.HQL_FUNCTIONS              : Double tan(NUMERIC arg)
2025-04-29T21:36:52.968-04:00 DEBUG 9012 --- [actividad_sumativa_semana8] [           main] org.hibernate.HQL_FUNCTIONS              : Double tanh(NUMERIC arg)
2025-04-29T21:36:52.968-04:00 DEBUG 9012 --- [actividad_sumativa_semana8] [           main] org.hibernate.HQL_FUNCTIONS              : timestampadd(TEMPORAL_UNIT field, INTEGER magnitude, TEMPORAL datetime)
2025-04-29T21:36:52.969-04:00 DEBUG 9012 --- [actividad_sumativa_semana8] [           main] org.hibernate.HQL_FUNCTIONS              : Long|Double timestampdiff(TEMPORAL_UNIT field, TEMPORAL start, TEMPORAL end)
2025-04-29T21:36:52.969-04:00 DEBUG 9012 --- [actividad_sumativa_semana8] [           main] org.hibernate.HQL_FUNCTIONS              : String to_char(ANY arg0[, STRING arg1, STRING arg2])
2025-04-29T21:36:52.970-04:00 DEBUG 9012 --- [actividad_sumativa_semana8] [           main] org.hibernate.HQL_FUNCTIONS              : Date to_date(STRING arg0[, STRING arg1, STRING arg2])
2025-04-29T21:36:52.970-04:00 DEBUG 9012 --- [actividad_sumativa_semana8] [           main] org.hibernate.HQL_FUNCTIONS              : Double to_number(STRING arg0[, STRING arg1, STRING arg2])
2025-04-29T21:36:52.970-04:00 DEBUG 9012 --- [actividad_sumativa_semana8] [           main] org.hibernate.HQL_FUNCTIONS              : Timestamp to_timestamp(STRING arg0[, STRING arg1, STRING arg2])
2025-04-29T21:36:52.970-04:00 DEBUG 9012 --- [actividad_sumativa_semana8] [           main] org.hibernate.HQL_FUNCTIONS              : String translate(STRING arg0, STRING arg1, STRING arg2)
2025-04-29T21:36:52.970-04:00 DEBUG 9012 --- [actividad_sumativa_semana8] [           main] org.hibernate.HQL_FUNCTIONS              : String trim([[{leading|trailing|both} ][STRING arg0 ]from] STRING arg1)
2025-04-29T21:36:52.970-04:00 DEBUG 9012 --- [actividad_sumativa_semana8] [           main] org.hibernate.HQL_FUNCTIONS              : trunc( ... )
2025-04-29T21:36:52.970-04:00 DEBUG 9012 --- [actividad_sumativa_semana8] [           main] org.hibernate.HQL_FUNCTIONS              : truncate( ... )
2025-04-29T21:36:52.970-04:00 DEBUG 9012 --- [actividad_sumativa_semana8] [           main] org.hibernate.HQL_FUNCTIONS              : String upper(STRING string)
2025-04-29T21:36:52.970-04:00 DEBUG 9012 --- [actividad_sumativa_semana8] [           main] org.hibernate.HQL_FUNCTIONS              : Double var_pop(NUMERIC arg)
2025-04-29T21:36:52.970-04:00 DEBUG 9012 --- [actividad_sumativa_semana8] [           main] org.hibernate.HQL_FUNCTIONS              : Double var_samp(NUMERIC arg)
2025-04-29T21:36:52.970-04:00 DEBUG 9012 --- [actividad_sumativa_semana8] [           main] org.hibernate.HQL_FUNCTIONS              : Double variance(NUMERIC arg)
2025-04-29T21:36:52.986-04:00 DEBUG 9012 --- [actividad_sumativa_semana8] [           main] org.hibernate.orm.query.plan.cache       : Starting QueryInterpretationCache(2048)
2025-04-29T21:36:53.143-04:00 DEBUG 9012 --- [actividad_sumativa_semana8] [           main] .h.s.i.SessionFactoryServiceRegistryImpl : EventListenerRegistry access via ServiceRegistry is deprecated.  Use `sessionFactory.getEventEngine().getListenerRegistry()` instead
2025-04-29T21:36:53.145-04:00 DEBUG 9012 --- [actividad_sumativa_semana8] [           main] h.e.i.EntityCopyObserverFactoryInitiator : Configured EntityCopyObserver strategy: disallow
2025-04-29T21:36:53.287-04:00 DEBUG 9012 --- [actividad_sumativa_semana8] [           main] o.h.boot.internal.ClassLoaderAccessImpl  : Not known whether passed class name [com.example.actividad_sumativa_semana8.Model.Evento] is safe
2025-04-29T21:36:53.287-04:00 DEBUG 9012 --- [actividad_sumativa_semana8] [           main] o.h.boot.internal.ClassLoaderAccessImpl  : No temp ClassLoader provided; using live ClassLoader for loading potentially unsafe class : com.example.actividad_sumativa_semana8.Model.Evento
2025-04-29T21:36:53.634-04:00 DEBUG 9012 --- [actividad_sumativa_semana8] [           main] o.h.b.i.bytebuddy.BytecodeProviderImpl   : HHH000513: Unable to create the ReflectionOptimizer for [com.example.actividad_sumativa_semana8.Model.Evento]: private accessor [descripcion]
2025-04-29T21:36:53.671-04:00 DEBUG 9012 --- [actividad_sumativa_semana8] [           main] o.h.boot.internal.ClassLoaderAccessImpl  : Not known whether passed class name [com.example.actividad_sumativa_semana8.Model.Servicio] is safe
2025-04-29T21:36:53.671-04:00 DEBUG 9012 --- [actividad_sumativa_semana8] [           main] o.h.boot.internal.ClassLoaderAccessImpl  : No temp ClassLoader provided; using live ClassLoader for loading potentially unsafe class : com.example.actividad_sumativa_semana8.Model.Servicio
2025-04-29T21:36:53.693-04:00 DEBUG 9012 --- [actividad_sumativa_semana8] [           main] o.h.b.i.bytebuddy.BytecodeProviderImpl   : HHH000513: Unable to create the ReflectionOptimizer for [com.example.actividad_sumativa_semana8.Model.Servicio]: private accessor [descripcion]
2025-04-29T21:36:53.693-04:00 DEBUG 9012 --- [actividad_sumativa_semana8] [           main] o.h.boot.internal.ClassLoaderAccessImpl  : Not known whether passed class name [com.example.actividad_sumativa_semana8.Model.Factura] is safe
2025-04-29T21:36:53.694-04:00 DEBUG 9012 --- [actividad_sumativa_semana8] [           main] o.h.boot.internal.ClassLoaderAccessImpl  : No temp ClassLoader provided; using live ClassLoader for loading potentially unsafe class : com.example.actividad_sumativa_semana8.Model.Factura
2025-04-29T21:36:53.714-04:00 DEBUG 9012 --- [actividad_sumativa_semana8] [           main] o.h.b.i.bytebuddy.BytecodeProviderImpl   : HHH000513: Unable to create the ReflectionOptimizer for [com.example.actividad_sumativa_semana8.Model.Factura]: private accessor [estado]
2025-04-29T21:36:53.718-04:00 DEBUG 9012 --- [actividad_sumativa_semana8] [           main] org.hibernate.ormbytecode.interceptor    : To-one property `com.example.actividad_sumativa_semana8.Model.Participante#evento` was mapped with LAZY + NO_PROXY but the class was not enhanced
2025-04-29T21:36:53.718-04:00 DEBUG 9012 --- [actividad_sumativa_semana8] [           main] org.hibernate.ormbytecode.interceptor    : To-one property `com.example.actividad_sumativa_semana8.Model.Participante#evento` was mapped with LAZY + NO_PROXY but the class was not enhanced
2025-04-29T21:36:53.718-04:00 DEBUG 9012 --- [actividad_sumativa_semana8] [           main] o.h.boot.internal.ClassLoaderAccessImpl  : Not known whether passed class name [com.example.actividad_sumativa_semana8.Model.Participante] is safe
2025-04-29T21:36:53.718-04:00 DEBUG 9012 --- [actividad_sumativa_semana8] [           main] o.h.boot.internal.ClassLoaderAccessImpl  : No temp ClassLoader provided; using live ClassLoader for loading potentially unsafe class : com.example.actividad_sumativa_semana8.Model.Participante
2025-04-29T21:36:53.745-04:00 DEBUG 9012 --- [actividad_sumativa_semana8] [           main] o.h.b.i.bytebuddy.BytecodeProviderImpl   : HHH000513: Unable to create the ReflectionOptimizer for [com.example.actividad_sumativa_semana8.Model.Participante]: private accessor [evento]
2025-04-29T21:36:53.746-04:00 DEBUG 9012 --- [actividad_sumativa_semana8] [           main] org.hibernate.ormbytecode.interceptor    : To-one property `com.example.actividad_sumativa_semana8.Model.Participante#evento` was mapped with LAZY + NO_PROXY but the class was not enhanced
2025-04-29T21:36:53.775-04:00 DEBUG 9012 --- [actividad_sumativa_semana8] [           main] org.hibernate.orm.jdbc.mutation          : Skipping collection inserts - com.example.actividad_sumativa_semana8.Model.Servicio.facturas
2025-04-29T21:36:53.776-04:00 DEBUG 9012 --- [actividad_sumativa_semana8] [           main] org.hibernate.orm.jdbc.mutation          : Skipping collection row updates - com.example.actividad_sumativa_semana8.Model.Servicio.facturas
2025-04-29T21:36:53.776-04:00 DEBUG 9012 --- [actividad_sumativa_semana8] [           main] org.hibernate.orm.jdbc.mutation          : Skipping collection row deletions - com.example.actividad_sumativa_semana8.Model.Servicio.facturas
2025-04-29T21:36:53.776-04:00 DEBUG 9012 --- [actividad_sumativa_semana8] [           main] org.hibernate.orm.jdbc.mutation          : Skipping collection removals - com.example.actividad_sumativa_semana8.Model.Servicio.facturas
2025-04-29T21:36:53.782-04:00 DEBUG 9012 --- [actividad_sumativa_semana8] [           main] org.hibernate.orm.jdbc.mutation          : Skipping collection row updates - com.example.actividad_sumativa_semana8.Model.Factura.servicios
2025-04-29T21:36:53.786-04:00 DEBUG 9012 --- [actividad_sumativa_semana8] [           main] org.hibernate.orm.jdbc.mutation          : Skipping collection (re)creation - com.example.actividad_sumativa_semana8.Model.Evento.participantes
2025-04-29T21:36:53.787-04:00 DEBUG 9012 --- [actividad_sumativa_semana8] [           main] org.hibernate.orm.jdbc.mutation          : Skipping collection row deletions - com.example.actividad_sumativa_semana8.Model.Evento.participantes
2025-04-29T21:36:53.788-04:00 DEBUG 9012 --- [actividad_sumativa_semana8] [           main] org.hibernate.orm.jdbc.mutation          : Skipping collection removals - com.example.actividad_sumativa_semana8.Model.Evento.participantes
2025-04-29T21:36:53.832-04:00 DEBUG 9012 --- [actividad_sumativa_semana8] [           main] o.hibernate.orm.model.mapping.creation   : Starting post-init callbacks
2025-04-29T21:36:53.832-04:00 DEBUG 9012 --- [actividad_sumativa_semana8] [           main] o.hibernate.orm.model.mapping.creation   : Starting PostInitCallbackEntry : PluralAttributeMapping( NavigableRole[com.example.actividad_sumativa_semana8.Model.Evento.participantes#{element}]) - element descriptor
2025-04-29T21:36:53.832-04:00 DEBUG 9012 --- [actividad_sumativa_semana8] [           main] o.hibernate.orm.model.mapping.creation   : Starting PostInitCallbackEntry : PluralAttributeMapping(com.example.actividad_sumativa_semana8.Model.Evento.participantes)#finishInitialization
2025-04-29T21:36:53.832-04:00 DEBUG 9012 --- [actividad_sumativa_semana8] [           main] o.hibernate.orm.model.mapping.creation   : Starting PostInitCallbackEntry : PluralAttributeMapping(com.example.actividad_sumativa_semana8.Model.Evento.participantes) - key descriptor
2025-04-29T21:36:53.839-04:00 DEBUG 9012 --- [actividad_sumativa_semana8] [           main] o.hibernate.orm.model.mapping.creation   : Starting PostInitCallbackEntry : Entity(com.example.actividad_sumativa_semana8.Model.Evento) `staticFetchableList` generator
2025-04-29T21:36:53.839-04:00 DEBUG 9012 --- [actividad_sumativa_semana8] [           main] o.hibernate.orm.model.mapping.creation   : Starting PostInitCallbackEntry : PluralAttributeMapping( NavigableRole[com.example.actividad_sumativa_semana8.Model.Servicio.facturas#{element}]) - element descriptor
2025-04-29T21:36:53.839-04:00 DEBUG 9012 --- [actividad_sumativa_semana8] [           main] o.hibernate.orm.model.mapping.creation   : Starting PostInitCallbackEntry : PluralAttributeMapping(com.example.actividad_sumativa_semana8.Model.Servicio.facturas)#finishInitialization
2025-04-29T21:36:53.839-04:00 DEBUG 9012 --- [actividad_sumativa_semana8] [           main] o.hibernate.orm.model.mapping.creation   : Starting PostInitCallbackEntry : PluralAttributeMapping(com.example.actividad_sumativa_semana8.Model.Servicio.facturas) - key descriptor
2025-04-29T21:36:53.839-04:00 DEBUG 9012 --- [actividad_sumativa_semana8] [           main] o.hibernate.orm.model.mapping.creation   : Starting PostInitCallbackEntry : Entity(com.example.actividad_sumativa_semana8.Model.Servicio) `staticFetchableList` generator
2025-04-29T21:36:53.839-04:00 DEBUG 9012 --- [actividad_sumativa_semana8] [           main] o.hibernate.orm.model.mapping.creation   : Starting PostInitCallbackEntry : PluralAttributeMapping( NavigableRole[com.example.actividad_sumativa_semana8.Model.Factura.servicios#{element}]) - element descriptor
2025-04-29T21:36:53.839-04:00 DEBUG 9012 --- [actividad_sumativa_semana8] [           main] o.hibernate.orm.model.mapping.creation   : Starting PostInitCallbackEntry : PluralAttributeMapping(com.example.actividad_sumativa_semana8.Model.Factura.servicios)#finishInitialization
2025-04-29T21:36:53.839-04:00 DEBUG 9012 --- [actividad_sumativa_semana8] [           main] o.hibernate.orm.model.mapping.creation   : Starting PostInitCallbackEntry : PluralAttributeMapping(com.example.actividad_sumativa_semana8.Model.Factura.servicios) - key descriptor
2025-04-29T21:36:53.839-04:00 DEBUG 9012 --- [actividad_sumativa_semana8] [           main] o.hibernate.orm.model.mapping.creation   : Starting PostInitCallbackEntry : Entity(com.example.actividad_sumativa_semana8.Model.Factura) `staticFetchableList` generator
2025-04-29T21:36:53.839-04:00 DEBUG 9012 --- [actividad_sumativa_semana8] [           main] o.hibernate.orm.model.mapping.creation   : Starting PostInitCallbackEntry : To-one key - NavigableRole[com.example.actividad_sumativa_semana8.Model.Participante.evento]
2025-04-29T21:36:53.839-04:00 DEBUG 9012 --- [actividad_sumativa_semana8] [           main] o.hibernate.orm.model.mapping.creation   : Starting PostInitCallbackEntry : Entity(com.example.actividad_sumativa_semana8.Model.Participante) `staticFetchableList` generator
2025-04-29T21:36:53.840-04:00 DEBUG 9012 --- [actividad_sumativa_semana8] [           main] o.hibernate.orm.model.mapping.creation   : Starting PostInitCallbackEntry : PluralAttributeMapping( NavigableRole[com.example.actividad_sumativa_semana8.Model.Evento.participantes#{element}]) - element descriptor
2025-04-29T21:36:53.840-04:00 DEBUG 9012 --- [actividad_sumativa_semana8] [           main] o.hibernate.orm.model.mapping.creation   : Starting PostInitCallbackEntry : PluralAttributeMapping( NavigableRole[com.example.actividad_sumativa_semana8.Model.Servicio.facturas#{element}]) - element descriptor
2025-04-29T21:36:53.974-04:00 DEBUG 9012 --- [actividad_sumativa_semana8] [           main] org.hibernate.orm.sql.ast.create         : Created new SQL alias : e1_0
2025-04-29T21:36:53.977-04:00 DEBUG 9012 --- [actividad_sumativa_semana8] [           main] org.hibernate.orm.sql.ast.create         : Registration of TableGroup [StandardTableGroup(com.example.actividad_sumativa_semana8.Model.Evento)] with identifierForTableGroup [com.example.actividad_sumativa_semana8.Model.Evento] for NavigablePath [com.example.actividad_sumativa_semana8.Model.Evento] 
2025-04-29T21:36:54.003-04:00 DEBUG 9012 --- [actividad_sumativa_semana8] [           main] org.hibernate.orm.results.graph.AST      : DomainResult Graph:
 \-EntityResultImpl [com.example.actividad_sumativa_semana8.Model.Evento]
 |  +-BasicFetch [com.example.actividad_sumativa_semana8.Model.Evento.descripcion]
 |  +-BasicFetch [com.example.actividad_sumativa_semana8.Model.Evento.fecha]
 |  +-BasicFetch [com.example.actividad_sumativa_semana8.Model.Evento.lugar]
 |  +-BasicFetch [com.example.actividad_sumativa_semana8.Model.Evento.nombre]
 |  +-DelayedCollectionFetch [com.example.actividad_sumativa_semana8.Model.Evento.participantes]
 |  \-BasicFetch [com.example.actividad_sumativa_semana8.Model.Evento.tipo]

2025-04-29T21:36:54.007-04:00 DEBUG 9012 --- [actividad_sumativa_semana8] [           main] org.hibernate.orm.sql.ast.tree           : SQL AST Tree:
    SelectStatement {
      FromClause {
        StandardTableGroup (e1 : com.example.actividad_sumativa_semana8.Model.Evento) {
          primaryTableReference : evento as e1_0
        }
      }
    }

2025-04-29T21:36:54.020-04:00 DEBUG 9012 --- [actividad_sumativa_semana8] [           main] o.h.p.entity.AbstractEntityPersister     : Static SQL for entity: com.example.actividad_sumativa_semana8.Model.Evento
2025-04-29T21:36:54.020-04:00 DEBUG 9012 --- [actividad_sumativa_semana8] [           main] o.h.p.entity.AbstractEntityPersister     :  Version select: select id from evento where id=?
2025-04-29T21:36:54.020-04:00 DEBUG 9012 --- [actividad_sumativa_semana8] [           main] o.h.p.entity.AbstractEntityPersister     :  Insert (0): insert into evento (descripcion,fecha,lugar,nombre,tipo,id) values (?,?,?,?,?,default)
2025-04-29T21:36:54.020-04:00 DEBUG 9012 --- [actividad_sumativa_semana8] [           main] o.h.p.entity.AbstractEntityPersister     :  Update (0): update evento set descripcion=?,fecha=?,lugar=?,nombre=?,tipo=? where id=?
2025-04-29T21:36:54.020-04:00 DEBUG 9012 --- [actividad_sumativa_semana8] [           main] o.h.p.entity.AbstractEntityPersister     :  Delete (0): delete from evento where id=?
2025-04-29T21:36:54.020-04:00 DEBUG 9012 --- [actividad_sumativa_semana8] [           main] org.hibernate.orm.sql.ast.create         : Created new SQL alias : s1_0
2025-04-29T21:36:54.020-04:00 DEBUG 9012 --- [actividad_sumativa_semana8] [           main] org.hibernate.orm.sql.ast.create         : Registration of TableGroup [StandardTableGroup(com.example.actividad_sumativa_semana8.Model.Servicio)] with identifierForTableGroup [com.example.actividad_sumativa_semana8.Model.Servicio] for NavigablePath [com.example.actividad_sumativa_semana8.Model.Servicio] 
2025-04-29T21:36:54.021-04:00 DEBUG 9012 --- [actividad_sumativa_semana8] [           main] org.hibernate.orm.results.graph.AST      : DomainResult Graph:
 \-EntityResultImpl [com.example.actividad_sumativa_semana8.Model.Servicio]
 |  +-BasicFetch [com.example.actividad_sumativa_semana8.Model.Servicio.descripcion]
 |  +-DelayedCollectionFetch [com.example.actividad_sumativa_semana8.Model.Servicio.facturas]
 |  +-BasicFetch [com.example.actividad_sumativa_semana8.Model.Servicio.nombre]
 |  \-BasicFetch [com.example.actividad_sumativa_semana8.Model.Servicio.precio]

2025-04-29T21:36:54.021-04:00 DEBUG 9012 --- [actividad_sumativa_semana8] [           main] org.hibernate.orm.sql.ast.tree           : SQL AST Tree:
    SelectStatement {
      FromClause {
        StandardTableGroup (s1 : com.example.actividad_sumativa_semana8.Model.Servicio) {
          primaryTableReference : servicio as s1_0
        }
      }
    }

2025-04-29T21:36:54.021-04:00 DEBUG 9012 --- [actividad_sumativa_semana8] [           main] o.h.p.entity.AbstractEntityPersister     : Static SQL for entity: com.example.actividad_sumativa_semana8.Model.Servicio
2025-04-29T21:36:54.021-04:00 DEBUG 9012 --- [actividad_sumativa_semana8] [           main] o.h.p.entity.AbstractEntityPersister     :  Version select: select id from servicio where id=?
2025-04-29T21:36:54.021-04:00 DEBUG 9012 --- [actividad_sumativa_semana8] [           main] o.h.p.entity.AbstractEntityPersister     :  Insert (0): insert into servicio (descripcion,nombre,precio,id) values (?,?,?,default)
2025-04-29T21:36:54.021-04:00 DEBUG 9012 --- [actividad_sumativa_semana8] [           main] o.h.p.entity.AbstractEntityPersister     :  Update (0): update servicio set descripcion=?,nombre=?,precio=? where id=?
2025-04-29T21:36:54.021-04:00 DEBUG 9012 --- [actividad_sumativa_semana8] [           main] o.h.p.entity.AbstractEntityPersister     :  Delete (0): delete from servicio where id=?
2025-04-29T21:36:54.021-04:00 DEBUG 9012 --- [actividad_sumativa_semana8] [           main] org.hibernate.orm.sql.ast.create         : Created new SQL alias : f1_0
2025-04-29T21:36:54.021-04:00 DEBUG 9012 --- [actividad_sumativa_semana8] [           main] org.hibernate.orm.sql.ast.create         : Registration of TableGroup [StandardTableGroup(com.example.actividad_sumativa_semana8.Model.Factura)] with identifierForTableGroup [com.example.actividad_sumativa_semana8.Model.Factura] for NavigablePath [com.example.actividad_sumativa_semana8.Model.Factura] 
2025-04-29T21:36:54.021-04:00 DEBUG 9012 --- [actividad_sumativa_semana8] [           main] org.hibernate.orm.results.graph.AST      : DomainResult Graph:
 \-EntityResultImpl [com.example.actividad_sumativa_semana8.Model.Factura]
 |  +-BasicFetch [com.example.actividad_sumativa_semana8.Model.Factura.estado]
 |  +-BasicFetch [com.example.actividad_sumativa_semana8.Model.Factura.fechaEmision]
 |  +-DelayedCollectionFetch [com.example.actividad_sumativa_semana8.Model.Factura.servicios]
 |  \-BasicFetch [com.example.actividad_sumativa_semana8.Model.Factura.total]

2025-04-29T21:36:54.021-04:00 DEBUG 9012 --- [actividad_sumativa_semana8] [           main] org.hibernate.orm.sql.ast.tree           : SQL AST Tree:
    SelectStatement {
      FromClause {
        StandardTableGroup (f1 : com.example.actividad_sumativa_semana8.Model.Factura) {
          primaryTableReference : factura as f1_0
        }
      }
    }

2025-04-29T21:36:54.022-04:00 DEBUG 9012 --- [actividad_sumativa_semana8] [           main] o.h.p.entity.AbstractEntityPersister     : Static SQL for entity: com.example.actividad_sumativa_semana8.Model.Factura
2025-04-29T21:36:54.022-04:00 DEBUG 9012 --- [actividad_sumativa_semana8] [           main] o.h.p.entity.AbstractEntityPersister     :  Version select: select id from factura where id=?
2025-04-29T21:36:54.022-04:00 DEBUG 9012 --- [actividad_sumativa_semana8] [           main] o.h.p.entity.AbstractEntityPersister     :  Insert (0): insert into factura (estado,fecha_emision,total,id) values (?,?,?,default)
2025-04-29T21:36:54.022-04:00 DEBUG 9012 --- [actividad_sumativa_semana8] [           main] o.h.p.entity.AbstractEntityPersister     :  Update (0): update factura set estado=?,fecha_emision=?,total=? where id=?
2025-04-29T21:36:54.022-04:00 DEBUG 9012 --- [actividad_sumativa_semana8] [           main] o.h.p.entity.AbstractEntityPersister     :  Delete (0): delete from factura where id=?
2025-04-29T21:36:54.022-04:00 DEBUG 9012 --- [actividad_sumativa_semana8] [           main] org.hibernate.orm.sql.ast.create         : Created new SQL alias : p1_0
2025-04-29T21:36:54.022-04:00 DEBUG 9012 --- [actividad_sumativa_semana8] [           main] org.hibernate.orm.sql.ast.create         : Registration of TableGroup [StandardTableGroup(com.example.actividad_sumativa_semana8.Model.Participante)] with identifierForTableGroup [com.example.actividad_sumativa_semana8.Model.Participante] for NavigablePath [com.example.actividad_sumativa_semana8.Model.Participante] 
2025-04-29T21:36:54.029-04:00 DEBUG 9012 --- [actividad_sumativa_semana8] [           main] org.hibernate.orm.sql.ast.create         : Registration of TableGroup [org.hibernate.sql.ast.tree.from.LazyTableGroup@42516ce2] with identifierForTableGroup [com.example.actividad_sumativa_semana8.Model.Participante.evento] for NavigablePath [com.example.actividad_sumativa_semana8.Model.Participante.evento] 
2025-04-29T21:36:54.033-04:00 DEBUG 9012 --- [actividad_sumativa_semana8] [           main] org.hibernate.orm.sql.ast.create         : Created new SQL alias : e1_0
2025-04-29T21:36:54.035-04:00 DEBUG 9012 --- [actividad_sumativa_semana8] [           main] org.hibernate.orm.results.graph.AST      : DomainResult Graph:
 \-EntityResultImpl [com.example.actividad_sumativa_semana8.Model.Participante]
 |  +-EntityFetchJoinedImpl [com.example.actividad_sumativa_semana8.Model.Participante.evento]
 |  |  +-BasicFetch [com.example.actividad_sumativa_semana8.Model.Participante.evento.descripcion]
 |  |  +-BasicFetch [com.example.actividad_sumativa_semana8.Model.Participante.evento.fecha]
 |  |  +-BasicFetch [com.example.actividad_sumativa_semana8.Model.Participante.evento.lugar]
 |  |  +-BasicFetch [com.example.actividad_sumativa_semana8.Model.Participante.evento.nombre]
 |  |  +-DelayedCollectionFetch [com.example.actividad_sumativa_semana8.Model.Participante.evento.participantes]
 |  |  \-BasicFetch [com.example.actividad_sumativa_semana8.Model.Participante.evento.tipo]
 |  +-BasicFetch [com.example.actividad_sumativa_semana8.Model.Participante.nombre]
 |  +-BasicFetch [com.example.actividad_sumativa_semana8.Model.Participante.nombreMascota]
 |  \-BasicFetch [com.example.actividad_sumativa_semana8.Model.Participante.tipoMascota]

2025-04-29T21:36:54.036-04:00 DEBUG 9012 --- [actividad_sumativa_semana8] [           main] org.hibernate.orm.sql.ast.tree           : SQL AST Tree:
    SelectStatement {
      FromClause {
        StandardTableGroup (p1 : com.example.actividad_sumativa_semana8.Model.Participante) {
          primaryTableReference : participante as p1_0
          TableGroupJoins {
            left  join LazyTableGroup (e1 : com.example.actividad_sumativa_semana8.Model.Participante.evento) {
              primaryTableReference : evento as e1_0
            }
          }
        }
      }
    }

2025-04-29T21:36:54.039-04:00 DEBUG 9012 --- [actividad_sumativa_semana8] [           main] o.h.p.entity.AbstractEntityPersister     : Static SQL for entity: com.example.actividad_sumativa_semana8.Model.Participante
2025-04-29T21:36:54.039-04:00 DEBUG 9012 --- [actividad_sumativa_semana8] [           main] o.h.p.entity.AbstractEntityPersister     :  Version select: select id from participante where id=?
2025-04-29T21:36:54.039-04:00 DEBUG 9012 --- [actividad_sumativa_semana8] [           main] o.h.p.entity.AbstractEntityPersister     :  Insert (0): insert into participante (evento_id,nombre,nombre_mascota,tipo_mascota,id) values (?,?,?,?,default)
2025-04-29T21:36:54.039-04:00 DEBUG 9012 --- [actividad_sumativa_semana8] [           main] o.h.p.entity.AbstractEntityPersister     :  Update (0): update participante set evento_id=?,nombre=?,nombre_mascota=?,tipo_mascota=? where id=?
2025-04-29T21:36:54.039-04:00 DEBUG 9012 --- [actividad_sumativa_semana8] [           main] o.h.p.entity.AbstractEntityPersister     :  Delete (0): delete from participante where id=?
2025-04-29T21:36:54.042-04:00 DEBUG 9012 --- [actividad_sumativa_semana8] [           main] org.hibernate.orm.sql.ast.create         : Created new SQL alias : f1_0
2025-04-29T21:36:54.044-04:00 DEBUG 9012 --- [actividad_sumativa_semana8] [           main] org.hibernate.orm.sql.ast.create         : Registration of TableGroup [CollectionTableGroup(com.example.actividad_sumativa_semana8.Model.Servicio.facturas)] with identifierForTableGroup [com.example.actividad_sumativa_semana8.Model.Servicio.facturas] for NavigablePath [com.example.actividad_sumativa_semana8.Model.Servicio.facturas] 
2025-04-29T21:36:54.044-04:00 DEBUG 9012 --- [actividad_sumativa_semana8] [           main] org.hibernate.orm.sql.ast.create         : Registration of TableGroup [org.hibernate.sql.ast.tree.from.LazyTableGroup@77732366] with identifierForTableGroup [com.example.actividad_sumativa_semana8.Model.Servicio.facturas.{element}] for NavigablePath [com.example.actividad_sumativa_semana8.Model.Servicio.facturas.{element}] 
2025-04-29T21:36:54.049-04:00 DEBUG 9012 --- [actividad_sumativa_semana8] [           main] org.hibernate.orm.sql.ast.create         : Created new SQL alias : f1_1
2025-04-29T21:36:54.054-04:00 DEBUG 9012 --- [actividad_sumativa_semana8] [           main] org.hibernate.orm.results.graph.AST      : DomainResult Graph:
 \-CollectionDomainResult [com.example.actividad_sumativa_semana8.Model.Servicio.facturas]

2025-04-29T21:36:54.054-04:00 DEBUG 9012 --- [actividad_sumativa_semana8] [           main] org.hibernate.orm.sql.ast.tree           : SQL AST Tree:
    SelectStatement {
      FromClause {
        CollectionTableGroup (f1 : com.example.actividad_sumativa_semana8.Model.Servicio.facturas) {
          primaryTableReference : factura_servicio as f1_0
          TableGroupJoins {
             join LazyTableGroup (f1 : com.example.actividad_sumativa_semana8.Model.Servicio.facturas.{element}) {
              primaryTableReference : factura as f1_1
            }
          }
        }
      }
    }

2025-04-29T21:36:54.054-04:00 DEBUG 9012 --- [actividad_sumativa_semana8] [           main] org.hibernate.orm.jdbc.mutation          : Static SQL for collection: com.example.actividad_sumativa_semana8.Model.Servicio.facturas
2025-04-29T21:36:54.055-04:00 DEBUG 9012 --- [actividad_sumativa_semana8] [           main] org.hibernate.orm.sql.ast.create         : Created new SQL alias : s1_0
2025-04-29T21:36:54.055-04:00 DEBUG 9012 --- [actividad_sumativa_semana8] [           main] org.hibernate.orm.sql.ast.create         : Registration of TableGroup [CollectionTableGroup(com.example.actividad_sumativa_semana8.Model.Factura.servicios)] with identifierForTableGroup [com.example.actividad_sumativa_semana8.Model.Factura.servicios] for NavigablePath [com.example.actividad_sumativa_semana8.Model.Factura.servicios] 
2025-04-29T21:36:54.055-04:00 DEBUG 9012 --- [actividad_sumativa_semana8] [           main] org.hibernate.orm.sql.ast.create         : Registration of TableGroup [org.hibernate.sql.ast.tree.from.LazyTableGroup@a703934] with identifierForTableGroup [com.example.actividad_sumativa_semana8.Model.Factura.servicios.{element}] for NavigablePath [com.example.actividad_sumativa_semana8.Model.Factura.servicios.{element}] 
2025-04-29T21:36:54.055-04:00 DEBUG 9012 --- [actividad_sumativa_semana8] [           main] org.hibernate.orm.sql.ast.create         : Created new SQL alias : s1_1
2025-04-29T21:36:54.055-04:00 DEBUG 9012 --- [actividad_sumativa_semana8] [           main] org.hibernate.orm.results.graph.AST      : DomainResult Graph:
 \-CollectionDomainResult [com.example.actividad_sumativa_semana8.Model.Factura.servicios]

2025-04-29T21:36:54.056-04:00 DEBUG 9012 --- [actividad_sumativa_semana8] [           main] org.hibernate.orm.sql.ast.tree           : SQL AST Tree:
    SelectStatement {
      FromClause {
        CollectionTableGroup (s1 : com.example.actividad_sumativa_semana8.Model.Factura.servicios) {
          primaryTableReference : factura_servicio as s1_0
          TableGroupJoins {
             join LazyTableGroup (s1 : com.example.actividad_sumativa_semana8.Model.Factura.servicios.{element}) {
              primaryTableReference : servicio as s1_1
            }
          }
        }
      }
    }

2025-04-29T21:36:54.056-04:00 DEBUG 9012 --- [actividad_sumativa_semana8] [           main] org.hibernate.orm.jdbc.mutation          : Static SQL for collection: com.example.actividad_sumativa_semana8.Model.Factura.servicios
2025-04-29T21:36:54.057-04:00 DEBUG 9012 --- [actividad_sumativa_semana8] [           main] org.hibernate.orm.jdbc.mutation          :  Row insert: insert into factura_servicio (factura_id,servicio_id) values (?,?)
2025-04-29T21:36:54.059-04:00 DEBUG 9012 --- [actividad_sumativa_semana8] [           main] org.hibernate.orm.jdbc.mutation          :  Row delete: delete from factura_servicio where factura_id=? and servicio_id=?
2025-04-29T21:36:54.060-04:00 DEBUG 9012 --- [actividad_sumativa_semana8] [           main] org.hibernate.orm.jdbc.mutation          :  One-shot delete: delete from factura_servicio where factura_id=?
2025-04-29T21:36:54.060-04:00 DEBUG 9012 --- [actividad_sumativa_semana8] [           main] org.hibernate.orm.sql.ast.create         : Created new SQL alias : p1_0
2025-04-29T21:36:54.062-04:00 DEBUG 9012 --- [actividad_sumativa_semana8] [           main] org.hibernate.orm.sql.ast.create         : Registration of TableGroup [org.hibernate.sql.ast.tree.from.OneToManyTableGroup@16ac67e3] with identifierForTableGroup [com.example.actividad_sumativa_semana8.Model.Evento.participantes] for NavigablePath [com.example.actividad_sumativa_semana8.Model.Evento.participantes] 
2025-04-29T21:36:54.062-04:00 DEBUG 9012 --- [actividad_sumativa_semana8] [           main] org.hibernate.orm.sql.ast.create         : Registration of TableGroup [StandardTableGroup(com.example.actividad_sumativa_semana8.Model.Evento.participantes.{element})] with identifierForTableGroup [com.example.actividad_sumativa_semana8.Model.Evento.participantes.{element}] for NavigablePath [com.example.actividad_sumativa_semana8.Model.Evento.participantes.{element}] 
2025-04-29T21:36:54.067-04:00 DEBUG 9012 --- [actividad_sumativa_semana8] [           main] org.hibernate.orm.sql.ast.create         : Registration of TableGroup [org.hibernate.sql.ast.tree.from.LazyTableGroup@6919a8a] with identifierForTableGroup [com.example.actividad_sumativa_semana8.Model.Evento.participantes.{element}.evento] for NavigablePath [com.example.actividad_sumativa_semana8.Model.Evento.participantes.{element}.evento] 
2025-04-29T21:36:54.070-04:00 DEBUG 9012 --- [actividad_sumativa_semana8] [           main] org.hibernate.orm.results.graph.AST      : DomainResult Graph:
 \-CollectionDomainResult [com.example.actividad_sumativa_semana8.Model.Evento.participantes]

2025-04-29T21:36:54.070-04:00 DEBUG 9012 --- [actividad_sumativa_semana8] [           main] org.hibernate.orm.sql.ast.tree           : SQL AST Tree:
    SelectStatement {
      FromClause {
        OneToManyTableGroup (p1 : com.example.actividad_sumativa_semana8.Model.Evento.participantes) {
          primaryTableReference : participante as p1_0
          TableGroupJoins {
            left  join LazyTableGroup (e1 : com.example.actividad_sumativa_semana8.Model.Evento.participantes.{element}.evento) {
            }
          }
        }
      }
    }

2025-04-29T21:36:54.070-04:00 DEBUG 9012 --- [actividad_sumativa_semana8] [           main] org.hibernate.orm.jdbc.mutation          : Static SQL for collection: com.example.actividad_sumativa_semana8.Model.Evento.participantes
2025-04-29T21:36:54.125-04:00  INFO 9012 --- [actividad_sumativa_semana8] [           main] o.h.e.t.j.p.i.JtaPlatformInitiator       : HHH000489: No JTA platform available (set 'hibernate.transaction.jta.platform' to enable JTA platform integration)
2025-04-29T21:36:54.126-04:00 DEBUG 9012 --- [actividad_sumativa_semana8] [           main] o.h.type.spi.TypeConfiguration$Scope     : Scoping TypeConfiguration [org.hibernate.type.spi.TypeConfiguration@510e6b93] to SessionFactoryImplementor [org.hibernate.internal.SessionFactoryImpl@2122b4bd]
2025-04-29T21:36:54.127-04:00 DEBUG 9012 --- [actividad_sumativa_semana8] [           main] o.h.query.named.NamedObjectRepository    : Checking 0 named HQL queries
2025-04-29T21:36:54.128-04:00 DEBUG 9012 --- [actividad_sumativa_semana8] [           main] o.h.query.named.NamedObjectRepository    : Checking 0 named SQL queries
2025-04-29T21:36:54.160-04:00 DEBUG 9012 --- [actividad_sumativa_semana8] [           main] org.hibernate.SQL                        : drop table evento cascade constraints
2025-04-29T21:36:54.205-04:00 DEBUG 9012 --- [actividad_sumativa_semana8] [           main] org.hibernate.SQL                        : drop table factura cascade constraints
2025-04-29T21:36:54.234-04:00 DEBUG 9012 --- [actividad_sumativa_semana8] [           main] org.hibernate.SQL                        : drop table factura_servicio cascade constraints
2025-04-29T21:36:54.263-04:00 DEBUG 9012 --- [actividad_sumativa_semana8] [           main] org.hibernate.SQL                        : drop table participante cascade constraints
2025-04-29T21:36:54.287-04:00 DEBUG 9012 --- [actividad_sumativa_semana8] [           main] org.hibernate.SQL                        : drop table servicio cascade constraints
2025-04-29T21:36:54.321-04:00 DEBUG 9012 --- [actividad_sumativa_semana8] [           main] org.hibernate.SQL                        : create table evento (fecha date, id number(19,0) generated by default as identity, descripcion varchar2(255 char), lugar varchar2(255 char), nombre varchar2(255 char), tipo varchar2(255 char), primary key (id))
2025-04-29T21:36:54.348-04:00 DEBUG 9012 --- [actividad_sumativa_semana8] [           main] org.hibernate.SQL                        : create table factura (total float(53) not null, fecha_emision timestamp(6), id number(19,0) generated by default as identity, estado varchar2(255 char) check (estado in ('PENDIENTE','PAGADA')), primary key (id))
2025-04-29T21:36:54.375-04:00 DEBUG 9012 --- [actividad_sumativa_semana8] [           main] org.hibernate.SQL                        : create table factura_servicio (factura_id number(19,0) not null, servicio_id number(19,0) not null)
2025-04-29T21:36:54.394-04:00 DEBUG 9012 --- [actividad_sumativa_semana8] [           main] org.hibernate.SQL                        : create table participante (evento_id number(19,0), id number(19,0) generated by default as identity, nombre varchar2(255 char), nombre_mascota varchar2(255 char), tipo_mascota varchar2(255 char), primary key (id))
2025-04-29T21:36:54.417-04:00 DEBUG 9012 --- [actividad_sumativa_semana8] [           main] org.hibernate.SQL                        : create table servicio (precio float(53) not null, id number(19,0) generated by default as identity, descripcion varchar2(255 char), nombre varchar2(255 char), primary key (id))
2025-04-29T21:36:54.447-04:00 DEBUG 9012 --- [actividad_sumativa_semana8] [           main] org.hibernate.SQL                        : alter table factura_servicio add constraint FK81ymqx04ee5yivqspgg7kc0h5 foreign key (servicio_id) references servicio
2025-04-29T21:36:54.470-04:00 DEBUG 9012 --- [actividad_sumativa_semana8] [           main] org.hibernate.SQL                        : alter table factura_servicio add constraint FKj7onsp5xp9etmy77d91gejjrt foreign key (factura_id) references factura
2025-04-29T21:36:54.492-04:00 DEBUG 9012 --- [actividad_sumativa_semana8] [           main] org.hibernate.SQL                        : alter table participante add constraint FKo3sea6dacq5qiv8h45flrp110 foreign key (evento_id) references evento
2025-04-29T21:36:54.517-04:00 DEBUG 9012 --- [actividad_sumativa_semana8] [           main] o.h.internal.SessionFactoryRegistry      : Initializing SessionFactoryRegistry : org.hibernate.internal.SessionFactoryRegistry@44f8d884
2025-04-29T21:36:54.517-04:00 DEBUG 9012 --- [actividad_sumativa_semana8] [           main] o.h.internal.SessionFactoryRegistry      : Registering SessionFactory: 43f1964d-f6e7-4e03-86af-23970183ed6f (<unnamed>)
2025-04-29T21:36:54.517-04:00 DEBUG 9012 --- [actividad_sumativa_semana8] [           main] o.h.internal.SessionFactoryRegistry      : Not binding SessionFactory to JNDI, no JNDI name configured
2025-04-29T21:36:54.517-04:00 DEBUG 9012 --- [actividad_sumativa_semana8] [           main] o.hibernate.internal.SessionFactoryImpl  : Instantiated SessionFactory
2025-04-29T21:36:54.518-04:00  INFO 9012 --- [actividad_sumativa_semana8] [           main] j.LocalContainerEntityManagerFactoryBean : Initialized JPA EntityManagerFactory for persistence unit 'default'
2025-04-29T21:36:54.536-04:00 DEBUG 9012 --- [actividad_sumativa_semana8] [           main] o.s.b.f.s.DefaultListableBeanFactory     : Creating shared instance of singleton bean 'actividadSumativaSemana8Application'
2025-04-29T21:36:54.544-04:00 DEBUG 9012 --- [actividad_sumativa_semana8] [           main] o.s.b.f.s.DefaultListableBeanFactory     : Creating shared instance of singleton bean 'eventoController'
2025-04-29T21:36:54.552-04:00 DEBUG 9012 --- [actividad_sumativa_semana8] [           main] o.s.b.f.s.DefaultListableBeanFactory     : Creating shared instance of singleton bean 'eventoService'
2025-04-29T21:36:54.552-04:00 DEBUG 9012 --- [actividad_sumativa_semana8] [           main] o.s.b.f.s.DefaultListableBeanFactory     : Creating shared instance of singleton bean 'eventoRepository'
2025-04-29T21:36:54.568-04:00 DEBUG 9012 --- [actividad_sumativa_semana8] [           main] o.s.b.f.s.DefaultListableBeanFactory     : Creating shared instance of singleton bean 'jpa.named-queries#2'
2025-04-29T21:36:54.594-04:00 DEBUG 9012 --- [actividad_sumativa_semana8] [           main] o.s.b.f.s.DefaultListableBeanFactory     : Creating shared instance of singleton bean 'jpa.EventoRepository.fragments#0'
2025-04-29T21:36:54.645-04:00 DEBUG 9012 --- [actividad_sumativa_semana8] [           main] o.s.b.f.s.DefaultListableBeanFactory     : Creating shared instance of singleton bean 'jpaSharedEM_entityManagerFactory'
2025-04-29T21:36:54.836-04:00 DEBUG 9012 --- [actividad_sumativa_semana8] [           main] o.s.b.f.s.DefaultListableBeanFactory     : Creating shared instance of singleton bean 'jpaMappingContext'
2025-04-29T21:36:54.838-04:00 DEBUG 9012 --- [actividad_sumativa_semana8] [           main] .c.JpaMetamodelMappingContextFactoryBean : Initializing JpaMetamodelMappingContext…
2025-04-29T21:36:54.874-04:00 DEBUG 9012 --- [actividad_sumativa_semana8] [           main] .c.JpaMetamodelMappingContextFactoryBean : Finished initializing JpaMetamodelMappingContext
2025-04-29T21:36:54.956-04:00 DEBUG 9012 --- [actividad_sumativa_semana8] [           main] tor$SharedEntityManagerInvocationHandler : Creating new EntityManager for shared EntityManager invocation
2025-04-29T21:36:55.008-04:00 DEBUG 9012 --- [actividad_sumativa_semana8] [           main] o.h.stat.internal.StatisticsInitiator    : Statistics initialized [enabled=false]
2025-04-29T21:36:55.017-04:00 DEBUG 9012 --- [actividad_sumativa_semana8] [           main] tor$SharedEntityManagerInvocationHandler : Creating new EntityManager for shared EntityManager invocation
2025-04-29T21:36:55.039-04:00 DEBUG 9012 --- [actividad_sumativa_semana8] [           main] o.s.b.f.s.DefaultListableBeanFactory     : Creating shared instance of singleton bean 'metricsRepositoryMethodInvocationListener'
2025-04-29T21:36:55.040-04:00 DEBUG 9012 --- [actividad_sumativa_semana8] [           main] o.s.b.f.s.DefaultListableBeanFactory     : Creating shared instance of singleton bean 'org.springframework.boot.actuate.autoconfigure.metrics.data.RepositoryMetricsAutoConfiguration'
2025-04-29T21:36:55.041-04:00 DEBUG 9012 --- [actividad_sumativa_semana8] [           main] o.s.b.f.s.DefaultListableBeanFactory     : Creating shared instance of singleton bean 'management.metrics-org.springframework.boot.actuate.autoconfigure.metrics.MetricsProperties'
2025-04-29T21:36:55.047-04:00 DEBUG 9012 --- [actividad_sumativa_semana8] [           main] o.s.b.f.s.DefaultListableBeanFactory     : Autowiring by type from bean name 'org.springframework.boot.actuate.autoconfigure.metrics.data.RepositoryMetricsAutoConfiguration' via constructor to bean named 'management.metrics-org.springframework.boot.actuate.autoconfigure.metrics.MetricsProperties'
2025-04-29T21:36:55.051-04:00 DEBUG 9012 --- [actividad_sumativa_semana8] [           main] o.s.b.f.s.DefaultListableBeanFactory     : Creating shared instance of singleton bean 'repositoryTagsProvider'
2025-04-29T21:36:55.057-04:00 DEBUG 9012 --- [actividad_sumativa_semana8] [           main] o.s.b.f.s.DefaultListableBeanFactory     : Autowiring by type from bean name 'metricsRepositoryMethodInvocationListener' via factory method to bean named 'repositoryTagsProvider'
2025-04-29T21:36:55.130-04:00 DEBUG 9012 --- [actividad_sumativa_semana8] [           main] o.s.d.r.c.s.RepositoryFactorySupport     : Initializing repository instance for com.example.actividad_sumativa_semana8.Repository.EventoRepository…
2025-04-29T21:36:55.163-04:00 DEBUG 9012 --- [actividad_sumativa_semana8] [           main] tor$SharedEntityManagerInvocationHandler : Creating new EntityManager for shared EntityManager invocation
2025-04-29T21:36:55.218-04:00 DEBUG 9012 --- [actividad_sumativa_semana8] [           main] o.s.d.r.c.s.RepositoryFactorySupport     : Finished creation of repository instance for com.example.actividad_sumativa_semana8.Repository.EventoRepository.
2025-04-29T21:36:55.294-04:00 DEBUG 9012 --- [actividad_sumativa_semana8] [           main] o.s.b.f.s.DefaultListableBeanFactory     : Creating shared instance of singleton bean 'participanteRepository'
2025-04-29T21:36:55.296-04:00 DEBUG 9012 --- [actividad_sumativa_semana8] [           main] o.s.b.f.s.DefaultListableBeanFactory     : Creating shared instance of singleton bean 'jpa.named-queries#1'
2025-04-29T21:36:55.302-04:00 DEBUG 9012 --- [actividad_sumativa_semana8] [           main] o.s.b.f.s.DefaultListableBeanFactory     : Creating shared instance of singleton bean 'jpa.ParticipanteRepository.fragments#0'
2025-04-29T21:36:55.313-04:00 DEBUG 9012 --- [actividad_sumativa_semana8] [           main] tor$SharedEntityManagerInvocationHandler : Creating new EntityManager for shared EntityManager invocation
2025-04-29T21:36:55.315-04:00 DEBUG 9012 --- [actividad_sumativa_semana8] [           main] o.s.d.r.c.s.RepositoryFactorySupport     : Initializing repository instance for com.example.actividad_sumativa_semana8.Repository.ParticipanteRepository…
2025-04-29T21:36:55.320-04:00 DEBUG 9012 --- [actividad_sumativa_semana8] [           main] tor$SharedEntityManagerInvocationHandler : Creating new EntityManager for shared EntityManager invocation
2025-04-29T21:36:55.336-04:00 DEBUG 9012 --- [actividad_sumativa_semana8] [           main] o.s.d.r.c.s.RepositoryFactorySupport     : Finished creation of repository instance for com.example.actividad_sumativa_semana8.Repository.ParticipanteRepository.
2025-04-29T21:36:55.360-04:00 DEBUG 9012 --- [actividad_sumativa_semana8] [           main] o.s.b.f.s.DefaultListableBeanFactory     : Autowiring by type from bean name 'eventoService' via constructor to bean named 'eventoRepository'
2025-04-29T21:36:55.360-04:00 DEBUG 9012 --- [actividad_sumativa_semana8] [           main] o.s.b.f.s.DefaultListableBeanFactory     : Autowiring by type from bean name 'eventoService' via constructor to bean named 'participanteRepository'
2025-04-29T21:36:55.365-04:00 DEBUG 9012 --- [actividad_sumativa_semana8] [           main] o.s.b.f.s.DefaultListableBeanFactory     : Autowiring by type from bean name 'eventoController' via constructor to bean named 'eventoService'
2025-04-29T21:36:55.365-04:00 DEBUG 9012 --- [actividad_sumativa_semana8] [           main] o.s.b.f.s.DefaultListableBeanFactory     : Autowiring by type from bean name 'eventoController' via constructor to bean named 'participanteRepository'
2025-04-29T21:36:55.390-04:00 DEBUG 9012 --- [actividad_sumativa_semana8] [           main] o.s.b.f.s.DefaultListableBeanFactory     : Creating shared instance of singleton bean 'facturaController'
2025-04-29T21:36:55.396-04:00 DEBUG 9012 --- [actividad_sumativa_semana8] [           main] o.s.b.f.s.DefaultListableBeanFactory     : Creating shared instance of singleton bean 'facturaService'
2025-04-29T21:36:55.397-04:00 DEBUG 9012 --- [actividad_sumativa_semana8] [           main] o.s.b.f.s.DefaultListableBeanFactory     : Creating shared instance of singleton bean 'servicioRepository'
2025-04-29T21:36:55.398-04:00 DEBUG 9012 --- [actividad_sumativa_semana8] [           main] o.s.b.f.s.DefaultListableBeanFactory     : Creating shared instance of singleton bean 'jpa.named-queries#3'
2025-04-29T21:36:55.406-04:00 DEBUG 9012 --- [actividad_sumativa_semana8] [           main] o.s.b.f.s.DefaultListableBeanFactory     : Creating shared instance of singleton bean 'jpa.ServicioRepository.fragments#0'
2025-04-29T21:36:55.412-04:00 DEBUG 9012 --- [actividad_sumativa_semana8] [           main] tor$SharedEntityManagerInvocationHandler : Creating new EntityManager for shared EntityManager invocation
2025-04-29T21:36:55.445-04:00 DEBUG 9012 --- [actividad_sumativa_semana8] [           main] o.s.d.r.c.s.RepositoryFactorySupport     : Initializing repository instance for com.example.actividad_sumativa_semana8.Repository.ServicioRepository…
2025-04-29T21:36:55.445-04:00 DEBUG 9012 --- [actividad_sumativa_semana8] [           main] tor$SharedEntityManagerInvocationHandler : Creating new EntityManager for shared EntityManager invocation
2025-04-29T21:36:55.478-04:00 DEBUG 9012 --- [actividad_sumativa_semana8] [           main] o.s.d.r.c.s.RepositoryFactorySupport     : Finished creation of repository instance for com.example.actividad_sumativa_semana8.Repository.ServicioRepository.
2025-04-29T21:36:55.491-04:00 DEBUG 9012 --- [actividad_sumativa_semana8] [           main] o.s.b.f.s.DefaultListableBeanFactory     : Creating shared instance of singleton bean 'facturaRepository'
2025-04-29T21:36:55.494-04:00 DEBUG 9012 --- [actividad_sumativa_semana8] [           main] o.s.b.f.s.DefaultListableBeanFactory     : Creating shared instance of singleton bean 'jpa.named-queries#0'
2025-04-29T21:36:55.496-04:00 DEBUG 9012 --- [actividad_sumativa_semana8] [           main] o.s.b.f.s.DefaultListableBeanFactory     : Creating shared instance of singleton bean 'jpa.FacturaRepository.fragments#0'
2025-04-29T21:36:55.500-04:00 DEBUG 9012 --- [actividad_sumativa_semana8] [           main] tor$SharedEntityManagerInvocationHandler : Creating new EntityManager for shared EntityManager invocation
2025-04-29T21:36:55.502-04:00 DEBUG 9012 --- [actividad_sumativa_semana8] [           main] o.s.d.r.c.s.RepositoryFactorySupport     : Initializing repository instance for com.example.actividad_sumativa_semana8.Repository.FacturaRepository…
2025-04-29T21:36:55.504-04:00 DEBUG 9012 --- [actividad_sumativa_semana8] [           main] tor$SharedEntityManagerInvocationHandler : Creating new EntityManager for shared EntityManager invocation
2025-04-29T21:36:55.523-04:00 DEBUG 9012 --- [actividad_sumativa_semana8] [           main] o.s.d.r.c.s.RepositoryFactorySupport     : Finished creation of repository instance for com.example.actividad_sumativa_semana8.Repository.FacturaRepository.
2025-04-29T21:36:55.532-04:00 DEBUG 9012 --- [actividad_sumativa_semana8] [           main] o.s.b.f.s.DefaultListableBeanFactory     : Autowiring by type from bean name 'facturaService' via constructor to bean named 'servicioRepository'
2025-04-29T21:36:55.533-04:00 DEBUG 9012 --- [actividad_sumativa_semana8] [           main] o.s.b.f.s.DefaultListableBeanFactory     : Autowiring by type from bean name 'facturaService' via constructor to bean named 'facturaRepository'
2025-04-29T21:36:55.760-04:00 DEBUG 9012 --- [actividad_sumativa_semana8] [           main] o.s.b.f.s.DefaultListableBeanFactory     : Creating shared instance of singleton bean 'org.springframework.boot.autoconfigure.context.PropertyPlaceholderAutoConfiguration'
2025-04-29T21:36:55.763-04:00 DEBUG 9012 --- [actividad_sumativa_semana8] [           main] o.s.b.f.s.DefaultListableBeanFactory     : Creating shared instance of singleton bean 'org.springframework.boot.autoconfigure.ssl.SslAutoConfiguration'
2025-04-29T21:36:55.766-04:00 DEBUG 9012 --- [actividad_sumativa_semana8] [           main] o.s.b.f.s.DefaultListableBeanFactory     : Creating shared instance of singleton bean 'spring.ssl-org.springframework.boot.autoconfigure.ssl.SslProperties'
2025-04-29T21:36:55.773-04:00 DEBUG 9012 --- [actividad_sumativa_semana8] [           main] o.s.b.f.s.DefaultListableBeanFactory     : Autowiring by type from bean name 'org.springframework.boot.autoconfigure.ssl.SslAutoConfiguration' via constructor to bean named 'org.springframework.web.context.support.GenericWebApplicationContext@2f6bbeb0'
2025-04-29T21:36:55.773-04:00 DEBUG 9012 --- [actividad_sumativa_semana8] [           main] o.s.b.f.s.DefaultListableBeanFactory     : Autowiring by type from bean name 'org.springframework.boot.autoconfigure.ssl.SslAutoConfiguration' via constructor to bean named 'spring.ssl-org.springframework.boot.autoconfigure.ssl.SslProperties'
2025-04-29T21:36:55.778-04:00 DEBUG 9012 --- [actividad_sumativa_semana8] [           main] o.s.b.f.s.DefaultListableBeanFactory     : Creating shared instance of singleton bean 'fileWatcher'
2025-04-29T21:36:55.781-04:00 DEBUG 9012 --- [actividad_sumativa_semana8] [           main] o.s.b.f.s.DefaultListableBeanFactory     : Creating shared instance of singleton bean 'sslPropertiesSslBundleRegistrar'
2025-04-29T21:36:55.781-04:00 DEBUG 9012 --- [actividad_sumativa_semana8] [           main] o.s.b.f.s.DefaultListableBeanFactory     : Autowiring by type from bean name 'sslPropertiesSslBundleRegistrar' via factory method to bean named 'fileWatcher'
2025-04-29T21:36:55.798-04:00 DEBUG 9012 --- [actividad_sumativa_semana8] [           main] o.s.b.f.s.DefaultListableBeanFactory     : Creating shared instance of singleton bean 'sslBundleRegistry'
2025-04-29T21:36:55.812-04:00 DEBUG 9012 --- [actividad_sumativa_semana8] [           main] o.s.b.f.s.DefaultListableBeanFactory     : Creating shared instance of singleton bean 'org.springframework.boot.autoconfigure.websocket.servlet.WebSocketServletAutoConfiguration$TomcatWebSocketConfiguration'
2025-04-29T21:36:55.814-04:00 DEBUG 9012 --- [actividad_sumativa_semana8] [           main] o.s.b.f.s.DefaultListableBeanFactory     : Creating shared instance of singleton bean 'websocketServletWebServerCustomizer'
2025-04-29T21:36:55.820-04:00 DEBUG 9012 --- [actividad_sumativa_semana8] [           main] o.s.b.f.s.DefaultListableBeanFactory     : Creating shared instance of singleton bean 'org.springframework.boot.autoconfigure.websocket.servlet.WebSocketServletAutoConfiguration'
2025-04-29T21:36:55.822-04:00 DEBUG 9012 --- [actividad_sumativa_semana8] [           main] o.s.b.f.s.DefaultListableBeanFactory     : Creating shared instance of singleton bean 'org.springframework.boot.autoconfigure.web.servlet.ServletWebServerFactoryConfiguration$EmbeddedTomcat'
2025-04-29T21:36:55.823-04:00 DEBUG 9012 --- [actividad_sumativa_semana8] [           main] o.s.b.f.s.DefaultListableBeanFactory     : Creating shared instance of singleton bean 'tomcatServletWebServerFactory'
2025-04-29T21:36:55.871-04:00 DEBUG 9012 --- [actividad_sumativa_semana8] [           main] o.s.b.f.s.DefaultListableBeanFactory     : Creating shared instance of singleton bean 'servletWebServerFactoryCustomizer'
2025-04-29T21:36:55.871-04:00 DEBUG 9012 --- [actividad_sumativa_semana8] [           main] o.s.b.f.s.DefaultListableBeanFactory     : Creating shared instance of singleton bean 'org.springframework.boot.autoconfigure.web.servlet.ServletWebServerFactoryAutoConfiguration'
2025-04-29T21:36:55.877-04:00 DEBUG 9012 --- [actividad_sumativa_semana8] [           main] o.s.b.f.s.DefaultListableBeanFactory     : Creating shared instance of singleton bean 'server-org.springframework.boot.autoconfigure.web.ServerProperties'
2025-04-29T21:36:55.905-04:00 DEBUG 9012 --- [actividad_sumativa_semana8] [           main] o.s.b.f.s.DefaultListableBeanFactory     : Autowiring by type from bean name 'servletWebServerFactoryCustomizer' via factory method to bean named 'server-org.springframework.boot.autoconfigure.web.ServerProperties'
2025-04-29T21:36:55.913-04:00 DEBUG 9012 --- [actividad_sumativa_semana8] [           main] o.s.b.f.s.DefaultListableBeanFactory     : Creating shared instance of singleton bean 'tomcatServletWebServerFactoryCustomizer'
2025-04-29T21:36:55.913-04:00 DEBUG 9012 --- [actividad_sumativa_semana8] [           main] o.s.b.f.s.DefaultListableBeanFactory     : Autowiring by type from bean name 'tomcatServletWebServerFactoryCustomizer' via factory method to bean named 'server-org.springframework.boot.autoconfigure.web.ServerProperties'
2025-04-29T21:36:55.920-04:00 DEBUG 9012 --- [actividad_sumativa_semana8] [           main] o.s.b.f.s.DefaultListableBeanFactory     : Creating shared instance of singleton bean 'localeCharsetMappingsCustomizer'
2025-04-29T21:36:55.921-04:00 DEBUG 9012 --- [actividad_sumativa_semana8] [           main] o.s.b.f.s.DefaultListableBeanFactory     : Creating shared instance of singleton bean 'org.springframework.boot.autoconfigure.web.servlet.HttpEncodingAutoConfiguration'
2025-04-29T21:36:55.921-04:00 DEBUG 9012 --- [actividad_sumativa_semana8] [           main] o.s.b.f.s.DefaultListableBeanFactory     : Autowiring by type from bean name 'org.springframework.boot.autoconfigure.web.servlet.HttpEncodingAutoConfiguration' via constructor to bean named 'server-org.springframework.boot.autoconfigure.web.ServerProperties'
2025-04-29T21:36:55.979-04:00 DEBUG 9012 --- [actividad_sumativa_semana8] [           main] o.s.b.f.s.DefaultListableBeanFactory     : Creating shared instance of singleton bean 'errorPageCustomizer'
2025-04-29T21:36:55.979-04:00 DEBUG 9012 --- [actividad_sumativa_semana8] [           main] o.s.b.f.s.DefaultListableBeanFactory     : Creating shared instance of singleton bean 'org.springframework.boot.autoconfigure.web.servlet.error.ErrorMvcAutoConfiguration'
2025-04-29T21:36:55.979-04:00 DEBUG 9012 --- [actividad_sumativa_semana8] [           main] o.s.b.f.s.DefaultListableBeanFactory     : Autowiring by type from bean name 'org.springframework.boot.autoconfigure.web.servlet.error.ErrorMvcAutoConfiguration' via constructor to bean named 'server-org.springframework.boot.autoconfigure.web.ServerProperties'
2025-04-29T21:36:55.983-04:00 DEBUG 9012 --- [actividad_sumativa_semana8] [           main] o.s.b.f.s.DefaultListableBeanFactory     : Creating shared instance of singleton bean 'dispatcherServletRegistration'
2025-04-29T21:36:55.983-04:00 DEBUG 9012 --- [actividad_sumativa_semana8] [           main] o.s.b.f.s.DefaultListableBeanFactory     : Creating shared instance of singleton bean 'org.springframework.boot.autoconfigure.web.servlet.DispatcherServletAutoConfiguration$DispatcherServletRegistrationConfiguration'
2025-04-29T21:36:55.985-04:00 DEBUG 9012 --- [actividad_sumativa_semana8] [           main] o.s.b.f.s.DefaultListableBeanFactory     : Creating shared instance of singleton bean 'dispatcherServlet'
2025-04-29T21:36:55.986-04:00 DEBUG 9012 --- [actividad_sumativa_semana8] [           main] o.s.b.f.s.DefaultListableBeanFactory     : Creating shared instance of singleton bean 'org.springframework.boot.autoconfigure.web.servlet.DispatcherServletAutoConfiguration$DispatcherServletConfiguration'
2025-04-29T21:36:55.988-04:00 DEBUG 9012 --- [actividad_sumativa_semana8] [           main] o.s.b.f.s.DefaultListableBeanFactory     : Creating shared instance of singleton bean 'spring.mvc-org.springframework.boot.autoconfigure.web.servlet.WebMvcProperties'
2025-04-29T21:36:55.993-04:00 DEBUG 9012 --- [actividad_sumativa_semana8] [           main] o.s.b.f.s.DefaultListableBeanFactory     : Autowiring by type from bean name 'dispatcherServlet' via factory method to bean named 'spring.mvc-org.springframework.boot.autoconfigure.web.servlet.WebMvcProperties'
2025-04-29T21:36:56.025-04:00 DEBUG 9012 --- [actividad_sumativa_semana8] [           main] o.s.b.f.s.DefaultListableBeanFactory     : Autowiring by type from bean name 'dispatcherServletRegistration' via factory method to bean named 'dispatcherServlet'
2025-04-29T21:36:56.025-04:00 DEBUG 9012 --- [actividad_sumativa_semana8] [           main] o.s.b.f.s.DefaultListableBeanFactory     : Autowiring by type from bean name 'dispatcherServletRegistration' via factory method to bean named 'spring.mvc-org.springframework.boot.autoconfigure.web.servlet.WebMvcProperties'
2025-04-29T21:36:56.027-04:00 DEBUG 9012 --- [actividad_sumativa_semana8] [           main] o.s.b.f.s.DefaultListableBeanFactory     : Creating shared instance of singleton bean 'multipartConfigElement'
2025-04-29T21:36:56.027-04:00 DEBUG 9012 --- [actividad_sumativa_semana8] [           main] o.s.b.f.s.DefaultListableBeanFactory     : Creating shared instance of singleton bean 'org.springframework.boot.autoconfigure.web.servlet.MultipartAutoConfiguration'
2025-04-29T21:36:56.029-04:00 DEBUG 9012 --- [actividad_sumativa_semana8] [           main] o.s.b.f.s.DefaultListableBeanFactory     : Creating shared instance of singleton bean 'spring.servlet.multipart-org.springframework.boot.autoconfigure.web.servlet.MultipartProperties'
2025-04-29T21:36:56.035-04:00 DEBUG 9012 --- [actividad_sumativa_semana8] [           main] o.s.b.f.s.DefaultListableBeanFactory     : Autowiring by type from bean name 'org.springframework.boot.autoconfigure.web.servlet.MultipartAutoConfiguration' via constructor to bean named 'spring.servlet.multipart-org.springframework.boot.autoconfigure.web.servlet.MultipartProperties'
2025-04-29T21:36:56.045-04:00 DEBUG 9012 --- [actividad_sumativa_semana8] [           main] o.s.b.f.s.DefaultListableBeanFactory     : Autowiring by type from bean name 'errorPageCustomizer' via factory method to bean named 'dispatcherServletRegistration'
2025-04-29T21:36:56.057-04:00 DEBUG 9012 --- [actividad_sumativa_semana8] [           main] o.s.b.f.s.DefaultListableBeanFactory     : Creating shared instance of singleton bean 'org.springframework.boot.autoconfigure.web.servlet.DispatcherServletAutoConfiguration'
2025-04-29T21:36:56.058-04:00 DEBUG 9012 --- [actividad_sumativa_semana8] [           main] o.s.b.f.s.DefaultListableBeanFactory     : Creating shared instance of singleton bean 'org.springframework.boot.autoconfigure.task.TaskExecutorConfigurations$ThreadPoolTaskExecutorBuilderConfiguration'
2025-04-29T21:36:56.060-04:00 DEBUG 9012 --- [actividad_sumativa_semana8] [           main] o.s.b.f.s.DefaultListableBeanFactory     : Creating shared instance of singleton bean 'threadPoolTaskExecutorBuilder'
2025-04-29T21:36:56.062-04:00 DEBUG 9012 --- [actividad_sumativa_semana8] [           main] o.s.b.f.s.DefaultListableBeanFactory     : Creating shared instance of singleton bean 'spring.task.execution-org.springframework.boot.autoconfigure.task.TaskExecutionProperties'
2025-04-29T21:36:56.066-04:00 DEBUG 9012 --- [actividad_sumativa_semana8] [           main] o.s.b.f.s.DefaultListableBeanFactory     : Autowiring by type from bean name 'threadPoolTaskExecutorBuilder' via factory method to bean named 'spring.task.execution-org.springframework.boot.autoconfigure.task.TaskExecutionProperties'
2025-04-29T21:36:56.078-04:00 DEBUG 9012 --- [actividad_sumativa_semana8] [           main] o.s.b.f.s.DefaultListableBeanFactory     : Creating shared instance of singleton bean 'org.springframework.boot.autoconfigure.task.TaskExecutorConfigurations$SimpleAsyncTaskExecutorBuilderConfiguration'
2025-04-29T21:36:56.079-04:00 DEBUG 9012 --- [actividad_sumativa_semana8] [           main] o.s.b.f.s.DefaultListableBeanFactory     : Autowiring by type from bean name 'org.springframework.boot.autoconfigure.task.TaskExecutorConfigurations$SimpleAsyncTaskExecutorBuilderConfiguration' via constructor to bean named 'spring.task.execution-org.springframework.boot.autoconfigure.task.TaskExecutionProperties'
2025-04-29T21:36:56.083-04:00 DEBUG 9012 --- [actividad_sumativa_semana8] [           main] o.s.b.f.s.DefaultListableBeanFactory     : Creating shared instance of singleton bean 'simpleAsyncTaskExecutorBuilder'
2025-04-29T21:36:56.089-04:00 DEBUG 9012 --- [actividad_sumativa_semana8] [           main] o.s.b.f.s.DefaultListableBeanFactory     : Creating shared instance of singleton bean 'org.springframework.boot.autoconfigure.task.TaskExecutorConfigurations$TaskExecutorConfiguration'
2025-04-29T21:36:56.091-04:00 DEBUG 9012 --- [actividad_sumativa_semana8] [           main] o.s.b.f.s.DefaultListableBeanFactory     : Creating shared instance of singleton bean 'org.springframework.boot.autoconfigure.task.TaskExecutionAutoConfiguration'
2025-04-29T21:36:56.094-04:00 DEBUG 9012 --- [actividad_sumativa_semana8] [           main] o.s.b.f.s.DefaultListableBeanFactory     : Creating shared instance of singleton bean 'org.springframework.boot.autoconfigure.validation.ValidationAutoConfiguration'
2025-04-29T21:36:56.096-04:00 DEBUG 9012 --- [actividad_sumativa_semana8] [           main] o.s.b.f.s.DefaultListableBeanFactory     : Creating shared instance of singleton bean 'defaultValidator'
2025-04-29T21:36:56.097-04:00 DEBUG 9012 --- [actividad_sumativa_semana8] [           main] o.s.b.f.s.DefaultListableBeanFactory     : Autowiring by type from bean name 'defaultValidator' via factory method to bean named 'org.springframework.web.context.support.GenericWebApplicationContext@2f6bbeb0'
2025-04-29T21:36:56.104-04:00 DEBUG 9012 --- [actividad_sumativa_semana8] [           main] .h.v.m.ResourceBundleMessageInterpolator : Loaded expression factory via original TCCL
2025-04-29T21:36:56.106-04:00 DEBUG 9012 --- [actividad_sumativa_semana8] [           main] o.h.v.i.e.AbstractConfigurationImpl      : Setting custom MessageInterpolator of type org.springframework.validation.beanvalidation.LocaleContextMessageInterpolator
2025-04-29T21:36:56.108-04:00 DEBUG 9012 --- [actividad_sumativa_semana8] [           main] o.h.v.i.e.AbstractConfigurationImpl      : Setting custom ConstraintValidatorFactory of type org.springframework.validation.beanvalidation.SpringConstraintValidatorFactory
2025-04-29T21:36:56.109-04:00 DEBUG 9012 --- [actividad_sumativa_semana8] [           main] o.h.v.i.xml.config.ValidationXmlParser   : Trying to load META-INF/validation.xml for XML based Validator configuration.
2025-04-29T21:36:56.110-04:00 DEBUG 9012 --- [actividad_sumativa_semana8] [           main] o.h.v.i.xml.config.ResourceLoaderHelper  : Trying to load META-INF/validation.xml via user class loader
2025-04-29T21:36:56.110-04:00 DEBUG 9012 --- [actividad_sumativa_semana8] [           main] o.h.v.i.xml.config.ResourceLoaderHelper  : Trying to load META-INF/validation.xml via TCCL
2025-04-29T21:36:56.110-04:00 DEBUG 9012 --- [actividad_sumativa_semana8] [           main] o.h.v.i.xml.config.ResourceLoaderHelper  : Trying to load META-INF/validation.xml via Hibernate Validator's class loader
2025-04-29T21:36:56.110-04:00 DEBUG 9012 --- [actividad_sumativa_semana8] [           main] o.h.v.i.xml.config.ValidationXmlParser   : No META-INF/validation.xml found. Using annotation based configuration only.
2025-04-29T21:36:56.111-04:00 DEBUG 9012 --- [actividad_sumativa_semana8] [           main] o.h.v.i.e.resolver.TraversableResolvers  : Found jakarta.persistence.Persistence on classpath containing 'getPersistenceUtil'. Assuming JPA 2 environment. Trying to instantiate JPA aware TraversableResolver
2025-04-29T21:36:56.111-04:00 DEBUG 9012 --- [actividad_sumativa_semana8] [           main] o.h.v.i.e.resolver.TraversableResolvers  : Instantiated JPA aware TraversableResolver of type org.hibernate.validator.internal.engine.resolver.JPATraversableResolver.
2025-04-29T21:36:56.112-04:00 DEBUG 9012 --- [actividad_sumativa_semana8] [           main] .i.e.ValidatorFactoryConfigurationHelper : HV000252: Using org.hibernate.validator.internal.engine.DefaultPropertyNodeNameProvider as property node name provider.
2025-04-29T21:36:56.113-04:00 DEBUG 9012 --- [actividad_sumativa_semana8] [           main] .i.e.ValidatorFactoryConfigurationHelper : HV000234: Using org.springframework.validation.beanvalidation.LocaleContextMessageInterpolator as ValidatorFactory-scoped message interpolator.
2025-04-29T21:36:56.113-04:00 DEBUG 9012 --- [actividad_sumativa_semana8] [           main] .i.e.ValidatorFactoryConfigurationHelper : HV000234: Using org.hibernate.validator.internal.engine.resolver.JPATraversableResolver as ValidatorFactory-scoped traversable resolver.
2025-04-29T21:36:56.113-04:00 DEBUG 9012 --- [actividad_sumativa_semana8] [           main] .i.e.ValidatorFactoryConfigurationHelper : HV000234: Using org.hibernate.validator.internal.util.ExecutableParameterNameProvider as ValidatorFactory-scoped parameter name provider.
2025-04-29T21:36:56.113-04:00 DEBUG 9012 --- [actividad_sumativa_semana8] [           main] .i.e.ValidatorFactoryConfigurationHelper : HV000234: Using org.hibernate.validator.internal.engine.DefaultClockProvider as ValidatorFactory-scoped clock provider.
2025-04-29T21:36:56.113-04:00 DEBUG 9012 --- [actividad_sumativa_semana8] [           main] .i.e.ValidatorFactoryConfigurationHelper : HV000234: Using org.hibernate.validator.internal.engine.scripting.DefaultScriptEvaluatorFactory as ValidatorFactory-scoped script evaluator factory.
2025-04-29T21:36:56.127-04:00 DEBUG 9012 --- [actividad_sumativa_semana8] [           main] o.s.b.f.s.DefaultListableBeanFactory     : Creating shared instance of singleton bean 'org.springframework.boot.autoconfigure.web.servlet.error.ErrorMvcAutoConfiguration$WhitelabelErrorViewConfiguration'
2025-04-29T21:36:56.130-04:00 DEBUG 9012 --- [actividad_sumativa_semana8] [           main] o.s.b.f.s.DefaultListableBeanFactory     : Creating shared instance of singleton bean 'error'
2025-04-29T21:36:56.131-04:00 DEBUG 9012 --- [actividad_sumativa_semana8] [           main] o.s.b.f.s.DefaultListableBeanFactory     : Creating shared instance of singleton bean 'beanNameViewResolver'
2025-04-29T21:36:56.136-04:00 DEBUG 9012 --- [actividad_sumativa_semana8] [           main] o.s.b.f.s.DefaultListableBeanFactory     : Creating shared instance of singleton bean 'org.springframework.boot.autoconfigure.web.servlet.error.ErrorMvcAutoConfiguration$DefaultErrorViewResolverConfiguration'
2025-04-29T21:36:56.137-04:00 DEBUG 9012 --- [actividad_sumativa_semana8] [           main] o.s.b.f.s.DefaultListableBeanFactory     : Creating shared instance of singleton bean 'spring.web-org.springframework.boot.autoconfigure.web.WebProperties'
2025-04-29T21:36:56.142-04:00 DEBUG 9012 --- [actividad_sumativa_semana8] [           main] o.s.b.f.s.DefaultListableBeanFactory     : Autowiring by type from bean name 'org.springframework.boot.autoconfigure.web.servlet.error.ErrorMvcAutoConfiguration$DefaultErrorViewResolverConfiguration' via constructor to bean named 'org.springframework.web.context.support.GenericWebApplicationContext@2f6bbeb0'
2025-04-29T21:36:56.142-04:00 DEBUG 9012 --- [actividad_sumativa_semana8] [           main] o.s.b.f.s.DefaultListableBeanFactory     : Autowiring by type from bean name 'org.springframework.boot.autoconfigure.web.servlet.error.ErrorMvcAutoConfiguration$DefaultErrorViewResolverConfiguration' via constructor to bean named 'spring.web-org.springframework.boot.autoconfigure.web.WebProperties'
2025-04-29T21:36:56.143-04:00 DEBUG 9012 --- [actividad_sumativa_semana8] [           main] o.s.b.f.s.DefaultListableBeanFactory     : Creating shared instance of singleton bean 'conventionErrorViewResolver'
2025-04-29T21:36:56.147-04:00 DEBUG 9012 --- [actividad_sumativa_semana8] [           main] o.s.b.f.s.DefaultListableBeanFactory     : Creating shared instance of singleton bean 'errorAttributes'
2025-04-29T21:36:56.150-04:00 DEBUG 9012 --- [actividad_sumativa_semana8] [           main] o.s.b.f.s.DefaultListableBeanFactory     : Creating shared instance of singleton bean 'basicErrorController'
2025-04-29T21:36:56.150-04:00 DEBUG 9012 --- [actividad_sumativa_semana8] [           main] o.s.b.f.s.DefaultListableBeanFactory     : Autowiring by type from bean name 'basicErrorController' via factory method to bean named 'errorAttributes'
2025-04-29T21:36:56.158-04:00 DEBUG 9012 --- [actividad_sumativa_semana8] [           main] o.s.b.f.s.DefaultListableBeanFactory     : Creating shared instance of singleton bean 'org.springframework.boot.autoconfigure.web.servlet.WebMvcAutoConfiguration$EnableWebMvcConfiguration'
2025-04-29T21:36:56.162-04:00 DEBUG 9012 --- [actividad_sumativa_semana8] [           main] o.s.b.f.s.DefaultListableBeanFactory     : Autowiring by type from bean name 'org.springframework.boot.autoconfigure.web.servlet.WebMvcAutoConfiguration$EnableWebMvcConfiguration' via constructor to bean named 'spring.mvc-org.springframework.boot.autoconfigure.web.servlet.WebMvcProperties'
2025-04-29T21:36:56.162-04:00 DEBUG 9012 --- [actividad_sumativa_semana8] [           main] o.s.b.f.s.DefaultListableBeanFactory     : Autowiring by type from bean name 'org.springframework.boot.autoconfigure.web.servlet.WebMvcAutoConfiguration$EnableWebMvcConfiguration' via constructor to bean named 'spring.web-org.springframework.boot.autoconfigure.web.WebProperties'
2025-04-29T21:36:56.162-04:00 DEBUG 9012 --- [actividad_sumativa_semana8] [           main] o.s.b.f.s.DefaultListableBeanFactory     : Autowiring by type from bean name 'org.springframework.boot.autoconfigure.web.servlet.WebMvcAutoConfiguration$EnableWebMvcConfiguration' via constructor to bean named 'org.springframework.beans.factory.support.DefaultListableBeanFactory@715fb77'
2025-04-29T21:36:56.179-04:00 DEBUG 9012 --- [actividad_sumativa_semana8] [           main] o.s.b.f.s.DefaultListableBeanFactory     : Creating shared instance of singleton bean 'org.springframework.boot.autoconfigure.web.servlet.WebMvcAutoConfiguration$WebMvcAutoConfigurationAdapter'
2025-04-29T21:36:56.180-04:00 DEBUG 9012 --- [actividad_sumativa_semana8] [           main] o.s.b.f.s.DefaultListableBeanFactory     : Autowiring by type from bean name 'org.springframework.boot.autoconfigure.web.servlet.WebMvcAutoConfiguration$WebMvcAutoConfigurationAdapter' via constructor to bean named 'spring.web-org.springframework.boot.autoconfigure.web.WebProperties'
2025-04-29T21:36:56.180-04:00 DEBUG 9012 --- [actividad_sumativa_semana8] [           main] o.s.b.f.s.DefaultListableBeanFactory     : Autowiring by type from bean name 'org.springframework.boot.autoconfigure.web.servlet.WebMvcAutoConfiguration$WebMvcAutoConfigurationAdapter' via constructor to bean named 'spring.mvc-org.springframework.boot.autoconfigure.web.servlet.WebMvcProperties'
2025-04-29T21:36:56.180-04:00 DEBUG 9012 --- [actividad_sumativa_semana8] [           main] o.s.b.f.s.DefaultListableBeanFactory     : Autowiring by type from bean name 'org.springframework.boot.autoconfigure.web.servlet.WebMvcAutoConfiguration$WebMvcAutoConfigurationAdapter' via constructor to bean named 'org.springframework.beans.factory.support.DefaultListableBeanFactory@715fb77'
2025-04-29T21:36:56.187-04:00 DEBUG 9012 --- [actividad_sumativa_semana8] [           main] o.s.b.f.s.DefaultListableBeanFactory     : Creating shared instance of singleton bean 'openEntityManagerInViewInterceptorConfigurer'
2025-04-29T21:36:56.187-04:00 DEBUG 9012 --- [actividad_sumativa_semana8] [           main] o.s.b.f.s.DefaultListableBeanFactory     : Creating shared instance of singleton bean 'org.springframework.boot.autoconfigure.orm.jpa.JpaBaseConfiguration$JpaWebConfiguration'
2025-04-29T21:36:56.187-04:00 DEBUG 9012 --- [actividad_sumativa_semana8] [           main] o.s.b.f.s.DefaultListableBeanFactory     : Autowiring by type from bean name 'org.springframework.boot.autoconfigure.orm.jpa.JpaBaseConfiguration$JpaWebConfiguration' via constructor to bean named 'spring.jpa-org.springframework.boot.autoconfigure.orm.jpa.JpaProperties'
2025-04-29T21:36:56.192-04:00 DEBUG 9012 --- [actividad_sumativa_semana8] [           main] o.s.b.f.s.DefaultListableBeanFactory     : Creating shared instance of singleton bean 'openEntityManagerInViewInterceptor'
2025-04-29T21:36:56.193-04:00  WARN 9012 --- [actividad_sumativa_semana8] [           main] JpaBaseConfiguration$JpaWebConfiguration : spring.jpa.open-in-view is enabled by default. Therefore, database queries may be performed during view rendering. Explicitly configure spring.jpa.open-in-view to disable this warning
2025-04-29T21:36:56.204-04:00 DEBUG 9012 --- [actividad_sumativa_semana8] [           main] o.s.b.f.s.DefaultListableBeanFactory     : Autowiring by type from bean name 'openEntityManagerInViewInterceptorConfigurer' via factory method to bean named 'openEntityManagerInViewInterceptor'
2025-04-29T21:36:56.206-04:00 DEBUG 9012 --- [actividad_sumativa_semana8] [           main] o.s.b.f.s.DefaultListableBeanFactory     : Creating shared instance of singleton bean 'org.springframework.data.web.config.HateoasAwareSpringDataWebConfiguration'
2025-04-29T21:36:56.206-04:00 DEBUG 9012 --- [actividad_sumativa_semana8] [           main] o.s.b.f.s.DefaultListableBeanFactory     : Autowiring by type from bean name 'org.springframework.data.web.config.HateoasAwareSpringDataWebConfiguration' via constructor to bean named 'org.springframework.web.context.support.GenericWebApplicationContext@2f6bbeb0'
2025-04-29T21:36:56.232-04:00 DEBUG 9012 --- [actividad_sumativa_semana8] [           main] o.s.b.f.s.DefaultListableBeanFactory     : Creating shared instance of singleton bean 'hypermediaWebMvcConfigurer'
2025-04-29T21:36:56.232-04:00 DEBUG 9012 --- [actividad_sumativa_semana8] [           main] o.s.b.f.s.DefaultListableBeanFactory     : Creating shared instance of singleton bean 'org.springframework.hateoas.config.WebMvcHateoasConfiguration'
2025-04-29T21:36:56.237-04:00 DEBUG 9012 --- [actividad_sumativa_semana8] [           main] o.s.b.f.s.DefaultListableBeanFactory     : Creating shared instance of singleton bean 'hypermediaWebMvcConverters'
2025-04-29T21:36:56.237-04:00 DEBUG 9012 --- [actividad_sumativa_semana8] [           main] o.s.b.f.s.DefaultListableBeanFactory     : Creating shared instance of singleton bean 'org.springframework.hateoas.config.HateoasConfiguration'
2025-04-29T21:36:56.240-04:00 DEBUG 9012 --- [actividad_sumativa_semana8] [           main] o.s.b.f.s.DefaultListableBeanFactory     : Creating shared instance of singleton bean 'org.springframework.hateoas.mediatype.hal.HalMediaTypeConfiguration'
2025-04-29T21:36:56.242-04:00 DEBUG 9012 --- [actividad_sumativa_semana8] [           main] o.s.b.f.s.DefaultListableBeanFactory     : Creating shared instance of singleton bean '_relProvider'
2025-04-29T21:36:56.243-04:00 DEBUG 9012 --- [actividad_sumativa_semana8] [           main] o.s.b.f.s.DefaultListableBeanFactory     : Creating shared instance of singleton bean 'relProviderPluginRegistry'
2025-04-29T21:36:56.243-04:00 DEBUG 9012 --- [actividad_sumativa_semana8] [           main] o.s.b.f.s.DefaultListableBeanFactory     : Autowiring by type from bean name 'relProviderPluginRegistry' via factory method to bean named 'org.springframework.web.context.support.GenericWebApplicationContext@2f6bbeb0'
2025-04-29T21:36:56.258-04:00 DEBUG 9012 --- [actividad_sumativa_semana8] [           main] o.s.b.f.s.DefaultListableBeanFactory     : Autowiring by type from bean name '_relProvider' via factory method to bean named 'relProviderPluginRegistry'
2025-04-29T21:36:56.262-04:00 DEBUG 9012 --- [actividad_sumativa_semana8] [           main] o.s.b.f.s.DefaultListableBeanFactory     : Creating shared instance of singleton bean 'messageResolver'
2025-04-29T21:36:56.283-04:00 DEBUG 9012 --- [actividad_sumativa_semana8] [           main] o.s.b.f.s.DefaultListableBeanFactory     : Autowiring by type from bean name 'org.springframework.hateoas.mediatype.hal.HalMediaTypeConfiguration' via constructor to bean named '_relProvider'
2025-04-29T21:36:56.283-04:00 DEBUG 9012 --- [actividad_sumativa_semana8] [           main] o.s.b.f.s.DefaultListableBeanFactory     : Autowiring by type from bean name 'org.springframework.hateoas.mediatype.hal.HalMediaTypeConfiguration' via constructor to bean named 'messageResolver'
2025-04-29T21:36:56.283-04:00 DEBUG 9012 --- [actividad_sumativa_semana8] [           main] o.s.b.f.s.DefaultListableBeanFactory     : Autowiring by type from bean name 'org.springframework.hateoas.mediatype.hal.HalMediaTypeConfiguration' via constructor to bean named 'org.springframework.beans.factory.support.DefaultListableBeanFactory@715fb77'
2025-04-29T21:36:56.292-04:00 DEBUG 9012 --- [actividad_sumativa_semana8] [           main] o.s.b.f.s.DefaultListableBeanFactory     : Autowiring by type from bean name 'hypermediaWebMvcConverters' via factory method to bean named 'org.springframework.hateoas.mediatype.hal.HalMediaTypeConfiguration'
2025-04-29T21:36:56.295-04:00 DEBUG 9012 --- [actividad_sumativa_semana8] [           main] o.s.b.f.s.DefaultListableBeanFactory     : Creating shared instance of singleton bean 'jacksonObjectMapper'
2025-04-29T21:36:56.295-04:00 DEBUG 9012 --- [actividad_sumativa_semana8] [           main] o.s.b.f.s.DefaultListableBeanFactory     : Creating shared instance of singleton bean 'org.springframework.boot.autoconfigure.jackson.JacksonAutoConfiguration$JacksonObjectMapperConfiguration'
2025-04-29T21:36:56.298-04:00 DEBUG 9012 --- [actividad_sumativa_semana8] [           main] o.s.b.f.s.DefaultListableBeanFactory     : Creating shared instance of singleton bean 'org.springframework.boot.autoconfigure.jackson.JacksonAutoConfiguration$JacksonObjectMapperBuilderConfiguration'
2025-04-29T21:36:56.302-04:00 DEBUG 9012 --- [actividad_sumativa_semana8] [           main] o.s.b.f.s.DefaultListableBeanFactory     : Creating shared instance of singleton bean 'standardJacksonObjectMapperBuilderCustomizer'
2025-04-29T21:36:56.303-04:00 DEBUG 9012 --- [actividad_sumativa_semana8] [           main] o.s.b.f.s.DefaultListableBeanFactory     : Creating shared instance of singleton bean 'org.springframework.boot.autoconfigure.jackson.JacksonAutoConfiguration$Jackson2ObjectMapperBuilderCustomizerConfiguration'
2025-04-29T21:36:56.308-04:00 DEBUG 9012 --- [actividad_sumativa_semana8] [           main] o.s.b.f.s.DefaultListableBeanFactory     : Creating shared instance of singleton bean 'spring.jackson-org.springframework.boot.autoconfigure.jackson.JacksonProperties'
2025-04-29T21:36:56.396-04:00 DEBUG 9012 --- [actividad_sumativa_semana8] [           main] o.s.b.f.s.DefaultListableBeanFactory     : Autowiring by type from bean name 'standardJacksonObjectMapperBuilderCustomizer' via factory method to bean named 'spring.jackson-org.springframework.boot.autoconfigure.jackson.JacksonProperties'
2025-04-29T21:36:56.397-04:00 DEBUG 9012 --- [actividad_sumativa_semana8] [           main] o.s.b.f.s.DefaultListableBeanFactory     : Creating shared instance of singleton bean 'parameterNamesModule'
2025-04-29T21:36:56.397-04:00 DEBUG 9012 --- [actividad_sumativa_semana8] [           main] o.s.b.f.s.DefaultListableBeanFactory     : Creating shared instance of singleton bean 'org.springframework.boot.autoconfigure.jackson.JacksonAutoConfiguration$ParameterNamesModuleConfiguration'
2025-04-29T21:36:56.430-04:00 DEBUG 9012 --- [actividad_sumativa_semana8] [           main] o.s.b.f.s.DefaultListableBeanFactory     : Creating shared instance of singleton bean 'jsonMixinModule'
2025-04-29T21:36:56.430-04:00 DEBUG 9012 --- [actividad_sumativa_semana8] [           main] o.s.b.f.s.DefaultListableBeanFactory     : Creating shared instance of singleton bean 'org.springframework.boot.autoconfigure.jackson.JacksonAutoConfiguration$JacksonMixinConfiguration'
2025-04-29T21:36:56.435-04:00 DEBUG 9012 --- [actividad_sumativa_semana8] [           main] o.s.b.f.s.DefaultListableBeanFactory     : Creating shared instance of singleton bean 'jsonMixinModuleEntries'
2025-04-29T21:36:56.435-04:00 DEBUG 9012 --- [actividad_sumativa_semana8] [           main] o.s.b.f.s.DefaultListableBeanFactory     : Autowiring by type from bean name 'jsonMixinModuleEntries' via factory method to bean named 'org.springframework.web.context.support.GenericWebApplicationContext@2f6bbeb0'
2025-04-29T21:36:56.454-04:00 DEBUG 9012 --- [actividad_sumativa_semana8] [           main] o.s.b.f.s.DefaultListableBeanFactory     : Autowiring by type from bean name 'jsonMixinModule' via factory method to bean named 'org.springframework.web.context.support.GenericWebApplicationContext@2f6bbeb0'
2025-04-29T21:36:56.454-04:00 DEBUG 9012 --- [actividad_sumativa_semana8] [           main] o.s.b.f.s.DefaultListableBeanFactory     : Autowiring by type from bean name 'jsonMixinModule' via factory method to bean named 'jsonMixinModuleEntries'
2025-04-29T21:36:56.489-04:00 DEBUG 9012 --- [actividad_sumativa_semana8] [           main] o.s.b.f.s.DefaultListableBeanFactory     : Creating shared instance of singleton bean 'jsonComponentModule'
2025-04-29T21:36:56.489-04:00 DEBUG 9012 --- [actividad_sumativa_semana8] [           main] o.s.b.f.s.DefaultListableBeanFactory     : Creating shared instance of singleton bean 'org.springframework.boot.autoconfigure.jackson.JacksonAutoConfiguration'
2025-04-29T21:36:56.497-04:00 DEBUG 9012 --- [actividad_sumativa_semana8] [           main] o.s.b.f.s.DefaultListableBeanFactory     : Creating shared instance of singleton bean 'jacksonGeoModule'
2025-04-29T21:36:56.498-04:00 DEBUG 9012 --- [actividad_sumativa_semana8] [           main] o.s.b.f.s.DefaultListableBeanFactory     : Creating shared instance of singleton bean 'org.springframework.data.web.config.SpringDataJacksonConfiguration'
2025-04-29T21:36:56.502-04:00 DEBUG 9012 --- [actividad_sumativa_semana8] [           main] o.s.b.f.s.DefaultListableBeanFactory     : Creating shared instance of singleton bean 'springDataWebSettings'
2025-04-29T21:36:56.502-04:00 DEBUG 9012 --- [actividad_sumativa_semana8] [           main] o.s.b.f.s.DefaultListableBeanFactory     : Creating shared instance of singleton bean 'org.springframework.boot.autoconfigure.data.web.SpringDataWebAutoConfiguration'
2025-04-29T21:36:56.503-04:00 DEBUG 9012 --- [actividad_sumativa_semana8] [           main] o.s.b.f.s.DefaultListableBeanFactory     : Creating shared instance of singleton bean 'spring.data.web-org.springframework.boot.autoconfigure.data.web.SpringDataWebProperties'
2025-04-29T21:36:56.506-04:00 DEBUG 9012 --- [actividad_sumativa_semana8] [           main] o.s.b.f.s.DefaultListableBeanFactory     : Autowiring by type from bean name 'org.springframework.boot.autoconfigure.data.web.SpringDataWebAutoConfiguration' via constructor to bean named 'spring.data.web-org.springframework.boot.autoconfigure.data.web.SpringDataWebProperties'
2025-04-29T21:36:56.527-04:00 DEBUG 9012 --- [actividad_sumativa_semana8] [           main] o.s.b.f.s.DefaultListableBeanFactory     : Creating shared instance of singleton bean 'pageModule'
2025-04-29T21:36:56.532-04:00 DEBUG 9012 --- [actividad_sumativa_semana8] [           main] o.s.b.f.s.DefaultListableBeanFactory     : Autowiring by type from bean name 'jacksonObjectMapperBuilder' via factory method to bean named 'org.springframework.web.context.support.GenericWebApplicationContext@2f6bbeb0'
2025-04-29T21:36:56.532-04:00 DEBUG 9012 --- [actividad_sumativa_semana8] [           main] o.s.b.f.s.DefaultListableBeanFactory     : Autowiring by type from bean name 'jacksonObjectMapperBuilder' via factory method to bean named 'standardJacksonObjectMapperBuilderCustomizer'
2025-04-29T21:36:56.540-04:00 DEBUG 9012 --- [actividad_sumativa_semana8] [           main] o.s.b.f.s.DefaultListableBeanFactory     : Autowiring by type from bean name 'jacksonObjectMapper' via factory method to bean named 'jacksonObjectMapperBuilder'
2025-04-29T21:36:56.581-04:00 DEBUG 9012 --- [actividad_sumativa_semana8] [           main] o.s.b.f.s.DefaultListableBeanFactory     : Autowiring by type from bean name 'hypermediaWebMvcConfigurer' via factory method to bean named 'hypermediaWebMvcConverters'
2025-04-29T21:36:56.583-04:00 DEBUG 9012 --- [actividad_sumativa_semana8] [           main] o.s.b.f.s.DefaultListableBeanFactory     : Creating shared instance of singleton bean 'endpointObjectMapperWebMvcConfigurer'
2025-04-29T21:36:56.584-04:00 DEBUG 9012 --- [actividad_sumativa_semana8] [           main] o.s.b.f.s.DefaultListableBeanFactory     : Creating shared instance of singleton bean 'endpointObjectMapper'
2025-04-29T21:36:56.584-04:00 DEBUG 9012 --- [actividad_sumativa_semana8] [           main] o.s.b.f.s.DefaultListableBeanFactory     : Creating shared instance of singleton bean 'org.springframework.boot.actuate.autoconfigure.endpoint.jackson.JacksonEndpointAutoConfiguration'
2025-04-29T21:36:56.589-04:00 DEBUG 9012 --- [actividad_sumativa_semana8] [           main] o.s.b.f.s.DefaultListableBeanFactory     : Autowiring by type from bean name 'endpointObjectMapperWebMvcConfigurer' via factory method to bean named 'endpointObjectMapper'
2025-04-29T21:36:56.615-04:00 DEBUG 9012 --- [actividad_sumativa_semana8] [           main] o.s.b.f.s.DefaultListableBeanFactory     : Creating shared instance of singleton bean 'welcomePageHandlerMapping'
2025-04-29T21:36:56.616-04:00 DEBUG 9012 --- [actividad_sumativa_semana8] [           main] o.s.b.f.s.DefaultListableBeanFactory     : Creating shared instance of singleton bean 'mvcConversionService'
2025-04-29T21:36:56.641-04:00 DEBUG 9012 --- [actividad_sumativa_semana8] [           main] o.s.b.f.s.DefaultListableBeanFactory     : Creating shared instance of singleton bean 'mvcResourceUrlProvider'
2025-04-29T21:36:56.649-04:00 DEBUG 9012 --- [actividad_sumativa_semana8] [           main] o.s.b.f.s.DefaultListableBeanFactory     : Autowiring by type from bean name 'welcomePageHandlerMapping' via factory method to bean named 'org.springframework.web.context.support.GenericWebApplicationContext@2f6bbeb0'
2025-04-29T21:36:56.649-04:00 DEBUG 9012 --- [actividad_sumativa_semana8] [           main] o.s.b.f.s.DefaultListableBeanFactory     : Autowiring by type from bean name 'welcomePageHandlerMapping' via factory method to bean named 'mvcConversionService'
2025-04-29T21:36:56.649-04:00 DEBUG 9012 --- [actividad_sumativa_semana8] [           main] o.s.b.f.s.DefaultListableBeanFactory     : Autowiring by type from bean name 'welcomePageHandlerMapping' via factory method to bean named 'mvcResourceUrlProvider'
2025-04-29T21:36:56.700-04:00 DEBUG 9012 --- [actividad_sumativa_semana8] [           main] o.s.b.f.s.DefaultListableBeanFactory     : Creating shared instance of singleton bean 'welcomePageNotAcceptableHandlerMapping'
2025-04-29T21:36:56.701-04:00 DEBUG 9012 --- [actividad_sumativa_semana8] [           main] o.s.b.f.s.DefaultListableBeanFactory     : Autowiring by type from bean name 'welcomePageNotAcceptableHandlerMapping' via factory method to bean named 'org.springframework.web.context.support.GenericWebApplicationContext@2f6bbeb0'
2025-04-29T21:36:56.701-04:00 DEBUG 9012 --- [actividad_sumativa_semana8] [           main] o.s.b.f.s.DefaultListableBeanFactory     : Autowiring by type from bean name 'welcomePageNotAcceptableHandlerMapping' via factory method to bean named 'mvcConversionService'
2025-04-29T21:36:56.702-04:00 DEBUG 9012 --- [actividad_sumativa_semana8] [           main] o.s.b.f.s.DefaultListableBeanFactory     : Autowiring by type from bean name 'welcomePageNotAcceptableHandlerMapping' via factory method to bean named 'mvcResourceUrlProvider'
2025-04-29T21:36:56.718-04:00 DEBUG 9012 --- [actividad_sumativa_semana8] [           main] o.s.b.f.s.DefaultListableBeanFactory     : Creating shared instance of singleton bean 'localeResolver'
2025-04-29T21:36:56.726-04:00 DEBUG 9012 --- [actividad_sumativa_semana8] [           main] o.s.b.f.s.DefaultListableBeanFactory     : Creating shared instance of singleton bean 'themeResolver'
2025-04-29T21:36:56.731-04:00 DEBUG 9012 --- [actividad_sumativa_semana8] [           main] o.s.b.f.s.DefaultListableBeanFactory     : Creating shared instance of singleton bean 'flashMapManager'
2025-04-29T21:36:56.748-04:00 DEBUG 9012 --- [actividad_sumativa_semana8] [           main] o.s.b.f.s.DefaultListableBeanFactory     : Creating shared instance of singleton bean 'viewNameTranslator'
2025-04-29T21:36:56.754-04:00 DEBUG 9012 --- [actividad_sumativa_semana8] [           main] o.s.b.f.s.DefaultListableBeanFactory     : Creating shared instance of singleton bean 'mvcValidator'
2025-04-29T21:36:56.759-04:00 DEBUG 9012 --- [actividad_sumativa_semana8] [           main] o.s.b.f.s.DefaultListableBeanFactory     : Creating shared instance of singleton bean 'mvcContentNegotiationManager'
2025-04-29T21:36:56.770-04:00 DEBUG 9012 --- [actividad_sumativa_semana8] [           main] o.s.b.f.s.DefaultListableBeanFactory     : Creating shared instance of singleton bean 'requestMappingHandlerMapping'
2025-04-29T21:36:56.772-04:00 DEBUG 9012 --- [actividad_sumativa_semana8] [           main] o.s.b.f.s.DefaultListableBeanFactory     : Autowiring by type from bean name 'requestMappingHandlerMapping' via factory method to bean named 'mvcContentNegotiationManager'
2025-04-29T21:36:56.772-04:00 DEBUG 9012 --- [actividad_sumativa_semana8] [           main] o.s.b.f.s.DefaultListableBeanFactory     : Autowiring by type from bean name 'requestMappingHandlerMapping' via factory method to bean named 'mvcConversionService'
2025-04-29T21:36:56.772-04:00 DEBUG 9012 --- [actividad_sumativa_semana8] [           main] o.s.b.f.s.DefaultListableBeanFactory     : Autowiring by type from bean name 'requestMappingHandlerMapping' via factory method to bean named 'mvcResourceUrlProvider'
2025-04-29T21:36:56.866-04:00 DEBUG 9012 --- [actividad_sumativa_semana8] [           main] s.w.s.m.m.a.RequestMappingHandlerMapping : 22 mappings in 'requestMappingHandlerMapping'
2025-04-29T21:36:56.879-04:00 DEBUG 9012 --- [actividad_sumativa_semana8] [           main] o.s.b.f.s.DefaultListableBeanFactory     : Creating shared instance of singleton bean 'mvcPatternParser'
2025-04-29T21:36:56.882-04:00 DEBUG 9012 --- [actividad_sumativa_semana8] [           main] o.s.b.f.s.DefaultListableBeanFactory     : Creating shared instance of singleton bean 'mvcUrlPathHelper'
2025-04-29T21:36:56.886-04:00 DEBUG 9012 --- [actividad_sumativa_semana8] [           main] o.s.b.f.s.DefaultListableBeanFactory     : Creating shared instance of singleton bean 'mvcPathMatcher'
2025-04-29T21:36:56.888-04:00 DEBUG 9012 --- [actividad_sumativa_semana8] [           main] o.s.b.f.s.DefaultListableBeanFactory     : Creating shared instance of singleton bean 'viewControllerHandlerMapping'
2025-04-29T21:36:56.889-04:00 DEBUG 9012 --- [actividad_sumativa_semana8] [           main] o.s.b.f.s.DefaultListableBeanFactory     : Autowiring by type from bean name 'viewControllerHandlerMapping' via factory method to bean named 'mvcConversionService'
2025-04-29T21:36:56.889-04:00 DEBUG 9012 --- [actividad_sumativa_semana8] [           main] o.s.b.f.s.DefaultListableBeanFactory     : Autowiring by type from bean name 'viewControllerHandlerMapping' via factory method to bean named 'mvcResourceUrlProvider'
2025-04-29T21:36:56.891-04:00 DEBUG 9012 --- [actividad_sumativa_semana8] [           main] o.s.b.f.s.DefaultListableBeanFactory     : Creating shared instance of singleton bean 'beanNameHandlerMapping'
2025-04-29T21:36:56.891-04:00 DEBUG 9012 --- [actividad_sumativa_semana8] [           main] o.s.b.f.s.DefaultListableBeanFactory     : Autowiring by type from bean name 'beanNameHandlerMapping' via factory method to bean named 'mvcConversionService'
2025-04-29T21:36:56.892-04:00 DEBUG 9012 --- [actividad_sumativa_semana8] [           main] o.s.b.f.s.DefaultListableBeanFactory     : Autowiring by type from bean name 'beanNameHandlerMapping' via factory method to bean named 'mvcResourceUrlProvider'
2025-04-29T21:36:56.898-04:00 DEBUG 9012 --- [actividad_sumativa_semana8] [           main] o.s.b.f.s.DefaultListableBeanFactory     : Creating shared instance of singleton bean 'routerFunctionMapping'
2025-04-29T21:36:56.900-04:00 DEBUG 9012 --- [actividad_sumativa_semana8] [           main] o.s.b.f.s.DefaultListableBeanFactory     : Autowiring by type from bean name 'routerFunctionMapping' via factory method to bean named 'mvcConversionService'
2025-04-29T21:36:56.900-04:00 DEBUG 9012 --- [actividad_sumativa_semana8] [           main] o.s.b.f.s.DefaultListableBeanFactory     : Autowiring by type from bean name 'routerFunctionMapping' via factory method to bean named 'mvcResourceUrlProvider'
2025-04-29T21:36:56.903-04:00 DEBUG 9012 --- [actividad_sumativa_semana8] [           main] o.s.b.f.s.DefaultListableBeanFactory     : Creating shared instance of singleton bean 'messageConverters'
2025-04-29T21:36:56.903-04:00 DEBUG 9012 --- [actividad_sumativa_semana8] [           main] o.s.b.f.s.DefaultListableBeanFactory     : Creating shared instance of singleton bean 'org.springframework.boot.autoconfigure.http.HttpMessageConvertersAutoConfiguration'
2025-04-29T21:36:56.909-04:00 DEBUG 9012 --- [actividad_sumativa_semana8] [           main] o.s.b.f.s.DefaultListableBeanFactory     : Creating shared instance of singleton bean 'stringHttpMessageConverter'
2025-04-29T21:36:56.909-04:00 DEBUG 9012 --- [actividad_sumativa_semana8] [           main] o.s.b.f.s.DefaultListableBeanFactory     : Creating shared instance of singleton bean 'org.springframework.boot.autoconfigure.http.HttpMessageConvertersAutoConfiguration$StringHttpMessageConverterConfiguration'
2025-04-29T21:36:56.911-04:00 DEBUG 9012 --- [actividad_sumativa_semana8] [           main] o.s.b.f.s.DefaultListableBeanFactory     : Autowiring by type from bean name 'stringHttpMessageConverter' via factory method to bean named 'environment'
2025-04-29T21:36:56.918-04:00 DEBUG 9012 --- [actividad_sumativa_semana8] [           main] o.s.b.f.s.DefaultListableBeanFactory     : Creating shared instance of singleton bean 'mappingJackson2HttpMessageConverter'
2025-04-29T21:36:56.918-04:00 DEBUG 9012 --- [actividad_sumativa_semana8] [           main] o.s.b.f.s.DefaultListableBeanFactory     : Creating shared instance of singleton bean 'org.springframework.boot.autoconfigure.http.JacksonHttpMessageConvertersConfiguration$MappingJackson2HttpMessageConverterConfiguration'
2025-04-29T21:36:56.920-04:00 DEBUG 9012 --- [actividad_sumativa_semana8] [           main] o.s.b.f.s.DefaultListableBeanFactory     : Autowiring by type from bean name 'mappingJackson2HttpMessageConverter' via factory method to bean named 'jacksonObjectMapper'
2025-04-29T21:36:57.032-04:00 DEBUG 9012 --- [actividad_sumativa_semana8] [           main] o.s.b.f.s.DefaultListableBeanFactory     : Creating shared instance of singleton bean 'applicationJsonHalConfiguration'
2025-04-29T21:36:57.032-04:00 DEBUG 9012 --- [actividad_sumativa_semana8] [           main] o.s.b.f.s.DefaultListableBeanFactory     : Creating shared instance of singleton bean 'org.springframework.boot.autoconfigure.hateoas.HypermediaAutoConfiguration'
2025-04-29T21:36:57.071-04:00 DEBUG 9012 --- [actividad_sumativa_semana8] [           main] o.s.b.f.s.DefaultListableBeanFactory     : Creating shared instance of singleton bean 'resourceHandlerMapping'
2025-04-29T21:36:57.072-04:00 DEBUG 9012 --- [actividad_sumativa_semana8] [           main] o.s.b.f.s.DefaultListableBeanFactory     : Autowiring by type from bean name 'resourceHandlerMapping' via factory method to bean named 'mvcContentNegotiationManager'
2025-04-29T21:36:57.072-04:00 DEBUG 9012 --- [actividad_sumativa_semana8] [           main] o.s.b.f.s.DefaultListableBeanFactory     : Autowiring by type from bean name 'resourceHandlerMapping' via factory method to bean named 'mvcConversionService'
2025-04-29T21:36:57.072-04:00 DEBUG 9012 --- [actividad_sumativa_semana8] [           main] o.s.b.f.s.DefaultListableBeanFactory     : Autowiring by type from bean name 'resourceHandlerMapping' via factory method to bean named 'mvcResourceUrlProvider'
2025-04-29T21:36:57.101-04:00 DEBUG 9012 --- [actividad_sumativa_semana8] [           main] o.s.w.s.handler.SimpleUrlHandlerMapping  : Patterns [/webjars/**, /**] in 'resourceHandlerMapping'
2025-04-29T21:36:57.105-04:00 DEBUG 9012 --- [actividad_sumativa_semana8] [           main] o.s.b.f.s.DefaultListableBeanFactory     : Creating shared instance of singleton bean 'defaultServletHandlerMapping'
2025-04-29T21:36:57.106-04:00 DEBUG 9012 --- [actividad_sumativa_semana8] [           main] o.s.b.f.s.DefaultListableBeanFactory     : Creating shared instance of singleton bean 'requestMappingHandlerAdapter'
2025-04-29T21:36:57.107-04:00 DEBUG 9012 --- [actividad_sumativa_semana8] [           main] o.s.b.f.s.DefaultListableBeanFactory     : Autowiring by type from bean name 'requestMappingHandlerAdapter' via factory method to bean named 'mvcContentNegotiationManager'
2025-04-29T21:36:57.107-04:00 DEBUG 9012 --- [actividad_sumativa_semana8] [           main] o.s.b.f.s.DefaultListableBeanFactory     : Autowiring by type from bean name 'requestMappingHandlerAdapter' via factory method to bean named 'mvcConversionService'
2025-04-29T21:36:57.107-04:00 DEBUG 9012 --- [actividad_sumativa_semana8] [           main] o.s.b.f.s.DefaultListableBeanFactory     : Autowiring by type from bean name 'requestMappingHandlerAdapter' via factory method to bean named 'mvcValidator'
2025-04-29T21:36:57.124-04:00 DEBUG 9012 --- [actividad_sumativa_semana8] [           main] o.s.b.f.s.DefaultListableBeanFactory     : Creating shared instance of singleton bean 'sortResolver'
2025-04-29T21:36:57.129-04:00 DEBUG 9012 --- [actividad_sumativa_semana8] [           main] o.s.b.f.s.DefaultListableBeanFactory     : Creating shared instance of singleton bean 'sortCustomizer'
2025-04-29T21:36:57.140-04:00 DEBUG 9012 --- [actividad_sumativa_semana8] [           main] o.s.b.f.s.DefaultListableBeanFactory     : Creating shared instance of singleton bean 'pageableResolver'
2025-04-29T21:36:57.143-04:00 DEBUG 9012 --- [actividad_sumativa_semana8] [           main] o.s.b.f.s.DefaultListableBeanFactory     : Creating shared instance of singleton bean 'pageableCustomizer'
2025-04-29T21:36:57.156-04:00 DEBUG 9012 --- [actividad_sumativa_semana8] [           main] o.s.b.f.s.DefaultListableBeanFactory     : Creating shared instance of singleton bean 'pagedResourcesAssemblerArgumentResolver'
2025-04-29T21:36:57.158-04:00 DEBUG 9012 --- [actividad_sumativa_semana8] [           main] o.s.b.f.s.DefaultListableBeanFactory     : Creating shared instance of singleton bean 'slicedResourcesAssemblerArgumentResolver'
2025-04-29T21:36:57.165-04:00 DEBUG 9012 --- [actividad_sumativa_semana8] [           main] o.s.b.f.s.DefaultListableBeanFactory     : Creating shared instance of singleton bean 'applicationTaskExecutor'
2025-04-29T21:36:57.165-04:00 DEBUG 9012 --- [actividad_sumativa_semana8] [           main] o.s.b.f.s.DefaultListableBeanFactory     : Autowiring by type from bean name 'applicationTaskExecutor' via factory method to bean named 'threadPoolTaskExecutorBuilder'
2025-04-29T21:36:57.205-04:00 DEBUG 9012 --- [actividad_sumativa_semana8] [           main] o.s.s.concurrent.ThreadPoolTaskExecutor  : Initializing ExecutorService 'applicationTaskExecutor'
2025-04-29T21:36:57.230-04:00 DEBUG 9012 --- [actividad_sumativa_semana8] [           main] s.w.s.m.m.a.RequestMappingHandlerAdapter : ControllerAdvice beans: 0 @ModelAttribute, 0 @InitBinder, 1 RequestBodyAdvice, 1 ResponseBodyAdvice
2025-04-29T21:36:57.330-04:00 DEBUG 9012 --- [actividad_sumativa_semana8] [           main] o.s.b.f.s.DefaultListableBeanFactory     : Creating shared instance of singleton bean 'mvcViewResolver'
2025-04-29T21:36:57.331-04:00 DEBUG 9012 --- [actividad_sumativa_semana8] [           main] o.s.b.f.s.DefaultListableBeanFactory     : Autowiring by type from bean name 'mvcViewResolver' via factory method to bean named 'mvcContentNegotiationManager'
2025-04-29T21:36:57.339-04:00 DEBUG 9012 --- [actividad_sumativa_semana8] [           main] o.s.b.f.s.DefaultListableBeanFactory     : Creating shared instance of singleton bean 'defaultViewResolver'
2025-04-29T21:36:57.362-04:00 DEBUG 9012 --- [actividad_sumativa_semana8] [           main] o.s.b.f.s.DefaultListableBeanFactory     : Creating shared instance of singleton bean 'viewResolver'
2025-04-29T21:36:57.363-04:00 DEBUG 9012 --- [actividad_sumativa_semana8] [           main] o.s.b.f.s.DefaultListableBeanFactory     : Autowiring by type from bean name 'viewResolver' via factory method to bean named 'org.springframework.beans.factory.support.DefaultListableBeanFactory@715fb77'
2025-04-29T21:36:57.370-04:00 DEBUG 9012 --- [actividad_sumativa_semana8] [           main] o.s.b.f.s.DefaultListableBeanFactory     : Creating shared instance of singleton bean 'viewResolver'
2025-04-29T21:36:57.400-04:00 DEBUG 9012 --- [actividad_sumativa_semana8] [           main] o.s.b.f.s.DefaultListableBeanFactory     : Creating shared instance of singleton bean 'handlerFunctionAdapter'
2025-04-29T21:36:57.404-04:00 DEBUG 9012 --- [actividad_sumativa_semana8] [           main] o.s.b.f.s.DefaultListableBeanFactory     : Creating shared instance of singleton bean 'mvcUriComponentsContributor'
2025-04-29T21:36:57.406-04:00 DEBUG 9012 --- [actividad_sumativa_semana8] [           main] o.s.b.f.s.DefaultListableBeanFactory     : Autowiring by type from bean name 'mvcUriComponentsContributor' via factory method to bean named 'mvcConversionService'
2025-04-29T21:36:57.406-04:00 DEBUG 9012 --- [actividad_sumativa_semana8] [           main] o.s.b.f.s.DefaultListableBeanFactory     : Autowiring by type from bean name 'mvcUriComponentsContributor' via factory method to bean named 'requestMappingHandlerAdapter'
2025-04-29T21:36:57.409-04:00 DEBUG 9012 --- [actividad_sumativa_semana8] [           main] o.s.b.f.s.DefaultListableBeanFactory     : Creating shared instance of singleton bean 'httpRequestHandlerAdapter'
2025-04-29T21:36:57.412-04:00 DEBUG 9012 --- [actividad_sumativa_semana8] [           main] o.s.b.f.s.DefaultListableBeanFactory     : Creating shared instance of singleton bean 'simpleControllerHandlerAdapter'
2025-04-29T21:36:57.415-04:00 DEBUG 9012 --- [actividad_sumativa_semana8] [           main] o.s.b.f.s.DefaultListableBeanFactory     : Creating shared instance of singleton bean 'handlerExceptionResolver'
2025-04-29T21:36:57.416-04:00 DEBUG 9012 --- [actividad_sumativa_semana8] [           main] o.s.b.f.s.DefaultListableBeanFactory     : Autowiring by type from bean name 'handlerExceptionResolver' via factory method to bean named 'mvcContentNegotiationManager'
2025-04-29T21:36:57.423-04:00 DEBUG 9012 --- [actividad_sumativa_semana8] [           main] .m.m.a.ExceptionHandlerExceptionResolver : ControllerAdvice beans: 0 @ExceptionHandler, 1 ResponseBodyAdvice
2025-04-29T21:36:57.431-04:00 DEBUG 9012 --- [actividad_sumativa_semana8] [           main] o.s.b.f.s.DefaultListableBeanFactory     : Creating shared instance of singleton bean 'requestContextFilter'
2025-04-29T21:36:57.443-04:00 DEBUG 9012 --- [actividad_sumativa_semana8] [           main] o.s.b.f.s.DefaultListableBeanFactory     : Creating shared instance of singleton bean 'org.springframework.boot.autoconfigure.web.servlet.WebMvcAutoConfiguration'
2025-04-29T21:36:57.446-04:00 DEBUG 9012 --- [actividad_sumativa_semana8] [           main] o.s.b.f.s.DefaultListableBeanFactory     : Creating shared instance of singleton bean 'formContentFilter'
2025-04-29T21:36:57.451-04:00 DEBUG 9012 --- [actividad_sumativa_semana8] [           main] o.s.b.f.s.DefaultListableBeanFactory     : Creating shared instance of singleton bean 'org.springframework.boot.autoconfigure.availability.ApplicationAvailabilityAutoConfiguration'
2025-04-29T21:36:57.453-04:00 DEBUG 9012 --- [actividad_sumativa_semana8] [           main] o.s.b.f.s.DefaultListableBeanFactory     : Creating shared instance of singleton bean 'applicationAvailability'
2025-04-29T21:36:57.459-04:00 DEBUG 9012 --- [actividad_sumativa_semana8] [           main] o.s.b.f.s.DefaultListableBeanFactory     : Creating shared instance of singleton bean 'org.springframework.boot.actuate.autoconfigure.availability.AvailabilityHealthContributorAutoConfiguration'
2025-04-29T21:36:57.462-04:00 DEBUG 9012 --- [actividad_sumativa_semana8] [           main] o.s.b.f.s.DefaultListableBeanFactory     : Creating shared instance of singleton bean 'org.springframework.boot.autoconfigure.transaction.jta.JtaAutoConfiguration'
2025-04-29T21:36:57.463-04:00 DEBUG 9012 --- [actividad_sumativa_semana8] [           main] o.s.b.f.s.DefaultListableBeanFactory     : Creating shared instance of singleton bean 'org.springframework.boot.autoconfigure.jdbc.metadata.DataSourcePoolMetadataProvidersConfiguration'
2025-04-29T21:36:57.465-04:00 DEBUG 9012 --- [actividad_sumativa_semana8] [           main] o.s.b.f.s.DefaultListableBeanFactory     : Creating shared instance of singleton bean 'org.springframework.boot.autoconfigure.jdbc.DataSourceAutoConfiguration'
2025-04-29T21:36:57.468-04:00 DEBUG 9012 --- [actividad_sumativa_semana8] [           main] o.s.b.f.s.DefaultListableBeanFactory     : Creating shared instance of singleton bean 'org.springframework.boot.autoconfigure.transaction.TransactionManagerCustomizationAutoConfiguration'
2025-04-29T21:36:57.472-04:00 DEBUG 9012 --- [actividad_sumativa_semana8] [           main] o.s.b.f.s.DefaultListableBeanFactory     : Creating shared instance of singleton bean 'platformTransactionManagerCustomizers'
2025-04-29T21:36:57.474-04:00 DEBUG 9012 --- [actividad_sumativa_semana8] [           main] o.s.b.f.s.DefaultListableBeanFactory     : Creating shared instance of singleton bean 'transactionExecutionListeners'
2025-04-29T21:36:57.477-04:00 DEBUG 9012 --- [actividad_sumativa_semana8] [           main] o.s.b.f.s.DefaultListableBeanFactory     : Creating shared instance of singleton bean 'spring.transaction-org.springframework.boot.autoconfigure.transaction.TransactionProperties'
2025-04-29T21:36:57.487-04:00 DEBUG 9012 --- [actividad_sumativa_semana8] [           main] o.s.b.f.s.DefaultListableBeanFactory     : Creating shared instance of singleton bean 'org.springframework.boot.autoconfigure.orm.jpa.JpaBaseConfiguration$PersistenceManagedTypesConfiguration'
2025-04-29T21:36:57.492-04:00 DEBUG 9012 --- [actividad_sumativa_semana8] [           main] o.s.b.f.s.DefaultListableBeanFactory     : Creating shared instance of singleton bean 'transactionManager'
2025-04-29T21:36:57.513-04:00 DEBUG 9012 --- [actividad_sumativa_semana8] [           main] o.s.b.f.s.DefaultListableBeanFactory     : Creating shared instance of singleton bean 'org.springframework.boot.autoconfigure.orm.jpa.HibernateJpaAutoConfiguration'
2025-04-29T21:36:57.514-04:00 DEBUG 9012 --- [actividad_sumativa_semana8] [           main] o.s.b.f.s.DefaultListableBeanFactory     : Creating shared instance of singleton bean 'org.springframework.boot.actuate.autoconfigure.health.HealthEndpointConfiguration'
2025-04-29T21:36:57.516-04:00 DEBUG 9012 --- [actividad_sumativa_semana8] [           main] o.s.b.f.s.DefaultListableBeanFactory     : Creating shared instance of singleton bean 'healthStatusAggregator'
2025-04-29T21:36:57.518-04:00 DEBUG 9012 --- [actividad_sumativa_semana8] [           main] o.s.b.f.s.DefaultListableBeanFactory     : Creating shared instance of singleton bean 'management.endpoint.health-org.springframework.boot.actuate.autoconfigure.health.HealthEndpointProperties'
2025-04-29T21:36:57.526-04:00 DEBUG 9012 --- [actividad_sumativa_semana8] [           main] o.s.b.f.s.DefaultListableBeanFactory     : Autowiring by type from bean name 'healthStatusAggregator' via factory method to bean named 'management.endpoint.health-org.springframework.boot.actuate.autoconfigure.health.HealthEndpointProperties'
2025-04-29T21:36:57.533-04:00 DEBUG 9012 --- [actividad_sumativa_semana8] [           main] o.s.b.f.s.DefaultListableBeanFactory     : Creating shared instance of singleton bean 'healthHttpCodeStatusMapper'
2025-04-29T21:36:57.533-04:00 DEBUG 9012 --- [actividad_sumativa_semana8] [           main] o.s.b.f.s.DefaultListableBeanFactory     : Autowiring by type from bean name 'healthHttpCodeStatusMapper' via factory method to bean named 'management.endpoint.health-org.springframework.boot.actuate.autoconfigure.health.HealthEndpointProperties'
2025-04-29T21:36:57.538-04:00 DEBUG 9012 --- [actividad_sumativa_semana8] [           main] o.s.b.f.s.DefaultListableBeanFactory     : Creating shared instance of singleton bean 'healthEndpointGroups'
2025-04-29T21:36:57.540-04:00 DEBUG 9012 --- [actividad_sumativa_semana8] [           main] o.s.b.f.s.DefaultListableBeanFactory     : Autowiring by type from bean name 'healthEndpointGroups' via factory method to bean named 'org.springframework.web.context.support.GenericWebApplicationContext@2f6bbeb0'
2025-04-29T21:36:57.540-04:00 DEBUG 9012 --- [actividad_sumativa_semana8] [           main] o.s.b.f.s.DefaultListableBeanFactory     : Autowiring by type from bean name 'healthEndpointGroups' via factory method to bean named 'management.endpoint.health-org.springframework.boot.actuate.autoconfigure.health.HealthEndpointProperties'
2025-04-29T21:36:57.553-04:00 DEBUG 9012 --- [actividad_sumativa_semana8] [           main] o.s.b.f.s.DefaultListableBeanFactory     : Creating shared instance of singleton bean 'healthContributorRegistry'
2025-04-29T21:36:57.555-04:00 DEBUG 9012 --- [actividad_sumativa_semana8] [           main] o.s.b.f.s.DefaultListableBeanFactory     : Creating shared instance of singleton bean 'sslHealthIndicator'
2025-04-29T21:36:57.555-04:00 DEBUG 9012 --- [actividad_sumativa_semana8] [           main] o.s.b.f.s.DefaultListableBeanFactory     : Creating shared instance of singleton bean 'org.springframework.boot.actuate.autoconfigure.ssl.SslHealthContributorAutoConfiguration'
2025-04-29T21:36:57.556-04:00 DEBUG 9012 --- [actividad_sumativa_semana8] [           main] o.s.b.f.s.DefaultListableBeanFactory     : Creating shared instance of singleton bean 'sslInfo'
2025-04-29T21:36:57.558-04:00 DEBUG 9012 --- [actividad_sumativa_semana8] [           main] o.s.b.f.s.DefaultListableBeanFactory     : Creating shared instance of singleton bean 'management.health.ssl-org.springframework.boot.actuate.autoconfigure.ssl.SslHealthIndicatorProperties'
2025-04-29T21:36:57.560-04:00 DEBUG 9012 --- [actividad_sumativa_semana8] [           main] o.s.b.f.s.DefaultListableBeanFactory     : Autowiring by type from bean name 'sslInfo' via factory method to bean named 'sslBundleRegistry'
2025-04-29T21:36:57.560-04:00 DEBUG 9012 --- [actividad_sumativa_semana8] [           main] o.s.b.f.s.DefaultListableBeanFactory     : Autowiring by type from bean name 'sslInfo' via factory method to bean named 'management.health.ssl-org.springframework.boot.actuate.autoconfigure.ssl.SslHealthIndicatorProperties'
2025-04-29T21:36:57.561-04:00 DEBUG 9012 --- [actividad_sumativa_semana8] [           main] o.s.b.f.s.DefaultListableBeanFactory     : Autowiring by type from bean name 'sslHealthIndicator' via factory method to bean named 'sslInfo'
2025-04-29T21:36:57.567-04:00 DEBUG 9012 --- [actividad_sumativa_semana8] [           main] o.s.b.f.s.DefaultListableBeanFactory     : Creating shared instance of singleton bean 'diskSpaceHealthIndicator'
2025-04-29T21:36:57.567-04:00 DEBUG 9012 --- [actividad_sumativa_semana8] [           main] o.s.b.f.s.DefaultListableBeanFactory     : Creating shared instance of singleton bean 'org.springframework.boot.actuate.autoconfigure.system.DiskSpaceHealthContributorAutoConfiguration'
2025-04-29T21:36:57.569-04:00 DEBUG 9012 --- [actividad_sumativa_semana8] [           main] o.s.b.f.s.DefaultListableBeanFactory     : Creating shared instance of singleton bean 'management.health.diskspace-org.springframework.boot.actuate.autoconfigure.system.DiskSpaceHealthIndicatorProperties'
2025-04-29T21:36:57.572-04:00 DEBUG 9012 --- [actividad_sumativa_semana8] [           main] o.s.b.f.s.DefaultListableBeanFactory     : Autowiring by type from bean name 'diskSpaceHealthIndicator' via factory method to bean named 'management.health.diskspace-org.springframework.boot.actuate.autoconfigure.system.DiskSpaceHealthIndicatorProperties'
2025-04-29T21:36:57.574-04:00 DEBUG 9012 --- [actividad_sumativa_semana8] [           main] o.s.b.f.s.DefaultListableBeanFactory     : Creating shared instance of singleton bean 'pingHealthContributor'
2025-04-29T21:36:57.574-04:00 DEBUG 9012 --- [actividad_sumativa_semana8] [           main] o.s.b.f.s.DefaultListableBeanFactory     : Creating shared instance of singleton bean 'org.springframework.boot.actuate.autoconfigure.health.HealthContributorAutoConfiguration'
2025-04-29T21:36:57.575-04:00 DEBUG 9012 --- [actividad_sumativa_semana8] [           main] o.s.b.f.s.DefaultListableBeanFactory     : Creating shared instance of singleton bean 'dbHealthContributor'
2025-04-29T21:36:57.575-04:00 DEBUG 9012 --- [actividad_sumativa_semana8] [           main] o.s.b.f.s.DefaultListableBeanFactory     : Creating shared instance of singleton bean 'org.springframework.boot.actuate.autoconfigure.jdbc.DataSourceHealthContributorAutoConfiguration'
2025-04-29T21:36:57.579-04:00 DEBUG 9012 --- [actividad_sumativa_semana8] [           main] o.s.b.f.s.DefaultListableBeanFactory     : Creating shared instance of singleton bean 'management.health.db-org.springframework.boot.actuate.autoconfigure.jdbc.DataSourceHealthIndicatorProperties'
2025-04-29T21:36:57.581-04:00 DEBUG 9012 --- [actividad_sumativa_semana8] [           main] o.s.b.f.s.DefaultListableBeanFactory     : Autowiring by type from bean name 'dbHealthContributor' via factory method to bean named 'org.springframework.beans.factory.support.DefaultListableBeanFactory@715fb77'
2025-04-29T21:36:57.581-04:00 DEBUG 9012 --- [actividad_sumativa_semana8] [           main] o.s.b.f.s.DefaultListableBeanFactory     : Autowiring by type from bean name 'dbHealthContributor' via factory method to bean named 'management.health.db-org.springframework.boot.actuate.autoconfigure.jdbc.DataSourceHealthIndicatorProperties'
2025-04-29T21:36:57.582-04:00 DEBUG 9012 --- [actividad_sumativa_semana8] [           main] o.s.b.f.s.DefaultListableBeanFactory     : Creating shared instance of singleton bean 'webMvcEntityLinks'
2025-04-29T21:36:57.582-04:00 DEBUG 9012 --- [actividad_sumativa_semana8] [           main] o.s.b.f.s.DefaultListableBeanFactory     : Creating shared instance of singleton bean 'org.springframework.hateoas.config.WebMvcEntityLinksConfiguration'
2025-04-29T21:36:57.588-04:00 DEBUG 9012 --- [actividad_sumativa_semana8] [           main] o.s.b.f.s.DefaultListableBeanFactory     : Creating shared instance of singleton bean 'webMvcLinkBuilderFactory'
2025-04-29T21:36:57.631-04:00 DEBUG 9012 --- [actividad_sumativa_semana8] [           main] o.s.b.f.s.DefaultListableBeanFactory     : Autowiring by type from bean name 'healthContributorRegistry' via factory method to bean named 'org.springframework.web.context.support.GenericWebApplicationContext@2f6bbeb0'
2025-04-29T21:36:57.631-04:00 DEBUG 9012 --- [actividad_sumativa_semana8] [           main] o.s.b.f.s.DefaultListableBeanFactory     : Autowiring by type from bean name 'healthContributorRegistry' via factory method to bean named 'healthEndpointGroups'
2025-04-29T21:36:57.631-04:00 DEBUG 9012 --- [actividad_sumativa_semana8] [           main] o.s.b.f.s.DefaultListableBeanFactory     : Autowiring by type from bean name 'healthContributorRegistry' via factory method to bean named 'sslHealthIndicator'
2025-04-29T21:36:57.631-04:00 DEBUG 9012 --- [actividad_sumativa_semana8] [           main] o.s.b.f.s.DefaultListableBeanFactory     : Autowiring by type from bean name 'healthContributorRegistry' via factory method to bean named 'diskSpaceHealthIndicator'
2025-04-29T21:36:57.631-04:00 DEBUG 9012 --- [actividad_sumativa_semana8] [           main] o.s.b.f.s.DefaultListableBeanFactory     : Autowiring by type from bean name 'healthContributorRegistry' via factory method to bean named 'pingHealthContributor'
2025-04-29T21:36:57.631-04:00 DEBUG 9012 --- [actividad_sumativa_semana8] [           main] o.s.b.f.s.DefaultListableBeanFactory     : Autowiring by type from bean name 'healthContributorRegistry' via factory method to bean named 'dbHealthContributor'
2025-04-29T21:36:57.641-04:00 DEBUG 9012 --- [actividad_sumativa_semana8] [           main] o.s.b.f.s.DefaultListableBeanFactory     : Creating shared instance of singleton bean 'healthEndpointGroupMembershipValidator'
2025-04-29T21:36:57.641-04:00 DEBUG 9012 --- [actividad_sumativa_semana8] [           main] o.s.b.f.s.DefaultListableBeanFactory     : Autowiring by type from bean name 'healthEndpointGroupMembershipValidator' via factory method to bean named 'management.endpoint.health-org.springframework.boot.actuate.autoconfigure.health.HealthEndpointProperties'
2025-04-29T21:36:57.641-04:00 DEBUG 9012 --- [actividad_sumativa_semana8] [           main] o.s.b.f.s.DefaultListableBeanFactory     : Autowiring by type from bean name 'healthEndpointGroupMembershipValidator' via factory method to bean named 'healthContributorRegistry'
2025-04-29T21:36:57.643-04:00 DEBUG 9012 --- [actividad_sumativa_semana8] [           main] o.s.b.f.s.DefaultListableBeanFactory     : Creating shared instance of singleton bean 'healthEndpoint'
2025-04-29T21:36:57.644-04:00 DEBUG 9012 --- [actividad_sumativa_semana8] [           main] o.s.b.f.s.DefaultListableBeanFactory     : Autowiring by type from bean name 'healthEndpoint' via factory method to bean named 'healthContributorRegistry'
2025-04-29T21:36:57.644-04:00 DEBUG 9012 --- [actividad_sumativa_semana8] [           main] o.s.b.f.s.DefaultListableBeanFactory     : Autowiring by type from bean name 'healthEndpoint' via factory method to bean named 'healthEndpointGroups'
2025-04-29T21:36:57.644-04:00 DEBUG 9012 --- [actividad_sumativa_semana8] [           main] o.s.b.f.s.DefaultListableBeanFactory     : Autowiring by type from bean name 'healthEndpoint' via factory method to bean named 'management.endpoint.health-org.springframework.boot.actuate.autoconfigure.health.HealthEndpointProperties'
2025-04-29T21:36:57.654-04:00 DEBUG 9012 --- [actividad_sumativa_semana8] [           main] o.s.b.f.s.DefaultListableBeanFactory     : Creating shared instance of singleton bean 'org.springframework.boot.actuate.autoconfigure.health.HealthEndpointWebExtensionConfiguration$MvcAdditionalHealthEndpointPathsConfiguration'
2025-04-29T21:36:57.656-04:00 DEBUG 9012 --- [actividad_sumativa_semana8] [           main] o.s.b.f.s.DefaultListableBeanFactory     : Creating shared instance of singleton bean 'healthEndpointWebMvcHandlerMapping'
2025-04-29T21:36:57.658-04:00 DEBUG 9012 --- [actividad_sumativa_semana8] [           main] o.s.b.f.s.DefaultListableBeanFactory     : Creating shared instance of singleton bean 'webEndpointDiscoverer'
2025-04-29T21:36:57.658-04:00 DEBUG 9012 --- [actividad_sumativa_semana8] [           main] o.s.b.f.s.DefaultListableBeanFactory     : Creating shared instance of singleton bean 'org.springframework.boot.actuate.autoconfigure.endpoint.web.WebEndpointAutoConfiguration'
2025-04-29T21:36:57.659-04:00 DEBUG 9012 --- [actividad_sumativa_semana8] [           main] o.s.b.f.s.DefaultListableBeanFactory     : Creating shared instance of singleton bean 'management.endpoints.web-org.springframework.boot.actuate.autoconfigure.endpoint.web.WebEndpointProperties'
2025-04-29T21:36:57.661-04:00 DEBUG 9012 --- [actividad_sumativa_semana8] [           main] o.s.b.f.s.DefaultListableBeanFactory     : Autowiring by type from bean name 'org.springframework.boot.actuate.autoconfigure.endpoint.web.WebEndpointAutoConfiguration' via constructor to bean named 'org.springframework.web.context.support.GenericWebApplicationContext@2f6bbeb0'
2025-04-29T21:36:57.661-04:00 DEBUG 9012 --- [actividad_sumativa_semana8] [           main] o.s.b.f.s.DefaultListableBeanFactory     : Autowiring by type from bean name 'org.springframework.boot.actuate.autoconfigure.endpoint.web.WebEndpointAutoConfiguration' via constructor to bean named 'management.endpoints.web-org.springframework.boot.actuate.autoconfigure.endpoint.web.WebEndpointProperties'
2025-04-29T21:36:57.663-04:00 DEBUG 9012 --- [actividad_sumativa_semana8] [           main] o.s.b.f.s.DefaultListableBeanFactory     : Creating shared instance of singleton bean 'endpointOperationParameterMapper'
2025-04-29T21:36:57.664-04:00 DEBUG 9012 --- [actividad_sumativa_semana8] [           main] o.s.b.f.s.DefaultListableBeanFactory     : Creating shared instance of singleton bean 'org.springframework.boot.actuate.autoconfigure.endpoint.EndpointAutoConfiguration'
2025-04-29T21:36:57.674-04:00 DEBUG 9012 --- [actividad_sumativa_semana8] [           main] o.s.b.f.s.DefaultListableBeanFactory     : Creating shared instance of singleton bean 'endpointMediaTypes'
2025-04-29T21:36:57.677-04:00 DEBUG 9012 --- [actividad_sumativa_semana8] [           main] o.s.b.f.s.DefaultListableBeanFactory     : Autowiring by type from bean name 'webEndpointDiscoverer' via factory method to bean named 'endpointOperationParameterMapper'
2025-04-29T21:36:57.677-04:00 DEBUG 9012 --- [actividad_sumativa_semana8] [           main] o.s.b.f.s.DefaultListableBeanFactory     : Autowiring by type from bean name 'webEndpointDiscoverer' via factory method to bean named 'endpointMediaTypes'
2025-04-29T21:36:57.680-04:00 DEBUG 9012 --- [actividad_sumativa_semana8] [           main] o.s.b.f.s.DefaultListableBeanFactory     : Creating shared instance of singleton bean 'webEndpointPathMapper'
2025-04-29T21:36:57.686-04:00 DEBUG 9012 --- [actividad_sumativa_semana8] [           main] o.s.b.f.s.DefaultListableBeanFactory     : Creating shared instance of singleton bean 'endpointCachingOperationInvokerAdvisor'
2025-04-29T21:36:57.686-04:00 DEBUG 9012 --- [actividad_sumativa_semana8] [           main] o.s.b.f.s.DefaultListableBeanFactory     : Autowiring by type from bean name 'endpointCachingOperationInvokerAdvisor' via factory method to bean named 'environment'
2025-04-29T21:36:57.694-04:00 DEBUG 9012 --- [actividad_sumativa_semana8] [           main] o.s.b.f.s.DefaultListableBeanFactory     : Creating shared instance of singleton bean 'webExposeExcludePropertyEndpointFilter'
2025-04-29T21:36:57.697-04:00 DEBUG 9012 --- [actividad_sumativa_semana8] [           main] o.s.b.f.s.DefaultListableBeanFactory     : Creating shared instance of singleton bean 'webAccessPropertiesOperationFilter'
2025-04-29T21:36:57.698-04:00 DEBUG 9012 --- [actividad_sumativa_semana8] [           main] o.s.b.f.s.DefaultListableBeanFactory     : Creating shared instance of singleton bean 'propertiesEndpointAccessResolver'
2025-04-29T21:36:57.698-04:00 DEBUG 9012 --- [actividad_sumativa_semana8] [           main] o.s.b.f.s.DefaultListableBeanFactory     : Autowiring by type from bean name 'propertiesEndpointAccessResolver' via factory method to bean named 'environment'
2025-04-29T21:36:57.703-04:00 DEBUG 9012 --- [actividad_sumativa_semana8] [           main] o.s.b.f.s.DefaultListableBeanFactory     : Autowiring by type from bean name 'webAccessPropertiesOperationFilter' via factory method to bean named 'propertiesEndpointAccessResolver'
2025-04-29T21:36:57.725-04:00 DEBUG 9012 --- [actividad_sumativa_semana8] [           main] o.s.b.f.s.DefaultListableBeanFactory     : Autowiring by type from bean name 'healthEndpointWebMvcHandlerMapping' via factory method to bean named 'webEndpointDiscoverer'
2025-04-29T21:36:57.726-04:00 DEBUG 9012 --- [actividad_sumativa_semana8] [           main] o.s.b.f.s.DefaultListableBeanFactory     : Autowiring by type from bean name 'healthEndpointWebMvcHandlerMapping' via factory method to bean named 'healthEndpointGroups'
2025-04-29T21:36:57.767-04:00 DEBUG 9012 --- [actividad_sumativa_semana8] [           main] o.s.b.f.s.DefaultListableBeanFactory     : Creating shared instance of singleton bean 'healthEndpointWebExtension'
2025-04-29T21:36:57.767-04:00 DEBUG 9012 --- [actividad_sumativa_semana8] [           main] o.s.b.f.s.DefaultListableBeanFactory     : Creating shared instance of singleton bean 'org.springframework.boot.actuate.autoconfigure.health.HealthEndpointWebExtensionConfiguration'
2025-04-29T21:36:57.768-04:00 DEBUG 9012 --- [actividad_sumativa_semana8] [           main] o.s.b.f.s.DefaultListableBeanFactory     : Autowiring by type from bean name 'healthEndpointWebExtension' via factory method to bean named 'healthContributorRegistry'
2025-04-29T21:36:57.768-04:00 DEBUG 9012 --- [actividad_sumativa_semana8] [           main] o.s.b.f.s.DefaultListableBeanFactory     : Autowiring by type from bean name 'healthEndpointWebExtension' via factory method to bean named 'healthEndpointGroups'
2025-04-29T21:36:57.768-04:00 DEBUG 9012 --- [actividad_sumativa_semana8] [           main] o.s.b.f.s.DefaultListableBeanFactory     : Autowiring by type from bean name 'healthEndpointWebExtension' via factory method to bean named 'management.endpoint.health-org.springframework.boot.actuate.autoconfigure.health.HealthEndpointProperties'
2025-04-29T21:36:57.784-04:00 DEBUG 9012 --- [actividad_sumativa_semana8] [           main] o.s.b.f.s.DefaultListableBeanFactory     : Creating shared instance of singleton bean 'org.springframework.boot.actuate.autoconfigure.health.HealthEndpointAutoConfiguration'
2025-04-29T21:36:57.787-04:00 DEBUG 9012 --- [actividad_sumativa_semana8] [           main] o.s.b.f.s.DefaultListableBeanFactory     : Creating shared instance of singleton bean 'org.springframework.boot.autoconfigure.info.ProjectInfoAutoConfiguration'
2025-04-29T21:36:57.789-04:00 DEBUG 9012 --- [actividad_sumativa_semana8] [           main] o.s.b.f.s.DefaultListableBeanFactory     : Creating shared instance of singleton bean 'spring.info-org.springframework.boot.autoconfigure.info.ProjectInfoProperties'
2025-04-29T21:36:57.793-04:00 DEBUG 9012 --- [actividad_sumativa_semana8] [           main] o.s.b.f.s.DefaultListableBeanFactory     : Autowiring by type from bean name 'org.springframework.boot.autoconfigure.info.ProjectInfoAutoConfiguration' via constructor to bean named 'spring.info-org.springframework.boot.autoconfigure.info.ProjectInfoProperties'
2025-04-29T21:36:57.794-04:00 DEBUG 9012 --- [actividad_sumativa_semana8] [           main] o.s.b.f.s.DefaultListableBeanFactory     : Creating shared instance of singleton bean 'org.springframework.boot.actuate.autoconfigure.info.InfoContributorAutoConfiguration'
2025-04-29T21:36:57.800-04:00 DEBUG 9012 --- [actividad_sumativa_semana8] [           main] o.s.b.f.s.DefaultListableBeanFactory     : Creating shared instance of singleton bean 'management.info-org.springframework.boot.actuate.autoconfigure.info.InfoContributorProperties'
2025-04-29T21:36:57.804-04:00 DEBUG 9012 --- [actividad_sumativa_semana8] [           main] o.s.b.f.s.DefaultListableBeanFactory     : Creating shared instance of singleton bean 'org.springframework.boot.actuate.autoconfigure.web.servlet.ServletManagementContextAutoConfiguration'
2025-04-29T21:36:57.806-04:00 DEBUG 9012 --- [actividad_sumativa_semana8] [           main] o.s.b.f.s.DefaultListableBeanFactory     : Creating shared instance of singleton bean 'servletWebChildContextFactory'
2025-04-29T21:36:57.809-04:00 DEBUG 9012 --- [actividad_sumativa_semana8] [           main] o.s.b.f.s.DefaultListableBeanFactory     : Creating shared instance of singleton bean 'managementServletContext'
2025-04-29T21:36:57.810-04:00 DEBUG 9012 --- [actividad_sumativa_semana8] [           main] o.s.b.f.s.DefaultListableBeanFactory     : Autowiring by type from bean name 'managementServletContext' via factory method to bean named 'management.endpoints.web-org.springframework.boot.actuate.autoconfigure.endpoint.web.WebEndpointProperties'
2025-04-29T21:36:57.812-04:00 DEBUG 9012 --- [actividad_sumativa_semana8] [           main] o.s.b.f.s.DefaultListableBeanFactory     : Creating shared instance of singleton bean 'org.springframework.boot.actuate.autoconfigure.endpoint.web.WebEndpointAutoConfiguration$WebEndpointServletConfiguration'
2025-04-29T21:36:57.813-04:00 DEBUG 9012 --- [actividad_sumativa_semana8] [           main] o.s.b.f.s.DefaultListableBeanFactory     : Creating shared instance of singleton bean 'servletEndpointDiscoverer'
2025-04-29T21:36:57.814-04:00 DEBUG 9012 --- [actividad_sumativa_semana8] [           main] o.s.b.f.s.DefaultListableBeanFactory     : Autowiring by type from bean name 'servletEndpointDiscoverer' via factory method to bean named 'org.springframework.web.context.support.GenericWebApplicationContext@2f6bbeb0'
2025-04-29T21:36:57.815-04:00 DEBUG 9012 --- [actividad_sumativa_semana8] [           main] o.s.b.f.s.DefaultListableBeanFactory     : Creating shared instance of singleton bean 'servletExposeExcludePropertyEndpointFilter'
2025-04-29T21:36:57.815-04:00 DEBUG 9012 --- [actividad_sumativa_semana8] [           main] o.s.b.f.s.DefaultListableBeanFactory     : Creating shared instance of singleton bean 'org.springframework.boot.actuate.autoconfigure.endpoint.web.ServletEndpointManagementContextConfiguration'
2025-04-29T21:36:57.816-04:00 DEBUG 9012 --- [actividad_sumativa_semana8] [           main] o.s.b.f.s.DefaultListableBeanFactory     : Autowiring by type from bean name 'servletExposeExcludePropertyEndpointFilter' via factory method to bean named 'management.endpoints.web-org.springframework.boot.actuate.autoconfigure.endpoint.web.WebEndpointProperties'
2025-04-29T21:36:57.826-04:00 DEBUG 9012 --- [actividad_sumativa_semana8] [           main] o.s.b.f.s.DefaultListableBeanFactory     : Creating shared instance of singleton bean 'controllerEndpointDiscoverer'
2025-04-29T21:36:57.826-04:00 DEBUG 9012 --- [actividad_sumativa_semana8] [           main] o.s.b.f.s.DefaultListableBeanFactory     : Creating shared instance of singleton bean 'controllerExposeExcludePropertyEndpointFilter'
2025-04-29T21:36:57.830-04:00 DEBUG 9012 --- [actividad_sumativa_semana8] [           main] o.s.b.f.s.DefaultListableBeanFactory     : Creating shared instance of singleton bean 'pathMappedEndpoints'
2025-04-29T21:36:57.831-04:00 DEBUG 9012 --- [actividad_sumativa_semana8] [           main] o.s.b.f.s.DefaultListableBeanFactory     : Autowiring by type from bean name 'pathMappedEndpoints' via factory method to bean named 'servletEndpointDiscoverer'
2025-04-29T21:36:57.831-04:00 DEBUG 9012 --- [actividad_sumativa_semana8] [           main] o.s.b.f.s.DefaultListableBeanFactory     : Autowiring by type from bean name 'pathMappedEndpoints' via factory method to bean named 'webEndpointDiscoverer'
2025-04-29T21:36:57.831-04:00 DEBUG 9012 --- [actividad_sumativa_semana8] [           main] o.s.b.f.s.DefaultListableBeanFactory     : Autowiring by type from bean name 'pathMappedEndpoints' via factory method to bean named 'controllerEndpointDiscoverer'
2025-04-29T21:36:57.847-04:00 DEBUG 9012 --- [actividad_sumativa_semana8] [           main] o.s.b.f.s.DefaultListableBeanFactory     : Creating shared instance of singleton bean 'org.springframework.boot.actuate.autoconfigure.metrics.MetricsAutoConfiguration'
2025-04-29T21:36:57.849-04:00 DEBUG 9012 --- [actividad_sumativa_semana8] [           main] o.s.b.f.s.DefaultListableBeanFactory     : Creating shared instance of singleton bean 'micrometerClock'
2025-04-29T21:36:57.854-04:00 DEBUG 9012 --- [actividad_sumativa_semana8] [           main] o.s.b.f.s.DefaultListableBeanFactory     : Creating shared instance of singleton bean 'propertiesMeterFilter'
2025-04-29T21:36:57.854-04:00 DEBUG 9012 --- [actividad_sumativa_semana8] [           main] o.s.b.f.s.DefaultListableBeanFactory     : Autowiring by type from bean name 'propertiesMeterFilter' via factory method to bean named 'management.metrics-org.springframework.boot.actuate.autoconfigure.metrics.MetricsProperties'
2025-04-29T21:36:57.864-04:00 DEBUG 9012 --- [actividad_sumativa_semana8] [           main] o.s.b.f.s.DefaultListableBeanFactory     : Creating shared instance of singleton bean 'meterRegistryCloser'
2025-04-29T21:36:57.865-04:00 DEBUG 9012 --- [actividad_sumativa_semana8] [           main] o.s.b.f.s.DefaultListableBeanFactory     : Creating shared instance of singleton bean 'simpleMeterRegistry'
2025-04-29T21:36:57.865-04:00 DEBUG 9012 --- [actividad_sumativa_semana8] [           main] o.s.b.f.s.DefaultListableBeanFactory     : Creating shared instance of singleton bean 'org.springframework.boot.actuate.autoconfigure.metrics.export.simple.SimpleMetricsExportAutoConfiguration'
2025-04-29T21:36:57.868-04:00 DEBUG 9012 --- [actividad_sumativa_semana8] [           main] o.s.b.f.s.DefaultListableBeanFactory     : Creating shared instance of singleton bean 'simpleConfig'
2025-04-29T21:36:57.870-04:00 DEBUG 9012 --- [actividad_sumativa_semana8] [           main] o.s.b.f.s.DefaultListableBeanFactory     : Creating shared instance of singleton bean 'management.simple.metrics.export-org.springframework.boot.actuate.autoconfigure.metrics.export.simple.SimpleProperties'
2025-04-29T21:36:57.872-04:00 DEBUG 9012 --- [actividad_sumativa_semana8] [           main] o.s.b.f.s.DefaultListableBeanFactory     : Autowiring by type from bean name 'simpleConfig' via factory method to bean named 'management.simple.metrics.export-org.springframework.boot.actuate.autoconfigure.metrics.export.simple.SimpleProperties'
2025-04-29T21:36:57.880-04:00 DEBUG 9012 --- [actividad_sumativa_semana8] [           main] o.s.b.f.s.DefaultListableBeanFactory     : Autowiring by type from bean name 'simpleMeterRegistry' via factory method to bean named 'simpleConfig'
2025-04-29T21:36:57.880-04:00 DEBUG 9012 --- [actividad_sumativa_semana8] [           main] o.s.b.f.s.DefaultListableBeanFactory     : Autowiring by type from bean name 'simpleMeterRegistry' via factory method to bean named 'micrometerClock'
2025-04-29T21:36:57.910-04:00 DEBUG 9012 --- [actividad_sumativa_semana8] [           main] o.s.b.f.s.DefaultListableBeanFactory     : Creating shared instance of singleton bean 'metricsHttpClientUriTagFilter'
2025-04-29T21:36:57.910-04:00 DEBUG 9012 --- [actividad_sumativa_semana8] [           main] o.s.b.f.s.DefaultListableBeanFactory     : Creating shared instance of singleton bean 'org.springframework.boot.actuate.autoconfigure.observation.web.client.HttpClientObservationsAutoConfiguration$MeterFilterConfiguration'
2025-04-29T21:36:57.912-04:00 DEBUG 9012 --- [actividad_sumativa_semana8] [           main] o.s.b.f.s.DefaultListableBeanFactory     : Creating shared instance of singleton bean 'management.observations-org.springframework.boot.actuate.autoconfigure.observation.ObservationProperties'
2025-04-29T21:36:57.916-04:00 DEBUG 9012 --- [actividad_sumativa_semana8] [           main] o.s.b.f.s.DefaultListableBeanFactory     : Autowiring by type from bean name 'metricsHttpClientUriTagFilter' via factory method to bean named 'management.observations-org.springframework.boot.actuate.autoconfigure.observation.ObservationProperties'
2025-04-29T21:36:57.916-04:00 DEBUG 9012 --- [actividad_sumativa_semana8] [           main] o.s.b.f.s.DefaultListableBeanFactory     : Autowiring by type from bean name 'metricsHttpClientUriTagFilter' via factory method to bean named 'management.metrics-org.springframework.boot.actuate.autoconfigure.metrics.MetricsProperties'
2025-04-29T21:36:57.919-04:00 DEBUG 9012 --- [actividad_sumativa_semana8] [           main] o.s.b.f.s.DefaultListableBeanFactory     : Creating shared instance of singleton bean 'metricsHttpServerUriTagFilter'
2025-04-29T21:36:57.919-04:00 DEBUG 9012 --- [actividad_sumativa_semana8] [           main] o.s.b.f.s.DefaultListableBeanFactory     : Creating shared instance of singleton bean 'org.springframework.boot.actuate.autoconfigure.observation.web.servlet.WebMvcObservationAutoConfiguration$MeterFilterConfiguration'
2025-04-29T21:36:57.921-04:00 DEBUG 9012 --- [actividad_sumativa_semana8] [           main] o.s.b.f.s.DefaultListableBeanFactory     : Autowiring by type from bean name 'metricsHttpServerUriTagFilter' via factory method to bean named 'management.observations-org.springframework.boot.actuate.autoconfigure.observation.ObservationProperties'
2025-04-29T21:36:57.921-04:00 DEBUG 9012 --- [actividad_sumativa_semana8] [           main] o.s.b.f.s.DefaultListableBeanFactory     : Autowiring by type from bean name 'metricsHttpServerUriTagFilter' via factory method to bean named 'management.metrics-org.springframework.boot.actuate.autoconfigure.metrics.MetricsProperties'
2025-04-29T21:36:57.929-04:00 DEBUG 9012 --- [actividad_sumativa_semana8] [           main] o.s.b.f.s.DefaultListableBeanFactory     : Creating shared instance of singleton bean 'org.springframework.boot.actuate.autoconfigure.metrics.CompositeMeterRegistryAutoConfiguration'
2025-04-29T21:36:57.931-04:00 DEBUG 9012 --- [actividad_sumativa_semana8] [           main] o.s.b.f.s.DefaultListableBeanFactory     : Creating shared instance of singleton bean 'org.springframework.boot.actuate.autoconfigure.metrics.JvmMetricsAutoConfiguration'
2025-04-29T21:36:57.934-04:00 DEBUG 9012 --- [actividad_sumativa_semana8] [           main] o.s.b.f.s.DefaultListableBeanFactory     : Creating shared instance of singleton bean 'jvmGcMetrics'
2025-04-29T21:36:57.941-04:00 DEBUG 9012 --- [actividad_sumativa_semana8] [           main] o.s.b.f.s.DefaultListableBeanFactory     : Creating shared instance of singleton bean 'jvmHeapPressureMetrics'
2025-04-29T21:36:57.945-04:00 DEBUG 9012 --- [actividad_sumativa_semana8] [           main] o.s.b.f.s.DefaultListableBeanFactory     : Creating shared instance of singleton bean 'jvmMemoryMetrics'
2025-04-29T21:36:57.947-04:00 DEBUG 9012 --- [actividad_sumativa_semana8] [           main] o.s.b.f.s.DefaultListableBeanFactory     : Creating shared instance of singleton bean 'jvmThreadMetrics'
2025-04-29T21:36:57.949-04:00 DEBUG 9012 --- [actividad_sumativa_semana8] [           main] o.s.b.f.s.DefaultListableBeanFactory     : Creating shared instance of singleton bean 'classLoaderMetrics'
2025-04-29T21:36:57.950-04:00 DEBUG 9012 --- [actividad_sumativa_semana8] [           main] o.s.b.f.s.DefaultListableBeanFactory     : Creating shared instance of singleton bean 'jvmInfoMetrics'
2025-04-29T21:36:57.952-04:00 DEBUG 9012 --- [actividad_sumativa_semana8] [           main] o.s.b.f.s.DefaultListableBeanFactory     : Creating shared instance of singleton bean 'jvmCompilationMetrics'
2025-04-29T21:36:57.953-04:00 DEBUG 9012 --- [actividad_sumativa_semana8] [           main] o.s.b.f.s.DefaultListableBeanFactory     : Creating shared instance of singleton bean 'org.springframework.boot.actuate.autoconfigure.metrics.LogbackMetricsAutoConfiguration'
2025-04-29T21:36:57.954-04:00 DEBUG 9012 --- [actividad_sumativa_semana8] [           main] o.s.b.f.s.DefaultListableBeanFactory     : Creating shared instance of singleton bean 'logbackMetrics'
2025-04-29T21:36:57.956-04:00 DEBUG 9012 --- [actividad_sumativa_semana8] [           main] o.s.b.f.s.DefaultListableBeanFactory     : Creating shared instance of singleton bean 'org.springframework.boot.actuate.autoconfigure.metrics.SystemMetricsAutoConfiguration'
2025-04-29T21:36:57.957-04:00 DEBUG 9012 --- [actividad_sumativa_semana8] [           main] o.s.b.f.s.DefaultListableBeanFactory     : Creating shared instance of singleton bean 'uptimeMetrics'
2025-04-29T21:36:57.959-04:00 DEBUG 9012 --- [actividad_sumativa_semana8] [           main] o.s.b.f.s.DefaultListableBeanFactory     : Creating shared instance of singleton bean 'processorMetrics'
2025-04-29T21:36:57.961-04:00 DEBUG 9012 --- [actividad_sumativa_semana8] [           main] o.s.b.f.s.DefaultListableBeanFactory     : Creating shared instance of singleton bean 'fileDescriptorMetrics'
2025-04-29T21:36:57.962-04:00 DEBUG 9012 --- [actividad_sumativa_semana8] [           main] o.s.b.f.s.DefaultListableBeanFactory     : Creating shared instance of singleton bean 'diskSpaceMetrics'
2025-04-29T21:36:57.963-04:00 DEBUG 9012 --- [actividad_sumativa_semana8] [           main] o.s.b.f.s.DefaultListableBeanFactory     : Autowiring by type from bean name 'diskSpaceMetrics' via factory method to bean named 'management.metrics-org.springframework.boot.actuate.autoconfigure.metrics.MetricsProperties'
2025-04-29T21:36:57.964-04:00 DEBUG 9012 --- [actividad_sumativa_semana8] [           main] o.s.b.f.s.DefaultListableBeanFactory     : Creating shared instance of singleton bean 'org.springframework.boot.actuate.autoconfigure.metrics.integration.IntegrationMetricsAutoConfiguration'
2025-04-29T21:36:57.965-04:00 DEBUG 9012 --- [actividad_sumativa_semana8] [           main] o.s.b.f.s.DefaultListableBeanFactory     : Creating shared instance of singleton bean 'org.springframework.boot.actuate.autoconfigure.metrics.jdbc.DataSourcePoolMetricsAutoConfiguration$HikariDataSourceMetricsConfiguration'
2025-04-29T21:36:57.966-04:00 DEBUG 9012 --- [actividad_sumativa_semana8] [           main] o.s.b.f.s.DefaultListableBeanFactory     : Creating shared instance of singleton bean 'hikariDataSourceMeterBinder'
2025-04-29T21:36:57.969-04:00 DEBUG 9012 --- [actividad_sumativa_semana8] [           main] o.s.b.f.s.DefaultListableBeanFactory     : Creating shared instance of singleton bean 'org.springframework.boot.actuate.autoconfigure.metrics.jdbc.DataSourcePoolMetricsAutoConfiguration$DataSourcePoolMetadataMetricsConfiguration'
2025-04-29T21:36:57.971-04:00 DEBUG 9012 --- [actividad_sumativa_semana8] [           main] o.s.b.f.s.DefaultListableBeanFactory     : Creating shared instance of singleton bean 'dataSourcePoolMetadataMeterBinder'
2025-04-29T21:36:57.971-04:00 DEBUG 9012 --- [actividad_sumativa_semana8] [           main] o.s.b.f.s.DefaultListableBeanFactory     : Autowiring by type from bean name 'dataSourcePoolMetadataMeterBinder' via factory method to bean named 'org.springframework.beans.factory.support.DefaultListableBeanFactory@715fb77'
2025-04-29T21:36:57.973-04:00 DEBUG 9012 --- [actividad_sumativa_semana8] [           main] o.s.b.f.s.DefaultListableBeanFactory     : Creating shared instance of singleton bean 'org.springframework.boot.actuate.autoconfigure.metrics.jdbc.DataSourcePoolMetricsAutoConfiguration'
2025-04-29T21:36:57.974-04:00 DEBUG 9012 --- [actividad_sumativa_semana8] [           main] o.s.b.f.s.DefaultListableBeanFactory     : Creating shared instance of singleton bean 'org.springframework.boot.actuate.autoconfigure.metrics.startup.StartupTimeMetricsListenerAutoConfiguration'
2025-04-29T21:36:57.975-04:00 DEBUG 9012 --- [actividad_sumativa_semana8] [           main] o.s.b.f.s.DefaultListableBeanFactory     : Creating shared instance of singleton bean 'startupTimeMetrics'
2025-04-29T21:36:57.975-04:00 DEBUG 9012 --- [actividad_sumativa_semana8] [           main] o.s.b.f.s.DefaultListableBeanFactory     : Autowiring by type from bean name 'startupTimeMetrics' via factory method to bean named 'simpleMeterRegistry'
2025-04-29T21:36:57.977-04:00 DEBUG 9012 --- [actividad_sumativa_semana8] [           main] o.s.b.f.s.DefaultListableBeanFactory     : Creating shared instance of singleton bean 'org.springframework.boot.autoconfigure.task.TaskSchedulingConfigurations$ThreadPoolTaskSchedulerBuilderConfiguration'
2025-04-29T21:36:57.978-04:00 DEBUG 9012 --- [actividad_sumativa_semana8] [           main] o.s.b.f.s.DefaultListableBeanFactory     : Creating shared instance of singleton bean 'threadPoolTaskSchedulerBuilder'
2025-04-29T21:36:57.979-04:00 DEBUG 9012 --- [actividad_sumativa_semana8] [           main] o.s.b.f.s.DefaultListableBeanFactory     : Creating shared instance of singleton bean 'spring.task.scheduling-org.springframework.boot.autoconfigure.task.TaskSchedulingProperties'
2025-04-29T21:36:57.982-04:00 DEBUG 9012 --- [actividad_sumativa_semana8] [           main] o.s.b.f.s.DefaultListableBeanFactory     : Autowiring by type from bean name 'threadPoolTaskSchedulerBuilder' via factory method to bean named 'spring.task.scheduling-org.springframework.boot.autoconfigure.task.TaskSchedulingProperties'
2025-04-29T21:36:57.985-04:00 DEBUG 9012 --- [actividad_sumativa_semana8] [           main] o.s.b.f.s.DefaultListableBeanFactory     : Creating shared instance of singleton bean 'org.springframework.boot.autoconfigure.task.TaskSchedulingConfigurations$SimpleAsyncTaskSchedulerBuilderConfiguration'
2025-04-29T21:36:57.986-04:00 DEBUG 9012 --- [actividad_sumativa_semana8] [           main] o.s.b.f.s.DefaultListableBeanFactory     : Autowiring by type from bean name 'org.springframework.boot.autoconfigure.task.TaskSchedulingConfigurations$SimpleAsyncTaskSchedulerBuilderConfiguration' via constructor to bean named 'spring.task.scheduling-org.springframework.boot.autoconfigure.task.TaskSchedulingProperties'
2025-04-29T21:36:57.988-04:00 DEBUG 9012 --- [actividad_sumativa_semana8] [           main] o.s.b.f.s.DefaultListableBeanFactory     : Creating shared instance of singleton bean 'simpleAsyncTaskSchedulerBuilder'
2025-04-29T21:36:57.993-04:00 DEBUG 9012 --- [actividad_sumativa_semana8] [           main] o.s.b.f.s.DefaultListableBeanFactory     : Creating shared instance of singleton bean 'org.springframework.boot.autoconfigure.task.TaskSchedulingAutoConfiguration'
2025-04-29T21:36:57.994-04:00 DEBUG 9012 --- [actividad_sumativa_semana8] [           main] o.s.b.f.s.DefaultListableBeanFactory     : Creating shared instance of singleton bean 'org.springframework.boot.actuate.autoconfigure.metrics.task.TaskExecutorMetricsAutoConfiguration'
2025-04-29T21:36:58.016-04:00 DEBUG 9012 --- [actividad_sumativa_semana8] [           main] o.s.b.f.s.DefaultListableBeanFactory     : Creating shared instance of singleton bean 'eagerTaskExecutorMetrics'
2025-04-29T21:36:58.018-04:00 DEBUG 9012 --- [actividad_sumativa_semana8] [           main] o.s.b.f.s.DefaultListableBeanFactory     : Creating shared instance of singleton bean 'org.springframework.boot.actuate.autoconfigure.metrics.web.tomcat.TomcatMetricsAutoConfiguration'
2025-04-29T21:36:58.020-04:00 DEBUG 9012 --- [actividad_sumativa_semana8] [           main] o.s.b.f.s.DefaultListableBeanFactory     : Creating shared instance of singleton bean 'tomcatMetricsBinder'
2025-04-29T21:36:58.020-04:00 DEBUG 9012 --- [actividad_sumativa_semana8] [           main] o.s.b.f.s.DefaultListableBeanFactory     : Autowiring by type from bean name 'tomcatMetricsBinder' via factory method to bean named 'simpleMeterRegistry'
2025-04-29T21:36:58.022-04:00 DEBUG 9012 --- [actividad_sumativa_semana8] [           main] o.s.b.f.s.DefaultListableBeanFactory     : Creating shared instance of singleton bean 'org.springframework.boot.actuate.autoconfigure.observation.ObservationAutoConfiguration$ObservedAspectConfiguration'
2025-04-29T21:36:58.023-04:00 DEBUG 9012 --- [actividad_sumativa_semana8] [           main] o.s.b.f.s.DefaultListableBeanFactory     : Creating shared instance of singleton bean 'observedAspect'
2025-04-29T21:36:58.024-04:00 DEBUG 9012 --- [actividad_sumativa_semana8] [           main] o.s.b.f.s.DefaultListableBeanFactory     : Creating shared instance of singleton bean 'observationRegistry'
2025-04-29T21:36:58.024-04:00 DEBUG 9012 --- [actividad_sumativa_semana8] [           main] o.s.b.f.s.DefaultListableBeanFactory     : Creating shared instance of singleton bean 'org.springframework.boot.actuate.autoconfigure.observation.ObservationAutoConfiguration'
2025-04-29T21:36:58.032-04:00 DEBUG 9012 --- [actividad_sumativa_semana8] [           main] o.s.b.f.s.DefaultListableBeanFactory     : Creating shared instance of singleton bean 'propertiesObservationFilter'
2025-04-29T21:36:58.032-04:00 DEBUG 9012 --- [actividad_sumativa_semana8] [           main] o.s.b.f.s.DefaultListableBeanFactory     : Autowiring by type from bean name 'propertiesObservationFilter' via factory method to bean named 'management.observations-org.springframework.boot.actuate.autoconfigure.observation.ObservationProperties'
2025-04-29T21:36:58.039-04:00 DEBUG 9012 --- [actividad_sumativa_semana8] [           main] o.s.b.f.s.DefaultListableBeanFactory     : Creating shared instance of singleton bean 'metricsObservationHandlerGrouping'
2025-04-29T21:36:58.039-04:00 DEBUG 9012 --- [actividad_sumativa_semana8] [           main] o.s.b.f.s.DefaultListableBeanFactory     : Creating shared instance of singleton bean 'org.springframework.boot.actuate.autoconfigure.observation.ObservationAutoConfiguration$OnlyMetricsConfiguration'
2025-04-29T21:36:58.043-04:00 DEBUG 9012 --- [actividad_sumativa_semana8] [           main] o.s.b.f.s.DefaultListableBeanFactory     : Creating shared instance of singleton bean 'defaultMeterObservationHandler'
2025-04-29T21:36:58.043-04:00 DEBUG 9012 --- [actividad_sumativa_semana8] [           main] o.s.b.f.s.DefaultListableBeanFactory     : Creating shared instance of singleton bean 'org.springframework.boot.actuate.autoconfigure.observation.ObservationAutoConfiguration$MeterObservationHandlerConfiguration$OnlyMetricsMeterObservationHandlerConfiguration'
2025-04-29T21:36:58.044-04:00 DEBUG 9012 --- [actividad_sumativa_semana8] [           main] o.s.b.f.s.DefaultListableBeanFactory     : Autowiring by type from bean name 'defaultMeterObservationHandler' via factory method to bean named 'simpleMeterRegistry'
2025-04-29T21:36:58.044-04:00 DEBUG 9012 --- [actividad_sumativa_semana8] [           main] o.s.b.f.s.DefaultListableBeanFactory     : Autowiring by type from bean name 'defaultMeterObservationHandler' via factory method to bean named 'management.observations-org.springframework.boot.actuate.autoconfigure.observation.ObservationProperties'
2025-04-29T21:36:58.051-04:00 DEBUG 9012 --- [actividad_sumativa_semana8] [           main] o.s.b.f.s.DefaultListableBeanFactory     : Autowiring by type from bean name 'observedAspect' via factory method to bean named 'observationRegistry'
2025-04-29T21:36:58.054-04:00 DEBUG 9012 --- [actividad_sumativa_semana8] [           main] o.s.b.f.s.DefaultListableBeanFactory     : Creating shared instance of singleton bean 'org.springframework.boot.actuate.autoconfigure.observation.ObservationAutoConfiguration$MeterObservationHandlerConfiguration'
2025-04-29T21:36:58.055-04:00 DEBUG 9012 --- [actividad_sumativa_semana8] [           main] o.s.b.f.s.DefaultListableBeanFactory     : Creating shared instance of singleton bean 'org.springframework.boot.autoconfigure.http.JacksonHttpMessageConvertersConfiguration'
2025-04-29T21:36:58.057-04:00 DEBUG 9012 --- [actividad_sumativa_semana8] [           main] o.s.b.f.s.DefaultListableBeanFactory     : Creating shared instance of singleton bean 'org.springframework.boot.autoconfigure.http.client.HttpClientAutoConfiguration'
2025-04-29T21:36:58.058-04:00 DEBUG 9012 --- [actividad_sumativa_semana8] [           main] o.s.b.f.s.DefaultListableBeanFactory     : Creating shared instance of singleton bean 'clientHttpRequestFactoryBuilder'
2025-04-29T21:36:58.059-04:00 DEBUG 9012 --- [actividad_sumativa_semana8] [           main] o.s.b.f.s.DefaultListableBeanFactory     : Creating shared instance of singleton bean 'spring.http.client-org.springframework.boot.autoconfigure.http.client.HttpClientProperties'
2025-04-29T21:36:58.061-04:00 DEBUG 9012 --- [actividad_sumativa_semana8] [           main] o.s.b.f.s.DefaultListableBeanFactory     : Autowiring by type from bean name 'clientHttpRequestFactoryBuilder' via factory method to bean named 'spring.http.client-org.springframework.boot.autoconfigure.http.client.HttpClientProperties'
2025-04-29T21:36:58.070-04:00 DEBUG 9012 --- [actividad_sumativa_semana8] [           main] o.s.b.f.s.DefaultListableBeanFactory     : Creating shared instance of singleton bean 'clientHttpRequestFactorySettings'
2025-04-29T21:36:58.070-04:00 DEBUG 9012 --- [actividad_sumativa_semana8] [           main] o.s.b.f.s.DefaultListableBeanFactory     : Autowiring by type from bean name 'clientHttpRequestFactorySettings' via factory method to bean named 'spring.http.client-org.springframework.boot.autoconfigure.http.client.HttpClientProperties'
2025-04-29T21:36:58.073-04:00 DEBUG 9012 --- [actividad_sumativa_semana8] [           main] o.s.b.f.s.DefaultListableBeanFactory     : Creating shared instance of singleton bean 'org.springframework.boot.autoconfigure.web.client.RestClientAutoConfiguration'
2025-04-29T21:36:58.074-04:00 DEBUG 9012 --- [actividad_sumativa_semana8] [           main] o.s.b.f.s.DefaultListableBeanFactory     : Creating shared instance of singleton bean 'httpMessageConvertersRestClientCustomizer'
2025-04-29T21:36:58.076-04:00 DEBUG 9012 --- [actividad_sumativa_semana8] [           main] o.s.b.f.s.DefaultListableBeanFactory     : Creating shared instance of singleton bean 'restClientSsl'
2025-04-29T21:36:58.077-04:00 DEBUG 9012 --- [actividad_sumativa_semana8] [           main] o.s.b.f.s.DefaultListableBeanFactory     : Autowiring by type from bean name 'restClientSsl' via factory method to bean named 'sslBundleRegistry'
2025-04-29T21:36:58.079-04:00 DEBUG 9012 --- [actividad_sumativa_semana8] [           main] o.s.b.f.s.DefaultListableBeanFactory     : Creating shared instance of singleton bean 'restClientBuilderConfigurer'
2025-04-29T21:36:58.081-04:00 DEBUG 9012 --- [actividad_sumativa_semana8] [           main] o.s.b.f.s.DefaultListableBeanFactory     : Creating shared instance of singleton bean 'observationRestClientCustomizer'
2025-04-29T21:36:58.081-04:00 DEBUG 9012 --- [actividad_sumativa_semana8] [           main] o.s.b.f.s.DefaultListableBeanFactory     : Creating shared instance of singleton bean 'org.springframework.boot.actuate.autoconfigure.observation.web.client.RestClientObservationConfiguration'
2025-04-29T21:36:58.082-04:00 DEBUG 9012 --- [actividad_sumativa_semana8] [           main] o.s.b.f.s.DefaultListableBeanFactory     : Autowiring by type from bean name 'observationRestClientCustomizer' via factory method to bean named 'observationRegistry'
2025-04-29T21:36:58.083-04:00 DEBUG 9012 --- [actividad_sumativa_semana8] [           main] o.s.b.f.s.DefaultListableBeanFactory     : Autowiring by type from bean name 'observationRestClientCustomizer' via factory method to bean named 'management.observations-org.springframework.boot.actuate.autoconfigure.observation.ObservationProperties'
2025-04-29T21:36:58.097-04:00 DEBUG 9012 --- [actividad_sumativa_semana8] [           main] o.s.b.f.s.DefaultListableBeanFactory     : Creating shared instance of singleton bean 'org.springframework.boot.autoconfigure.web.client.RestTemplateAutoConfiguration'
2025-04-29T21:36:58.099-04:00 DEBUG 9012 --- [actividad_sumativa_semana8] [           main] o.s.b.f.s.DefaultListableBeanFactory     : Creating shared instance of singleton bean 'org.springframework.boot.actuate.autoconfigure.observation.web.client.RestTemplateObservationConfiguration'
2025-04-29T21:36:58.101-04:00 DEBUG 9012 --- [actividad_sumativa_semana8] [           main] o.s.b.f.s.DefaultListableBeanFactory     : Creating shared instance of singleton bean 'observationRestTemplateCustomizer'
2025-04-29T21:36:58.101-04:00 DEBUG 9012 --- [actividad_sumativa_semana8] [           main] o.s.b.f.s.DefaultListableBeanFactory     : Autowiring by type from bean name 'observationRestTemplateCustomizer' via factory method to bean named 'observationRegistry'
2025-04-29T21:36:58.101-04:00 DEBUG 9012 --- [actividad_sumativa_semana8] [           main] o.s.b.f.s.DefaultListableBeanFactory     : Autowiring by type from bean name 'observationRestTemplateCustomizer' via factory method to bean named 'management.observations-org.springframework.boot.actuate.autoconfigure.observation.ObservationProperties'
2025-04-29T21:36:58.103-04:00 DEBUG 9012 --- [actividad_sumativa_semana8] [           main] o.s.b.f.s.DefaultListableBeanFactory     : Creating shared instance of singleton bean 'org.springframework.boot.actuate.autoconfigure.observation.web.client.HttpClientObservationsAutoConfiguration'
2025-04-29T21:36:58.106-04:00 DEBUG 9012 --- [actividad_sumativa_semana8] [           main] o.s.b.f.s.DefaultListableBeanFactory     : Creating shared instance of singleton bean 'org.springframework.boot.actuate.autoconfigure.observation.web.servlet.WebMvcObservationAutoConfiguration'
2025-04-29T21:36:58.107-04:00 DEBUG 9012 --- [actividad_sumativa_semana8] [           main] o.s.b.f.s.DefaultListableBeanFactory     : Creating shared instance of singleton bean 'webMvcObservationFilter'
2025-04-29T21:36:58.109-04:00 DEBUG 9012 --- [actividad_sumativa_semana8] [           main] o.s.b.f.s.DefaultListableBeanFactory     : Autowiring by type from bean name 'webMvcObservationFilter' via factory method to bean named 'observationRegistry'
2025-04-29T21:36:58.109-04:00 DEBUG 9012 --- [actividad_sumativa_semana8] [           main] o.s.b.f.s.DefaultListableBeanFactory     : Autowiring by type from bean name 'webMvcObservationFilter' via factory method to bean named 'management.observations-org.springframework.boot.actuate.autoconfigure.observation.ObservationProperties'
2025-04-29T21:36:58.145-04:00 DEBUG 9012 --- [actividad_sumativa_semana8] [           main] o.s.b.f.s.DefaultListableBeanFactory     : Creating shared instance of singleton bean 'org.springframework.boot.actuate.autoconfigure.scheduling.ScheduledTasksObservabilityAutoConfiguration'
2025-04-29T21:36:58.146-04:00 DEBUG 9012 --- [actividad_sumativa_semana8] [           main] o.s.b.f.s.DefaultListableBeanFactory     : Creating shared instance of singleton bean 'observabilitySchedulingConfigurer'
2025-04-29T21:36:58.146-04:00 DEBUG 9012 --- [actividad_sumativa_semana8] [           main] o.s.b.f.s.DefaultListableBeanFactory     : Autowiring by type from bean name 'observabilitySchedulingConfigurer' via factory method to bean named 'observationRegistry'
2025-04-29T21:36:58.150-04:00 DEBUG 9012 --- [actividad_sumativa_semana8] [           main] o.s.b.f.s.DefaultListableBeanFactory     : Creating shared instance of singleton bean 'org.springframework.boot.autoconfigure.aop.AopAutoConfiguration$AspectJAutoProxyingConfiguration$CglibAutoProxyConfiguration'
2025-04-29T21:36:58.152-04:00 DEBUG 9012 --- [actividad_sumativa_semana8] [           main] o.s.b.f.s.DefaultListableBeanFactory     : Creating shared instance of singleton bean 'org.springframework.boot.autoconfigure.aop.AopAutoConfiguration$AspectJAutoProxyingConfiguration'
2025-04-29T21:36:58.154-04:00 DEBUG 9012 --- [actividad_sumativa_semana8] [           main] o.s.b.f.s.DefaultListableBeanFactory     : Creating shared instance of singleton bean 'org.springframework.boot.autoconfigure.aop.AopAutoConfiguration'
2025-04-29T21:36:58.155-04:00 DEBUG 9012 --- [actividad_sumativa_semana8] [           main] o.s.b.f.s.DefaultListableBeanFactory     : Creating shared instance of singleton bean 'org.springframework.boot.autoconfigure.context.ConfigurationPropertiesAutoConfiguration'
2025-04-29T21:36:58.157-04:00 DEBUG 9012 --- [actividad_sumativa_semana8] [           main] o.s.b.f.s.DefaultListableBeanFactory     : Creating shared instance of singleton bean 'org.springframework.boot.autoconfigure.context.LifecycleAutoConfiguration'
2025-04-29T21:36:58.161-04:00 DEBUG 9012 --- [actividad_sumativa_semana8] [           main] o.s.b.f.s.DefaultListableBeanFactory     : Creating shared instance of singleton bean 'lifecycleProcessor'
2025-04-29T21:36:58.161-04:00 DEBUG 9012 --- [actividad_sumativa_semana8] [           main] o.s.b.f.s.DefaultListableBeanFactory     : Creating shared instance of singleton bean 'spring.lifecycle-org.springframework.boot.autoconfigure.context.LifecycleProperties'
2025-04-29T21:36:58.163-04:00 DEBUG 9012 --- [actividad_sumativa_semana8] [           main] o.s.b.f.s.DefaultListableBeanFactory     : Autowiring by type from bean name 'lifecycleProcessor' via factory method to bean named 'spring.lifecycle-org.springframework.boot.autoconfigure.context.LifecycleProperties'
2025-04-29T21:36:58.167-04:00 DEBUG 9012 --- [actividad_sumativa_semana8] [           main] o.s.b.f.s.DefaultListableBeanFactory     : Creating shared instance of singleton bean 'org.springframework.boot.autoconfigure.dao.PersistenceExceptionTranslationAutoConfiguration'
2025-04-29T21:36:58.168-04:00 DEBUG 9012 --- [actividad_sumativa_semana8] [           main] o.s.b.f.s.DefaultListableBeanFactory     : Creating shared instance of singleton bean 'org.springframework.boot.autoconfigure.data.jpa.JpaRepositoriesAutoConfiguration'
2025-04-29T21:36:58.171-04:00 DEBUG 9012 --- [actividad_sumativa_semana8] [           main] o.s.b.f.s.DefaultListableBeanFactory     : Creating shared instance of singleton bean 'org.springframework.data.jpa.util.JpaMetamodelCacheCleanup'
2025-04-29T21:36:58.172-04:00 DEBUG 9012 --- [actividad_sumativa_semana8] [           main] o.s.b.f.s.DefaultListableBeanFactory     : Creating shared instance of singleton bean 'org.springframework.data.jpa.repository.support.JpaEvaluationContextExtension'
2025-04-29T21:36:58.175-04:00 DEBUG 9012 --- [actividad_sumativa_semana8] [           main] o.s.b.f.s.DefaultListableBeanFactory     : Creating shared instance of singleton bean 'data-jpa.repository-aot-processor#0'
2025-04-29T21:36:58.183-04:00 DEBUG 9012 --- [actividad_sumativa_semana8] [           main] o.s.b.f.s.DefaultListableBeanFactory     : Creating shared instance of singleton bean 'org.springframework.data.web.config.ProjectingArgumentResolverRegistrar'
2025-04-29T21:36:58.184-04:00 DEBUG 9012 --- [actividad_sumativa_semana8] [           main] o.s.b.f.s.DefaultListableBeanFactory     : Creating shared instance of singleton bean 'pagedResourcesAssembler'
2025-04-29T21:36:58.196-04:00 DEBUG 9012 --- [actividad_sumativa_semana8] [           main] o.s.b.f.s.DefaultListableBeanFactory     : Creating shared instance of singleton bean 'slicedResourcesAssembler'
2025-04-29T21:36:58.200-04:00 DEBUG 9012 --- [actividad_sumativa_semana8] [           main] o.s.b.f.s.DefaultListableBeanFactory     : Creating shared instance of singleton bean 'offsetResolver'
2025-04-29T21:36:58.207-04:00 DEBUG 9012 --- [actividad_sumativa_semana8] [           main] o.s.b.f.s.DefaultListableBeanFactory     : Creating shared instance of singleton bean 'halLinkDisocoverer'
2025-04-29T21:36:58.216-04:00 DEBUG 9012 --- [actividad_sumativa_semana8] [           main] o.s.b.f.s.DefaultListableBeanFactory     : Creating shared instance of singleton bean 'org.springframework.hateoas.config.WebTestHateoasConfiguration'
2025-04-29T21:36:58.217-04:00 DEBUG 9012 --- [actividad_sumativa_semana8] [           main] o.s.b.f.s.DefaultListableBeanFactory     : Creating shared instance of singleton bean 'defaultRelProvider'
2025-04-29T21:36:58.221-04:00 DEBUG 9012 --- [actividad_sumativa_semana8] [           main] o.s.b.f.s.DefaultListableBeanFactory     : Creating shared instance of singleton bean 'annotationRelProvider'
2025-04-29T21:36:58.226-04:00 DEBUG 9012 --- [actividad_sumativa_semana8] [           main] o.s.b.f.s.DefaultListableBeanFactory     : Creating shared instance of singleton bean 'linkDiscoverers'
2025-04-29T21:36:58.230-04:00 DEBUG 9012 --- [actividad_sumativa_semana8] [           main] o.s.b.f.s.DefaultListableBeanFactory     : Creating shared instance of singleton bean 'linkDiscovererRegistry'
2025-04-29T21:36:58.241-04:00 DEBUG 9012 --- [actividad_sumativa_semana8] [           main] o.s.b.f.s.DefaultListableBeanFactory     : Autowiring by type from bean name 'linkDiscoverers' via factory method to bean named 'linkDiscovererRegistry'
2025-04-29T21:36:58.243-04:00 DEBUG 9012 --- [actividad_sumativa_semana8] [           main] o.s.b.f.s.DefaultListableBeanFactory     : Creating shared instance of singleton bean 'entityLinksPluginRegistry'
2025-04-29T21:36:58.243-04:00 DEBUG 9012 --- [actividad_sumativa_semana8] [           main] o.s.b.f.s.DefaultListableBeanFactory     : Autowiring by type from bean name 'entityLinksPluginRegistry' via factory method to bean named 'org.springframework.web.context.support.GenericWebApplicationContext@2f6bbeb0'
2025-04-29T21:36:58.244-04:00 DEBUG 9012 --- [actividad_sumativa_semana8] [           main] o.s.b.f.s.DefaultListableBeanFactory     : Creating shared instance of singleton bean 'delegatingEntityLinks'
2025-04-29T21:36:58.245-04:00 DEBUG 9012 --- [actividad_sumativa_semana8] [           main] o.s.b.f.s.DefaultListableBeanFactory     : Autowiring by type from bean name 'delegatingEntityLinks' via factory method to bean named 'entityLinksPluginRegistry'
2025-04-29T21:36:58.248-04:00 DEBUG 9012 --- [actividad_sumativa_semana8] [           main] o.s.b.f.s.DefaultListableBeanFactory     : Creating shared instance of singleton bean 'representationModelProcessorInvoker'
2025-04-29T21:36:58.253-04:00 DEBUG 9012 --- [actividad_sumativa_semana8] [           main] o.s.b.f.s.DefaultListableBeanFactory     : Creating shared instance of singleton bean 'org.springframework.hateoas.config.RestTemplateHateoasConfiguration'
2025-04-29T21:36:58.255-04:00 DEBUG 9012 --- [actividad_sumativa_semana8] [           main] o.s.b.f.s.DefaultListableBeanFactory     : Creating shared instance of singleton bean 'org.springframework.boot.autoconfigure.hateoas.HypermediaAutoConfiguration$HypermediaConfiguration'
2025-04-29T21:36:58.257-04:00 DEBUG 9012 --- [actividad_sumativa_semana8] [           main] o.s.b.f.s.DefaultListableBeanFactory     : Creating shared instance of singleton bean 'spring.hateoas-org.springframework.boot.autoconfigure.hateoas.HateoasProperties'
2025-04-29T21:36:58.259-04:00 DEBUG 9012 --- [actividad_sumativa_semana8] [           main] o.s.b.f.s.DefaultListableBeanFactory     : Creating shared instance of singleton bean 'org.springframework.boot.autoconfigure.jdbc.JdbcTemplateConfiguration'
2025-04-29T21:36:58.261-04:00 DEBUG 9012 --- [actividad_sumativa_semana8] [           main] o.s.b.f.s.DefaultListableBeanFactory     : Creating shared instance of singleton bean 'jdbcTemplate'
2025-04-29T21:36:58.262-04:00 DEBUG 9012 --- [actividad_sumativa_semana8] [           main] o.s.b.f.s.DefaultListableBeanFactory     : Creating shared instance of singleton bean 'spring.jdbc-org.springframework.boot.autoconfigure.jdbc.JdbcProperties'
2025-04-29T21:36:58.264-04:00 DEBUG 9012 --- [actividad_sumativa_semana8] [           main] o.s.b.f.s.DefaultListableBeanFactory     : Autowiring by type from bean name 'jdbcTemplate' via factory method to bean named 'dataSource'
2025-04-29T21:36:58.264-04:00 DEBUG 9012 --- [actividad_sumativa_semana8] [           main] o.s.b.f.s.DefaultListableBeanFactory     : Autowiring by type from bean name 'jdbcTemplate' via factory method to bean named 'spring.jdbc-org.springframework.boot.autoconfigure.jdbc.JdbcProperties'
2025-04-29T21:36:58.276-04:00 DEBUG 9012 --- [actividad_sumativa_semana8] [           main] o.s.b.f.s.DefaultListableBeanFactory     : Creating shared instance of singleton bean 'org.springframework.boot.autoconfigure.jdbc.NamedParameterJdbcTemplateConfiguration'
2025-04-29T21:36:58.278-04:00 DEBUG 9012 --- [actividad_sumativa_semana8] [           main] o.s.b.f.s.DefaultListableBeanFactory     : Creating shared instance of singleton bean 'namedParameterJdbcTemplate'
2025-04-29T21:36:58.278-04:00 DEBUG 9012 --- [actividad_sumativa_semana8] [           main] o.s.b.f.s.DefaultListableBeanFactory     : Autowiring by type from bean name 'namedParameterJdbcTemplate' via factory method to bean named 'jdbcTemplate'
2025-04-29T21:36:58.285-04:00 DEBUG 9012 --- [actividad_sumativa_semana8] [           main] o.s.b.f.s.DefaultListableBeanFactory     : Creating shared instance of singleton bean 'org.springframework.boot.autoconfigure.jdbc.JdbcTemplateAutoConfiguration'
2025-04-29T21:36:58.289-04:00 DEBUG 9012 --- [actividad_sumativa_semana8] [           main] o.s.b.f.s.DefaultListableBeanFactory     : Creating shared instance of singleton bean 'org.springframework.boot.autoconfigure.jdbc.JdbcClientAutoConfiguration'
2025-04-29T21:36:58.291-04:00 DEBUG 9012 --- [actividad_sumativa_semana8] [           main] o.s.b.f.s.DefaultListableBeanFactory     : Creating shared instance of singleton bean 'jdbcClient'
2025-04-29T21:36:58.292-04:00 DEBUG 9012 --- [actividad_sumativa_semana8] [           main] o.s.b.f.s.DefaultListableBeanFactory     : Autowiring by type from bean name 'jdbcClient' via factory method to bean named 'namedParameterJdbcTemplate'
2025-04-29T21:36:58.296-04:00 DEBUG 9012 --- [actividad_sumativa_semana8] [           main] o.s.b.f.s.DefaultListableBeanFactory     : Creating shared instance of singleton bean 'org.springframework.boot.autoconfigure.sql.init.SqlInitializationAutoConfiguration'
2025-04-29T21:36:58.298-04:00 DEBUG 9012 --- [actividad_sumativa_semana8] [           main] o.s.b.f.s.DefaultListableBeanFactory     : Creating shared instance of singleton bean 'org.springframework.boot.autoconfigure.jdbc.DataSourceTransactionManagerAutoConfiguration$JdbcTransactionManagerConfiguration'
2025-04-29T21:36:58.299-04:00 DEBUG 9012 --- [actividad_sumativa_semana8] [           main] o.s.b.f.s.DefaultListableBeanFactory     : Creating shared instance of singleton bean 'org.springframework.boot.autoconfigure.jdbc.DataSourceTransactionManagerAutoConfiguration'
2025-04-29T21:36:58.300-04:00 DEBUG 9012 --- [actividad_sumativa_semana8] [           main] o.s.b.f.s.DefaultListableBeanFactory     : Creating shared instance of singleton bean 'org.springframework.boot.autoconfigure.transaction.TransactionAutoConfiguration$EnableTransactionManagementConfiguration$CglibAutoProxyConfiguration'
2025-04-29T21:36:58.305-04:00 DEBUG 9012 --- [actividad_sumativa_semana8] [           main] o.s.b.f.s.DefaultListableBeanFactory     : Creating shared instance of singleton bean 'org.springframework.boot.autoconfigure.transaction.TransactionAutoConfiguration$EnableTransactionManagementConfiguration'
2025-04-29T21:36:58.308-04:00 DEBUG 9012 --- [actividad_sumativa_semana8] [           main] o.s.b.f.s.DefaultListableBeanFactory     : Creating shared instance of singleton bean 'org.springframework.boot.autoconfigure.transaction.TransactionAutoConfiguration$TransactionTemplateConfiguration'
2025-04-29T21:36:58.309-04:00 DEBUG 9012 --- [actividad_sumativa_semana8] [           main] o.s.b.f.s.DefaultListableBeanFactory     : Creating shared instance of singleton bean 'transactionTemplate'
2025-04-29T21:36:58.310-04:00 DEBUG 9012 --- [actividad_sumativa_semana8] [           main] o.s.b.f.s.DefaultListableBeanFactory     : Autowiring by type from bean name 'transactionTemplate' via factory method to bean named 'transactionManager'
2025-04-29T21:36:58.314-04:00 DEBUG 9012 --- [actividad_sumativa_semana8] [           main] o.s.b.f.s.DefaultListableBeanFactory     : Creating shared instance of singleton bean 'org.springframework.boot.autoconfigure.transaction.TransactionAutoConfiguration'
2025-04-29T21:36:58.316-04:00 DEBUG 9012 --- [actividad_sumativa_semana8] [           main] o.s.b.f.s.DefaultListableBeanFactory     : Creating shared instance of singleton bean 'characterEncodingFilter'
2025-04-29T21:36:58.319-04:00 DEBUG 9012 --- [actividad_sumativa_semana8] [           main] o.s.b.f.s.DefaultListableBeanFactory     : Creating shared instance of singleton bean 'multipartResolver'
2025-04-29T21:36:58.321-04:00 DEBUG 9012 --- [actividad_sumativa_semana8] [           main] o.s.b.f.s.DefaultListableBeanFactory     : Creating shared instance of singleton bean 'org.springframework.boot.actuate.autoconfigure.endpoint.web.ServletEndpointManagementContextConfiguration$WebMvcServletEndpointManagementContextConfiguration'
2025-04-29T21:36:58.324-04:00 DEBUG 9012 --- [actividad_sumativa_semana8] [           main] o.s.b.f.s.DefaultListableBeanFactory     : Creating shared instance of singleton bean 'servletEndpointRegistrar'
2025-04-29T21:36:58.326-04:00 DEBUG 9012 --- [actividad_sumativa_semana8] [           main] o.s.b.f.s.DefaultListableBeanFactory     : Autowiring by type from bean name 'servletEndpointRegistrar' via factory method to bean named 'management.endpoints.web-org.springframework.boot.actuate.autoconfigure.endpoint.web.WebEndpointProperties'
2025-04-29T21:36:58.326-04:00 DEBUG 9012 --- [actividad_sumativa_semana8] [           main] o.s.b.f.s.DefaultListableBeanFactory     : Autowiring by type from bean name 'servletEndpointRegistrar' via factory method to bean named 'servletEndpointDiscoverer'
2025-04-29T21:36:58.326-04:00 DEBUG 9012 --- [actividad_sumativa_semana8] [           main] o.s.b.f.s.DefaultListableBeanFactory     : Autowiring by type from bean name 'servletEndpointRegistrar' via factory method to bean named 'dispatcherServletRegistration'
2025-04-29T21:36:58.326-04:00 DEBUG 9012 --- [actividad_sumativa_semana8] [           main] o.s.b.f.s.DefaultListableBeanFactory     : Autowiring by type from bean name 'servletEndpointRegistrar' via factory method to bean named 'propertiesEndpointAccessResolver'
2025-04-29T21:36:58.329-04:00 DEBUG 9012 --- [actividad_sumativa_semana8] [           main] o.s.b.f.s.DefaultListableBeanFactory     : Creating shared instance of singleton bean 'org.springframework.boot.actuate.autoconfigure.endpoint.web.servlet.WebMvcEndpointManagementContextConfiguration'
2025-04-29T21:36:58.331-04:00 DEBUG 9012 --- [actividad_sumativa_semana8] [           main] o.s.b.f.s.DefaultListableBeanFactory     : Creating shared instance of singleton bean 'webEndpointServletHandlerMapping'
2025-04-29T21:36:58.333-04:00 DEBUG 9012 --- [actividad_sumativa_semana8] [           main] o.s.b.f.s.DefaultListableBeanFactory     : Creating shared instance of singleton bean 'management.endpoints.web.cors-org.springframework.boot.actuate.autoconfigure.endpoint.web.CorsEndpointProperties'
2025-04-29T21:36:58.336-04:00 DEBUG 9012 --- [actividad_sumativa_semana8] [           main] o.s.b.f.s.DefaultListableBeanFactory     : Autowiring by type from bean name 'webEndpointServletHandlerMapping' via factory method to bean named 'webEndpointDiscoverer'
2025-04-29T21:36:58.336-04:00 DEBUG 9012 --- [actividad_sumativa_semana8] [           main] o.s.b.f.s.DefaultListableBeanFactory     : Autowiring by type from bean name 'webEndpointServletHandlerMapping' via factory method to bean named 'servletEndpointDiscoverer'
2025-04-29T21:36:58.336-04:00 DEBUG 9012 --- [actividad_sumativa_semana8] [           main] o.s.b.f.s.DefaultListableBeanFactory     : Autowiring by type from bean name 'webEndpointServletHandlerMapping' via factory method to bean named 'controllerEndpointDiscoverer'
2025-04-29T21:36:58.336-04:00 DEBUG 9012 --- [actividad_sumativa_semana8] [           main] o.s.b.f.s.DefaultListableBeanFactory     : Autowiring by type from bean name 'webEndpointServletHandlerMapping' via factory method to bean named 'endpointMediaTypes'
2025-04-29T21:36:58.336-04:00 DEBUG 9012 --- [actividad_sumativa_semana8] [           main] o.s.b.f.s.DefaultListableBeanFactory     : Autowiring by type from bean name 'webEndpointServletHandlerMapping' via factory method to bean named 'management.endpoints.web.cors-org.springframework.boot.actuate.autoconfigure.endpoint.web.CorsEndpointProperties'
2025-04-29T21:36:58.336-04:00 DEBUG 9012 --- [actividad_sumativa_semana8] [           main] o.s.b.f.s.DefaultListableBeanFactory     : Autowiring by type from bean name 'webEndpointServletHandlerMapping' via factory method to bean named 'management.endpoints.web-org.springframework.boot.actuate.autoconfigure.endpoint.web.WebEndpointProperties'
2025-04-29T21:36:58.336-04:00 DEBUG 9012 --- [actividad_sumativa_semana8] [           main] o.s.b.f.s.DefaultListableBeanFactory     : Autowiring by type from bean name 'webEndpointServletHandlerMapping' via factory method to bean named 'environment'
2025-04-29T21:36:58.346-04:00  INFO 9012 --- [actividad_sumativa_semana8] [           main] o.s.b.a.e.web.EndpointLinksResolver      : Exposing 1 endpoint beneath base path '/actuator'
2025-04-29T21:36:58.377-04:00 DEBUG 9012 --- [actividad_sumativa_semana8] [           main] o.s.b.f.s.DefaultListableBeanFactory     : Creating shared instance of singleton bean 'controllerEndpointHandlerMapping'
2025-04-29T21:36:58.378-04:00 DEBUG 9012 --- [actividad_sumativa_semana8] [           main] o.s.b.f.s.DefaultListableBeanFactory     : Autowiring by type from bean name 'controllerEndpointHandlerMapping' via factory method to bean named 'controllerEndpointDiscoverer'
2025-04-29T21:36:58.378-04:00 DEBUG 9012 --- [actividad_sumativa_semana8] [           main] o.s.b.f.s.DefaultListableBeanFactory     : Autowiring by type from bean name 'controllerEndpointHandlerMapping' via factory method to bean named 'management.endpoints.web.cors-org.springframework.boot.actuate.autoconfigure.endpoint.web.CorsEndpointProperties'
2025-04-29T21:36:58.378-04:00 DEBUG 9012 --- [actividad_sumativa_semana8] [           main] o.s.b.f.s.DefaultListableBeanFactory     : Autowiring by type from bean name 'controllerEndpointHandlerMapping' via factory method to bean named 'management.endpoints.web-org.springframework.boot.actuate.autoconfigure.endpoint.web.WebEndpointProperties'
2025-04-29T21:36:58.378-04:00 DEBUG 9012 --- [actividad_sumativa_semana8] [           main] o.s.b.f.s.DefaultListableBeanFactory     : Autowiring by type from bean name 'controllerEndpointHandlerMapping' via factory method to bean named 'propertiesEndpointAccessResolver'
2025-04-29T21:36:58.388-04:00 DEBUG 9012 --- [actividad_sumativa_semana8] [           main] o.s.b.f.s.DefaultListableBeanFactory     : Creating shared instance of singleton bean 'org.springframework.boot.actuate.autoconfigure.web.server.ManagementContextAutoConfiguration$SameManagementContextConfiguration$EnableSameManagementContextConfiguration'
2025-04-29T21:36:58.389-04:00 DEBUG 9012 --- [actividad_sumativa_semana8] [           main] o.s.b.f.s.DefaultListableBeanFactory     : Creating shared instance of singleton bean 'org.springframework.boot.actuate.autoconfigure.web.server.ManagementContextAutoConfiguration$SameManagementContextConfiguration'
2025-04-29T21:36:58.389-04:00 DEBUG 9012 --- [actividad_sumativa_semana8] [           main] o.s.b.f.s.DefaultListableBeanFactory     : Autowiring by type from bean name 'org.springframework.boot.actuate.autoconfigure.web.server.ManagementContextAutoConfiguration$SameManagementContextConfiguration' via constructor to bean named 'environment'
2025-04-29T21:36:58.390-04:00 DEBUG 9012 --- [actividad_sumativa_semana8] [           main] o.s.b.f.s.DefaultListableBeanFactory     : Creating shared instance of singleton bean 'org.springframework.boot.actuate.autoconfigure.web.server.ManagementContextAutoConfiguration'
2025-04-29T21:36:58.391-04:00 DEBUG 9012 --- [actividad_sumativa_semana8] [           main] o.s.b.f.s.DefaultListableBeanFactory     : Creating shared instance of singleton bean 'management.server-org.springframework.boot.actuate.autoconfigure.web.server.ManagementServerProperties'
2025-04-29T21:36:58.464-04:00 DEBUG 9012 --- [actividad_sumativa_semana8] [           main] o.s.c.support.DefaultLifecycleProcessor  : Starting beans in phase -2147483647
2025-04-29T21:36:58.465-04:00 DEBUG 9012 --- [actividad_sumativa_semana8] [           main] o.s.c.support.DefaultLifecycleProcessor  : Successfully started bean 'springBootLoggingLifecycle'
2025-04-29T21:36:58.465-04:00 DEBUG 9012 --- [actividad_sumativa_semana8] [           main] o.s.c.support.DefaultLifecycleProcessor  : Starting beans in phase 1073741823
2025-04-29T21:36:58.490-04:00 DEBUG 9012 --- [actividad_sumativa_semana8] [           main] .s.b.a.l.ConditionEvaluationReportLogger : 


============================
CONDITIONS EVALUATION REPORT
============================


Positive matches:
-----------------

   AopAutoConfiguration matched:
      - @ConditionalOnProperty (spring.aop.auto=true) matched (OnPropertyCondition)

   AopAutoConfiguration.AspectJAutoProxyingConfiguration matched:
      - @ConditionalOnClass found required class 'org.aspectj.weaver.Advice' (OnClassCondition)

   AopAutoConfiguration.AspectJAutoProxyingConfiguration.CglibAutoProxyConfiguration matched:
      - @ConditionalOnProperty (spring.aop.proxy-target-class=true) matched (OnPropertyCondition)

   ApplicationAvailabilityAutoConfiguration#applicationAvailability matched:
      - @ConditionalOnMissingBean (types: org.springframework.boot.availability.ApplicationAvailability; SearchStrategy: all) did not find any beans (OnBeanCondition)

   CacheMeterBinderProvidersConfiguration matched:
      - @ConditionalOnClass found required class 'io.micrometer.core.instrument.binder.MeterBinder' (OnClassCondition)

   CompositeMeterRegistryAutoConfiguration matched:
      - @ConditionalOnClass found required class 'io.micrometer.core.instrument.composite.CompositeMeterRegistry' (OnClassCondition)

   DataSourceAutoConfiguration matched:
      - @ConditionalOnClass found required classes 'javax.sql.DataSource', 'org.springframework.jdbc.datasource.embedded.EmbeddedDatabaseType' (OnClassCondition)
      - @ConditionalOnMissingBean (types: io.r2dbc.spi.ConnectionFactory; SearchStrategy: all) did not find any beans (OnBeanCondition)

   DataSourceAutoConfiguration.PooledDataSourceConfiguration matched:
      - AnyNestedCondition 1 matched 1 did not; NestedCondition on DataSourceAutoConfiguration.PooledDataSourceCondition.PooledDataSourceAvailable PooledDataSource found supported DataSource; NestedCondition on DataSourceAutoConfiguration.PooledDataSourceCondition.ExplicitType @ConditionalOnProperty (spring.datasource.type) did not find property 'type' (DataSourceAutoConfiguration.PooledDataSourceCondition)
      - @ConditionalOnMissingBean (types: javax.sql.DataSource,javax.sql.XADataSource; SearchStrategy: all) did not find any beans (OnBeanCondition)

   DataSourceAutoConfiguration.PooledDataSourceConfiguration#jdbcConnectionDetails matched:
      - @ConditionalOnMissingBean (types: org.springframework.boot.autoconfigure.jdbc.JdbcConnectionDetails; SearchStrategy: all) did not find any beans (OnBeanCondition)

   DataSourceConfiguration.Hikari matched:
      - @ConditionalOnClass found required class 'com.zaxxer.hikari.HikariDataSource' (OnClassCondition)
      - @ConditionalOnProperty (spring.datasource.type=com.zaxxer.hikari.HikariDataSource) matched (OnPropertyCondition)
      - @ConditionalOnMissingBean (types: javax.sql.DataSource; SearchStrategy: all) did not find any beans (OnBeanCondition)

   DataSourceHealthContributorAutoConfiguration matched:
      - @ConditionalOnClass found required classes 'org.springframework.jdbc.core.JdbcTemplate', 'org.springframework.jdbc.datasource.lookup.AbstractRoutingDataSource' (OnClassCondition)
      - @ConditionalOnEnabledHealthIndicator management.health.defaults.enabled is considered true (OnEnabledHealthIndicatorCondition)
      - @ConditionalOnBean (types: javax.sql.DataSource; SearchStrategy: all) found bean 'dataSource' (OnBeanCondition)

   DataSourceHealthContributorAutoConfiguration#dbHealthContributor matched:
      - @ConditionalOnMissingBean (names: dbHealthIndicator,dbHealthContributor; SearchStrategy: all) did not find any beans (OnBeanCondition)

   DataSourceInitializationConfiguration matched:
      - @ConditionalOnClass found required class 'org.springframework.jdbc.datasource.init.DatabasePopulator' (OnClassCondition)
      - @ConditionalOnSingleCandidate (types: javax.sql.DataSource; SearchStrategy: all) found a single bean 'dataSource'; @ConditionalOnMissingBean (types: org.springframework.boot.autoconfigure.sql.init.SqlDataSourceScriptDatabaseInitializer,org.springframework.boot.autoconfigure.sql.init.SqlR2dbcScriptDatabaseInitializer; SearchStrategy: all) did not find any beans (OnBeanCondition)

   DataSourcePoolMetadataProvidersConfiguration.HikariPoolDataSourceMetadataProviderConfiguration matched:
      - @ConditionalOnClass found required class 'com.zaxxer.hikari.HikariDataSource' (OnClassCondition)

   DataSourcePoolMetricsAutoConfiguration matched:
      - @ConditionalOnClass found required classes 'javax.sql.DataSource', 'io.micrometer.core.instrument.MeterRegistry' (OnClassCondition)
      - @ConditionalOnBean (types: javax.sql.DataSource,io.micrometer.core.instrument.MeterRegistry; SearchStrategy: all) found beans 'simpleMeterRegistry', 'dataSource' (OnBeanCondition)

   DataSourcePoolMetricsAutoConfiguration.DataSourcePoolMetadataMetricsConfiguration matched:
      - @ConditionalOnBean (types: org.springframework.boot.jdbc.metadata.DataSourcePoolMetadataProvider; SearchStrategy: all) found bean 'hikariPoolDataSourceMetadataProvider' (OnBeanCondition)

   DataSourcePoolMetricsAutoConfiguration.HikariDataSourceMetricsConfiguration matched:
      - @ConditionalOnClass found required class 'com.zaxxer.hikari.HikariDataSource' (OnClassCondition)

   DataSourceTransactionManagerAutoConfiguration matched:
      - @ConditionalOnClass found required classes 'javax.sql.DataSource', 'org.springframework.jdbc.core.JdbcTemplate', 'org.springframework.transaction.TransactionManager' (OnClassCondition)

   DataSourceTransactionManagerAutoConfiguration.JdbcTransactionManagerConfiguration matched:
      - @ConditionalOnSingleCandidate (types: javax.sql.DataSource; SearchStrategy: all) found a single bean 'dataSource' (OnBeanCondition)

   DiskSpaceHealthContributorAutoConfiguration matched:
      - @ConditionalOnEnabledHealthIndicator management.health.defaults.enabled is considered true (OnEnabledHealthIndicatorCondition)

   DiskSpaceHealthContributorAutoConfiguration#diskSpaceHealthIndicator matched:
      - @ConditionalOnMissingBean (names: diskSpaceHealthIndicator; SearchStrategy: all) did not find any beans (OnBeanCondition)

   DispatcherServletAutoConfiguration matched:
      - @ConditionalOnClass found required class 'org.springframework.web.servlet.DispatcherServlet' (OnClassCondition)
      - found 'session' scope (OnWebApplicationCondition)

   DispatcherServletAutoConfiguration.DispatcherServletConfiguration matched:
      - @ConditionalOnClass found required class 'jakarta.servlet.ServletRegistration' (OnClassCondition)
      - Default DispatcherServlet did not find dispatcher servlet beans (DispatcherServletAutoConfiguration.DefaultDispatcherServletCondition)

   DispatcherServletAutoConfiguration.DispatcherServletRegistrationConfiguration matched:
      - @ConditionalOnClass found required class 'jakarta.servlet.ServletRegistration' (OnClassCondition)
      - DispatcherServlet Registration did not find servlet registration bean (DispatcherServletAutoConfiguration.DispatcherServletRegistrationCondition)

   DispatcherServletAutoConfiguration.DispatcherServletRegistrationConfiguration#dispatcherServletRegistration matched:
      - @ConditionalOnBean (names: dispatcherServlet types: org.springframework.web.servlet.DispatcherServlet; SearchStrategy: all) found bean 'dispatcherServlet' (OnBeanCondition)

   EndpointAutoConfiguration#endpointCachingOperationInvokerAdvisor matched:
      - @ConditionalOnMissingBean (types: org.springframework.boot.actuate.endpoint.invoker.cache.CachingOperationInvokerAdvisor; SearchStrategy: all) did not find any beans (OnBeanCondition)

   EndpointAutoConfiguration#endpointOperationParameterMapper matched:
      - @ConditionalOnMissingBean (types: org.springframework.boot.actuate.endpoint.invoke.ParameterValueMapper; SearchStrategy: all) did not find any beans (OnBeanCondition)

   EndpointAutoConfiguration#propertiesEndpointAccessResolver matched:
      - @ConditionalOnMissingBean (types: org.springframework.boot.actuate.endpoint.EndpointAccessResolver; SearchStrategy: all) did not find any beans (OnBeanCondition)

   ErrorMvcAutoConfiguration matched:
      - @ConditionalOnClass found required classes 'jakarta.servlet.Servlet', 'org.springframework.web.servlet.DispatcherServlet' (OnClassCondition)
      - found 'session' scope (OnWebApplicationCondition)

   ErrorMvcAutoConfiguration#basicErrorController matched:
      - @ConditionalOnMissingBean (types: org.springframework.boot.web.servlet.error.ErrorController; SearchStrategy: current) did not find any beans (OnBeanCondition)

   ErrorMvcAutoConfiguration#errorAttributes matched:
      - @ConditionalOnMissingBean (types: org.springframework.boot.web.servlet.error.ErrorAttributes; SearchStrategy: current) did not find any beans (OnBeanCondition)

   ErrorMvcAutoConfiguration.DefaultErrorViewResolverConfiguration#conventionErrorViewResolver matched:
      - @ConditionalOnBean (types: org.springframework.web.servlet.DispatcherServlet; SearchStrategy: all) found bean 'dispatcherServlet'; @ConditionalOnMissingBean (types: org.springframework.boot.autoconfigure.web.servlet.error.ErrorViewResolver; SearchStrategy: all) did not find any beans (OnBeanCondition)

   ErrorMvcAutoConfiguration.WhitelabelErrorViewConfiguration matched:
      - @ConditionalOnProperty (server.error.whitelabel.enabled) matched (OnPropertyCondition)
      - ErrorTemplate Missing did not find error template view (ErrorMvcAutoConfiguration.ErrorTemplateMissingCondition)

   ErrorMvcAutoConfiguration.WhitelabelErrorViewConfiguration#beanNameViewResolver matched:
      - @ConditionalOnMissingBean (types: org.springframework.web.servlet.view.BeanNameViewResolver; SearchStrategy: all) did not find any beans (OnBeanCondition)

   ErrorMvcAutoConfiguration.WhitelabelErrorViewConfiguration#defaultErrorView matched:
      - @ConditionalOnMissingBean (names: error; SearchStrategy: all) did not find any beans (OnBeanCondition)

   GenericCacheConfiguration matched:
      - Cache org.springframework.boot.autoconfigure.cache.GenericCacheConfiguration automatic cache type (CacheCondition)

   HealthContributorAutoConfiguration#pingHealthContributor matched:
      - @ConditionalOnEnabledHealthIndicator management.health.defaults.enabled is considered true (OnEnabledHealthIndicatorCondition)

   HealthEndpointAutoConfiguration matched:
      - @ConditionalOnAvailableEndpoint marked as exposed by a 'management.endpoints.web.exposure' property (OnAvailableEndpointCondition)

   HealthEndpointConfiguration#healthContributorRegistry matched:
      - @ConditionalOnMissingBean (types: org.springframework.boot.actuate.health.HealthContributorRegistry; SearchStrategy: all) did not find any beans (OnBeanCondition)

   HealthEndpointConfiguration#healthEndpoint matched:
      - @ConditionalOnMissingBean (types: org.springframework.boot.actuate.health.HealthEndpoint; SearchStrategy: all) did not find any beans (OnBeanCondition)

   HealthEndpointConfiguration#healthEndpointGroupMembershipValidator matched:
      - @ConditionalOnProperty (management.endpoint.health.validate-group-membership=true) matched (OnPropertyCondition)

   HealthEndpointConfiguration#healthEndpointGroups matched:
      - @ConditionalOnMissingBean (types: org.springframework.boot.actuate.health.HealthEndpointGroups; SearchStrategy: all) did not find any beans (OnBeanCondition)

   HealthEndpointConfiguration#healthHttpCodeStatusMapper matched:
      - @ConditionalOnMissingBean (types: org.springframework.boot.actuate.health.HttpCodeStatusMapper; SearchStrategy: all) did not find any beans (OnBeanCondition)

   HealthEndpointConfiguration#healthStatusAggregator matched:
      - @ConditionalOnMissingBean (types: org.springframework.boot.actuate.health.StatusAggregator; SearchStrategy: all) did not find any beans (OnBeanCondition)

   HealthEndpointWebExtensionConfiguration matched:
      - found 'session' scope (OnWebApplicationCondition)
      - @ConditionalOnAvailableEndpoint marked as exposed by a 'management.endpoints.web.exposure' property (OnAvailableEndpointCondition)
      - @ConditionalOnBean (types: org.springframework.boot.actuate.health.HealthEndpoint; SearchStrategy: all) found bean 'healthEndpoint' (OnBeanCondition)

   HealthEndpointWebExtensionConfiguration#healthEndpointWebExtension matched:
      - @ConditionalOnMissingBean (types: org.springframework.boot.actuate.health.HealthEndpointWebExtension; SearchStrategy: all) did not find any beans (OnBeanCondition)

   HealthEndpointWebExtensionConfiguration.MvcAdditionalHealthEndpointPathsConfiguration matched:
      - @ConditionalOnBean (types: org.springframework.web.servlet.DispatcherServlet; SearchStrategy: all) found bean 'dispatcherServlet' (OnBeanCondition)

   HibernateJpaAutoConfiguration matched:
      - @ConditionalOnClass found required classes 'org.springframework.orm.jpa.LocalContainerEntityManagerFactoryBean', 'jakarta.persistence.EntityManager', 'org.hibernate.engine.spi.SessionImplementor' (OnClassCondition)

   HibernateJpaConfiguration matched:
      - @ConditionalOnSingleCandidate (types: javax.sql.DataSource; SearchStrategy: all) found a single bean 'dataSource' (OnBeanCondition)

   HttpClientAutoConfiguration matched:
      - @ConditionalOnClass found required class 'org.springframework.http.client.ClientHttpRequestFactory' (OnClassCondition)
      - NoneNestedConditions 0 matched 1 did not; NestedCondition on NotReactiveWebApplicationCondition.ReactiveWebApplication did not find reactive web application classes (NotReactiveWebApplicationCondition)

   HttpClientAutoConfiguration#clientHttpRequestFactoryBuilder matched:
      - @ConditionalOnMissingBean (types: org.springframework.boot.http.client.ClientHttpRequestFactoryBuilder; SearchStrategy: all) did not find any beans (OnBeanCondition)

   HttpClientAutoConfiguration#clientHttpRequestFactorySettings matched:
      - @ConditionalOnMissingBean (types: org.springframework.boot.http.client.ClientHttpRequestFactorySettings; SearchStrategy: all) did not find any beans (OnBeanCondition)

   HttpClientObservationsAutoConfiguration matched:
      - @ConditionalOnClass found required class 'io.micrometer.observation.Observation' (OnClassCondition)
      - @ConditionalOnBean (types: io.micrometer.observation.ObservationRegistry; SearchStrategy: all) found bean 'observationRegistry' (OnBeanCondition)

   HttpClientObservationsAutoConfiguration.MeterFilterConfiguration matched:
      - @ConditionalOnClass found required class 'io.micrometer.core.instrument.MeterRegistry' (OnClassCondition)
      - @ConditionalOnBean (types: io.micrometer.core.instrument.MeterRegistry; SearchStrategy: all) found bean 'simpleMeterRegistry' (OnBeanCondition)

   HttpEncodingAutoConfiguration matched:
      - @ConditionalOnClass found required class 'org.springframework.web.filter.CharacterEncodingFilter' (OnClassCondition)
      - found 'session' scope (OnWebApplicationCondition)
      - @ConditionalOnProperty (server.servlet.encoding.enabled) matched (OnPropertyCondition)

   HttpEncodingAutoConfiguration#characterEncodingFilter matched:
      - @ConditionalOnMissingBean (types: org.springframework.web.filter.CharacterEncodingFilter; SearchStrategy: all) did not find any beans (OnBeanCondition)

   HttpMessageConvertersAutoConfiguration matched:
      - @ConditionalOnClass found required class 'org.springframework.http.converter.HttpMessageConverter' (OnClassCondition)
      - NoneNestedConditions 0 matched 1 did not; NestedCondition on HttpMessageConvertersAutoConfiguration.NotReactiveWebApplicationCondition.ReactiveWebApplication did not find reactive web application classes (HttpMessageConvertersAutoConfiguration.NotReactiveWebApplicationCondition)

   HttpMessageConvertersAutoConfiguration#messageConverters matched:
      - @ConditionalOnMissingBean (types: org.springframework.boot.autoconfigure.http.HttpMessageConverters; SearchStrategy: all) did not find any beans (OnBeanCondition)

   HttpMessageConvertersAutoConfiguration.StringHttpMessageConverterConfiguration matched:
      - @ConditionalOnClass found required class 'org.springframework.http.converter.StringHttpMessageConverter' (OnClassCondition)

   HttpMessageConvertersAutoConfiguration.StringHttpMessageConverterConfiguration#stringHttpMessageConverter matched:
      - @ConditionalOnMissingBean (types: org.springframework.http.converter.StringHttpMessageConverter; SearchStrategy: all) did not find any beans (OnBeanCondition)

   HypermediaAutoConfiguration matched:
      - @ConditionalOnClass found required classes 'org.springframework.hateoas.EntityModel', 'org.springframework.web.bind.annotation.RequestMapping', 'org.springframework.web.servlet.mvc.method.annotation.RequestMappingHandlerAdapter', 'org.springframework.plugin.core.Plugin' (OnClassCondition)
      - @ConditionalOnWebApplication (required) found 'session' scope (OnWebApplicationCondition)

   HypermediaAutoConfiguration#applicationJsonHalConfiguration matched:
      - @ConditionalOnClass found required class 'com.fasterxml.jackson.databind.ObjectMapper' (OnClassCondition)
      - @ConditionalOnProperty (spring.hateoas.use-hal-as-default-json-media-type) matched (OnPropertyCondition)
      - @ConditionalOnMissingBean (types: org.springframework.hateoas.mediatype.hal.HalConfiguration; SearchStrategy: all) did not find any beans (OnBeanCondition)

   HypermediaAutoConfiguration.HypermediaConfiguration matched:
      - @ConditionalOnClass found required class 'com.fasterxml.jackson.databind.ObjectMapper' (OnClassCondition)
      - @ConditionalOnMissingBean (types: org.springframework.hateoas.client.LinkDiscoverers; SearchStrategy: all) did not find any beans (OnBeanCondition)

   JacksonAutoConfiguration matched:
      - @ConditionalOnClass found required class 'com.fasterxml.jackson.databind.ObjectMapper' (OnClassCondition)

   JacksonAutoConfiguration.Jackson2ObjectMapperBuilderCustomizerConfiguration matched:
      - @ConditionalOnClass found required class 'org.springframework.http.converter.json.Jackson2ObjectMapperBuilder' (OnClassCondition)

   JacksonAutoConfiguration.JacksonObjectMapperBuilderConfiguration matched:
      - @ConditionalOnClass found required class 'org.springframework.http.converter.json.Jackson2ObjectMapperBuilder' (OnClassCondition)

   JacksonAutoConfiguration.JacksonObjectMapperBuilderConfiguration#jacksonObjectMapperBuilder matched:
      - @ConditionalOnMissingBean (types: org.springframework.http.converter.json.Jackson2ObjectMapperBuilder; SearchStrategy: all) did not find any beans (OnBeanCondition)

   JacksonAutoConfiguration.JacksonObjectMapperConfiguration matched:
      - @ConditionalOnClass found required class 'org.springframework.http.converter.json.Jackson2ObjectMapperBuilder' (OnClassCondition)

   JacksonAutoConfiguration.JacksonObjectMapperConfiguration#jacksonObjectMapper matched:
      - @ConditionalOnMissingBean (types: com.fasterxml.jackson.databind.ObjectMapper; SearchStrategy: all) did not find any beans (OnBeanCondition)

   JacksonAutoConfiguration.ParameterNamesModuleConfiguration matched:
      - @ConditionalOnClass found required class 'com.fasterxml.jackson.module.paramnames.ParameterNamesModule' (OnClassCondition)

   JacksonAutoConfiguration.ParameterNamesModuleConfiguration#parameterNamesModule matched:
      - @ConditionalOnMissingBean (types: com.fasterxml.jackson.module.paramnames.ParameterNamesModule; SearchStrategy: all) did not find any beans (OnBeanCondition)

   JacksonEndpointAutoConfiguration#endpointObjectMapper matched:
      - @ConditionalOnClass found required classes 'com.fasterxml.jackson.databind.ObjectMapper', 'org.springframework.http.converter.json.Jackson2ObjectMapperBuilder' (OnClassCondition)
      - @ConditionalOnProperty (management.endpoints.jackson.isolated-object-mapper) matched (OnPropertyCondition)

   JacksonHttpMessageConvertersConfiguration.MappingJackson2HttpMessageConverterConfiguration matched:
      - @ConditionalOnClass found required class 'com.fasterxml.jackson.databind.ObjectMapper' (OnClassCondition)
      - @ConditionalOnProperty (spring.mvc.converters.preferred-json-mapper=jackson) matched (OnPropertyCondition)
      - @ConditionalOnBean (types: com.fasterxml.jackson.databind.ObjectMapper; SearchStrategy: all) found bean 'jacksonObjectMapper' (OnBeanCondition)

   JacksonHttpMessageConvertersConfiguration.MappingJackson2HttpMessageConverterConfiguration#mappingJackson2HttpMessageConverter matched:
      - @ConditionalOnMissingBean (types: org.springframework.http.converter.json.MappingJackson2HttpMessageConverter ignored: org.springframework.hateoas.server.mvc.TypeConstrainedMappingJackson2HttpMessageConverter,org.springframework.data.rest.webmvc.alps.AlpsJsonHttpMessageConverter; SearchStrategy: all) did not find any beans (OnBeanCondition)

   JdbcClientAutoConfiguration matched:
      - @ConditionalOnSingleCandidate (types: org.springframework.jdbc.core.namedparam.NamedParameterJdbcTemplate; SearchStrategy: all) found a single bean 'namedParameterJdbcTemplate'; @ConditionalOnMissingBean (types: org.springframework.jdbc.core.simple.JdbcClient; SearchStrategy: all) did not find any beans (OnBeanCondition)

   JdbcTemplateAutoConfiguration matched:
      - @ConditionalOnClass found required classes 'javax.sql.DataSource', 'org.springframework.jdbc.core.JdbcTemplate' (OnClassCondition)
      - @ConditionalOnSingleCandidate (types: javax.sql.DataSource; SearchStrategy: all) found a single bean 'dataSource' (OnBeanCondition)

   JdbcTemplateConfiguration matched:
      - @ConditionalOnMissingBean (types: org.springframework.jdbc.core.JdbcOperations; SearchStrategy: all) did not find any beans (OnBeanCondition)

   JpaBaseConfiguration#entityManagerFactory matched:
      - @ConditionalOnMissingBean (types: org.springframework.orm.jpa.LocalContainerEntityManagerFactoryBean,jakarta.persistence.EntityManagerFactory; SearchStrategy: all) did not find any beans (OnBeanCondition)

   JpaBaseConfiguration#entityManagerFactoryBuilder matched:
      - @ConditionalOnMissingBean (types: org.springframework.boot.orm.jpa.EntityManagerFactoryBuilder; SearchStrategy: all) did not find any beans (OnBeanCondition)

   JpaBaseConfiguration#jpaVendorAdapter matched:
      - @ConditionalOnMissingBean (types: org.springframework.orm.jpa.JpaVendorAdapter; SearchStrategy: all) did not find any beans (OnBeanCondition)

   JpaBaseConfiguration#transactionManager matched:
      - @ConditionalOnMissingBean (types: org.springframework.transaction.TransactionManager; SearchStrategy: all) did not find any beans (OnBeanCondition)

   JpaBaseConfiguration.JpaWebConfiguration matched:
      - @ConditionalOnClass found required class 'org.springframework.web.servlet.config.annotation.WebMvcConfigurer' (OnClassCondition)
      - found 'session' scope (OnWebApplicationCondition)
      - @ConditionalOnProperty (spring.jpa.open-in-view=true) matched (OnPropertyCondition)
      - @ConditionalOnMissingBean (types: org.springframework.orm.jpa.support.OpenEntityManagerInViewInterceptor,org.springframework.orm.jpa.support.OpenEntityManagerInViewFilter; SearchStrategy: all) did not find any beans (OnBeanCondition)

   JpaBaseConfiguration.PersistenceManagedTypesConfiguration matched:
      - @ConditionalOnMissingBean (types: org.springframework.orm.jpa.LocalContainerEntityManagerFactoryBean,jakarta.persistence.EntityManagerFactory; SearchStrategy: all) did not find any beans (OnBeanCondition)

   JpaBaseConfiguration.PersistenceManagedTypesConfiguration#persistenceManagedTypes matched:
      - @ConditionalOnMissingBean (types: org.springframework.orm.jpa.persistenceunit.PersistenceManagedTypes; SearchStrategy: all) did not find any beans (OnBeanCondition)

   JpaRepositoriesAutoConfiguration matched:
      - @ConditionalOnClass found required class 'org.springframework.data.jpa.repository.JpaRepository' (OnClassCondition)
      - @ConditionalOnProperty (spring.data.jpa.repositories.enabled=true) matched (OnPropertyCondition)
      - @ConditionalOnBean (types: javax.sql.DataSource; SearchStrategy: all) found bean 'dataSource'; @ConditionalOnMissingBean (types: org.springframework.data.jpa.repository.support.JpaRepositoryFactoryBean,org.springframework.data.jpa.repository.config.JpaRepositoryConfigExtension; SearchStrategy: all) did not find any beans (OnBeanCondition)

   JtaAutoConfiguration matched:
      - @ConditionalOnClass found required class 'jakarta.transaction.Transaction' (OnClassCondition)
      - @ConditionalOnProperty (spring.jta.enabled) matched (OnPropertyCondition)

   JvmMetricsAutoConfiguration matched:
      - @ConditionalOnClass found required class 'io.micrometer.core.instrument.MeterRegistry' (OnClassCondition)
      - @ConditionalOnBean (types: io.micrometer.core.instrument.MeterRegistry; SearchStrategy: all) found bean 'simpleMeterRegistry' (OnBeanCondition)

   JvmMetricsAutoConfiguration#classLoaderMetrics matched:
      - @ConditionalOnMissingBean (types: io.micrometer.core.instrument.binder.jvm.ClassLoaderMetrics; SearchStrategy: all) did not find any beans (OnBeanCondition)

   JvmMetricsAutoConfiguration#jvmCompilationMetrics matched:
      - @ConditionalOnMissingBean (types: io.micrometer.core.instrument.binder.jvm.JvmCompilationMetrics; SearchStrategy: all) did not find any beans (OnBeanCondition)

   JvmMetricsAutoConfiguration#jvmGcMetrics matched:
      - @ConditionalOnMissingBean (types: io.micrometer.core.instrument.binder.jvm.JvmGcMetrics; SearchStrategy: all) did not find any beans (OnBeanCondition)

   JvmMetricsAutoConfiguration#jvmHeapPressureMetrics matched:
      - @ConditionalOnMissingBean (types: io.micrometer.core.instrument.binder.jvm.JvmHeapPressureMetrics; SearchStrategy: all) did not find any beans (OnBeanCondition)

   JvmMetricsAutoConfiguration#jvmInfoMetrics matched:
      - @ConditionalOnMissingBean (types: io.micrometer.core.instrument.binder.jvm.JvmInfoMetrics; SearchStrategy: all) did not find any beans (OnBeanCondition)

   JvmMetricsAutoConfiguration#jvmMemoryMetrics matched:
      - @ConditionalOnMissingBean (types: io.micrometer.core.instrument.binder.jvm.JvmMemoryMetrics; SearchStrategy: all) did not find any beans (OnBeanCondition)

   JvmMetricsAutoConfiguration#jvmThreadMetrics matched:
      - @ConditionalOnMissingBean (types: io.micrometer.core.instrument.binder.jvm.JvmThreadMetrics; SearchStrategy: all) did not find any beans (OnBeanCondition)

   LifecycleAutoConfiguration#defaultLifecycleProcessor matched:
      - @ConditionalOnMissingBean (names: lifecycleProcessor; SearchStrategy: current) did not find any beans (OnBeanCondition)

   LogbackMetricsAutoConfiguration matched:
      - @ConditionalOnClass found required classes 'io.micrometer.core.instrument.MeterRegistry', 'ch.qos.logback.classic.LoggerContext', 'org.slf4j.LoggerFactory' (OnClassCondition)
      - LogbackLoggingCondition ILoggerFactory is a Logback LoggerContext (LogbackMetricsAutoConfiguration.LogbackLoggingCondition)
      - @ConditionalOnBean (types: io.micrometer.core.instrument.MeterRegistry; SearchStrategy: all) found bean 'simpleMeterRegistry' (OnBeanCondition)

   LogbackMetricsAutoConfiguration#logbackMetrics matched:
      - @ConditionalOnMissingBean (types: io.micrometer.core.instrument.binder.logging.LogbackMetrics; SearchStrategy: all) did not find any beans (OnBeanCondition)

   ManagementContextAutoConfiguration.SameManagementContextConfiguration matched:
      - Management Port actual port type (SAME) matched required type (OnManagementPortCondition)

   MetricsAutoConfiguration matched:
      - @ConditionalOnClass found required class 'io.micrometer.core.annotation.Timed' (OnClassCondition)

   MetricsAutoConfiguration#micrometerClock matched:
      - @ConditionalOnMissingBean (types: io.micrometer.core.instrument.Clock; SearchStrategy: all) did not find any beans (OnBeanCondition)

   MultipartAutoConfiguration matched:
      - @ConditionalOnClass found required classes 'jakarta.servlet.Servlet', 'org.springframework.web.multipart.support.StandardServletMultipartResolver', 'jakarta.servlet.MultipartConfigElement' (OnClassCondition)
      - found 'session' scope (OnWebApplicationCondition)
      - @ConditionalOnProperty (spring.servlet.multipart.enabled) matched (OnPropertyCondition)

   MultipartAutoConfiguration#multipartConfigElement matched:
      - @ConditionalOnMissingBean (types: jakarta.servlet.MultipartConfigElement; SearchStrategy: all) did not find any beans (OnBeanCondition)

   MultipartAutoConfiguration#multipartResolver matched:
      - @ConditionalOnMissingBean (types: org.springframework.web.multipart.MultipartResolver; SearchStrategy: all) did not find any beans (OnBeanCondition)

   NamedParameterJdbcTemplateConfiguration matched:
      - @ConditionalOnSingleCandidate (types: org.springframework.jdbc.core.JdbcTemplate; SearchStrategy: all) found a single bean 'jdbcTemplate'; @ConditionalOnMissingBean (types: org.springframework.jdbc.core.namedparam.NamedParameterJdbcOperations; SearchStrategy: all) did not find any beans (OnBeanCondition)

   NoOpCacheConfiguration matched:
      - Cache org.springframework.boot.autoconfigure.cache.NoOpCacheConfiguration automatic cache type (CacheCondition)

   ObservationAutoConfiguration matched:
      - @ConditionalOnClass found required class 'io.micrometer.observation.ObservationRegistry' (OnClassCondition)

   ObservationAutoConfiguration#observationRegistry matched:
      - @ConditionalOnMissingBean (types: io.micrometer.observation.ObservationRegistry; SearchStrategy: all) did not find any beans (OnBeanCondition)

   ObservationAutoConfiguration.MeterObservationHandlerConfiguration matched:
      - @ConditionalOnBean (types: io.micrometer.core.instrument.MeterRegistry; SearchStrategy: all) found bean 'simpleMeterRegistry'; @ConditionalOnMissingBean (types: io.micrometer.core.instrument.observation.MeterObservationHandler; SearchStrategy: all) did not find any beans (OnBeanCondition)

   ObservationAutoConfiguration.MeterObservationHandlerConfiguration.OnlyMetricsMeterObservationHandlerConfiguration matched:
      - @ConditionalOnMissingBean (types: io.micrometer.tracing.Tracer; SearchStrategy: all) did not find any beans (OnBeanCondition)

   ObservationAutoConfiguration.ObservedAspectConfiguration matched:
      - @ConditionalOnClass found required class 'org.aspectj.weaver.Advice' (OnClassCondition)

   ObservationAutoConfiguration.ObservedAspectConfiguration#observedAspect matched:
      - @ConditionalOnMissingBean (types: io.micrometer.observation.aop.ObservedAspect; SearchStrategy: all) did not find any beans (OnBeanCondition)

   ObservationAutoConfiguration.OnlyMetricsConfiguration matched:
      - @ConditionalOnClass found required class 'io.micrometer.core.instrument.MeterRegistry'; @ConditionalOnMissingClass did not find unwanted class 'io.micrometer.tracing.Tracer' (OnClassCondition)

   PersistenceExceptionTranslationAutoConfiguration matched:
      - @ConditionalOnClass found required class 'org.springframework.dao.annotation.PersistenceExceptionTranslationPostProcessor' (OnClassCondition)

   PersistenceExceptionTranslationAutoConfiguration#persistenceExceptionTranslationPostProcessor matched:
      - @ConditionalOnProperty (spring.dao.exceptiontranslation.enabled) matched (OnPropertyCondition)
      - @ConditionalOnMissingBean (types: org.springframework.dao.annotation.PersistenceExceptionTranslationPostProcessor; SearchStrategy: all) did not find any beans (OnBeanCondition)

   PropertyPlaceholderAutoConfiguration#propertySourcesPlaceholderConfigurer matched:
      - @ConditionalOnMissingBean (types: org.springframework.context.support.PropertySourcesPlaceholderConfigurer; SearchStrategy: current) did not find any beans (OnBeanCondition)

   RepositoryMetricsAutoConfiguration matched:
      - @ConditionalOnClass found required class 'org.springframework.data.repository.Repository' (OnClassCondition)
      - @ConditionalOnBean (types: io.micrometer.core.instrument.MeterRegistry; SearchStrategy: all) found bean 'simpleMeterRegistry' (OnBeanCondition)

   RepositoryMetricsAutoConfiguration#metricsRepositoryMethodInvocationListener matched:
      - @ConditionalOnMissingBean (types: org.springframework.boot.actuate.metrics.data.MetricsRepositoryMethodInvocationListener; SearchStrategy: all) did not find any beans (OnBeanCondition)

   RepositoryMetricsAutoConfiguration#repositoryTagsProvider matched:
      - @ConditionalOnMissingBean (types: org.springframework.boot.actuate.metrics.data.RepositoryTagsProvider; SearchStrategy: all) did not find any beans (OnBeanCondition)

   RestClientAutoConfiguration matched:
      - @ConditionalOnClass found required class 'org.springframework.web.client.RestClient' (OnClassCondition)
      - NoneNestedConditions 0 matched 1 did not; NestedCondition on NotReactiveWebApplicationCondition.ReactiveWebApplication did not find reactive web application classes (NotReactiveWebApplicationCondition)

   RestClientAutoConfiguration#httpMessageConvertersRestClientCustomizer matched:
      - @ConditionalOnMissingBean (types: org.springframework.boot.autoconfigure.web.client.HttpMessageConvertersRestClientCustomizer; SearchStrategy: all) did not find any beans (OnBeanCondition)

   RestClientAutoConfiguration#restClientBuilder matched:
      - @ConditionalOnMissingBean (types: org.springframework.web.client.RestClient$Builder; SearchStrategy: all) did not find any beans (OnBeanCondition)

   RestClientAutoConfiguration#restClientBuilderConfigurer matched:
      - @ConditionalOnMissingBean (types: org.springframework.boot.autoconfigure.web.client.RestClientBuilderConfigurer; SearchStrategy: all) did not find any beans (OnBeanCondition)

   RestClientAutoConfiguration#restClientSsl matched:
      - @ConditionalOnBean (types: org.springframework.boot.ssl.SslBundles; SearchStrategy: all) found bean 'sslBundleRegistry'; @ConditionalOnMissingBean (types: org.springframework.boot.autoconfigure.web.client.RestClientSsl; SearchStrategy: all) did not find any beans (OnBeanCondition)

   RestClientObservationConfiguration matched:
      - @ConditionalOnClass found required class 'org.springframework.web.client.RestClient' (OnClassCondition)
      - @ConditionalOnBean (types: org.springframework.web.client.RestClient$Builder; SearchStrategy: all) found bean 'restClientBuilder' (OnBeanCondition)

   RestTemplateAutoConfiguration matched:
      - @ConditionalOnClass found required class 'org.springframework.web.client.RestTemplate' (OnClassCondition)
      - NoneNestedConditions 0 matched 1 did not; NestedCondition on NotReactiveWebApplicationCondition.ReactiveWebApplication did not find reactive web application classes (NotReactiveWebApplicationCondition)

   RestTemplateAutoConfiguration#restTemplateBuilder matched:
      - @ConditionalOnMissingBean (types: org.springframework.boot.web.client.RestTemplateBuilder; SearchStrategy: all) did not find any beans (OnBeanCondition)

   RestTemplateObservationConfiguration matched:
      - @ConditionalOnClass found required class 'org.springframework.web.client.RestTemplate' (OnClassCondition)
      - @ConditionalOnBean (types: org.springframework.boot.web.client.RestTemplateBuilder; SearchStrategy: all) found bean 'restTemplateBuilder' (OnBeanCondition)

   ScheduledTasksObservabilityAutoConfiguration matched:
      - @ConditionalOnClass found required class 'org.springframework.scheduling.concurrent.ThreadPoolTaskScheduler' (OnClassCondition)
      - @ConditionalOnBean (types: io.micrometer.observation.ObservationRegistry; SearchStrategy: all) found bean 'observationRegistry' (OnBeanCondition)

   ServletEndpointManagementContextConfiguration matched:
      - found 'session' scope (OnWebApplicationCondition)

   ServletEndpointManagementContextConfiguration.WebMvcServletEndpointManagementContextConfiguration matched:
      - @ConditionalOnClass found required class 'org.springframework.web.servlet.DispatcherServlet' (OnClassCondition)

   ServletManagementContextAutoConfiguration matched:
      - @ConditionalOnClass found required class 'jakarta.servlet.Servlet' (OnClassCondition)
      - found 'session' scope (OnWebApplicationCondition)

   ServletWebServerFactoryAutoConfiguration matched:
      - @ConditionalOnClass found required class 'jakarta.servlet.ServletRequest' (OnClassCondition)
      - found 'session' scope (OnWebApplicationCondition)

   ServletWebServerFactoryAutoConfiguration#tomcatServletWebServerFactoryCustomizer matched:
      - @ConditionalOnClass found required class 'org.apache.catalina.startup.Tomcat' (OnClassCondition)

   ServletWebServerFactoryConfiguration.EmbeddedTomcat matched:
      - @ConditionalOnClass found required classes 'jakarta.servlet.Servlet', 'org.apache.catalina.startup.Tomcat', 'org.apache.coyote.UpgradeProtocol' (OnClassCondition)
      - @ConditionalOnMissingBean (types: org.springframework.boot.web.servlet.server.ServletWebServerFactory; SearchStrategy: current) did not find any beans (OnBeanCondition)

   SimpleCacheConfiguration matched:
      - Cache org.springframework.boot.autoconfigure.cache.SimpleCacheConfiguration automatic cache type (CacheCondition)

   SimpleMetricsExportAutoConfiguration matched:
      - @ConditionalOnEnabledMetricsExport management.simple.metrics.export.enabled is true (OnMetricsExportEnabledCondition)
      - @ConditionalOnBean (types: io.micrometer.core.instrument.Clock; SearchStrategy: all) found bean 'micrometerClock'; @ConditionalOnMissingBean (types: io.micrometer.core.instrument.MeterRegistry; SearchStrategy: all) did not find any beans (OnBeanCondition)

   SimpleMetricsExportAutoConfiguration#simpleConfig matched:
      - @ConditionalOnMissingBean (types: io.micrometer.core.instrument.simple.SimpleConfig; SearchStrategy: all) did not find any beans (OnBeanCondition)

   SpringDataWebAutoConfiguration matched:
      - @ConditionalOnClass found required classes 'org.springframework.data.web.PageableHandlerMethodArgumentResolver', 'org.springframework.web.servlet.config.annotation.WebMvcConfigurer' (OnClassCondition)
      - found 'session' scope (OnWebApplicationCondition)
      - @ConditionalOnMissingBean (types: org.springframework.data.web.PageableHandlerMethodArgumentResolver; SearchStrategy: all) did not find any beans (OnBeanCondition)

   SpringDataWebAutoConfiguration#pageableCustomizer matched:
      - @ConditionalOnMissingBean (types: org.springframework.data.web.config.PageableHandlerMethodArgumentResolverCustomizer; SearchStrategy: all) did not find any beans (OnBeanCondition)

   SpringDataWebAutoConfiguration#sortCustomizer matched:
      - @ConditionalOnMissingBean (types: org.springframework.data.web.config.SortHandlerMethodArgumentResolverCustomizer; SearchStrategy: all) did not find any beans (OnBeanCondition)

   SpringDataWebAutoConfiguration#springDataWebSettings matched:
      - @ConditionalOnMissingBean (types: org.springframework.data.web.config.SpringDataWebSettings; SearchStrategy: all) did not find any beans (OnBeanCondition)

   SqlInitializationAutoConfiguration matched:
      - @ConditionalOnProperty (spring.sql.init.enabled) matched (OnPropertyCondition)
      - NoneNestedConditions 0 matched 1 did not; NestedCondition on SqlInitializationAutoConfiguration.SqlInitializationModeCondition.ModeIsNever @ConditionalOnProperty (spring.sql.init.mode=never) did not find property 'mode' (SqlInitializationAutoConfiguration.SqlInitializationModeCondition)

   SslAutoConfiguration#sslBundleRegistry matched:
      - @ConditionalOnMissingBean (types: org.springframework.boot.ssl.SslBundleRegistry,org.springframework.boot.ssl.SslBundles; SearchStrategy: all) did not find any beans (OnBeanCondition)

   SslHealthContributorAutoConfiguration matched:
      - @ConditionalOnEnabledHealthIndicator management.health.defaults.enabled is considered true (OnEnabledHealthIndicatorCondition)

   SslHealthContributorAutoConfiguration#sslHealthIndicator matched:
      - @ConditionalOnMissingBean (names: sslHealthIndicator; SearchStrategy: all) did not find any beans (OnBeanCondition)

   SslHealthContributorAutoConfiguration#sslInfo matched:
      - @ConditionalOnMissingBean (types: org.springframework.boot.info.SslInfo; SearchStrategy: all) did not find any beans (OnBeanCondition)

   StartupTimeMetricsListenerAutoConfiguration matched:
      - @ConditionalOnClass found required class 'io.micrometer.core.instrument.MeterRegistry' (OnClassCondition)
      - @ConditionalOnBean (types: io.micrometer.core.instrument.MeterRegistry; SearchStrategy: all) found bean 'simpleMeterRegistry' (OnBeanCondition)

   StartupTimeMetricsListenerAutoConfiguration#startupTimeMetrics matched:
      - @ConditionalOnMissingBean (types: org.springframework.boot.actuate.metrics.startup.StartupTimeMetricsListener; SearchStrategy: all) did not find any beans (OnBeanCondition)

   SystemMetricsAutoConfiguration matched:
      - @ConditionalOnClass found required class 'io.micrometer.core.instrument.MeterRegistry' (OnClassCondition)
      - @ConditionalOnBean (types: io.micrometer.core.instrument.MeterRegistry; SearchStrategy: all) found bean 'simpleMeterRegistry' (OnBeanCondition)

   SystemMetricsAutoConfiguration#diskSpaceMetrics matched:
      - @ConditionalOnMissingBean (types: org.springframework.boot.actuate.metrics.system.DiskSpaceMetricsBinder; SearchStrategy: all) did not find any beans (OnBeanCondition)

   SystemMetricsAutoConfiguration#fileDescriptorMetrics matched:
      - @ConditionalOnMissingBean (types: io.micrometer.core.instrument.binder.system.FileDescriptorMetrics; SearchStrategy: all) did not find any beans (OnBeanCondition)

   SystemMetricsAutoConfiguration#processorMetrics matched:
      - @ConditionalOnMissingBean (types: io.micrometer.core.instrument.binder.system.ProcessorMetrics; SearchStrategy: all) did not find any beans (OnBeanCondition)

   SystemMetricsAutoConfiguration#uptimeMetrics matched:
      - @ConditionalOnMissingBean (types: io.micrometer.core.instrument.binder.system.UptimeMetrics; SearchStrategy: all) did not find any beans (OnBeanCondition)

   TaskExecutionAutoConfiguration matched:
      - @ConditionalOnClass found required class 'org.springframework.scheduling.concurrent.ThreadPoolTaskExecutor' (OnClassCondition)

   TaskExecutorConfigurations.SimpleAsyncTaskExecutorBuilderConfiguration#simpleAsyncTaskExecutorBuilder matched:
      - @ConditionalOnMissingBean (types: org.springframework.boot.task.SimpleAsyncTaskExecutorBuilder; SearchStrategy: all) did not find any beans (OnBeanCondition)
      - @ConditionalOnThreading found PLATFORM (OnThreadingCondition)

   TaskExecutorConfigurations.TaskExecutorConfiguration matched:
      - @ConditionalOnMissingBean (types: java.util.concurrent.Executor; SearchStrategy: all) did not find any beans (OnBeanCondition)

   TaskExecutorConfigurations.TaskExecutorConfiguration#applicationTaskExecutor matched:
      - @ConditionalOnThreading found PLATFORM (OnThreadingCondition)

   TaskExecutorConfigurations.ThreadPoolTaskExecutorBuilderConfiguration#threadPoolTaskExecutorBuilder matched:
      - @ConditionalOnMissingBean (types: org.springframework.boot.task.ThreadPoolTaskExecutorBuilder; SearchStrategy: all) did not find any beans (OnBeanCondition)

   TaskExecutorMetricsAutoConfiguration matched:
      - @ConditionalOnClass found required class 'io.micrometer.core.instrument.binder.jvm.ExecutorServiceMetrics' (OnClassCondition)
      - @ConditionalOnBean (types: java.util.concurrent.Executor,io.micrometer.core.instrument.MeterRegistry; SearchStrategy: all) found beans 'applicationTaskExecutor', 'simpleMeterRegistry' (OnBeanCondition)

   TaskSchedulingAutoConfiguration matched:
      - @ConditionalOnClass found required class 'org.springframework.scheduling.concurrent.ThreadPoolTaskScheduler' (OnClassCondition)

   TaskSchedulingConfigurations.SimpleAsyncTaskSchedulerBuilderConfiguration#simpleAsyncTaskSchedulerBuilder matched:
      - @ConditionalOnMissingBean (types: org.springframework.boot.task.SimpleAsyncTaskSchedulerBuilder; SearchStrategy: all) did not find any beans (OnBeanCondition)
      - @ConditionalOnThreading found PLATFORM (OnThreadingCondition)

   TaskSchedulingConfigurations.ThreadPoolTaskSchedulerBuilderConfiguration#threadPoolTaskSchedulerBuilder matched:
      - @ConditionalOnMissingBean (types: org.springframework.boot.task.ThreadPoolTaskSchedulerBuilder; SearchStrategy: all) did not find any beans (OnBeanCondition)

   TomcatMetricsAutoConfiguration matched:
      - @ConditionalOnClass found required classes 'io.micrometer.core.instrument.binder.tomcat.TomcatMetrics', 'org.apache.catalina.Manager' (OnClassCondition)
      - @ConditionalOnWebApplication (required) found 'session' scope (OnWebApplicationCondition)

   TomcatMetricsAutoConfiguration#tomcatMetricsBinder matched:
      - @ConditionalOnBean (types: io.micrometer.core.instrument.MeterRegistry; SearchStrategy: all) found bean 'simpleMeterRegistry'; @ConditionalOnMissingBean (types: io.micrometer.core.instrument.binder.tomcat.TomcatMetrics,org.springframework.boot.actuate.metrics.web.tomcat.TomcatMetricsBinder; SearchStrategy: all) did not find any beans (OnBeanCondition)

   TransactionAutoConfiguration matched:
      - @ConditionalOnClass found required class 'org.springframework.transaction.PlatformTransactionManager' (OnClassCondition)

   TransactionAutoConfiguration.EnableTransactionManagementConfiguration matched:
      - @ConditionalOnBean (types: org.springframework.transaction.TransactionManager; SearchStrategy: all) found bean 'transactionManager'; @ConditionalOnMissingBean (types: org.springframework.transaction.annotation.AbstractTransactionManagementConfiguration; SearchStrategy: all) did not find any beans (OnBeanCondition)

   TransactionAutoConfiguration.EnableTransactionManagementConfiguration.CglibAutoProxyConfiguration matched:
      - @ConditionalOnProperty (spring.aop.proxy-target-class=true) matched (OnPropertyCondition)

   TransactionAutoConfiguration.TransactionTemplateConfiguration matched:
      - @ConditionalOnSingleCandidate (types: org.springframework.transaction.PlatformTransactionManager; SearchStrategy: all) found a single bean 'transactionManager' (OnBeanCondition)

   TransactionAutoConfiguration.TransactionTemplateConfiguration#transactionTemplate matched:
      - @ConditionalOnMissingBean (types: org.springframework.transaction.support.TransactionOperations; SearchStrategy: all) did not find any beans (OnBeanCondition)

   TransactionManagerCustomizationAutoConfiguration matched:
      - @ConditionalOnClass found required class 'org.springframework.transaction.PlatformTransactionManager' (OnClassCondition)

   TransactionManagerCustomizationAutoConfiguration#platformTransactionManagerCustomizers matched:
      - @ConditionalOnMissingBean (types: org.springframework.boot.autoconfigure.transaction.TransactionManagerCustomizers; SearchStrategy: all) did not find any beans (OnBeanCondition)

   ValidationAutoConfiguration matched:
      - @ConditionalOnClass found required class 'jakarta.validation.executable.ExecutableValidator' (OnClassCondition)
      - @ConditionalOnResource found location classpath:META-INF/services/jakarta.validation.spi.ValidationProvider (OnResourceCondition)

   ValidationAutoConfiguration#defaultValidator matched:
      - @ConditionalOnMissingBean (types: jakarta.validation.Validator; SearchStrategy: all) did not find any beans (OnBeanCondition)

   ValidationAutoConfiguration#methodValidationPostProcessor matched:
      - @ConditionalOnMissingBean (types: org.springframework.validation.beanvalidation.MethodValidationPostProcessor; SearchStrategy: current) did not find any beans (OnBeanCondition)

   WebEndpointAutoConfiguration matched:
      - @ConditionalOnWebApplication (required) found 'session' scope (OnWebApplicationCondition)

   WebEndpointAutoConfiguration#controllerEndpointDiscoverer matched:
      - @ConditionalOnMissingBean (types: org.springframework.boot.actuate.endpoint.web.annotation.ControllerEndpointsSupplier; SearchStrategy: all) did not find any beans (OnBeanCondition)

   WebEndpointAutoConfiguration#endpointMediaTypes matched:
      - @ConditionalOnMissingBean (types: org.springframework.boot.actuate.endpoint.web.EndpointMediaTypes; SearchStrategy: all) did not find any beans (OnBeanCondition)

   WebEndpointAutoConfiguration#pathMappedEndpoints matched:
      - @ConditionalOnMissingBean (types: org.springframework.boot.actuate.endpoint.web.PathMappedEndpoints; SearchStrategy: all) did not find any beans (OnBeanCondition)

   WebEndpointAutoConfiguration#webEndpointDiscoverer matched:
      - @ConditionalOnMissingBean (types: org.springframework.boot.actuate.endpoint.web.WebEndpointsSupplier; SearchStrategy: all) did not find any beans (OnBeanCondition)

   WebEndpointAutoConfiguration.WebEndpointServletConfiguration matched:
      - found 'session' scope (OnWebApplicationCondition)

   WebEndpointAutoConfiguration.WebEndpointServletConfiguration#servletEndpointDiscoverer matched:
      - @ConditionalOnMissingBean (types: org.springframework.boot.actuate.endpoint.web.annotation.ServletEndpointsSupplier; SearchStrategy: all) did not find any beans (OnBeanCondition)

   WebMvcAutoConfiguration matched:
      - @ConditionalOnClass found required classes 'jakarta.servlet.Servlet', 'org.springframework.web.servlet.DispatcherServlet', 'org.springframework.web.servlet.config.annotation.WebMvcConfigurer' (OnClassCondition)
      - found 'session' scope (OnWebApplicationCondition)
      - @ConditionalOnMissingBean (types: org.springframework.web.servlet.config.annotation.WebMvcConfigurationSupport; SearchStrategy: all) did not find any beans (OnBeanCondition)

   WebMvcAutoConfiguration#formContentFilter matched:
      - @ConditionalOnProperty (spring.mvc.formcontent.filter.enabled) matched (OnPropertyCondition)
      - @ConditionalOnMissingBean (types: org.springframework.web.filter.FormContentFilter; SearchStrategy: all) did not find any beans (OnBeanCondition)

   WebMvcAutoConfiguration.EnableWebMvcConfiguration#flashMapManager matched:
      - @ConditionalOnMissingBean (names: flashMapManager; SearchStrategy: all) did not find any beans (OnBeanCondition)

   WebMvcAutoConfiguration.EnableWebMvcConfiguration#localeResolver matched:
      - @ConditionalOnMissingBean (names: localeResolver; SearchStrategy: all) did not find any beans (OnBeanCondition)

   WebMvcAutoConfiguration.EnableWebMvcConfiguration#themeResolver matched:
      - @ConditionalOnMissingBean (names: themeResolver; SearchStrategy: all) did not find any beans (OnBeanCondition)

   WebMvcAutoConfiguration.EnableWebMvcConfiguration#viewNameTranslator matched:
      - @ConditionalOnMissingBean (names: viewNameTranslator; SearchStrategy: all) did not find any beans (OnBeanCondition)

   WebMvcAutoConfiguration.WebMvcAutoConfigurationAdapter#defaultViewResolver matched:
      - @ConditionalOnMissingBean (types: org.springframework.web.servlet.view.InternalResourceViewResolver; SearchStrategy: all) did not find any beans (OnBeanCondition)

   WebMvcAutoConfiguration.WebMvcAutoConfigurationAdapter#requestContextFilter matched:
      - @ConditionalOnMissingBean (types: org.springframework.web.context.request.RequestContextListener,org.springframework.web.filter.RequestContextFilter; SearchStrategy: all) did not find any beans (OnBeanCondition)

   WebMvcAutoConfiguration.WebMvcAutoConfigurationAdapter#viewResolver matched:
      - @ConditionalOnBean (types: org.springframework.web.servlet.ViewResolver; SearchStrategy: all) found beans 'defaultViewResolver', 'beanNameViewResolver', 'mvcViewResolver'; @ConditionalOnMissingBean (names: viewResolver types: org.springframework.web.servlet.view.ContentNegotiatingViewResolver; SearchStrategy: all) did not find any beans (OnBeanCondition)

   WebMvcEndpointManagementContextConfiguration matched:
      - @ConditionalOnClass found required class 'org.springframework.web.servlet.DispatcherServlet' (OnClassCondition)
      - found 'session' scope (OnWebApplicationCondition)
      - @ConditionalOnBean (types: org.springframework.web.servlet.DispatcherServlet,org.springframework.boot.actuate.endpoint.web.WebEndpointsSupplier; SearchStrategy: all) found beans 'webEndpointDiscoverer', 'dispatcherServlet' (OnBeanCondition)

   WebMvcEndpointManagementContextConfiguration#controllerEndpointHandlerMapping matched:
      - @ConditionalOnMissingBean (types: org.springframework.boot.actuate.endpoint.web.servlet.ControllerEndpointHandlerMapping; SearchStrategy: all) did not find any beans (OnBeanCondition)

   WebMvcEndpointManagementContextConfiguration#endpointObjectMapperWebMvcConfigurer matched:
      - @ConditionalOnBean (types: org.springframework.boot.actuate.endpoint.jackson.EndpointObjectMapper; SearchStrategy: all) found bean 'endpointObjectMapper' (OnBeanCondition)

   WebMvcEndpointManagementContextConfiguration#webEndpointServletHandlerMapping matched:
      - @ConditionalOnMissingBean (types: org.springframework.boot.actuate.endpoint.web.servlet.WebMvcEndpointHandlerMapping; SearchStrategy: all) did not find any beans (OnBeanCondition)

   WebMvcObservationAutoConfiguration matched:
      - @ConditionalOnClass found required classes 'org.springframework.web.servlet.DispatcherServlet', 'io.micrometer.observation.Observation' (OnClassCondition)
      - found 'session' scope (OnWebApplicationCondition)
      - @ConditionalOnBean (types: io.micrometer.observation.ObservationRegistry; SearchStrategy: all) found bean 'observationRegistry' (OnBeanCondition)

   WebMvcObservationAutoConfiguration#webMvcObservationFilter matched:
      - @ConditionalOnMissingBean (types: org.springframework.web.filter.ServerHttpObservationFilter; SearchStrategy: all) did not find any beans (OnBeanCondition)

   WebMvcObservationAutoConfiguration.MeterFilterConfiguration matched:
      - @ConditionalOnClass found required class 'io.micrometer.core.instrument.MeterRegistry' (OnClassCondition)
      - @ConditionalOnBean (types: io.micrometer.core.instrument.MeterRegistry; SearchStrategy: all) found bean 'simpleMeterRegistry' (OnBeanCondition)

   WebSocketServletAutoConfiguration matched:
      - @ConditionalOnClass found required classes 'jakarta.servlet.Servlet', 'jakarta.websocket.server.ServerContainer' (OnClassCondition)
      - found 'session' scope (OnWebApplicationCondition)

   WebSocketServletAutoConfiguration.TomcatWebSocketConfiguration matched:
      - @ConditionalOnClass found required classes 'org.apache.catalina.startup.Tomcat', 'org.apache.tomcat.websocket.server.WsSci' (OnClassCondition)

   WebSocketServletAutoConfiguration.TomcatWebSocketConfiguration#websocketServletWebServerCustomizer matched:
      - @ConditionalOnMissingBean (names: websocketServletWebServerCustomizer; SearchStrategy: all) did not find any beans (OnBeanCondition)


Negative matches:
-----------------

   ActiveMQAutoConfiguration:
      Did not match:
         - @ConditionalOnClass did not find required class 'jakarta.jms.ConnectionFactory' (OnClassCondition)

   AopAutoConfiguration.AspectJAutoProxyingConfiguration.JdkDynamicAutoProxyConfiguration:
      Did not match:
         - @ConditionalOnProperty (spring.aop.proxy-target-class=false) did not find property 'proxy-target-class' (OnPropertyCondition)

   AopAutoConfiguration.ClassProxyingConfiguration:
      Did not match:
         - @ConditionalOnMissingClass found unwanted class 'org.aspectj.weaver.Advice' (OnClassCondition)

   AppOpticsMetricsExportAutoConfiguration:
      Did not match:
         - @ConditionalOnClass did not find required class 'io.micrometer.appoptics.AppOpticsMeterRegistry' (OnClassCondition)

   ArtemisAutoConfiguration:
      Did not match:
         - @ConditionalOnClass did not find required class 'jakarta.jms.ConnectionFactory' (OnClassCondition)

   AtlasMetricsExportAutoConfiguration:
      Did not match:
         - @ConditionalOnClass did not find required class 'io.micrometer.atlas.AtlasMeterRegistry' (OnClassCondition)

   AuditAutoConfiguration:
      Did not match:
         - @ConditionalOnBean (types: org.springframework.boot.actuate.audit.AuditEventRepository; SearchStrategy: all) did not find any beans of type org.springframework.boot.actuate.audit.AuditEventRepository (OnBeanCondition)
      Matched:
         - @ConditionalOnProperty (management.auditevents.enabled) matched (OnPropertyCondition)

   AuditEventsEndpointAutoConfiguration:
      Did not match:
         - @ConditionalOnAvailableEndpoint not exposed (OnAvailableEndpointCondition)

   AvailabilityHealthContributorAutoConfiguration#livenessStateHealthIndicator:
      Did not match:
         - @ConditionalOnProperty (management.health.livenessstate.enabled=true) did not find property 'enabled' (OnPropertyCondition)

   AvailabilityHealthContributorAutoConfiguration#readinessStateHealthIndicator:
      Did not match:
         - @ConditionalOnProperty (management.health.readinessstate.enabled=true) did not find property 'enabled' (OnPropertyCondition)

   AvailabilityProbesAutoConfiguration:
      Did not match:
         - Probes availability not running on a supported cloud platform (AvailabilityProbesAutoConfiguration.ProbesCondition)

   BatchAutoConfiguration:
      Did not match:
         - @ConditionalOnClass did not find required class 'org.springframework.batch.core.launch.JobLauncher' (OnClassCondition)

   BatchObservationAutoConfiguration:
      Did not match:
         - @ConditionalOnClass did not find required class 'org.springframework.batch.core.configuration.annotation.BatchObservabilityBeanPostProcessor' (OnClassCondition)

   BeansEndpointAutoConfiguration:
      Did not match:
         - @ConditionalOnAvailableEndpoint not exposed (OnAvailableEndpointCondition)

   BraveAutoConfiguration:
      Did not match:
         - @ConditionalOnClass did not find required class 'brave.Tracer' (OnClassCondition)

   Cache2kCacheConfiguration:
      Did not match:
         - @ConditionalOnClass did not find required class 'org.cache2k.Cache2kBuilder' (OnClassCondition)

   CacheAutoConfiguration:
      Did not match:
         - @ConditionalOnBean (types: org.springframework.cache.interceptor.CacheAspectSupport; SearchStrategy: all) did not find any beans of type org.springframework.cache.interceptor.CacheAspectSupport (OnBeanCondition)
      Matched:
         - @ConditionalOnClass found required class 'org.springframework.cache.CacheManager' (OnClassCondition)

   CacheAutoConfiguration.CacheManagerEntityManagerFactoryDependsOnPostProcessor:
      Did not match:
         - Ancestor org.springframework.boot.autoconfigure.cache.CacheAutoConfiguration did not match (ConditionEvaluationReport.AncestorsMatchedCondition)
      Matched:
         - @ConditionalOnClass found required class 'org.springframework.orm.jpa.LocalContainerEntityManagerFactoryBean' (OnClassCondition)

   CacheMeterBinderProvidersConfiguration.Cache2kCacheMeterBinderProviderConfiguration:
      Did not match:
         - @ConditionalOnClass did not find required classes 'org.cache2k.Cache2kBuilder', 'org.cache2k.extra.spring.SpringCache2kCache', 'org.cache2k.extra.micrometer.Cache2kCacheMetrics' (OnClassCondition)

   CacheMeterBinderProvidersConfiguration.CaffeineCacheMeterBinderProviderConfiguration:
      Did not match:
         - @ConditionalOnClass did not find required classes 'org.springframework.cache.caffeine.CaffeineCache', 'com.github.benmanes.caffeine.cache.Cache' (OnClassCondition)

   CacheMeterBinderProvidersConfiguration.HazelcastCacheMeterBinderProviderConfiguration:
      Did not match:
         - @ConditionalOnClass did not find required classes 'com.hazelcast.spring.cache.HazelcastCache', 'com.hazelcast.core.Hazelcast' (OnClassCondition)

   CacheMeterBinderProvidersConfiguration.JCacheCacheMeterBinderProviderConfiguration:
      Did not match:
         - @ConditionalOnClass did not find required classes 'org.springframework.cache.jcache.JCacheCache', 'javax.cache.CacheManager' (OnClassCondition)

   CacheMeterBinderProvidersConfiguration.RedisCacheMeterBinderProviderConfiguration:
      Did not match:
         - @ConditionalOnClass did not find required class 'org.springframework.data.redis.cache.RedisCache' (OnClassCondition)

   CacheMetricsAutoConfiguration:
      Did not match:
         - @ConditionalOnBean (types: org.springframework.cache.CacheManager; SearchStrategy: all) did not find any beans of type org.springframework.cache.CacheManager (OnBeanCondition)

   CachesEndpointAutoConfiguration:
      Did not match:
         - @ConditionalOnAvailableEndpoint not exposed (OnAvailableEndpointCondition)
      Matched:
         - @ConditionalOnClass found required class 'org.springframework.cache.CacheManager' (OnClassCondition)

   CaffeineCacheConfiguration:
      Did not match:
         - @ConditionalOnClass did not find required class 'com.github.benmanes.caffeine.cache.Caffeine' (OnClassCondition)

   CassandraAutoConfiguration:
      Did not match:
         - @ConditionalOnClass did not find required class 'com.datastax.oss.driver.api.core.CqlSession' (OnClassCondition)

   CassandraDataAutoConfiguration:
      Did not match:
         - @ConditionalOnClass did not find required class 'com.datastax.oss.driver.api.core.CqlSession' (OnClassCondition)

   CassandraHealthContributorAutoConfiguration:
      Did not match:
         - @ConditionalOnClass did not find required class 'com.datastax.oss.driver.api.core.CqlSession' (OnClassCondition)

   CassandraReactiveDataAutoConfiguration:
      Did not match:
         - @ConditionalOnClass did not find required class 'com.datastax.oss.driver.api.core.CqlSession' (OnClassCondition)

   CassandraReactiveHealthContributorAutoConfiguration:
      Did not match:
         - @ConditionalOnClass did not find required class 'com.datastax.oss.driver.api.core.CqlSession' (OnClassCondition)

   CassandraReactiveRepositoriesAutoConfiguration:
      Did not match:
         - @ConditionalOnClass did not find required class 'org.springframework.data.cassandra.ReactiveSession' (OnClassCondition)

   CassandraRepositoriesAutoConfiguration:
      Did not match:
         - @ConditionalOnClass did not find required class 'com.datastax.oss.driver.api.core.CqlSession' (OnClassCondition)

   ClientHttpConnectorAutoConfiguration:
      Did not match:
         - @ConditionalOnClass did not find required class 'org.springframework.web.reactive.function.client.WebClient' (OnClassCondition)

   CloudFoundryActuatorAutoConfiguration:
      Did not match:
         - @ConditionalOnCloudPlatform did not find CLOUD_FOUNDRY (OnCloudPlatformCondition)
      Matched:
         - @ConditionalOnClass found required class 'org.springframework.web.servlet.DispatcherServlet' (OnClassCondition)
         - found 'session' scope (OnWebApplicationCondition)
         - @ConditionalOnProperty (management.cloudfoundry.enabled) matched (OnPropertyCondition)

   CodecsAutoConfiguration:
      Did not match:
         - @ConditionalOnClass did not find required class 'org.springframework.web.reactive.function.client.WebClient' (OnClassCondition)

   CompositeMeterRegistryConfiguration:
      Did not match:
         - NoneNestedConditions 1 matched 1 did not; NestedCondition on CompositeMeterRegistryConfiguration.MultipleNonPrimaryMeterRegistriesCondition.SingleInjectableMeterRegistry @ConditionalOnSingleCandidate (types: io.micrometer.core.instrument.MeterRegistry; SearchStrategy: all) found a single bean 'simpleMeterRegistry'; NestedCondition on CompositeMeterRegistryConfiguration.MultipleNonPrimaryMeterRegistriesCondition.NoMeterRegistryCondition @ConditionalOnMissingBean (types: io.micrometer.core.instrument.MeterRegistry; SearchStrategy: all) found beans of type 'io.micrometer.core.instrument.MeterRegistry' simpleMeterRegistry (CompositeMeterRegistryConfiguration.MultipleNonPrimaryMeterRegistriesCondition)

   ConditionsReportEndpointAutoConfiguration:
      Did not match:
         - @ConditionalOnAvailableEndpoint not exposed (OnAvailableEndpointCondition)

   ConfigurationPropertiesReportEndpointAutoConfiguration:
      Did not match:
         - @ConditionalOnAvailableEndpoint not exposed (OnAvailableEndpointCondition)

   ConnectionFactoryHealthContributorAutoConfiguration:
      Did not match:
         - @ConditionalOnClass did not find required class 'io.r2dbc.spi.ConnectionFactory' (OnClassCondition)

   ConnectionPoolMetricsAutoConfiguration:
      Did not match:
         - @ConditionalOnClass did not find required class 'io.r2dbc.pool.ConnectionPool' (OnClassCondition)

   CouchbaseAutoConfiguration:
      Did not match:
         - @ConditionalOnClass did not find required class 'com.couchbase.client.java.Cluster' (OnClassCondition)

   CouchbaseCacheConfiguration:
      Did not match:
         - @ConditionalOnClass did not find required class 'com.couchbase.client.java.Cluster' (OnClassCondition)

   CouchbaseDataAutoConfiguration:
      Did not match:
         - @ConditionalOnClass did not find required class 'com.couchbase.client.java.Bucket' (OnClassCondition)

   CouchbaseHealthContributorAutoConfiguration:
      Did not match:
         - @ConditionalOnClass did not find required class 'com.couchbase.client.java.Cluster' (OnClassCondition)

   CouchbaseReactiveDataAutoConfiguration:
      Did not match:
         - @ConditionalOnClass did not find required class 'com.couchbase.client.java.Cluster' (OnClassCondition)

   CouchbaseReactiveHealthContributorAutoConfiguration:
      Did not match:
         - @ConditionalOnClass did not find required class 'com.couchbase.client.java.Cluster' (OnClassCondition)

   CouchbaseReactiveRepositoriesAutoConfiguration:
      Did not match:
         - @ConditionalOnClass did not find required class 'com.couchbase.client.java.Cluster' (OnClassCondition)

   CouchbaseRepositoriesAutoConfiguration:
      Did not match:
         - @ConditionalOnClass did not find required class 'com.couchbase.client.java.Bucket' (OnClassCondition)

   DataSourceAutoConfiguration.EmbeddedDatabaseConfiguration:
      Did not match:
         - EmbeddedDataSource spring.datasource.url is set (DataSourceAutoConfiguration.EmbeddedDatabaseCondition)

   DataSourceCheckpointRestoreConfiguration:
      Did not match:
         - @ConditionalOnClass did not find required class 'org.crac.Resource' (OnClassCondition)

   DataSourceConfiguration.Dbcp2:
      Did not match:
         - @ConditionalOnClass did not find required class 'org.apache.commons.dbcp2.BasicDataSource' (OnClassCondition)

   DataSourceConfiguration.Generic:
      Did not match:
         - @ConditionalOnProperty (spring.datasource.type) did not find property 'spring.datasource.type' (OnPropertyCondition)

   DataSourceConfiguration.OracleUcp:
      Did not match:
         - @ConditionalOnClass did not find required class 'oracle.ucp.jdbc.PoolDataSourceImpl' (OnClassCondition)

   DataSourceConfiguration.Tomcat:
      Did not match:
         - @ConditionalOnClass did not find required class 'org.apache.tomcat.jdbc.pool.DataSource' (OnClassCondition)

   DataSourceJmxConfiguration:
      Did not match:
         - @ConditionalOnProperty (spring.jmx.enabled=true) found different value in property 'enabled' (OnPropertyCondition)

   DataSourcePoolMetadataProvidersConfiguration.CommonsDbcp2PoolDataSourceMetadataProviderConfiguration:
      Did not match:
         - @ConditionalOnClass did not find required class 'org.apache.commons.dbcp2.BasicDataSource' (OnClassCondition)

   DataSourcePoolMetadataProvidersConfiguration.OracleUcpPoolDataSourceMetadataProviderConfiguration:
      Did not match:
         - @ConditionalOnClass did not find required class 'oracle.ucp.jdbc.PoolDataSource' (OnClassCondition)

   DataSourcePoolMetadataProvidersConfiguration.TomcatDataSourcePoolMetadataProviderConfiguration:
      Did not match:
         - @ConditionalOnClass did not find required class 'org.apache.tomcat.jdbc.pool.DataSource' (OnClassCondition)

   DataSourceTransactionManagerAutoConfiguration.JdbcTransactionManagerConfiguration#transactionManager:
      Did not match:
         - @ConditionalOnMissingBean (types: org.springframework.transaction.TransactionManager; SearchStrategy: all) found beans of type 'org.springframework.transaction.TransactionManager' transactionManager (OnBeanCondition)

   DatadogMetricsExportAutoConfiguration:
      Did not match:
         - @ConditionalOnClass did not find required class 'io.micrometer.datadog.DatadogMeterRegistry' (OnClassCondition)

   DevToolsDataSourceAutoConfiguration:
      Did not match:
         - Devtools devtools is disabled for current context. (OnEnabledDevToolsCondition)
      Matched:
         - @ConditionalOnClass found required class 'javax.sql.DataSource' (OnClassCondition)

   DevToolsR2dbcAutoConfiguration:
      Did not match:
         - @ConditionalOnClass did not find required class 'io.r2dbc.spi.ConnectionFactory' (OnClassCondition)

   DispatcherServletAutoConfiguration.DispatcherServletConfiguration#multipartResolver:
      Did not match:
         - @ConditionalOnBean (types: org.springframework.web.multipart.MultipartResolver; SearchStrategy: all) did not find any beans of type org.springframework.web.multipart.MultipartResolver (OnBeanCondition)

   DynatraceMetricsExportAutoConfiguration:
      Did not match:
         - @ConditionalOnClass did not find required class 'io.micrometer.dynatrace.DynatraceMeterRegistry' (OnClassCondition)

   ElasticMetricsExportAutoConfiguration:
      Did not match:
         - @ConditionalOnClass did not find required class 'io.micrometer.elastic.ElasticMeterRegistry' (OnClassCondition)

   ElasticsearchClientAutoConfiguration:
      Did not match:
         - @ConditionalOnClass did not find required class 'co.elastic.clients.elasticsearch.ElasticsearchClient' (OnClassCondition)

   ElasticsearchDataAutoConfiguration:
      Did not match:
         - @ConditionalOnClass did not find required class 'org.springframework.data.elasticsearch.client.elc.ElasticsearchTemplate' (OnClassCondition)

   ElasticsearchReactiveHealthContributorAutoConfiguration:
      Did not match:
         - @ConditionalOnClass did not find required class 'reactor.core.publisher.Flux' (OnClassCondition)

   ElasticsearchRepositoriesAutoConfiguration:
      Did not match:
         - @ConditionalOnClass did not find required class 'org.springframework.data.elasticsearch.repository.ElasticsearchRepository' (OnClassCondition)

   ElasticsearchRestClientAutoConfiguration:
      Did not match:
         - @ConditionalOnClass did not find required class 'org.elasticsearch.client.RestClientBuilder' (OnClassCondition)

   ElasticsearchRestHealthContributorAutoConfiguration:
      Did not match:
         - @ConditionalOnClass did not find required class 'org.elasticsearch.client.RestClient' (OnClassCondition)

   EmbeddedLdapAutoConfiguration:
      Did not match:
         - @ConditionalOnClass did not find required class 'com.unboundid.ldap.listener.InMemoryDirectoryServer' (OnClassCondition)

   EmbeddedWebServerFactoryCustomizerAutoConfiguration:
      Did not match:
         - Application is deployed as a WAR file. (OnWarDeploymentCondition)
      Matched:
         - @ConditionalOnWebApplication (required) found 'session' scope (OnWebApplicationCondition)

   EnvironmentEndpointAutoConfiguration:
      Did not match:
         - @ConditionalOnAvailableEndpoint not exposed (OnAvailableEndpointCondition)

   ErrorWebFluxAutoConfiguration:
      Did not match:
         - @ConditionalOnClass did not find required class 'org.springframework.web.reactive.config.WebFluxConfigurer' (OnClassCondition)

   FlywayAutoConfiguration:
      Did not match:
         - @ConditionalOnClass did not find required class 'org.flywaydb.core.Flyway' (OnClassCondition)

   FlywayEndpointAutoConfiguration:
      Did not match:
         - @ConditionalOnClass did not find required class 'org.flywaydb.core.Flyway' (OnClassCondition)

   FreeMarkerAutoConfiguration:
      Did not match:
         - @ConditionalOnClass did not find required class 'freemarker.template.Configuration' (OnClassCondition)

   GangliaMetricsExportAutoConfiguration:
      Did not match:
         - @ConditionalOnClass did not find required class 'io.micrometer.ganglia.GangliaMeterRegistry' (OnClassCondition)

   GraphQlAutoConfiguration:
      Did not match:
         - @ConditionalOnClass did not find required class 'graphql.GraphQL' (OnClassCondition)

   GraphQlObservationAutoConfiguration:
      Did not match:
         - @ConditionalOnClass did not find required class 'graphql.GraphQL' (OnClassCondition)

   GraphQlQueryByExampleAutoConfiguration:
      Did not match:
         - @ConditionalOnClass did not find required class 'graphql.GraphQL' (OnClassCondition)

   GraphQlQuerydslAutoConfiguration:
      Did not match:
         - @ConditionalOnClass did not find required class 'com.querydsl.core.Query' (OnClassCondition)

   GraphQlRSocketAutoConfiguration:
      Did not match:
         - @ConditionalOnClass did not find required class 'graphql.GraphQL' (OnClassCondition)

   GraphQlReactiveQueryByExampleAutoConfiguration:
      Did not match:
         - @ConditionalOnClass did not find required class 'graphql.GraphQL' (OnClassCondition)

   GraphQlReactiveQuerydslAutoConfiguration:
      Did not match:
         - @ConditionalOnClass did not find required class 'com.querydsl.core.Query' (OnClassCondition)

   GraphQlWebFluxAutoConfiguration:
      Did not match:
         - @ConditionalOnClass did not find required class 'graphql.GraphQL' (OnClassCondition)

   GraphQlWebFluxSecurityAutoConfiguration:
      Did not match:
         - @ConditionalOnClass did not find required class 'graphql.GraphQL' (OnClassCondition)

   GraphQlWebMvcAutoConfiguration:
      Did not match:
         - @ConditionalOnClass did not find required class 'graphql.GraphQL' (OnClassCondition)

   GraphQlWebMvcSecurityAutoConfiguration:
      Did not match:
         - @ConditionalOnClass did not find required class 'graphql.GraphQL' (OnClassCondition)

   GraphiteMetricsExportAutoConfiguration:
      Did not match:
         - @ConditionalOnClass did not find required class 'io.micrometer.graphite.GraphiteMeterRegistry' (OnClassCondition)

   GroovyTemplateAutoConfiguration:
      Did not match:
         - @ConditionalOnClass did not find required class 'groovy.text.markup.MarkupTemplateEngine' (OnClassCondition)

   GsonAutoConfiguration:
      Did not match:
         - @ConditionalOnClass did not find required class 'com.google.gson.Gson' (OnClassCondition)

   GsonHttpMessageConvertersConfiguration:
      Did not match:
         - @ConditionalOnClass did not find required class 'com.google.gson.Gson' (OnClassCondition)

   H2ConsoleAutoConfiguration:
      Did not match:
         - @ConditionalOnClass did not find required class 'org.h2.server.web.JakartaWebServlet' (OnClassCondition)

   HazelcastAutoConfiguration:
      Did not match:
         - @ConditionalOnClass did not find required class 'com.hazelcast.core.HazelcastInstance' (OnClassCondition)

   HazelcastCacheConfiguration:
      Did not match:
         - @ConditionalOnClass did not find required class 'com.hazelcast.core.HazelcastInstance' (OnClassCondition)

   HazelcastHealthContributorAutoConfiguration:
      Did not match:
         - @ConditionalOnClass did not find required class 'com.hazelcast.core.HazelcastInstance' (OnClassCondition)

   HazelcastJpaDependencyAutoConfiguration:
      Did not match:
         - @ConditionalOnClass did not find required class 'com.hazelcast.core.HazelcastInstance' (OnClassCondition)

   HealthEndpointReactiveWebExtensionConfiguration:
      Did not match:
         - did not find reactive web application classes (OnWebApplicationCondition)

   HealthEndpointWebExtensionConfiguration.JerseyAdditionalHealthEndpointPathsConfiguration:
      Did not match:
         - @ConditionalOnClass did not find required class 'org.glassfish.jersey.server.ResourceConfig' (OnClassCondition)

   HeapDumpWebEndpointAutoConfiguration:
      Did not match:
         - @ConditionalOnAvailableEndpoint not exposed (OnAvailableEndpointCondition)

   HibernateMetricsAutoConfiguration:
      Did not match:
         - @ConditionalOnClass did not find required class 'org.hibernate.stat.HibernateMetrics' (OnClassCondition)

   HttpExchangesAutoConfiguration:
      Did not match:
         - @ConditionalOnBean (types: org.springframework.boot.actuate.web.exchanges.HttpExchangeRepository; SearchStrategy: all) did not find any beans of type org.springframework.boot.actuate.web.exchanges.HttpExchangeRepository (OnBeanCondition)
      Matched:
         - @ConditionalOnWebApplication (required) found 'session' scope (OnWebApplicationCondition)
         - @ConditionalOnProperty (management.httpexchanges.recording.enabled) matched (OnPropertyCondition)

   HttpExchangesAutoConfiguration.ReactiveHttpExchangesConfiguration:
      Did not match:
         - did not find reactive web application classes (OnWebApplicationCondition)
         - Ancestor org.springframework.boot.actuate.autoconfigure.web.exchanges.HttpExchangesAutoConfiguration did not match (ConditionEvaluationReport.AncestorsMatchedCondition)

   HttpExchangesAutoConfiguration.ServletHttpExchangesConfiguration:
      Did not match:
         - Ancestor org.springframework.boot.actuate.autoconfigure.web.exchanges.HttpExchangesAutoConfiguration did not match (ConditionEvaluationReport.AncestorsMatchedCondition)
      Matched:
         - found 'session' scope (OnWebApplicationCondition)

   HttpExchangesEndpointAutoConfiguration:
      Did not match:
         - @ConditionalOnAvailableEndpoint not exposed (OnAvailableEndpointCondition)

   HttpHandlerAutoConfiguration:
      Did not match:
         - @ConditionalOnClass did not find required class 'org.springframework.web.reactive.DispatcherHandler' (OnClassCondition)

   HumioMetricsExportAutoConfiguration:
      Did not match:
         - @ConditionalOnClass did not find required class 'io.micrometer.humio.HumioMeterRegistry' (OnClassCondition)

   InfinispanCacheConfiguration:
      Did not match:
         - @ConditionalOnClass did not find required class 'org.infinispan.spring.embedded.provider.SpringEmbeddedCacheManager' (OnClassCondition)

   InfluxMetricsExportAutoConfiguration:
      Did not match:
         - @ConditionalOnClass did not find required class 'io.micrometer.influx.InfluxMeterRegistry' (OnClassCondition)

   InfoContributorAutoConfiguration#buildInfoContributor:
      Did not match:
         - @ConditionalOnSingleCandidate (types: org.springframework.boot.info.BuildProperties; SearchStrategy: all) did not find any beans (OnBeanCondition)
      Matched:
         - @ConditionalOnEnabledInfoContributor management.info.defaults.enabled is considered true (OnEnabledInfoContributorCondition)

   InfoContributorAutoConfiguration#envInfoContributor:
      Did not match:
         - @ConditionalOnEnabledInfoContributor management.info.env.enabled is not true (OnEnabledInfoContributorCondition)

   InfoContributorAutoConfiguration#gitInfoContributor:
      Did not match:
         - @ConditionalOnSingleCandidate (types: org.springframework.boot.info.GitProperties; SearchStrategy: all) did not find any beans (OnBeanCondition)
      Matched:
         - @ConditionalOnEnabledInfoContributor management.info.defaults.enabled is considered true (OnEnabledInfoContributorCondition)

   InfoContributorAutoConfiguration#javaInfoContributor:
      Did not match:
         - @ConditionalOnEnabledInfoContributor management.info.java.enabled is not true (OnEnabledInfoContributorCondition)

   InfoContributorAutoConfiguration#osInfoContributor:
      Did not match:
         - @ConditionalOnEnabledInfoContributor management.info.os.enabled is not true (OnEnabledInfoContributorCondition)

   InfoContributorAutoConfiguration#processInfoContributor:
      Did not match:
         - @ConditionalOnEnabledInfoContributor management.info.process.enabled is not true (OnEnabledInfoContributorCondition)

   InfoContributorAutoConfiguration#sslInfo:
      Did not match:
         - @ConditionalOnEnabledInfoContributor management.info.ssl.enabled is not true (OnEnabledInfoContributorCondition)
      Matched:
         - @ConditionalOnMissingBean (types: org.springframework.boot.info.SslInfo; SearchStrategy: all) did not find any beans (OnBeanCondition)

   InfoContributorAutoConfiguration#sslInfoContributor:
      Did not match:
         - @ConditionalOnEnabledInfoContributor management.info.ssl.enabled is not true (OnEnabledInfoContributorCondition)

   InfoEndpointAutoConfiguration:
      Did not match:
         - @ConditionalOnAvailableEndpoint not exposed (OnAvailableEndpointCondition)

   IntegrationAutoConfiguration:
      Did not match:
         - @ConditionalOnClass did not find required class 'org.springframework.integration.config.EnableIntegration' (OnClassCondition)

   IntegrationGraphEndpointAutoConfiguration:
      Did not match:
         - @ConditionalOnClass did not find required class 'org.springframework.integration.graph.IntegrationGraphServer' (OnClassCondition)

   JCacheCacheConfiguration:
      Did not match:
         - @ConditionalOnClass did not find required class 'javax.cache.Caching' (OnClassCondition)

   JacksonHttpMessageConvertersConfiguration.MappingJackson2XmlHttpMessageConverterConfiguration:
      Did not match:
         - @ConditionalOnClass did not find required class 'com.fasterxml.jackson.dataformat.xml.XmlMapper' (OnClassCondition)

   JdbcRepositoriesAutoConfiguration:
      Did not match:
         - @ConditionalOnClass did not find required class 'org.springframework.data.jdbc.repository.config.AbstractJdbcConfiguration' (OnClassCondition)

   JerseyAutoConfiguration:
      Did not match:
         - @ConditionalOnClass did not find required class 'org.glassfish.jersey.server.spring.SpringComponentProvider' (OnClassCondition)

   JerseySameManagementContextConfiguration:
      Did not match:
         - @ConditionalOnClass did not find required class 'org.glassfish.jersey.server.ResourceConfig' (OnClassCondition)

   JerseyServerMetricsAutoConfiguration:
      Did not match:
         - @ConditionalOnClass did not find required class 'org.glassfish.jersey.micrometer.server.ObservationApplicationEventListener' (OnClassCondition)

   JerseyWebEndpointManagementContextConfiguration:
      Did not match:
         - @ConditionalOnClass did not find required class 'org.glassfish.jersey.server.ResourceConfig' (OnClassCondition)

   JettyMetricsAutoConfiguration:
      Did not match:
         - @ConditionalOnClass did not find required class 'org.eclipse.jetty.server.Server' (OnClassCondition)

   JmsAutoConfiguration:
      Did not match:
         - @ConditionalOnClass did not find required class 'jakarta.jms.Message' (OnClassCondition)

   JmsHealthContributorAutoConfiguration:
      Did not match:
         - @ConditionalOnClass did not find required class 'jakarta.jms.ConnectionFactory' (OnClassCondition)

   JmxAutoConfiguration:
      Did not match:
         - @ConditionalOnProperty (spring.jmx.enabled=true) found different value in property 'enabled' (OnPropertyCondition)
      Matched:
         - @ConditionalOnClass found required class 'org.springframework.jmx.export.MBeanExporter' (OnClassCondition)

   JmxEndpointAutoConfiguration:
      Did not match:
         - @ConditionalOnProperty (spring.jmx.enabled=true) found different value in property 'enabled' (OnPropertyCondition)

   JmxMetricsExportAutoConfiguration:
      Did not match:
         - @ConditionalOnClass did not find required class 'io.micrometer.jmx.JmxMeterRegistry' (OnClassCondition)

   JndiConnectionFactoryAutoConfiguration:
      Did not match:
         - @ConditionalOnClass did not find required class 'org.springframework.jms.core.JmsTemplate' (OnClassCondition)

   JndiDataSourceAutoConfiguration:
      Did not match:
         - @ConditionalOnProperty (spring.datasource.jndi-name) did not find property 'jndi-name' (OnPropertyCondition)
      Matched:
         - @ConditionalOnClass found required classes 'javax.sql.DataSource', 'org.springframework.jdbc.datasource.embedded.EmbeddedDatabaseType' (OnClassCondition)

   JndiJtaConfiguration:
      Did not match:
         - @ConditionalOnJndi JNDI environment is not available (OnJndiCondition)
      Matched:
         - @ConditionalOnClass found required class 'org.springframework.transaction.jta.JtaTransactionManager' (OnClassCondition)

   JooqAutoConfiguration:
      Did not match:
         - @ConditionalOnClass did not find required class 'org.jooq.DSLContext' (OnClassCondition)

   JpaRepositoriesAutoConfiguration#entityManagerFactoryBootstrapExecutorCustomizer:
      Did not match:
         - AnyNestedCondition 0 matched 2 did not; NestedCondition on JpaRepositoriesAutoConfiguration.BootstrapExecutorCondition.LazyBootstrapMode @ConditionalOnProperty (spring.data.jpa.repositories.bootstrap-mode=lazy) did not find property 'bootstrap-mode'; NestedCondition on JpaRepositoriesAutoConfiguration.BootstrapExecutorCondition.DeferredBootstrapMode @ConditionalOnProperty (spring.data.jpa.repositories.bootstrap-mode=deferred) did not find property 'bootstrap-mode' (JpaRepositoriesAutoConfiguration.BootstrapExecutorCondition)

   JsonbAutoConfiguration:
      Did not match:
         - @ConditionalOnClass did not find required class 'jakarta.json.bind.Jsonb' (OnClassCondition)

   JsonbHttpMessageConvertersConfiguration:
      Did not match:
         - @ConditionalOnClass did not find required class 'jakarta.json.bind.Jsonb' (OnClassCondition)

   KafkaAutoConfiguration:
      Did not match:
         - @ConditionalOnClass did not find required class 'org.springframework.kafka.core.KafkaTemplate' (OnClassCondition)

   KafkaMetricsAutoConfiguration:
      Did not match:
         - @ConditionalOnClass did not find required class 'org.springframework.kafka.core.ProducerFactory' (OnClassCondition)

   KairosMetricsExportAutoConfiguration:
      Did not match:
         - @ConditionalOnClass did not find required class 'io.micrometer.kairos.KairosMeterRegistry' (OnClassCondition)

   LdapAutoConfiguration:
      Did not match:
         - @ConditionalOnClass did not find required class 'org.springframework.ldap.core.ContextSource' (OnClassCondition)

   LdapHealthContributorAutoConfiguration:
      Did not match:
         - @ConditionalOnClass did not find required class 'org.springframework.ldap.core.LdapOperations' (OnClassCondition)

   LdapRepositoriesAutoConfiguration:
      Did not match:
         - @ConditionalOnClass did not find required class 'org.springframework.data.ldap.repository.LdapRepository' (OnClassCondition)

   LettuceMetricsAutoConfiguration:
      Did not match:
         - @ConditionalOnClass did not find required class 'io.lettuce.core.metrics.MicrometerCommandLatencyRecorder' (OnClassCondition)

   LiquibaseAutoConfiguration:
      Did not match:
         - @ConditionalOnClass did not find required class 'liquibase.change.DatabaseChange' (OnClassCondition)

   LiquibaseEndpointAutoConfiguration:
      Did not match:
         - @ConditionalOnClass did not find required class 'liquibase.integration.spring.SpringLiquibase' (OnClassCondition)

   LocalDevToolsAutoConfiguration:
      Did not match:
         - Initialized Restarter Condition initialized without URLs (OnInitializedRestarterCondition)

   Log4J2MetricsAutoConfiguration:
      Did not match:
         - @ConditionalOnClass did not find required class 'org.apache.logging.log4j.core.LoggerContext' (OnClassCondition)

   LogFileWebEndpointAutoConfiguration:
      Did not match:
         - @ConditionalOnAvailableEndpoint not exposed (OnAvailableEndpointCondition)

   LoggersEndpointAutoConfiguration:
      Did not match:
         - @ConditionalOnAvailableEndpoint not exposed (OnAvailableEndpointCondition)

   MailHealthContributorAutoConfiguration:
      Did not match:
         - @ConditionalOnClass did not find required class 'org.springframework.mail.javamail.JavaMailSenderImpl' (OnClassCondition)

   MailSenderAutoConfiguration:
      Did not match:
         - @ConditionalOnClass did not find required class 'jakarta.mail.internet.MimeMessage' (OnClassCondition)

   MailSenderValidatorAutoConfiguration:
      Did not match:
         - @ConditionalOnSingleCandidate did not find required type 'org.springframework.mail.javamail.JavaMailSenderImpl' (OnBeanCondition)

   ManagementContextAutoConfiguration.DifferentManagementContextConfiguration:
      Did not match:
         - Management Port actual port type (SAME) did not match required type (DIFFERENT) (OnManagementPortCondition)

   ManagementWebSecurityAutoConfiguration:
      Did not match:
         - AllNestedConditions 1 matched 1 did not; NestedCondition on DefaultWebSecurityCondition.Beans @ConditionalOnMissingBean (types: org.springframework.security.web.SecurityFilterChain; SearchStrategy: all) did not find any beans; NestedCondition on DefaultWebSecurityCondition.Classes @ConditionalOnClass did not find required classes 'org.springframework.security.web.SecurityFilterChain', 'org.springframework.security.config.annotation.web.builders.HttpSecurity' (DefaultWebSecurityCondition)
      Matched:
         - found 'session' scope (OnWebApplicationCondition)

   MappingsEndpointAutoConfiguration:
      Did not match:
         - @ConditionalOnAvailableEndpoint not exposed (OnAvailableEndpointCondition)

   MessageSourceAutoConfiguration:
      Did not match:
         - ResourceBundle did not find bundle with basename messages (MessageSourceAutoConfiguration.ResourceBundleCondition)

   MetricsAspectsAutoConfiguration:
      Did not match:
         - AnyNestedCondition 0 matched 2 did not; NestedCondition on MetricsAspectsAutoConfiguration.ObservationAnnotationsEnabledCondition.ManagementObservationsEnabledCondition @ConditionalOnProperty (management.observations.annotations.enabled=true) did not find property 'enabled'; NestedCondition on MetricsAspectsAutoConfiguration.ObservationAnnotationsEnabledCondition.MicrometerObservationsEnabledCondition @ConditionalOnProperty (micrometer.observations.annotations.enabled=true) did not find property 'enabled' (MetricsAspectsAutoConfiguration.ObservationAnnotationsEnabledCondition)
      Matched:
         - @ConditionalOnClass found required classes 'io.micrometer.core.instrument.MeterRegistry', 'org.aspectj.weaver.Advice' (OnClassCondition)

   MetricsEndpointAutoConfiguration:
      Did not match:
         - @ConditionalOnAvailableEndpoint not exposed (OnAvailableEndpointCondition)
      Matched:
         - @ConditionalOnClass found required class 'io.micrometer.core.annotation.Timed' (OnClassCondition)

   MicrometerTracingAutoConfiguration:
      Did not match:
         - @ConditionalOnClass did not find required class 'io.micrometer.tracing.Tracer' (OnClassCondition)

   MongoAutoConfiguration:
      Did not match:
         - @ConditionalOnClass did not find required class 'com.mongodb.client.MongoClient' (OnClassCondition)

   MongoDataAutoConfiguration:
      Did not match:
         - @ConditionalOnClass did not find required class 'com.mongodb.client.MongoClient' (OnClassCondition)

   MongoHealthContributorAutoConfiguration:
      Did not match:
         - @ConditionalOnClass did not find required class 'org.springframework.data.mongodb.core.MongoTemplate' (OnClassCondition)

   MongoMetricsAutoConfiguration:
      Did not match:
         - @ConditionalOnClass did not find required class 'com.mongodb.MongoClientSettings' (OnClassCondition)

   MongoReactiveAutoConfiguration:
      Did not match:
         - @ConditionalOnClass did not find required class 'com.mongodb.reactivestreams.client.MongoClient' (OnClassCondition)

   MongoReactiveDataAutoConfiguration:
      Did not match:
         - @ConditionalOnClass did not find required class 'com.mongodb.reactivestreams.client.MongoClient' (OnClassCondition)

   MongoReactiveHealthContributorAutoConfiguration:
      Did not match:
         - @ConditionalOnClass did not find required class 'reactor.core.publisher.Flux' (OnClassCondition)

   MongoReactiveRepositoriesAutoConfiguration:
      Did not match:
         - @ConditionalOnClass did not find required class 'com.mongodb.reactivestreams.client.MongoClient' (OnClassCondition)

   MongoRepositoriesAutoConfiguration:
      Did not match:
         - @ConditionalOnClass did not find required class 'com.mongodb.client.MongoClient' (OnClassCondition)

   MustacheAutoConfiguration:
      Did not match:
         - @ConditionalOnClass did not find required class 'com.samskivert.mustache.Mustache' (OnClassCondition)

   Neo4jAutoConfiguration:
      Did not match:
         - @ConditionalOnClass did not find required class 'org.neo4j.driver.Driver' (OnClassCondition)

   Neo4jDataAutoConfiguration:
      Did not match:
         - @ConditionalOnClass did not find required class 'org.neo4j.driver.Driver' (OnClassCondition)

   Neo4jHealthContributorAutoConfiguration:
      Did not match:
         - @ConditionalOnClass did not find required class 'org.neo4j.driver.Driver' (OnClassCondition)

   Neo4jReactiveDataAutoConfiguration:
      Did not match:
         - @ConditionalOnClass did not find required class 'org.neo4j.driver.Driver' (OnClassCondition)

   Neo4jReactiveRepositoriesAutoConfiguration:
      Did not match:
         - @ConditionalOnClass did not find required class 'org.neo4j.driver.Driver' (OnClassCondition)

   Neo4jRepositoriesAutoConfiguration:
      Did not match:
         - @ConditionalOnClass did not find required class 'org.neo4j.driver.Driver' (OnClassCondition)

   NettyAutoConfiguration:
      Did not match:
         - @ConditionalOnClass did not find required class 'io.netty.util.NettyRuntime' (OnClassCondition)

   NewRelicMetricsExportAutoConfiguration:
      Did not match:
         - @ConditionalOnClass did not find required class 'io.micrometer.newrelic.NewRelicMeterRegistry' (OnClassCondition)

   NoOpMeterRegistryConfiguration:
      Did not match:
         - @ConditionalOnMissingBean (types: io.micrometer.core.instrument.MeterRegistry; SearchStrategy: all) found beans of type 'io.micrometer.core.instrument.MeterRegistry' simpleMeterRegistry (OnBeanCondition)

   NoopTracerAutoConfiguration:
      Did not match:
         - @ConditionalOnClass did not find required class 'io.micrometer.tracing.Tracer' (OnClassCondition)

   OAuth2AuthorizationServerAutoConfiguration:
      Did not match:
         - @ConditionalOnClass did not find required class 'org.springframework.security.oauth2.server.authorization.OAuth2Authorization' (OnClassCondition)

   OAuth2AuthorizationServerJwtAutoConfiguration:
      Did not match:
         - @ConditionalOnClass did not find required class 'org.springframework.security.oauth2.server.authorization.OAuth2Authorization' (OnClassCondition)

   OAuth2ClientAutoConfiguration:
      Did not match:
         - @ConditionalOnClass did not find required class 'org.springframework.security.config.annotation.web.configuration.EnableWebSecurity' (OnClassCondition)

   OAuth2ResourceServerAutoConfiguration:
      Did not match:
         - @ConditionalOnClass did not find required class 'org.springframework.security.oauth2.server.resource.authentication.BearerTokenAuthenticationToken' (OnClassCondition)

   ObservationAutoConfiguration.MeterObservationHandlerConfiguration.TracingAndMetricsObservationHandlerConfiguration:
      Did not match:
         - @ConditionalOnBean did not find required type 'io.micrometer.tracing.Tracer' (OnBeanCondition)
         - @ConditionalOnBean (types: io.micrometer.tracing.Tracer; SearchStrategy: all) did not find any beans of type io.micrometer.tracing.Tracer (OnBeanCondition)

   ObservationAutoConfiguration.MetricsWithTracingConfiguration:
      Did not match:
         - @ConditionalOnClass did not find required class 'io.micrometer.tracing.Tracer' (OnClassCondition)

   ObservationAutoConfiguration.OnlyTracingConfiguration:
      Did not match:
         - @ConditionalOnClass did not find required class 'io.micrometer.tracing.Tracer' (OnClassCondition)

   OpenTelemetryAutoConfiguration:
      Did not match:
         - @ConditionalOnClass did not find required class 'io.opentelemetry.sdk.OpenTelemetrySdk' (OnClassCondition)

   OpenTelemetryLoggingAutoConfiguration:
      Did not match:
         - @ConditionalOnClass did not find required class 'io.opentelemetry.api.OpenTelemetry' (OnClassCondition)

   OpenTelemetryTracingAutoConfiguration:
      Did not match:
         - @ConditionalOnClass did not find required class 'io.micrometer.tracing.otel.bridge.OtelTracer' (OnClassCondition)

   OtlpLoggingAutoConfiguration:
      Did not match:
         - @ConditionalOnClass did not find required class 'io.opentelemetry.api.OpenTelemetry' (OnClassCondition)

   OtlpMetricsExportAutoConfiguration:
      Did not match:
         - @ConditionalOnClass did not find required class 'io.micrometer.registry.otlp.OtlpMeterRegistry' (OnClassCondition)

   OtlpTracingAutoConfiguration:
      Did not match:
         - @ConditionalOnClass did not find required class 'io.micrometer.tracing.otel.bridge.OtelTracer' (OnClassCondition)

   ProjectInfoAutoConfiguration#buildProperties:
      Did not match:
         - @ConditionalOnResource did not find resource '${spring.info.build.location:classpath:META-INF/build-info.properties}' (OnResourceCondition)

   ProjectInfoAutoConfiguration#gitProperties:
      Did not match:
         - GitResource did not find git info at classpath:git.properties (ProjectInfoAutoConfiguration.GitResourceAvailableCondition)

   PrometheusExemplarsAutoConfiguration:
      Did not match:
         - @ConditionalOnClass did not find required class 'io.micrometer.tracing.Tracer' (OnClassCondition)

   PrometheusMetricsExportAutoConfiguration:
      Did not match:
         - @ConditionalOnClass did not find required class 'io.micrometer.prometheusmetrics.PrometheusMeterRegistry' (OnClassCondition)

   PrometheusSimpleclientExemplarsAutoConfiguration:
      Did not match:
         - @ConditionalOnClass did not find required class 'io.micrometer.tracing.Tracer' (OnClassCondition)

   PrometheusSimpleclientMetricsExportAutoConfiguration:
      Did not match:
         - @ConditionalOnClass did not find required class 'io.micrometer.prometheus.PrometheusMeterRegistry' (OnClassCondition)

   PulsarAutoConfiguration:
      Did not match:
         - @ConditionalOnClass did not find required class 'org.apache.pulsar.client.api.PulsarClient' (OnClassCondition)

   PulsarReactiveAutoConfiguration:
      Did not match:
         - @ConditionalOnClass did not find required class 'org.apache.pulsar.client.api.PulsarClient' (OnClassCondition)

   QuartzAutoConfiguration:
      Did not match:
         - @ConditionalOnClass did not find required class 'org.quartz.Scheduler' (OnClassCondition)

   QuartzEndpointAutoConfiguration:
      Did not match:
         - @ConditionalOnClass did not find required class 'org.quartz.Scheduler' (OnClassCondition)

   R2dbcAutoConfiguration:
      Did not match:
         - @ConditionalOnClass did not find required class 'io.r2dbc.spi.ConnectionFactory' (OnClassCondition)

   R2dbcDataAutoConfiguration:
      Did not match:
         - @ConditionalOnClass did not find required class 'org.springframework.data.r2dbc.core.R2dbcEntityTemplate' (OnClassCondition)

   R2dbcInitializationConfiguration:
      Did not match:
         - @ConditionalOnClass did not find required classes 'io.r2dbc.spi.ConnectionFactory', 'org.springframework.r2dbc.connection.init.DatabasePopulator' (OnClassCondition)

   R2dbcObservationAutoConfiguration:
      Did not match:
         - @ConditionalOnClass did not find required class 'io.r2dbc.proxy.ProxyConnectionFactory' (OnClassCondition)

   R2dbcProxyAutoConfiguration:
      Did not match:
         - @ConditionalOnClass did not find required class 'io.r2dbc.proxy.ProxyConnectionFactory' (OnClassCondition)

   R2dbcRepositoriesAutoConfiguration:
      Did not match:
         - @ConditionalOnClass did not find required class 'io.r2dbc.spi.ConnectionFactory' (OnClassCondition)

   R2dbcTransactionManagerAutoConfiguration:
      Did not match:
         - @ConditionalOnClass did not find required class 'org.springframework.r2dbc.connection.R2dbcTransactionManager' (OnClassCondition)

   RSocketGraphQlClientAutoConfiguration:
      Did not match:
         - @ConditionalOnClass did not find required class 'graphql.GraphQL' (OnClassCondition)

   RSocketMessagingAutoConfiguration:
      Did not match:
         - @ConditionalOnClass did not find required class 'io.rsocket.RSocket' (OnClassCondition)

   RSocketRequesterAutoConfiguration:
      Did not match:
         - @ConditionalOnClass did not find required class 'io.rsocket.RSocket' (OnClassCondition)

   RSocketSecurityAutoConfiguration:
      Did not match:
         - @ConditionalOnClass did not find required class 'org.springframework.security.rsocket.core.SecuritySocketAcceptorInterceptor' (OnClassCondition)

   RSocketServerAutoConfiguration:
      Did not match:
         - @ConditionalOnClass did not find required class 'io.rsocket.core.RSocketServer' (OnClassCondition)

   RSocketStrategiesAutoConfiguration:
      Did not match:
         - @ConditionalOnClass did not find required class 'io.netty.buffer.PooledByteBufAllocator' (OnClassCondition)

   RabbitAutoConfiguration:
      Did not match:
         - @ConditionalOnClass did not find required class 'com.rabbitmq.client.Channel' (OnClassCondition)

   RabbitHealthContributorAutoConfiguration:
      Did not match:
         - @ConditionalOnClass did not find required class 'org.springframework.amqp.rabbit.core.RabbitTemplate' (OnClassCondition)

   RabbitMetricsAutoConfiguration:
      Did not match:
         - @ConditionalOnClass did not find required class 'com.rabbitmq.client.ConnectionFactory' (OnClassCondition)

   ReactiveCloudFoundryActuatorAutoConfiguration:
      Did not match:
         - @ConditionalOnWebApplication did not find reactive web application classes (OnWebApplicationCondition)

   ReactiveElasticsearchClientAutoConfiguration:
      Did not match:
         - @ConditionalOnClass did not find required class 'co.elastic.clients.transport.ElasticsearchTransport' (OnClassCondition)

   ReactiveElasticsearchRepositoriesAutoConfiguration:
      Did not match:
         - @ConditionalOnClass did not find required class 'reactor.core.publisher.Mono' (OnClassCondition)

   ReactiveHealthEndpointConfiguration:
      Did not match:
         - @ConditionalOnClass did not find required class 'reactor.core.publisher.Flux' (OnClassCondition)

   ReactiveManagementContextAutoConfiguration:
      Did not match:
         - @ConditionalOnClass did not find required class 'reactor.core.publisher.Flux' (OnClassCondition)

   ReactiveManagementWebSecurityAutoConfiguration:
      Did not match:
         - @ConditionalOnClass did not find required class 'org.springframework.security.config.annotation.web.reactive.EnableWebFluxSecurity' (OnClassCondition)

   ReactiveMultipartAutoConfiguration:
      Did not match:
         - @ConditionalOnClass did not find required class 'org.springframework.web.reactive.config.WebFluxConfigurer' (OnClassCondition)

   ReactiveOAuth2ClientAutoConfiguration:
      Did not match:
         - @ConditionalOnClass did not find required class 'reactor.core.publisher.Flux' (OnClassCondition)

   ReactiveOAuth2ResourceServerAutoConfiguration:
      Did not match:
         - @ConditionalOnClass did not find required class 'org.springframework.security.config.annotation.web.reactive.EnableWebFluxSecurity' (OnClassCondition)

   ReactiveSecurityAutoConfiguration:
      Did not match:
         - @ConditionalOnClass did not find required class 'reactor.core.publisher.Flux' (OnClassCondition)

   ReactiveUserDetailsServiceAutoConfiguration:
      Did not match:
         - @ConditionalOnClass did not find required class 'org.springframework.security.authentication.ReactiveAuthenticationManager' (OnClassCondition)

   ReactiveWebServerFactoryAutoConfiguration:
      Did not match:
         - @ConditionalOnWebApplication did not find reactive web application classes (OnWebApplicationCondition)

   ReactorAutoConfiguration:
      Did not match:
         - @ConditionalOnClass did not find required class 'reactor.core.publisher.Hooks' (OnClassCondition)

   RedisAutoConfiguration:
      Did not match:
         - @ConditionalOnClass did not find required class 'org.springframework.data.redis.core.RedisOperations' (OnClassCondition)

   RedisCacheConfiguration:
      Did not match:
         - @ConditionalOnClass did not find required class 'org.springframework.data.redis.connection.RedisConnectionFactory' (OnClassCondition)

   RedisHealthContributorAutoConfiguration:
      Did not match:
         - @ConditionalOnClass did not find required class 'org.springframework.data.redis.connection.RedisConnectionFactory' (OnClassCondition)

   RedisReactiveAutoConfiguration:
      Did not match:
         - @ConditionalOnClass did not find required class 'reactor.core.publisher.Flux' (OnClassCondition)

   RedisReactiveHealthContributorAutoConfiguration:
      Did not match:
         - @ConditionalOnClass did not find required class 'reactor.core.publisher.Flux' (OnClassCondition)

   RedisRepositoriesAutoConfiguration:
      Did not match:
         - @ConditionalOnClass did not find required class 'org.springframework.data.redis.repository.configuration.EnableRedisRepositories' (OnClassCondition)

   RemoteDevToolsAutoConfiguration:
      Did not match:
         - @ConditionalOnProperty (spring.devtools.remote.secret) did not find property 'secret' (OnPropertyCondition)
      Matched:
         - @ConditionalOnClass found required classes 'jakarta.servlet.Filter', 'org.springframework.http.server.ServerHttpRequest' (OnClassCondition)

   RepositoryRestMvcAutoConfiguration:
      Did not match:
         - @ConditionalOnClass did not find required class 'org.springframework.data.rest.webmvc.config.RepositoryRestMvcConfiguration' (OnClassCondition)

   Saml2RelyingPartyAutoConfiguration:
      Did not match:
         - @ConditionalOnClass did not find required class 'org.springframework.security.saml2.provider.service.registration.RelyingPartyRegistrationRepository' (OnClassCondition)

   SbomEndpointAutoConfiguration:
      Did not match:
         - @ConditionalOnAvailableEndpoint not exposed (OnAvailableEndpointCondition)

   ScheduledTasksEndpointAutoConfiguration:
      Did not match:
         - @ConditionalOnAvailableEndpoint not exposed (OnAvailableEndpointCondition)

   SecurityAutoConfiguration:
      Did not match:
         - @ConditionalOnClass did not find required class 'org.springframework.security.authentication.DefaultAuthenticationEventPublisher' (OnClassCondition)

   SecurityFilterAutoConfiguration:
      Did not match:
         - @ConditionalOnClass did not find required class 'org.springframework.security.config.http.SessionCreationPolicy' (OnClassCondition)

   SecurityRequestMatchersManagementContextConfiguration:
      Did not match:
         - @ConditionalOnClass did not find required class 'org.springframework.security.web.util.matcher.RequestMatcher' (OnClassCondition)

   SendGridAutoConfiguration:
      Did not match:
         - @ConditionalOnClass did not find required class 'com.sendgrid.SendGrid' (OnClassCondition)

   ServletEndpointManagementContextConfiguration.JerseyServletEndpointManagementContextConfiguration:
      Did not match:
         - @ConditionalOnClass did not find required class 'org.glassfish.jersey.server.ResourceConfig' (OnClassCondition)

   ServletManagementContextAutoConfiguration.ApplicationContextFilterConfiguration:
      Did not match:
         - @ConditionalOnProperty (management.server.add-application-context-header=true) did not find property 'add-application-context-header' (OnPropertyCondition)

   ServletWebServerFactoryAutoConfiguration.ForwardedHeaderFilterConfiguration:
      Did not match:
         - @ConditionalOnProperty (server.forward-headers-strategy=framework) did not find property 'server.forward-headers-strategy' (OnPropertyCondition)

   ServletWebServerFactoryConfiguration.EmbeddedJetty:
      Did not match:
         - @ConditionalOnClass did not find required classes 'org.eclipse.jetty.server.Server', 'org.eclipse.jetty.util.Loader', 'org.eclipse.jetty.ee10.webapp.WebAppContext' (OnClassCondition)

   ServletWebServerFactoryConfiguration.EmbeddedUndertow:
      Did not match:
         - @ConditionalOnClass did not find required classes 'io.undertow.Undertow', 'org.xnio.SslClientAuthMode' (OnClassCondition)

   SessionAutoConfiguration:
      Did not match:
         - @ConditionalOnClass did not find required class 'org.springframework.session.Session' (OnClassCondition)

   SessionsEndpointAutoConfiguration:
      Did not match:
         - @ConditionalOnClass did not find required class 'org.springframework.session.Session' (OnClassCondition)

   ShutdownEndpointAutoConfiguration:
      Did not match:
         - @ConditionalOnAvailableEndpoint the configured access for endpoint 'shutdown' is NONE (OnAvailableEndpointCondition)

   SignalFxMetricsExportAutoConfiguration:
      Did not match:
         - @ConditionalOnClass did not find required class 'io.micrometer.signalfx.SignalFxMeterRegistry' (OnClassCondition)

   SpringApplicationAdminJmxAutoConfiguration:
      Did not match:
         - @ConditionalOnProperty (spring.application.admin.enabled=true) did not find property 'enabled' (OnPropertyCondition)

   StackdriverMetricsExportAutoConfiguration:
      Did not match:
         - @ConditionalOnClass did not find required class 'io.micrometer.stackdriver.StackdriverMeterRegistry' (OnClassCondition)

   StartupEndpointAutoConfiguration:
      Did not match:
         - ApplicationStartup configured applicationStartup is of type class org.springframework.core.metrics.DefaultApplicationStartup, expected BufferingApplicationStartup. (StartupEndpointAutoConfiguration.ApplicationStartupCondition)

   StatsdMetricsExportAutoConfiguration:
      Did not match:
         - @ConditionalOnClass did not find required class 'io.micrometer.statsd.StatsdMeterRegistry' (OnClassCondition)

   TaskExecutorConfigurations.SimpleAsyncTaskExecutorBuilderConfiguration#simpleAsyncTaskExecutorBuilderVirtualThreads:
      Did not match:
         - @ConditionalOnMissingBean (types: org.springframework.boot.task.SimpleAsyncTaskExecutorBuilder; SearchStrategy: all) found beans of type 'org.springframework.boot.task.SimpleAsyncTaskExecutorBuilder' simpleAsyncTaskExecutorBuilder (OnBeanCondition)

   TaskExecutorConfigurations.TaskExecutorConfiguration#applicationTaskExecutorVirtualThreads:
      Did not match:
         - @ConditionalOnThreading did not find VIRTUAL (OnThreadingCondition)

   TaskSchedulingAutoConfiguration#scheduledBeanLazyInitializationExcludeFilter:
      Did not match:
         - @ConditionalOnBean (names: org.springframework.context.annotation.internalScheduledAnnotationProcessor; SearchStrategy: all) did not find any beans named org.springframework.context.annotation.internalScheduledAnnotationProcessor (OnBeanCondition)

   TaskSchedulingConfigurations.SimpleAsyncTaskSchedulerBuilderConfiguration#simpleAsyncTaskSchedulerBuilderVirtualThreads:
      Did not match:
         - @ConditionalOnMissingBean (types: org.springframework.boot.task.SimpleAsyncTaskSchedulerBuilder; SearchStrategy: all) found beans of type 'org.springframework.boot.task.SimpleAsyncTaskSchedulerBuilder' simpleAsyncTaskSchedulerBuilder (OnBeanCondition)

   TaskSchedulingConfigurations.TaskSchedulerConfiguration:
      Did not match:
         - @ConditionalOnBean (names: org.springframework.context.annotation.internalScheduledAnnotationProcessor; SearchStrategy: all) did not find any beans named org.springframework.context.annotation.internalScheduledAnnotationProcessor (OnBeanCondition)

   ThreadDumpEndpointAutoConfiguration:
      Did not match:
         - @ConditionalOnAvailableEndpoint not exposed (OnAvailableEndpointCondition)

   ThymeleafAutoConfiguration:
      Did not match:
         - @ConditionalOnClass did not find required class 'org.thymeleaf.spring6.SpringTemplateEngine' (OnClassCondition)

   TransactionAutoConfiguration#transactionalOperator:
      Did not match:
         - @ConditionalOnSingleCandidate (types: org.springframework.transaction.ReactiveTransactionManager; SearchStrategy: all) did not find any beans (OnBeanCondition)

   TransactionAutoConfiguration.AspectJTransactionManagementConfiguration:
      Did not match:
         - @ConditionalOnBean (types: org.springframework.transaction.aspectj.AbstractTransactionAspect; SearchStrategy: all) did not find any beans of type org.springframework.transaction.aspectj.AbstractTransactionAspect (OnBeanCondition)

   TransactionAutoConfiguration.EnableTransactionManagementConfiguration.JdkDynamicAutoProxyConfiguration:
      Did not match:
         - @ConditionalOnProperty (spring.aop.proxy-target-class=false) did not find property 'proxy-target-class' (OnPropertyCondition)

   UserDetailsServiceAutoConfiguration:
      Did not match:
         - @ConditionalOnClass did not find required class 'org.springframework.security.authentication.AuthenticationManager' (OnClassCondition)

   WavefrontAutoConfiguration:
      Did not match:
         - @ConditionalOnClass did not find required class 'com.wavefront.sdk.common.application.ApplicationTags' (OnClassCondition)

   WavefrontMetricsExportAutoConfiguration:
      Did not match:
         - @ConditionalOnClass did not find required class 'com.wavefront.sdk.common.WavefrontSender' (OnClassCondition)

   WavefrontTracingAutoConfiguration:
      Did not match:
         - @ConditionalOnClass did not find required class 'com.wavefront.sdk.common.WavefrontSender' (OnClassCondition)

   WebClientAutoConfiguration:
      Did not match:
         - @ConditionalOnClass did not find required class 'org.springframework.web.reactive.function.client.WebClient' (OnClassCondition)

   WebClientObservationConfiguration:
      Did not match:
         - @ConditionalOnClass did not find required class 'org.springframework.web.reactive.function.client.WebClient' (OnClassCondition)

   WebFluxAutoConfiguration:
      Did not match:
         - @ConditionalOnClass did not find required class 'org.springframework.web.reactive.config.WebFluxConfigurer' (OnClassCondition)

   WebFluxEndpointManagementContextConfiguration:
      Did not match:
         - @ConditionalOnClass did not find required class 'org.springframework.web.reactive.DispatcherHandler' (OnClassCondition)

   WebFluxObservationAutoConfiguration:
      Did not match:
         - @ConditionalOnWebApplication did not find reactive web application classes (OnWebApplicationCondition)

   WebMvcAutoConfiguration#hiddenHttpMethodFilter:
      Did not match:
         - @ConditionalOnProperty (spring.mvc.hiddenmethod.filter.enabled) did not find property 'enabled' (OnPropertyCondition)

   WebMvcAutoConfiguration.ProblemDetailsErrorHandlingConfiguration:
      Did not match:
         - @ConditionalOnProperty (spring.mvc.problemdetails.enabled=true) did not find property 'enabled' (OnPropertyCondition)

   WebMvcAutoConfiguration.ResourceChainCustomizerConfiguration:
      Did not match:
         - @ConditionalOnEnabledResourceChain did not find class org.webjars.WebJarVersionLocator (OnEnabledResourceChainCondition)

   WebMvcAutoConfiguration.WebMvcAutoConfigurationAdapter#beanNameViewResolver:
      Did not match:
         - @ConditionalOnMissingBean (types: org.springframework.web.servlet.view.BeanNameViewResolver; SearchStrategy: all) found beans of type 'org.springframework.web.servlet.view.BeanNameViewResolver' beanNameViewResolver (OnBeanCondition)

   WebMvcEndpointManagementContextConfiguration#managementHealthEndpointWebMvcHandlerMapping:
      Did not match:
         - Management Port actual port type (SAME) did not match required type (DIFFERENT) (OnManagementPortCondition)

   WebServiceTemplateAutoConfiguration:
      Did not match:
         - @ConditionalOnClass did not find required class 'org.springframework.oxm.Marshaller' (OnClassCondition)

   WebServicesAutoConfiguration:
      Did not match:
         - @ConditionalOnClass did not find required class 'org.springframework.ws.transport.http.MessageDispatcherServlet' (OnClassCondition)

   WebSessionIdResolverAutoConfiguration:
      Did not match:
         - @ConditionalOnClass did not find required class 'reactor.core.publisher.Mono' (OnClassCondition)

   WebSocketMessagingAutoConfiguration:
      Did not match:
         - @ConditionalOnClass did not find required class 'org.springframework.web.socket.config.annotation.WebSocketMessageBrokerConfigurer' (OnClassCondition)

   WebSocketReactiveAutoConfiguration:
      Did not match:
         - @ConditionalOnWebApplication did not find reactive web application classes (OnWebApplicationCondition)

   WebSocketServletAutoConfiguration.JettyWebSocketConfiguration:
      Did not match:
         - @ConditionalOnClass did not find required class 'org.eclipse.jetty.ee10.websocket.jakarta.server.config.JakartaWebSocketServletContainerInitializer' (OnClassCondition)

   WebSocketServletAutoConfiguration.UndertowWebSocketConfiguration:
      Did not match:
         - @ConditionalOnClass did not find required class 'io.undertow.websockets.jsr.Bootstrap' (OnClassCondition)

   XADataSourceAutoConfiguration:
      Did not match:
         - @ConditionalOnBean (types: org.springframework.boot.jdbc.XADataSourceWrapper; SearchStrategy: all) did not find any beans of type org.springframework.boot.jdbc.XADataSourceWrapper (OnBeanCondition)
      Matched:
         - @ConditionalOnClass found required classes 'javax.sql.DataSource', 'jakarta.transaction.TransactionManager', 'org.springframework.jdbc.datasource.embedded.EmbeddedDatabaseType' (OnClassCondition)

   ZipkinAutoConfiguration:
      Did not match:
         - @ConditionalOnClass did not find required class 'zipkin2.reporter.Encoding' (OnClassCondition)


Exclusions:
-----------

    None


Unconditional classes:
----------------------

    org.springframework.boot.autoconfigure.context.ConfigurationPropertiesAutoConfiguration

    org.springframework.boot.actuate.autoconfigure.availability.AvailabilityHealthContributorAutoConfiguration

    org.springframework.boot.autoconfigure.ssl.SslAutoConfiguration

    org.springframework.boot.actuate.autoconfigure.info.InfoContributorAutoConfiguration

    org.springframework.boot.autoconfigure.context.PropertyPlaceholderAutoConfiguration

    org.springframework.boot.autoconfigure.context.LifecycleAutoConfiguration

    org.springframework.boot.actuate.autoconfigure.metrics.integration.IntegrationMetricsAutoConfiguration

    org.springframework.boot.actuate.autoconfigure.endpoint.EndpointAutoConfiguration

    org.springframework.boot.actuate.autoconfigure.web.server.ManagementContextAutoConfiguration

    org.springframework.boot.actuate.autoconfigure.health.HealthContributorAutoConfiguration

    org.springframework.boot.actuate.autoconfigure.endpoint.jackson.JacksonEndpointAutoConfiguration

    org.springframework.boot.autoconfigure.availability.ApplicationAvailabilityAutoConfiguration

    org.springframework.boot.autoconfigure.info.ProjectInfoAutoConfiguration



2025-04-29T21:36:58.494-04:00  INFO 9012 --- [actividad_sumativa_semana8] [           main] ActividadSumativaSemana8ApplicationTests : Started ActividadSumativaSemana8ApplicationTests in 15.443 seconds (process running for 17.969)
2025-04-29T21:36:58.503-04:00 DEBUG 9012 --- [actividad_sumativa_semana8] [           main] o.s.b.a.ApplicationAvailabilityBean      : Application availability state LivenessState changed to CORRECT
2025-04-29T21:36:58.507-04:00 DEBUG 9012 --- [actividad_sumativa_semana8] [           main] o.s.boot.devtools.restart.Restarter      : Creating new Restarter for thread Thread[#1,main,5,main]
2025-04-29T21:36:58.508-04:00 DEBUG 9012 --- [actividad_sumativa_semana8] [           main] o.s.b.a.ApplicationAvailabilityBean      : Application availability state ReadinessState changed to ACCEPTING_TRAFFIC
2025-04-29T21:36:58.511-04:00 DEBUG 9012 --- [actividad_sumativa_semana8] [           main] org.springframework.test.context.cache   : Spring test ApplicationContext cache statistics: [DefaultContextCache@7b5f886d size = 1, maxSize = 32, parentContextCount = 0, hitCount = 0, missCount = 1, failureCount = 0]
2025-04-29T21:36:58.511-04:00 DEBUG 9012 --- [actividad_sumativa_semana8] [           main] o.s.t.c.w.ServletTestExecutionListener   : Setting up MockHttpServletRequest, MockHttpServletResponse, ServletWebRequest, and RequestContextHolder for test class com.example.actividad_sumativa_semana8.ActividadSumativaSemana8ApplicationTests
2025-04-29T21:36:58.531-04:00 DEBUG 9012 --- [actividad_sumativa_semana8] [           main] DependencyInjectionTestExecutionListener : Performing dependency injection for test class com.example.actividad_sumativa_semana8.ActividadSumativaSemana8ApplicationTests
2025-04-29T21:36:58.531-04:00 DEBUG 9012 --- [actividad_sumativa_semana8] [           main] org.springframework.test.context.cache   : Spring test ApplicationContext cache statistics: [DefaultContextCache@7b5f886d size = 1, maxSize = 32, parentContextCount = 0, hitCount = 1, missCount = 1, failureCount = 0]
2025-04-29T21:36:58.534-04:00 DEBUG 9012 --- [actividad_sumativa_semana8] [           main] org.springframework.test.context.cache   : Spring test ApplicationContext cache statistics: [DefaultContextCache@7b5f886d size = 1, maxSize = 32, parentContextCount = 0, hitCount = 2, missCount = 1, failureCount = 0]
2025-04-29T21:36:58.553-04:00 DEBUG 9012 --- [actividad_sumativa_semana8] [           main] sContextBeforeModesTestExecutionListener : Before test method: class [ActividadSumativaSemana8ApplicationTests], method [contextLoads], class annotated with @DirtiesContext [false] with mode [null], method annotated with @DirtiesContext [false] with mode [null]
2025-04-29T21:36:58.561-04:00 DEBUG 9012 --- [actividad_sumativa_semana8] [           main] org.springframework.test.context.cache   : Spring test ApplicationContext cache statistics: [DefaultContextCache@7b5f886d size = 1, maxSize = 32, parentContextCount = 0, hitCount = 3, missCount = 1, failureCount = 0]
2025-04-29T21:36:58.562-04:00 DEBUG 9012 --- [actividad_sumativa_semana8] [           main] org.springframework.test.context.cache   : Spring test ApplicationContext cache statistics: [DefaultContextCache@7b5f886d size = 1, maxSize = 32, parentContextCount = 0, hitCount = 4, missCount = 1, failureCount = 0]
2025-04-29T21:36:59.472-04:00 DEBUG 9012 --- [actividad_sumativa_semana8] [           main] org.springframework.test.context.cache   : Spring test ApplicationContext cache statistics: [DefaultContextCache@7b5f886d size = 1, maxSize = 32, parentContextCount = 0, hitCount = 5, missCount = 1, failureCount = 0]
2025-04-29T21:36:59.477-04:00 DEBUG 9012 --- [actividad_sumativa_semana8] [           main] org.springframework.test.context.cache   : Spring test ApplicationContext cache statistics: [DefaultContextCache@7b5f886d size = 1, maxSize = 32, parentContextCount = 0, hitCount = 6, missCount = 1, failureCount = 0]
2025-04-29T21:36:59.483-04:00 DEBUG 9012 --- [actividad_sumativa_semana8] [           main] org.springframework.test.context.cache   : Spring test ApplicationContext cache statistics: [DefaultContextCache@7b5f886d size = 1, maxSize = 32, parentContextCount = 0, hitCount = 7, missCount = 1, failureCount = 0]
2025-04-29T21:36:59.484-04:00 DEBUG 9012 --- [actividad_sumativa_semana8] [           main] org.springframework.test.context.cache   : Spring test ApplicationContext cache statistics: [DefaultContextCache@7b5f886d size = 1, maxSize = 32, parentContextCount = 0, hitCount = 8, missCount = 1, failureCount = 0]
2025-04-29T21:36:59.486-04:00 DEBUG 9012 --- [actividad_sumativa_semana8] [           main] org.springframework.test.context.cache   : Spring test ApplicationContext cache statistics: [DefaultContextCache@7b5f886d size = 1, maxSize = 32, parentContextCount = 0, hitCount = 9, missCount = 1, failureCount = 0]
2025-04-29T21:36:59.486-04:00 DEBUG 9012 --- [actividad_sumativa_semana8] [           main] org.springframework.test.context.cache   : Spring test ApplicationContext cache statistics: [DefaultContextCache@7b5f886d size = 1, maxSize = 32, parentContextCount = 0, hitCount = 10, missCount = 1, failureCount = 0]
2025-04-29T21:36:59.488-04:00 DEBUG 9012 --- [actividad_sumativa_semana8] [           main] org.springframework.test.context.cache   : Spring test ApplicationContext cache statistics: [DefaultContextCache@7b5f886d size = 1, maxSize = 32, parentContextCount = 0, hitCount = 11, missCount = 1, failureCount = 0]
2025-04-29T21:36:59.489-04:00 DEBUG 9012 --- [actividad_sumativa_semana8] [           main] org.springframework.test.context.cache   : Spring test ApplicationContext cache statistics: [DefaultContextCache@7b5f886d size = 1, maxSize = 32, parentContextCount = 0, hitCount = 12, missCount = 1, failureCount = 0]
2025-04-29T21:36:59.493-04:00 DEBUG 9012 --- [actividad_sumativa_semana8] [           main] org.springframework.test.context.cache   : Spring test ApplicationContext cache statistics: [DefaultContextCache@7b5f886d size = 1, maxSize = 32, parentContextCount = 0, hitCount = 13, missCount = 1, failureCount = 0]
2025-04-29T21:36:59.494-04:00 DEBUG 9012 --- [actividad_sumativa_semana8] [           main] .c.s.DirtiesContextTestExecutionListener : After test method: class [ActividadSumativaSemana8ApplicationTests], method [contextLoads], class annotated with @DirtiesContext [false] with mode [null], method annotated with @DirtiesContext [false] with mode [null]
2025-04-29T21:36:59.494-04:00 DEBUG 9012 --- [actividad_sumativa_semana8] [           main] o.s.t.c.w.ServletTestExecutionListener   : Resetting RequestContextHolder for test class com.example.actividad_sumativa_semana8.ActividadSumativaSemana8ApplicationTests
]]></system-out>
    <system-err><![CDATA[Mockito is currently self-attaching to enable the inline-mock-maker. This will no longer work in future releases of the JDK. Please add Mockito as an agent to your build what is described in Mockito's documentation: https://javadoc.io/doc/org.mockito/mockito-core/latest/org/mockito/Mockito.html#0.3
WARNING: A Java agent has been loaded dynamically (C:\Users\rodri\.m2\repository\net\bytebuddy\byte-buddy-agent\1.15.11\byte-buddy-agent-1.15.11.jar)
WARNING: If a serviceability tool is in use, please run with -XX:+EnableDynamicAgentLoading to hide this warning
WARNING: If a serviceability tool is not in use, please run with -Djdk.instrument.traceUsage for more information
WARNING: Dynamic loading of agents will be disallowed by default in a future release
]]></system-err>
  </testcase>
</testsuite>